2019-08-27 21:03:39,002 ----------------------------------------------------------------------------------------------------
2019-08-27 21:03:39,002 Evaluation method: MICRO_F1_SCORE
2019-08-27 21:03:39,402 ----------------------------------------------------------------------------------------------------
2019-08-27 21:03:40,230 epoch 1 - iter 0/1620 - loss 31.34979630
2019-08-27 21:04:25,053 epoch 1 - iter 162/1620 - loss 3.51802942
2019-08-27 21:05:10,064 epoch 1 - iter 324/1620 - loss 2.24297878
2019-08-27 21:05:56,501 epoch 1 - iter 486/1620 - loss 1.75115532
2019-08-27 21:06:43,046 epoch 1 - iter 648/1620 - loss 1.49212883
2019-08-27 21:07:29,660 epoch 1 - iter 810/1620 - loss 1.31788870
2019-08-27 21:08:15,793 epoch 1 - iter 972/1620 - loss 1.19480234
2019-08-27 21:09:00,903 epoch 1 - iter 1134/1620 - loss 1.11050068
2019-08-27 21:09:47,607 epoch 1 - iter 1296/1620 - loss 1.04173604
2019-08-27 21:10:33,779 epoch 1 - iter 1458/1620 - loss 0.97979500
2019-08-27 21:11:19,077 ----------------------------------------------------------------------------------------------------
2019-08-27 21:11:19,077 EPOCH 1 done: loss 0.9373 - lr 0.1000 - bad epochs 0
2019-08-27 21:12:07,214 DEV : loss 0.22784066200256348 - score 0.9826
2019-08-27 21:12:58,747 TEST : loss 0.22549162805080414 - score 0.9819
2019-08-27 21:13:00,794 ----------------------------------------------------------------------------------------------------
2019-08-27 21:13:01,634 epoch 2 - iter 0/1620 - loss 0.86736107
2019-08-27 21:13:47,774 epoch 2 - iter 162/1620 - loss 0.43919227
2019-08-27 21:14:32,526 epoch 2 - iter 324/1620 - loss 0.42234479
2019-08-27 21:15:18,104 epoch 2 - iter 486/1620 - loss 0.42443169
2019-08-27 21:16:03,262 epoch 2 - iter 648/1620 - loss 0.42122154
2019-08-27 21:16:50,866 epoch 2 - iter 810/1620 - loss 0.42576305
2019-08-27 21:17:36,821 epoch 2 - iter 972/1620 - loss 0.41821894
2019-08-27 21:18:22,590 epoch 2 - iter 1134/1620 - loss 0.41941314
2019-08-27 21:19:09,786 epoch 2 - iter 1296/1620 - loss 0.41653255
2019-08-27 21:19:57,903 epoch 2 - iter 1458/1620 - loss 0.41896317
2019-08-27 21:20:42,067 ----------------------------------------------------------------------------------------------------
2019-08-27 21:20:42,068 EPOCH 2 done: loss 0.4182 - lr 0.1000 - bad epochs 0
2019-08-27 21:21:30,958 DEV : loss 0.1685609370470047 - score 0.9863
2019-08-27 21:22:22,817 TEST : loss 0.17776009440422058 - score 0.9856
2019-08-27 21:22:25,694 ----------------------------------------------------------------------------------------------------
2019-08-27 21:22:26,656 epoch 3 - iter 0/1620 - loss 0.28819847
2019-08-27 21:23:14,856 epoch 3 - iter 162/1620 - loss 0.33752428
2019-08-27 21:24:00,335 epoch 3 - iter 324/1620 - loss 0.35143855
2019-08-27 21:24:46,325 epoch 3 - iter 486/1620 - loss 0.36045831
2019-08-27 21:25:33,456 epoch 3 - iter 648/1620 - loss 0.35771587
2019-08-27 21:26:17,979 epoch 3 - iter 810/1620 - loss 0.35918346
2019-08-27 21:27:03,771 epoch 3 - iter 972/1620 - loss 0.36522910
2019-08-27 21:27:50,742 epoch 3 - iter 1134/1620 - loss 0.35521860
2019-08-27 21:28:36,805 epoch 3 - iter 1296/1620 - loss 0.35665223
2019-08-27 21:29:21,637 epoch 3 - iter 1458/1620 - loss 0.35378053
2019-08-27 21:30:09,636 ----------------------------------------------------------------------------------------------------
2019-08-27 21:30:09,637 EPOCH 3 done: loss 0.3505 - lr 0.1000 - bad epochs 0
2019-08-27 21:30:56,298 DEV : loss 0.1676449179649353 - score 0.9868
2019-08-27 21:31:47,924 TEST : loss 0.1788613498210907 - score 0.9866
2019-08-27 21:31:50,549 ----------------------------------------------------------------------------------------------------
2019-08-27 21:31:51,466 epoch 4 - iter 0/1620 - loss 0.15094757
2019-08-27 21:32:37,319 epoch 4 - iter 162/1620 - loss 0.26534861
2019-08-27 21:33:23,618 epoch 4 - iter 324/1620 - loss 0.28909222
2019-08-27 21:34:11,550 epoch 4 - iter 486/1620 - loss 0.29840738
2019-08-27 21:34:59,489 epoch 4 - iter 648/1620 - loss 0.29947515
2019-08-27 21:35:45,130 epoch 4 - iter 810/1620 - loss 0.29583477
2019-08-27 21:36:31,583 epoch 4 - iter 972/1620 - loss 0.30196703
2019-08-27 21:37:17,822 epoch 4 - iter 1134/1620 - loss 0.29923953
2019-08-27 21:38:03,440 epoch 4 - iter 1296/1620 - loss 0.30215863
2019-08-27 21:38:47,499 epoch 4 - iter 1458/1620 - loss 0.30307201
2019-08-27 21:39:33,753 ----------------------------------------------------------------------------------------------------
2019-08-27 21:39:33,754 EPOCH 4 done: loss 0.3040 - lr 0.1000 - bad epochs 0
2019-08-27 21:40:20,869 DEV : loss 0.140477254986763 - score 0.9887
2019-08-27 21:41:14,104 TEST : loss 0.1531316041946411 - score 0.9874
2019-08-27 21:41:16,932 ----------------------------------------------------------------------------------------------------
2019-08-27 21:41:17,920 epoch 5 - iter 0/1620 - loss 0.14751625
2019-08-27 21:42:02,658 epoch 5 - iter 162/1620 - loss 0.28466990
2019-08-27 21:42:49,361 epoch 5 - iter 324/1620 - loss 0.28341293
2019-08-27 21:43:35,453 epoch 5 - iter 486/1620 - loss 0.28683569
2019-08-27 21:44:20,831 epoch 5 - iter 648/1620 - loss 0.28631731
2019-08-27 21:45:07,405 epoch 5 - iter 810/1620 - loss 0.27962227
2019-08-27 21:45:54,258 epoch 5 - iter 972/1620 - loss 0.27515680
2019-08-27 21:46:41,833 epoch 5 - iter 1134/1620 - loss 0.27897711
2019-08-27 21:47:26,416 epoch 5 - iter 1296/1620 - loss 0.27931771
2019-08-27 21:48:14,022 epoch 5 - iter 1458/1620 - loss 0.27871662
2019-08-27 21:48:58,445 ----------------------------------------------------------------------------------------------------
2019-08-27 21:48:58,446 EPOCH 5 done: loss 0.2775 - lr 0.1000 - bad epochs 0
2019-08-27 21:49:45,251 DEV : loss 0.15811212360858917 - score 0.9885
2019-08-27 21:50:38,957 TEST : loss 0.17017364501953125 - score 0.9868
2019-08-27 21:50:38,958 ----------------------------------------------------------------------------------------------------
2019-08-27 21:50:39,819 epoch 6 - iter 0/1620 - loss 1.60276222
2019-08-27 21:51:26,739 epoch 6 - iter 162/1620 - loss 0.30471381
2019-08-27 21:52:12,078 epoch 6 - iter 324/1620 - loss 0.29744355
2019-08-27 21:52:59,321 epoch 6 - iter 486/1620 - loss 0.29037992
2019-08-27 21:53:45,648 epoch 6 - iter 648/1620 - loss 0.27458271
2019-08-27 21:54:30,862 epoch 6 - iter 810/1620 - loss 0.27172129
2019-08-27 21:55:18,160 epoch 6 - iter 972/1620 - loss 0.27749707
2019-08-27 21:56:04,415 epoch 6 - iter 1134/1620 - loss 0.27540035
2019-08-27 21:56:51,648 epoch 6 - iter 1296/1620 - loss 0.27515332
2019-08-27 21:57:40,020 epoch 6 - iter 1458/1620 - loss 0.27552305
2019-08-27 21:58:24,044 ----------------------------------------------------------------------------------------------------
2019-08-27 21:58:24,045 EPOCH 6 done: loss 0.2721 - lr 0.1000 - bad epochs 1
2019-08-27 21:59:11,779 DEV : loss 0.1275736689567566 - score 0.99
2019-08-27 22:00:03,375 TEST : loss 0.1634168177843094 - score 0.9884
2019-08-27 22:00:06,207 ----------------------------------------------------------------------------------------------------
2019-08-27 22:00:07,068 epoch 7 - iter 0/1620 - loss 0.08221912
2019-08-27 22:00:53,118 epoch 7 - iter 162/1620 - loss 0.30080423
2019-08-27 22:01:40,403 epoch 7 - iter 324/1620 - loss 0.27518606
2019-08-27 22:02:27,226 epoch 7 - iter 486/1620 - loss 0.25417228
2019-08-27 22:03:13,522 epoch 7 - iter 648/1620 - loss 0.24945258
2019-08-27 22:04:00,651 epoch 7 - iter 810/1620 - loss 0.23694603
2019-08-27 22:04:45,882 epoch 7 - iter 972/1620 - loss 0.24560772
2019-08-27 22:05:31,414 epoch 7 - iter 1134/1620 - loss 0.24352907
2019-08-27 22:06:18,835 epoch 7 - iter 1296/1620 - loss 0.23991792
2019-08-27 22:07:04,318 epoch 7 - iter 1458/1620 - loss 0.24163110
2019-08-27 22:07:49,769 ----------------------------------------------------------------------------------------------------
2019-08-27 22:07:49,769 EPOCH 7 done: loss 0.2430 - lr 0.1000 - bad epochs 0
2019-08-27 22:08:37,922 DEV : loss 0.12463206797838211 - score 0.9908
2019-08-27 22:09:29,882 TEST : loss 0.1481340229511261 - score 0.988
2019-08-27 22:09:32,512 ----------------------------------------------------------------------------------------------------
2019-08-27 22:09:33,480 epoch 8 - iter 0/1620 - loss 0.63921928
2019-08-27 22:10:20,181 epoch 8 - iter 162/1620 - loss 0.21807881
2019-08-27 22:11:08,573 epoch 8 - iter 324/1620 - loss 0.20466690
2019-08-27 22:11:53,949 epoch 8 - iter 486/1620 - loss 0.21294177
2019-08-27 22:12:39,781 epoch 8 - iter 648/1620 - loss 0.21467500
2019-08-27 22:13:27,296 epoch 8 - iter 810/1620 - loss 0.22211240
2019-08-27 22:14:13,898 epoch 8 - iter 972/1620 - loss 0.22291995
2019-08-27 22:15:00,296 epoch 8 - iter 1134/1620 - loss 0.21843196
2019-08-27 22:15:47,052 epoch 8 - iter 1296/1620 - loss 0.22141179
2019-08-27 22:16:31,688 epoch 8 - iter 1458/1620 - loss 0.22576159
2019-08-27 22:17:18,005 ----------------------------------------------------------------------------------------------------
2019-08-27 22:17:18,006 EPOCH 8 done: loss 0.2249 - lr 0.1000 - bad epochs 0
2019-08-27 22:18:06,090 DEV : loss 0.144626185297966 - score 0.9897
2019-08-27 22:18:58,402 TEST : loss 0.15490353107452393 - score 0.9875
2019-08-27 22:18:58,402 ----------------------------------------------------------------------------------------------------
2019-08-27 22:18:59,256 epoch 9 - iter 0/1620 - loss 0.12756157
2019-08-27 22:19:43,994 epoch 9 - iter 162/1620 - loss 0.20693557
2019-08-27 22:20:31,330 epoch 9 - iter 324/1620 - loss 0.20912629
2019-08-27 22:21:17,219 epoch 9 - iter 486/1620 - loss 0.22070781
2019-08-27 22:22:02,879 epoch 9 - iter 648/1620 - loss 0.22404840
2019-08-27 22:22:49,170 epoch 9 - iter 810/1620 - loss 0.21861507
2019-08-27 22:23:35,420 epoch 9 - iter 972/1620 - loss 0.21640626
2019-08-27 22:24:21,582 epoch 9 - iter 1134/1620 - loss 0.21655510
2019-08-27 22:25:09,840 epoch 9 - iter 1296/1620 - loss 0.22031074
2019-08-27 22:25:55,512 epoch 9 - iter 1458/1620 - loss 0.22204380
2019-08-27 22:26:39,059 ----------------------------------------------------------------------------------------------------
2019-08-27 22:26:39,059 EPOCH 9 done: loss 0.2229 - lr 0.1000 - bad epochs 1
2019-08-27 22:27:26,996 DEV : loss 0.13618320226669312 - score 0.9904
2019-08-27 22:28:19,044 TEST : loss 0.15751640498638153 - score 0.9891
2019-08-27 22:28:19,044 ----------------------------------------------------------------------------------------------------
2019-08-27 22:28:20,033 epoch 10 - iter 0/1620 - loss 0.00721645
2019-08-27 22:29:05,252 epoch 10 - iter 162/1620 - loss 0.21524794
2019-08-27 22:29:53,634 epoch 10 - iter 324/1620 - loss 0.19756382
2019-08-27 22:30:38,390 epoch 10 - iter 486/1620 - loss 0.19989902
2019-08-27 22:31:24,401 epoch 10 - iter 648/1620 - loss 0.21441958
2019-08-27 22:32:10,427 epoch 10 - iter 810/1620 - loss 0.20596347
2019-08-27 22:32:56,722 epoch 10 - iter 972/1620 - loss 0.21369274
2019-08-27 22:33:41,220 epoch 10 - iter 1134/1620 - loss 0.21296406
2019-08-27 22:34:28,158 epoch 10 - iter 1296/1620 - loss 0.20975442
2019-08-27 22:35:14,769 epoch 10 - iter 1458/1620 - loss 0.20965629
2019-08-27 22:36:02,320 ----------------------------------------------------------------------------------------------------
2019-08-27 22:36:02,320 EPOCH 10 done: loss 0.2068 - lr 0.1000 - bad epochs 2
2019-08-27 22:36:51,317 DEV : loss 0.13401630520820618 - score 0.9904
2019-08-27 22:37:43,127 TEST : loss 0.15841057896614075 - score 0.9894
2019-08-27 22:37:43,127 ----------------------------------------------------------------------------------------------------
2019-08-27 22:37:44,070 epoch 11 - iter 0/1620 - loss 0.04292202
2019-08-27 22:38:30,685 epoch 11 - iter 162/1620 - loss 0.20786804
2019-08-27 22:39:16,223 epoch 11 - iter 324/1620 - loss 0.19796182
2019-08-27 22:40:02,465 epoch 11 - iter 486/1620 - loss 0.20075627
2019-08-27 22:40:48,486 epoch 11 - iter 648/1620 - loss 0.19736142
2019-08-27 22:41:34,605 epoch 11 - iter 810/1620 - loss 0.18922184
2019-08-27 22:42:21,623 epoch 11 - iter 972/1620 - loss 0.19654994
2019-08-27 22:43:08,221 epoch 11 - iter 1134/1620 - loss 0.19777776
2019-08-27 22:43:55,033 epoch 11 - iter 1296/1620 - loss 0.19997478
2019-08-27 22:44:40,859 epoch 11 - iter 1458/1620 - loss 0.20340635
2019-08-27 22:45:25,959 ----------------------------------------------------------------------------------------------------
2019-08-27 22:45:25,959 EPOCH 11 done: loss 0.2063 - lr 0.1000 - bad epochs 3
2019-08-27 22:46:14,959 DEV : loss 0.12213680893182755 - score 0.991
2019-08-27 22:47:06,640 TEST : loss 0.1543673723936081 - score 0.9898
2019-08-27 22:47:09,404 ----------------------------------------------------------------------------------------------------
2019-08-27 22:47:10,322 epoch 12 - iter 0/1620 - loss 0.23079729
2019-08-27 22:47:59,247 epoch 12 - iter 162/1620 - loss 0.18651991
2019-08-27 22:48:45,356 epoch 12 - iter 324/1620 - loss 0.17653462
2019-08-27 22:49:31,492 epoch 12 - iter 486/1620 - loss 0.18614259
2019-08-27 22:50:17,102 epoch 12 - iter 648/1620 - loss 0.19471122
2019-08-27 22:51:02,319 epoch 12 - iter 810/1620 - loss 0.19841650
2019-08-27 22:51:47,248 epoch 12 - iter 972/1620 - loss 0.19495869
2019-08-27 22:52:33,959 epoch 12 - iter 1134/1620 - loss 0.19227596
2019-08-27 22:53:19,096 epoch 12 - iter 1296/1620 - loss 0.19768838
2019-08-27 22:54:05,789 epoch 12 - iter 1458/1620 - loss 0.19848103
2019-08-27 22:54:52,938 ----------------------------------------------------------------------------------------------------
2019-08-27 22:54:52,939 EPOCH 12 done: loss 0.1956 - lr 0.1000 - bad epochs 0
2019-08-27 22:55:39,730 DEV : loss 0.13536007702350616 - score 0.9909
2019-08-27 22:56:33,030 TEST : loss 0.171330064535141 - score 0.9893
2019-08-27 22:56:33,030 ----------------------------------------------------------------------------------------------------
2019-08-27 22:56:34,014 epoch 13 - iter 0/1620 - loss 0.17898369
2019-08-27 22:57:18,540 epoch 13 - iter 162/1620 - loss 0.19700987
2019-08-27 22:58:05,093 epoch 13 - iter 324/1620 - loss 0.19568786
2019-08-27 22:58:53,635 epoch 13 - iter 486/1620 - loss 0.19900710
2019-08-27 22:59:39,873 epoch 13 - iter 648/1620 - loss 0.20969864
2019-08-27 23:00:25,299 epoch 13 - iter 810/1620 - loss 0.21091496
2019-08-27 23:01:12,551 epoch 13 - iter 972/1620 - loss 0.20901349
2019-08-27 23:01:58,636 epoch 13 - iter 1134/1620 - loss 0.20646554
2019-08-27 23:02:44,221 epoch 13 - iter 1296/1620 - loss 0.20379243
2019-08-27 23:03:31,260 epoch 13 - iter 1458/1620 - loss 0.20213904
2019-08-27 23:04:17,571 ----------------------------------------------------------------------------------------------------
2019-08-27 23:04:17,572 EPOCH 13 done: loss 0.2038 - lr 0.1000 - bad epochs 1
2019-08-27 23:05:04,273 DEV : loss 0.118497833609581 - score 0.9912
2019-08-27 23:05:57,105 TEST : loss 0.16821806132793427 - score 0.9882
2019-08-27 23:05:59,809 ----------------------------------------------------------------------------------------------------
2019-08-27 23:06:00,735 epoch 14 - iter 0/1620 - loss 0.21012926
2019-08-27 23:06:47,354 epoch 14 - iter 162/1620 - loss 0.15319950
2019-08-27 23:07:35,368 epoch 14 - iter 324/1620 - loss 0.16280512
2019-08-27 23:08:21,080 epoch 14 - iter 486/1620 - loss 0.17356444
2019-08-27 23:09:06,233 epoch 14 - iter 648/1620 - loss 0.18252469
2019-08-27 23:09:52,387 epoch 14 - iter 810/1620 - loss 0.18859471
2019-08-27 23:10:38,242 epoch 14 - iter 972/1620 - loss 0.19050298
2019-08-27 23:11:23,052 epoch 14 - iter 1134/1620 - loss 0.18939147
2019-08-27 23:12:10,741 epoch 14 - iter 1296/1620 - loss 0.19322975
2019-08-27 23:12:56,400 epoch 14 - iter 1458/1620 - loss 0.19675603
2019-08-27 23:13:42,841 ----------------------------------------------------------------------------------------------------
2019-08-27 23:13:42,842 EPOCH 14 done: loss 0.1918 - lr 0.1000 - bad epochs 0
2019-08-27 23:14:30,898 DEV : loss 0.13091623783111572 - score 0.9907
2019-08-27 23:15:22,990 TEST : loss 0.1565755009651184 - score 0.9902
2019-08-27 23:15:22,990 ----------------------------------------------------------------------------------------------------
2019-08-27 23:15:23,876 epoch 15 - iter 0/1620 - loss 0.00160980
2019-08-27 23:16:10,405 epoch 15 - iter 162/1620 - loss 0.16300311
2019-08-27 23:16:56,998 epoch 15 - iter 324/1620 - loss 0.18016210
2019-08-27 23:17:41,938 epoch 15 - iter 486/1620 - loss 0.16902718
2019-08-27 23:18:29,893 epoch 15 - iter 648/1620 - loss 0.18237416
2019-08-27 23:19:14,777 epoch 15 - iter 810/1620 - loss 0.18525725
2019-08-27 23:20:00,678 epoch 15 - iter 972/1620 - loss 0.18373365
2019-08-27 23:20:48,645 epoch 15 - iter 1134/1620 - loss 0.18253475
2019-08-27 23:21:34,069 epoch 15 - iter 1296/1620 - loss 0.18200148
2019-08-27 23:22:19,233 epoch 15 - iter 1458/1620 - loss 0.18075788
2019-08-27 23:23:04,385 ----------------------------------------------------------------------------------------------------
2019-08-27 23:23:04,385 EPOCH 15 done: loss 0.1817 - lr 0.1000 - bad epochs 1
2019-08-27 23:23:51,169 DEV : loss 0.1384548395872116 - score 0.9907
2019-08-27 23:24:43,120 TEST : loss 0.17036812007427216 - score 0.9893
2019-08-27 23:24:43,120 ----------------------------------------------------------------------------------------------------
2019-08-27 23:24:44,166 epoch 16 - iter 0/1620 - loss 0.05222321
2019-08-27 23:25:30,129 epoch 16 - iter 162/1620 - loss 0.14886608
2019-08-27 23:26:15,978 epoch 16 - iter 324/1620 - loss 0.16558693
2019-08-27 23:27:02,149 epoch 16 - iter 486/1620 - loss 0.16241906
2019-08-27 23:27:47,934 epoch 16 - iter 648/1620 - loss 0.16399505
2019-08-27 23:28:33,322 epoch 16 - iter 810/1620 - loss 0.16605686
2019-08-27 23:29:20,239 epoch 16 - iter 972/1620 - loss 0.16367341
2019-08-27 23:30:06,462 epoch 16 - iter 1134/1620 - loss 0.16154645
2019-08-27 23:30:52,687 epoch 16 - iter 1296/1620 - loss 0.16252262
2019-08-27 23:31:38,690 epoch 16 - iter 1458/1620 - loss 0.16605917
2019-08-27 23:32:24,356 ----------------------------------------------------------------------------------------------------
2019-08-27 23:32:24,356 EPOCH 16 done: loss 0.1678 - lr 0.1000 - bad epochs 2
2019-08-27 23:33:11,803 DEV : loss 0.11904946714639664 - score 0.9916
2019-08-27 23:34:05,171 TEST : loss 0.1615118533372879 - score 0.9898
2019-08-27 23:34:07,918 ----------------------------------------------------------------------------------------------------
2019-08-27 23:34:08,962 epoch 17 - iter 0/1620 - loss 0.03824615
2019-08-27 23:34:55,558 epoch 17 - iter 162/1620 - loss 0.17451713
2019-08-27 23:35:41,692 epoch 17 - iter 324/1620 - loss 0.17398243
2019-08-27 23:36:28,471 epoch 17 - iter 486/1620 - loss 0.17096894
2019-08-27 23:37:13,510 epoch 17 - iter 648/1620 - loss 0.16356478
2019-08-27 23:37:57,422 epoch 17 - iter 810/1620 - loss 0.16519621
2019-08-27 23:38:43,840 epoch 17 - iter 972/1620 - loss 0.16995058
2019-08-27 23:39:32,276 epoch 17 - iter 1134/1620 - loss 0.16899768
2019-08-27 23:40:18,221 epoch 17 - iter 1296/1620 - loss 0.17063810
2019-08-27 23:41:04,357 epoch 17 - iter 1458/1620 - loss 0.17225548
2019-08-27 23:41:51,001 ----------------------------------------------------------------------------------------------------
2019-08-27 23:41:51,001 EPOCH 17 done: loss 0.1722 - lr 0.1000 - bad epochs 0
2019-08-27 23:42:40,099 DEV : loss 0.12959188222885132 - score 0.9907
2019-08-27 23:43:33,766 TEST : loss 0.16466106474399567 - score 0.9884
2019-08-27 23:43:33,766 ----------------------------------------------------------------------------------------------------
2019-08-27 23:43:34,828 epoch 18 - iter 0/1620 - loss 0.02695847
2019-08-27 23:44:21,548 epoch 18 - iter 162/1620 - loss 0.13589594
2019-08-27 23:45:07,224 epoch 18 - iter 324/1620 - loss 0.13206690
2019-08-27 23:45:53,405 epoch 18 - iter 486/1620 - loss 0.14522441
2019-08-27 23:46:38,474 epoch 18 - iter 648/1620 - loss 0.14907246
2019-08-27 23:47:26,295 epoch 18 - iter 810/1620 - loss 0.15953034
2019-08-27 23:48:12,593 epoch 18 - iter 972/1620 - loss 0.15663043
2019-08-27 23:48:58,485 epoch 18 - iter 1134/1620 - loss 0.15840371
2019-08-27 23:49:43,445 epoch 18 - iter 1296/1620 - loss 0.15798651
2019-08-27 23:50:29,867 epoch 18 - iter 1458/1620 - loss 0.16073161
2019-08-27 23:51:14,712 ----------------------------------------------------------------------------------------------------
2019-08-27 23:51:14,712 EPOCH 18 done: loss 0.1618 - lr 0.1000 - bad epochs 1
2019-08-27 23:52:02,934 DEV : loss 0.1375327706336975 - score 0.99
2019-08-27 23:52:54,747 TEST : loss 0.17564666271209717 - score 0.9898
2019-08-27 23:52:54,747 ----------------------------------------------------------------------------------------------------
2019-08-27 23:52:55,627 epoch 19 - iter 0/1620 - loss 0.05245209
2019-08-27 23:53:42,139 epoch 19 - iter 162/1620 - loss 0.13994692
2019-08-27 23:54:29,113 epoch 19 - iter 324/1620 - loss 0.16034904
2019-08-27 23:55:15,223 epoch 19 - iter 486/1620 - loss 0.15561012
2019-08-27 23:56:00,606 epoch 19 - iter 648/1620 - loss 0.15429948
2019-08-27 23:56:46,805 epoch 19 - iter 810/1620 - loss 0.16053553
2019-08-27 23:57:33,050 epoch 19 - iter 972/1620 - loss 0.15841740
2019-08-27 23:58:18,255 epoch 19 - iter 1134/1620 - loss 0.16393603
2019-08-27 23:59:05,701 epoch 19 - iter 1296/1620 - loss 0.16437105
2019-08-27 23:59:50,247 epoch 19 - iter 1458/1620 - loss 0.16251125
2019-08-28 00:00:34,790 ----------------------------------------------------------------------------------------------------
2019-08-28 00:00:34,790 EPOCH 19 done: loss 0.1597 - lr 0.1000 - bad epochs 2
2019-08-28 00:01:23,095 DEV : loss 0.12362268567085266 - score 0.9914
2019-08-28 00:02:15,055 TEST : loss 0.17634224891662598 - score 0.9882
2019-08-28 00:02:15,055 ----------------------------------------------------------------------------------------------------
2019-08-28 00:02:16,000 epoch 20 - iter 0/1620 - loss 0.42180920
2019-08-28 00:03:03,068 epoch 20 - iter 162/1620 - loss 0.16495590
2019-08-28 00:03:48,929 epoch 20 - iter 324/1620 - loss 0.15446871
2019-08-28 00:04:35,082 epoch 20 - iter 486/1620 - loss 0.15441514
2019-08-28 00:05:21,764 epoch 20 - iter 648/1620 - loss 0.15275678
2019-08-28 00:06:06,773 epoch 20 - iter 810/1620 - loss 0.16025069
2019-08-28 00:06:52,079 epoch 20 - iter 972/1620 - loss 0.15887628
2019-08-28 00:07:37,546 epoch 20 - iter 1134/1620 - loss 0.15957332
2019-08-28 00:08:23,831 epoch 20 - iter 1296/1620 - loss 0.16008630
2019-08-28 00:09:10,626 epoch 20 - iter 1458/1620 - loss 0.15789566
2019-08-28 00:09:57,363 ----------------------------------------------------------------------------------------------------
2019-08-28 00:09:57,363 EPOCH 20 done: loss 0.1568 - lr 0.1000 - bad epochs 3
2019-08-28 00:10:45,055 DEV : loss 0.12691277265548706 - score 0.9919
2019-08-28 00:11:37,160 TEST : loss 0.16835732758045197 - score 0.9893
2019-08-28 00:11:39,945 ----------------------------------------------------------------------------------------------------
2019-08-28 00:11:40,848 epoch 21 - iter 0/1620 - loss 0.00125504
2019-08-28 00:12:27,681 epoch 21 - iter 162/1620 - loss 0.16967621
2019-08-28 00:13:12,783 epoch 21 - iter 324/1620 - loss 0.16568090
2019-08-28 00:13:57,721 epoch 21 - iter 486/1620 - loss 0.15684755
2019-08-28 00:14:44,470 epoch 21 - iter 648/1620 - loss 0.15104868
2019-08-28 00:15:29,900 epoch 21 - iter 810/1620 - loss 0.16004445
2019-08-28 00:16:14,825 epoch 21 - iter 972/1620 - loss 0.15914630
2019-08-28 00:17:03,117 epoch 21 - iter 1134/1620 - loss 0.15620820
2019-08-28 00:17:49,138 epoch 21 - iter 1296/1620 - loss 0.15527572
2019-08-28 00:18:34,543 epoch 21 - iter 1458/1620 - loss 0.15254133
2019-08-28 00:19:21,920 ----------------------------------------------------------------------------------------------------
2019-08-28 00:19:21,920 EPOCH 21 done: loss 0.1536 - lr 0.1000 - bad epochs 0
2019-08-28 00:20:09,315 DEV : loss 0.1268811970949173 - score 0.9914
2019-08-28 00:21:01,263 TEST : loss 0.17085029184818268 - score 0.9878
2019-08-28 00:21:01,263 ----------------------------------------------------------------------------------------------------
2019-08-28 00:21:02,206 epoch 22 - iter 0/1620 - loss 0.74739647
2019-08-28 00:21:48,540 epoch 22 - iter 162/1620 - loss 0.14877256
2019-08-28 00:22:33,905 epoch 22 - iter 324/1620 - loss 0.15818433
2019-08-28 00:23:19,225 epoch 22 - iter 486/1620 - loss 0.15656921
2019-08-28 00:24:05,957 epoch 22 - iter 648/1620 - loss 0.15159225
2019-08-28 00:24:51,712 epoch 22 - iter 810/1620 - loss 0.15312121
2019-08-28 00:25:37,699 epoch 22 - iter 972/1620 - loss 0.15361519
2019-08-28 00:26:25,185 epoch 22 - iter 1134/1620 - loss 0.15199330
2019-08-28 00:27:11,892 epoch 22 - iter 1296/1620 - loss 0.15263220
2019-08-28 00:27:56,784 epoch 22 - iter 1458/1620 - loss 0.15198506
2019-08-28 00:28:44,895 ----------------------------------------------------------------------------------------------------
2019-08-28 00:28:44,895 EPOCH 22 done: loss 0.1515 - lr 0.1000 - bad epochs 1
2019-08-28 00:29:32,442 DEV : loss 0.11842627078294754 - score 0.9905
2019-08-28 00:30:24,294 TEST : loss 0.17954371869564056 - score 0.988
2019-08-28 00:30:24,294 ----------------------------------------------------------------------------------------------------
2019-08-28 00:30:25,123 epoch 23 - iter 0/1620 - loss 0.00300121
2019-08-28 00:31:11,143 epoch 23 - iter 162/1620 - loss 0.13413480
2019-08-28 00:31:56,860 epoch 23 - iter 324/1620 - loss 0.12038320
2019-08-28 00:32:43,126 epoch 23 - iter 486/1620 - loss 0.12938188
2019-08-28 00:33:30,468 epoch 23 - iter 648/1620 - loss 0.13005180
2019-08-28 00:34:17,214 epoch 23 - iter 810/1620 - loss 0.13066156
2019-08-28 00:35:05,108 epoch 23 - iter 972/1620 - loss 0.13244205
2019-08-28 00:35:50,984 epoch 23 - iter 1134/1620 - loss 0.13388009
2019-08-28 00:36:35,377 epoch 23 - iter 1296/1620 - loss 0.13578852
2019-08-28 00:37:22,265 epoch 23 - iter 1458/1620 - loss 0.13947005
2019-08-28 00:38:09,043 ----------------------------------------------------------------------------------------------------
2019-08-28 00:38:09,044 EPOCH 23 done: loss 0.1400 - lr 0.1000 - bad epochs 2
2019-08-28 00:38:56,379 DEV : loss 0.1373184770345688 - score 0.9916
2019-08-28 00:39:49,766 TEST : loss 0.18818116188049316 - score 0.9891
2019-08-28 00:39:49,766 ----------------------------------------------------------------------------------------------------
2019-08-28 00:39:50,566 epoch 24 - iter 0/1620 - loss 0.15537453
2019-08-28 00:40:35,456 epoch 24 - iter 162/1620 - loss 0.16446516
2019-08-28 00:41:22,303 epoch 24 - iter 324/1620 - loss 0.14664017
2019-08-28 00:42:10,491 epoch 24 - iter 486/1620 - loss 0.14236392
2019-08-28 00:42:56,993 epoch 24 - iter 648/1620 - loss 0.14042206
2019-08-28 00:43:41,770 epoch 24 - iter 810/1620 - loss 0.14863360
2019-08-28 00:44:26,898 epoch 24 - iter 972/1620 - loss 0.14998500
2019-08-28 00:45:12,341 epoch 24 - iter 1134/1620 - loss 0.14758408
2019-08-28 00:45:57,016 epoch 24 - iter 1296/1620 - loss 0.14475203
2019-08-28 00:46:43,830 epoch 24 - iter 1458/1620 - loss 0.14747295
2019-08-28 00:47:29,126 ----------------------------------------------------------------------------------------------------
2019-08-28 00:47:29,126 EPOCH 24 done: loss 0.1490 - lr 0.1000 - bad epochs 3
2019-08-28 00:48:17,639 DEV : loss 0.12576784193515778 - score 0.9912
2019-08-28 00:49:09,746 TEST : loss 0.16073466837406158 - score 0.9887
2019-08-28 00:49:09,746 ----------------------------------------------------------------------------------------------------
2019-08-28 00:49:10,611 epoch 25 - iter 0/1620 - loss 0.06607628
2019-08-28 00:49:56,615 epoch 25 - iter 162/1620 - loss 0.10278953
2019-08-28 00:50:44,040 epoch 25 - iter 324/1620 - loss 0.12768228
2019-08-28 00:51:28,839 epoch 25 - iter 486/1620 - loss 0.13020207
2019-08-28 00:52:15,387 epoch 25 - iter 648/1620 - loss 0.13305445
2019-08-28 00:53:01,777 epoch 25 - iter 810/1620 - loss 0.13551159
2019-08-28 00:53:46,326 epoch 25 - iter 972/1620 - loss 0.13869218
2019-08-28 00:54:31,852 epoch 25 - iter 1134/1620 - loss 0.13668913
2019-08-28 00:55:18,688 epoch 25 - iter 1296/1620 - loss 0.13548221
2019-08-28 00:56:04,132 epoch 25 - iter 1458/1620 - loss 0.13150511
2019-08-28 00:56:49,060 ----------------------------------------------------------------------------------------------------
2019-08-28 00:56:49,060 EPOCH 25 done: loss 0.1317 - lr 0.0500 - bad epochs 0
2019-08-28 00:57:37,867 DEV : loss 0.12481258809566498 - score 0.991
2019-08-28 00:58:29,888 TEST : loss 0.16710685193538666 - score 0.9889
2019-08-28 00:58:29,889 ----------------------------------------------------------------------------------------------------
2019-08-28 00:58:30,887 epoch 26 - iter 0/1620 - loss 0.01120663
2019-08-28 00:59:15,650 epoch 26 - iter 162/1620 - loss 0.10965993
2019-08-28 01:00:04,378 epoch 26 - iter 324/1620 - loss 0.12190067
2019-08-28 01:00:49,687 epoch 26 - iter 486/1620 - loss 0.11981735
2019-08-28 01:01:36,209 epoch 26 - iter 648/1620 - loss 0.12039506
2019-08-28 01:02:21,397 epoch 26 - iter 810/1620 - loss 0.12693035
2019-08-28 01:03:07,147 epoch 26 - iter 972/1620 - loss 0.12789642
2019-08-28 01:03:53,321 epoch 26 - iter 1134/1620 - loss 0.12623664
2019-08-28 01:04:39,193 epoch 26 - iter 1296/1620 - loss 0.12647598
2019-08-28 01:05:24,865 epoch 26 - iter 1458/1620 - loss 0.12587207
2019-08-28 01:06:11,824 ----------------------------------------------------------------------------------------------------
2019-08-28 01:06:11,825 EPOCH 26 done: loss 0.1234 - lr 0.0500 - bad epochs 1
2019-08-28 01:07:00,520 DEV : loss 0.12558254599571228 - score 0.9918
2019-08-28 01:07:52,805 TEST : loss 0.16604995727539062 - score 0.9893
2019-08-28 01:07:52,805 ----------------------------------------------------------------------------------------------------
2019-08-28 01:07:53,685 epoch 27 - iter 0/1620 - loss 0.00451565
2019-08-28 01:08:40,249 epoch 27 - iter 162/1620 - loss 0.12575578
2019-08-28 01:09:26,386 epoch 27 - iter 324/1620 - loss 0.12595433
2019-08-28 01:10:11,735 epoch 27 - iter 486/1620 - loss 0.12206432
2019-08-28 01:10:57,751 epoch 27 - iter 648/1620 - loss 0.12316500
2019-08-28 01:11:43,110 epoch 27 - iter 810/1620 - loss 0.12184242
2019-08-28 01:12:29,651 epoch 27 - iter 972/1620 - loss 0.12009405
2019-08-28 01:13:16,150 epoch 27 - iter 1134/1620 - loss 0.11836355
2019-08-28 01:14:00,797 epoch 27 - iter 1296/1620 - loss 0.11750213
2019-08-28 01:14:47,126 epoch 27 - iter 1458/1620 - loss 0.11897754
2019-08-28 01:15:33,955 ----------------------------------------------------------------------------------------------------
2019-08-28 01:15:33,955 EPOCH 27 done: loss 0.1179 - lr 0.0500 - bad epochs 2
2019-08-28 01:16:20,780 DEV : loss 0.13212823867797852 - score 0.9919
2019-08-28 01:17:13,047 TEST : loss 0.17610041797161102 - score 0.9893
2019-08-28 01:17:15,693 ----------------------------------------------------------------------------------------------------
2019-08-28 01:17:16,538 epoch 28 - iter 0/1620 - loss 0.00481224
2019-08-28 01:18:03,402 epoch 28 - iter 162/1620 - loss 0.11316088
2019-08-28 01:18:49,947 epoch 28 - iter 324/1620 - loss 0.12165063
2019-08-28 01:19:35,495 epoch 28 - iter 486/1620 - loss 0.11710749
2019-08-28 01:20:21,560 epoch 28 - iter 648/1620 - loss 0.11932388
2019-08-28 01:21:06,873 epoch 28 - iter 810/1620 - loss 0.11656713
2019-08-28 01:21:54,426 epoch 28 - iter 972/1620 - loss 0.11762247
2019-08-28 01:22:41,293 epoch 28 - iter 1134/1620 - loss 0.11396496
2019-08-28 01:23:26,081 epoch 28 - iter 1296/1620 - loss 0.11440315
2019-08-28 01:24:11,519 epoch 28 - iter 1458/1620 - loss 0.11583803
2019-08-28 01:24:56,725 ----------------------------------------------------------------------------------------------------
2019-08-28 01:24:56,725 EPOCH 28 done: loss 0.1150 - lr 0.0500 - bad epochs 3
2019-08-28 01:25:43,575 DEV : loss 0.13493359088897705 - score 0.9914
2019-08-28 01:26:36,917 TEST : loss 0.19031013548374176 - score 0.9889
2019-08-28 01:26:36,917 ----------------------------------------------------------------------------------------------------
2019-08-28 01:26:37,774 epoch 29 - iter 0/1620 - loss 0.01937819
2019-08-28 01:27:25,819 epoch 29 - iter 162/1620 - loss 0.10708660
2019-08-28 01:28:10,241 epoch 29 - iter 324/1620 - loss 0.10595014
2019-08-28 01:28:55,295 epoch 29 - iter 486/1620 - loss 0.10338252
2019-08-28 01:29:40,930 epoch 29 - iter 648/1620 - loss 0.10614846
2019-08-28 01:30:26,861 epoch 29 - iter 810/1620 - loss 0.10901753
2019-08-28 01:31:13,748 epoch 29 - iter 972/1620 - loss 0.10730830
2019-08-28 01:31:59,477 epoch 29 - iter 1134/1620 - loss 0.11042747
2019-08-28 01:32:45,151 epoch 29 - iter 1296/1620 - loss 0.10857553
2019-08-28 01:33:32,373 epoch 29 - iter 1458/1620 - loss 0.10808791
2019-08-28 01:34:18,637 ----------------------------------------------------------------------------------------------------
2019-08-28 01:34:18,637 EPOCH 29 done: loss 0.1079 - lr 0.0250 - bad epochs 0
2019-08-28 01:35:06,578 DEV : loss 0.1357739120721817 - score 0.992
2019-08-28 01:35:58,224 TEST : loss 0.1808045506477356 - score 0.9896
2019-08-28 01:36:00,897 ----------------------------------------------------------------------------------------------------
2019-08-28 01:36:01,820 epoch 30 - iter 0/1620 - loss 0.22200775
2019-08-28 01:36:48,732 epoch 30 - iter 162/1620 - loss 0.14193940
2019-08-28 01:37:36,440 epoch 30 - iter 324/1620 - loss 0.11787873
2019-08-28 01:38:21,583 epoch 30 - iter 486/1620 - loss 0.11399157
2019-08-28 01:39:08,558 epoch 30 - iter 648/1620 - loss 0.11561386
2019-08-28 01:39:54,101 epoch 30 - iter 810/1620 - loss 0.11496879
2019-08-28 01:40:40,628 epoch 30 - iter 972/1620 - loss 0.11145140
2019-08-28 01:41:26,699 epoch 30 - iter 1134/1620 - loss 0.10959224
2019-08-28 01:42:13,452 epoch 30 - iter 1296/1620 - loss 0.10931141
2019-08-28 01:43:00,672 epoch 30 - iter 1458/1620 - loss 0.10914780
2019-08-28 01:43:46,551 ----------------------------------------------------------------------------------------------------
2019-08-28 01:43:46,552 EPOCH 30 done: loss 0.1107 - lr 0.0250 - bad epochs 0
2019-08-28 01:44:33,238 DEV : loss 0.13674791157245636 - score 0.9919
2019-08-28 01:45:25,511 TEST : loss 0.18610084056854248 - score 0.9891
2019-08-28 01:45:27,452 ----------------------------------------------------------------------------------------------------
2019-08-28 01:45:27,452 Testing using best model ...
2019-08-28 01:45:27,453 loading file iter3_trained/best-model.pt
2019-08-28 01:46:22,189 0.9902	0.9891	0.9896
2019-08-28 01:46:22,190 
MICRO_AVG: acc 0.9795 - f1-score 0.9896
MACRO_AVG: acc 0.9795 - f1-score 0.9896
aux        tp: 2463 - fp: 32 - fn: 20 - tn: 2463 - precision: 0.9872 - recall: 0.9919 - accuracy: 0.9793 - f1-score: 0.9895
verb       tp: 3184 - fp: 24 - fn: 42 - tn: 3184 - precision: 0.9925 - recall: 0.9870 - accuracy: 0.9797 - f1-score: 0.9897
2019-08-28 01:46:22,190 ----------------------------------------------------------------------------------------------------
