2019-08-27 21:13:37,043 ----------------------------------------------------------------------------------------------------
2019-08-27 21:13:37,043 Evaluation method: MICRO_F1_SCORE
2019-08-27 21:13:37,378 ----------------------------------------------------------------------------------------------------
2019-08-27 21:13:38,002 epoch 1 - iter 0/1620 - loss 41.53184128
2019-08-27 21:14:24,844 epoch 1 - iter 162/1620 - loss 3.29551058
2019-08-27 21:15:11,835 epoch 1 - iter 324/1620 - loss 2.13977917
2019-08-27 21:15:58,385 epoch 1 - iter 486/1620 - loss 1.69980354
2019-08-27 21:16:45,064 epoch 1 - iter 648/1620 - loss 1.45626970
2019-08-27 21:17:30,564 epoch 1 - iter 810/1620 - loss 1.30306837
2019-08-27 21:18:19,797 epoch 1 - iter 972/1620 - loss 1.17853760
2019-08-27 21:19:05,649 epoch 1 - iter 1134/1620 - loss 1.07765801
2019-08-27 21:19:52,569 epoch 1 - iter 1296/1620 - loss 1.01387279
2019-08-27 21:20:38,589 epoch 1 - iter 1458/1620 - loss 0.95322235
2019-08-27 21:21:25,132 ----------------------------------------------------------------------------------------------------
2019-08-27 21:21:25,132 EPOCH 1 done: loss 0.9127 - lr 0.1000 - bad epochs 0
2019-08-27 21:22:12,629 DEV : loss 0.29047831892967224 - score 0.9789
2019-08-27 21:23:03,654 TEST : loss 0.26216259598731995 - score 0.9796
2019-08-27 21:23:05,792 ----------------------------------------------------------------------------------------------------
2019-08-27 21:23:06,650 epoch 2 - iter 0/1620 - loss 1.01977825
2019-08-27 21:23:53,362 epoch 2 - iter 162/1620 - loss 0.44983021
2019-08-27 21:24:42,133 epoch 2 - iter 324/1620 - loss 0.45339611
2019-08-27 21:25:30,131 epoch 2 - iter 486/1620 - loss 0.44446265
2019-08-27 21:26:15,921 epoch 2 - iter 648/1620 - loss 0.44230200
2019-08-27 21:27:02,706 epoch 2 - iter 810/1620 - loss 0.44070723
2019-08-27 21:27:49,084 epoch 2 - iter 972/1620 - loss 0.44514648
2019-08-27 21:28:37,376 epoch 2 - iter 1134/1620 - loss 0.44401229
2019-08-27 21:29:22,206 epoch 2 - iter 1296/1620 - loss 0.44002949
2019-08-27 21:30:08,496 epoch 2 - iter 1458/1620 - loss 0.43137494
2019-08-27 21:30:56,198 ----------------------------------------------------------------------------------------------------
2019-08-27 21:30:56,198 EPOCH 2 done: loss 0.4312 - lr 0.1000 - bad epochs 0
2019-08-27 21:31:41,564 DEV : loss 0.21109440922737122 - score 0.9838
2019-08-27 21:32:31,972 TEST : loss 0.16634726524353027 - score 0.9847
2019-08-27 21:32:34,763 ----------------------------------------------------------------------------------------------------
2019-08-27 21:32:35,687 epoch 3 - iter 0/1620 - loss 0.71235847
2019-08-27 21:33:24,218 epoch 3 - iter 162/1620 - loss 0.33353825
2019-08-27 21:34:10,877 epoch 3 - iter 324/1620 - loss 0.33645380
2019-08-27 21:34:57,874 epoch 3 - iter 486/1620 - loss 0.34043378
2019-08-27 21:35:46,003 epoch 3 - iter 648/1620 - loss 0.34857054
2019-08-27 21:36:32,744 epoch 3 - iter 810/1620 - loss 0.35143443
2019-08-27 21:37:19,691 epoch 3 - iter 972/1620 - loss 0.35405856
2019-08-27 21:38:06,972 epoch 3 - iter 1134/1620 - loss 0.35211589
2019-08-27 21:38:51,716 epoch 3 - iter 1296/1620 - loss 0.35011868
2019-08-27 21:39:38,840 epoch 3 - iter 1458/1620 - loss 0.34912714
2019-08-27 21:40:25,147 ----------------------------------------------------------------------------------------------------
2019-08-27 21:40:25,148 EPOCH 3 done: loss 0.3504 - lr 0.1000 - bad epochs 0
2019-08-27 21:41:10,029 DEV : loss 0.21753405034542084 - score 0.986
2019-08-27 21:42:02,024 TEST : loss 0.1566995084285736 - score 0.9881
2019-08-27 21:42:04,771 ----------------------------------------------------------------------------------------------------
2019-08-27 21:42:05,589 epoch 4 - iter 0/1620 - loss 0.55067539
2019-08-27 21:42:52,717 epoch 4 - iter 162/1620 - loss 0.28633899
2019-08-27 21:43:38,669 epoch 4 - iter 324/1620 - loss 0.31931974
2019-08-27 21:44:24,538 epoch 4 - iter 486/1620 - loss 0.31703081
2019-08-27 21:45:11,880 epoch 4 - iter 648/1620 - loss 0.31948656
2019-08-27 21:45:56,608 epoch 4 - iter 810/1620 - loss 0.30360913
2019-08-27 21:46:44,284 epoch 4 - iter 972/1620 - loss 0.30130705
2019-08-27 21:47:31,929 epoch 4 - iter 1134/1620 - loss 0.30013507
2019-08-27 21:48:19,598 epoch 4 - iter 1296/1620 - loss 0.29750352
2019-08-27 21:49:05,728 epoch 4 - iter 1458/1620 - loss 0.30464210
2019-08-27 21:49:51,602 ----------------------------------------------------------------------------------------------------
2019-08-27 21:49:51,602 EPOCH 4 done: loss 0.3057 - lr 0.1000 - bad epochs 0
2019-08-27 21:50:36,773 DEV : loss 0.21363356709480286 - score 0.985
2019-08-27 21:51:29,498 TEST : loss 0.16128212213516235 - score 0.9872
2019-08-27 21:51:29,498 ----------------------------------------------------------------------------------------------------
2019-08-27 21:51:30,311 epoch 5 - iter 0/1620 - loss 0.02373505
2019-08-27 21:52:17,552 epoch 5 - iter 162/1620 - loss 0.31216999
2019-08-27 21:53:04,129 epoch 5 - iter 324/1620 - loss 0.29196162
2019-08-27 21:53:49,859 epoch 5 - iter 486/1620 - loss 0.30421309
2019-08-27 21:54:37,117 epoch 5 - iter 648/1620 - loss 0.29322086
2019-08-27 21:55:25,247 epoch 5 - iter 810/1620 - loss 0.28995358
2019-08-27 21:56:11,826 epoch 5 - iter 972/1620 - loss 0.28585782
2019-08-27 21:56:58,673 epoch 5 - iter 1134/1620 - loss 0.28541502
2019-08-27 21:57:47,251 epoch 5 - iter 1296/1620 - loss 0.29016251
2019-08-27 21:58:32,065 epoch 5 - iter 1458/1620 - loss 0.29043333
2019-08-27 21:59:18,191 ----------------------------------------------------------------------------------------------------
2019-08-27 21:59:18,191 EPOCH 5 done: loss 0.2886 - lr 0.1000 - bad epochs 1
2019-08-27 22:00:03,753 DEV : loss 0.1986689269542694 - score 0.9872
2019-08-27 22:00:54,389 TEST : loss 0.14147929847240448 - score 0.9902
2019-08-27 22:00:57,434 ----------------------------------------------------------------------------------------------------
2019-08-27 22:00:58,385 epoch 6 - iter 0/1620 - loss 0.61033440
2019-08-27 22:01:46,749 epoch 6 - iter 162/1620 - loss 0.26558033
2019-08-27 22:02:33,326 epoch 6 - iter 324/1620 - loss 0.25361281
2019-08-27 22:03:19,098 epoch 6 - iter 486/1620 - loss 0.24652165
2019-08-27 22:04:05,642 epoch 6 - iter 648/1620 - loss 0.24831553
2019-08-27 22:04:52,128 epoch 6 - iter 810/1620 - loss 0.25858337
2019-08-27 22:05:40,389 epoch 6 - iter 972/1620 - loss 0.25773343
2019-08-27 22:06:26,124 epoch 6 - iter 1134/1620 - loss 0.25089738
2019-08-27 22:07:14,288 epoch 6 - iter 1296/1620 - loss 0.24871163
2019-08-27 22:08:02,776 epoch 6 - iter 1458/1620 - loss 0.24770164
2019-08-27 22:08:48,302 ----------------------------------------------------------------------------------------------------
2019-08-27 22:08:48,302 EPOCH 6 done: loss 0.2488 - lr 0.1000 - bad epochs 0
2019-08-27 22:09:33,591 DEV : loss 0.17889833450317383 - score 0.9881
2019-08-27 22:10:27,256 TEST : loss 0.13528013229370117 - score 0.9906
2019-08-27 22:10:30,362 ----------------------------------------------------------------------------------------------------
2019-08-27 22:10:31,266 epoch 7 - iter 0/1620 - loss 0.08418655
2019-08-27 22:11:18,651 epoch 7 - iter 162/1620 - loss 0.22680996
2019-08-27 22:12:06,382 epoch 7 - iter 324/1620 - loss 0.23308477
2019-08-27 22:12:54,019 epoch 7 - iter 486/1620 - loss 0.23955880
2019-08-27 22:13:39,917 epoch 7 - iter 648/1620 - loss 0.24716041
2019-08-27 22:14:26,637 epoch 7 - iter 810/1620 - loss 0.23924841
2019-08-27 22:15:13,855 epoch 7 - iter 972/1620 - loss 0.23813256
2019-08-27 22:15:59,451 epoch 7 - iter 1134/1620 - loss 0.23761642
2019-08-27 22:16:46,878 epoch 7 - iter 1296/1620 - loss 0.24137214
2019-08-27 22:17:34,816 epoch 7 - iter 1458/1620 - loss 0.23516417
2019-08-27 22:18:21,020 ----------------------------------------------------------------------------------------------------
2019-08-27 22:18:21,021 EPOCH 7 done: loss 0.2374 - lr 0.1000 - bad epochs 0
2019-08-27 22:19:06,627 DEV : loss 0.1827966272830963 - score 0.9886
2019-08-27 22:19:57,195 TEST : loss 0.12651684880256653 - score 0.99
2019-08-27 22:20:00,703 ----------------------------------------------------------------------------------------------------
2019-08-27 22:20:01,578 epoch 8 - iter 0/1620 - loss 0.00508094
2019-08-27 22:20:48,446 epoch 8 - iter 162/1620 - loss 0.24646437
2019-08-27 22:21:36,574 epoch 8 - iter 324/1620 - loss 0.22648218
2019-08-27 22:22:24,067 epoch 8 - iter 486/1620 - loss 0.23650503
2019-08-27 22:23:10,189 epoch 8 - iter 648/1620 - loss 0.23904250
2019-08-27 22:23:58,124 epoch 8 - iter 810/1620 - loss 0.23894758
2019-08-27 22:24:44,957 epoch 8 - iter 972/1620 - loss 0.24189580
2019-08-27 22:25:30,108 epoch 8 - iter 1134/1620 - loss 0.23986446
2019-08-27 22:26:16,674 epoch 8 - iter 1296/1620 - loss 0.23778960
2019-08-27 22:27:02,314 epoch 8 - iter 1458/1620 - loss 0.23557315
2019-08-27 22:27:51,015 ----------------------------------------------------------------------------------------------------
2019-08-27 22:27:51,015 EPOCH 8 done: loss 0.2376 - lr 0.1000 - bad epochs 0
2019-08-27 22:28:35,527 DEV : loss 0.1811763346195221 - score 0.9893
2019-08-27 22:29:26,428 TEST : loss 0.12090782076120377 - score 0.9916
2019-08-27 22:29:29,232 ----------------------------------------------------------------------------------------------------
2019-08-27 22:29:29,992 epoch 9 - iter 0/1620 - loss 0.31361771
2019-08-27 22:30:17,039 epoch 9 - iter 162/1620 - loss 0.19521898
2019-08-27 22:31:04,546 epoch 9 - iter 324/1620 - loss 0.22083832
2019-08-27 22:31:50,442 epoch 9 - iter 486/1620 - loss 0.22577860
2019-08-27 22:32:37,937 epoch 9 - iter 648/1620 - loss 0.22546038
2019-08-27 22:33:25,503 epoch 9 - iter 810/1620 - loss 0.21697492
2019-08-27 22:34:12,360 epoch 9 - iter 972/1620 - loss 0.22085692
2019-08-27 22:34:59,929 epoch 9 - iter 1134/1620 - loss 0.21980701
2019-08-27 22:35:46,724 epoch 9 - iter 1296/1620 - loss 0.22034473
2019-08-27 22:36:33,388 epoch 9 - iter 1458/1620 - loss 0.21654956
2019-08-27 22:37:21,139 ----------------------------------------------------------------------------------------------------
2019-08-27 22:37:21,140 EPOCH 9 done: loss 0.2150 - lr 0.1000 - bad epochs 0
2019-08-27 22:38:05,714 DEV : loss 0.22599704563617706 - score 0.9865
2019-08-27 22:38:57,644 TEST : loss 0.14342652261257172 - score 0.9901
2019-08-27 22:38:57,644 ----------------------------------------------------------------------------------------------------
2019-08-27 22:38:58,710 epoch 10 - iter 0/1620 - loss 0.02559280
2019-08-27 22:39:47,961 epoch 10 - iter 162/1620 - loss 0.21354063
2019-08-27 22:40:34,329 epoch 10 - iter 324/1620 - loss 0.19975774
2019-08-27 22:41:20,230 epoch 10 - iter 486/1620 - loss 0.21344605
2019-08-27 22:42:07,792 epoch 10 - iter 648/1620 - loss 0.21549450
2019-08-27 22:42:53,889 epoch 10 - iter 810/1620 - loss 0.21162717
2019-08-27 22:43:39,781 epoch 10 - iter 972/1620 - loss 0.21310946
2019-08-27 22:44:28,351 epoch 10 - iter 1134/1620 - loss 0.21752012
2019-08-27 22:45:14,726 epoch 10 - iter 1296/1620 - loss 0.22126668
2019-08-27 22:46:01,516 epoch 10 - iter 1458/1620 - loss 0.22393354
2019-08-27 22:46:48,563 ----------------------------------------------------------------------------------------------------
2019-08-27 22:46:48,563 EPOCH 10 done: loss 0.2156 - lr 0.1000 - bad epochs 1
2019-08-27 22:47:34,012 DEV : loss 0.18587838113307953 - score 0.9889
2019-08-27 22:48:25,990 TEST : loss 0.12212545424699783 - score 0.9908
2019-08-27 22:48:25,990 ----------------------------------------------------------------------------------------------------
2019-08-27 22:48:26,758 epoch 11 - iter 0/1620 - loss 0.01259422
2019-08-27 22:49:14,122 epoch 11 - iter 162/1620 - loss 0.18538263
2019-08-27 22:50:01,071 epoch 11 - iter 324/1620 - loss 0.19821594
2019-08-27 22:50:46,373 epoch 11 - iter 486/1620 - loss 0.19685797
2019-08-27 22:51:31,880 epoch 11 - iter 648/1620 - loss 0.20451723
2019-08-27 22:52:17,674 epoch 11 - iter 810/1620 - loss 0.20531727
2019-08-27 22:53:05,884 epoch 11 - iter 972/1620 - loss 0.20716211
2019-08-27 22:53:51,803 epoch 11 - iter 1134/1620 - loss 0.20766851
2019-08-27 22:54:38,225 epoch 11 - iter 1296/1620 - loss 0.20730286
2019-08-27 22:55:25,801 epoch 11 - iter 1458/1620 - loss 0.20117958
2019-08-27 22:56:12,862 ----------------------------------------------------------------------------------------------------
2019-08-27 22:56:12,862 EPOCH 11 done: loss 0.2032 - lr 0.1000 - bad epochs 2
2019-08-27 22:57:00,438 DEV : loss 0.19412410259246826 - score 0.9895
2019-08-27 22:57:52,856 TEST : loss 0.13283628225326538 - score 0.9907
2019-08-27 22:57:56,033 ----------------------------------------------------------------------------------------------------
2019-08-27 22:57:57,020 epoch 12 - iter 0/1620 - loss 0.01951790
2019-08-27 22:58:43,525 epoch 12 - iter 162/1620 - loss 0.21557842
2019-08-27 22:59:31,980 epoch 12 - iter 324/1620 - loss 0.19584859
2019-08-27 23:00:20,085 epoch 12 - iter 486/1620 - loss 0.20685962
2019-08-27 23:01:05,713 epoch 12 - iter 648/1620 - loss 0.20228944
2019-08-27 23:01:52,753 epoch 12 - iter 810/1620 - loss 0.21223425
2019-08-27 23:02:39,278 epoch 12 - iter 972/1620 - loss 0.21035356
2019-08-27 23:03:27,119 epoch 12 - iter 1134/1620 - loss 0.20929460
2019-08-27 23:04:14,021 epoch 12 - iter 1296/1620 - loss 0.21114993
2019-08-27 23:04:59,107 epoch 12 - iter 1458/1620 - loss 0.21094772
2019-08-27 23:05:45,209 ----------------------------------------------------------------------------------------------------
2019-08-27 23:05:45,209 EPOCH 12 done: loss 0.2122 - lr 0.1000 - bad epochs 0
2019-08-27 23:06:31,387 DEV : loss 0.18125252425670624 - score 0.9888
2019-08-27 23:07:25,130 TEST : loss 0.1295846402645111 - score 0.9912
2019-08-27 23:07:25,130 ----------------------------------------------------------------------------------------------------
2019-08-27 23:07:26,054 epoch 13 - iter 0/1620 - loss 0.01836967
2019-08-27 23:08:14,456 epoch 13 - iter 162/1620 - loss 0.18141342
2019-08-27 23:09:02,599 epoch 13 - iter 324/1620 - loss 0.17583193
2019-08-27 23:09:49,276 epoch 13 - iter 486/1620 - loss 0.17884464
2019-08-27 23:10:34,465 epoch 13 - iter 648/1620 - loss 0.17599299
2019-08-27 23:11:21,794 epoch 13 - iter 810/1620 - loss 0.18148997
2019-08-27 23:12:10,551 epoch 13 - iter 972/1620 - loss 0.18385869
2019-08-27 23:12:57,204 epoch 13 - iter 1134/1620 - loss 0.18064601
2019-08-27 23:13:43,333 epoch 13 - iter 1296/1620 - loss 0.17774409
2019-08-27 23:14:30,214 epoch 13 - iter 1458/1620 - loss 0.17896485
2019-08-27 23:15:15,854 ----------------------------------------------------------------------------------------------------
2019-08-27 23:15:15,854 EPOCH 13 done: loss 0.1818 - lr 0.1000 - bad epochs 1
2019-08-27 23:16:00,505 DEV : loss 0.18939578533172607 - score 0.9896
2019-08-27 23:16:54,530 TEST : loss 0.13263176381587982 - score 0.9903
2019-08-27 23:16:57,986 ----------------------------------------------------------------------------------------------------
2019-08-27 23:16:58,939 epoch 14 - iter 0/1620 - loss 0.03846550
2019-08-27 23:17:46,320 epoch 14 - iter 162/1620 - loss 0.18490277
2019-08-27 23:18:32,485 epoch 14 - iter 324/1620 - loss 0.18222262
2019-08-27 23:19:19,776 epoch 14 - iter 486/1620 - loss 0.16715234
2019-08-27 23:20:07,192 epoch 14 - iter 648/1620 - loss 0.16333012
2019-08-27 23:20:54,694 epoch 14 - iter 810/1620 - loss 0.16212905
2019-08-27 23:21:40,204 epoch 14 - iter 972/1620 - loss 0.16054904
2019-08-27 23:22:26,773 epoch 14 - iter 1134/1620 - loss 0.16812139
2019-08-27 23:23:14,930 epoch 14 - iter 1296/1620 - loss 0.16850220
2019-08-27 23:24:01,480 epoch 14 - iter 1458/1620 - loss 0.16960190
2019-08-27 23:24:47,740 ----------------------------------------------------------------------------------------------------
2019-08-27 23:24:47,740 EPOCH 14 done: loss 0.1689 - lr 0.1000 - bad epochs 0
2019-08-27 23:25:33,797 DEV : loss 0.18774177134037018 - score 0.9893
2019-08-27 23:26:24,119 TEST : loss 0.13346926867961884 - score 0.9905
2019-08-27 23:26:24,119 ----------------------------------------------------------------------------------------------------
2019-08-27 23:26:24,896 epoch 15 - iter 0/1620 - loss 0.01016521
2019-08-27 23:27:10,999 epoch 15 - iter 162/1620 - loss 0.17812098
2019-08-27 23:27:59,621 epoch 15 - iter 324/1620 - loss 0.16424812
2019-08-27 23:28:45,510 epoch 15 - iter 486/1620 - loss 0.17060245
2019-08-27 23:29:32,153 epoch 15 - iter 648/1620 - loss 0.16734552
2019-08-27 23:30:19,753 epoch 15 - iter 810/1620 - loss 0.17771032
2019-08-27 23:31:06,978 epoch 15 - iter 972/1620 - loss 0.17758280
2019-08-27 23:31:52,495 epoch 15 - iter 1134/1620 - loss 0.17623268
2019-08-27 23:32:39,142 epoch 15 - iter 1296/1620 - loss 0.18394657
2019-08-27 23:33:26,375 epoch 15 - iter 1458/1620 - loss 0.18009937
2019-08-27 23:34:12,731 ----------------------------------------------------------------------------------------------------
2019-08-27 23:34:12,731 EPOCH 15 done: loss 0.1824 - lr 0.1000 - bad epochs 1
2019-08-27 23:34:59,968 DEV : loss 0.18749482929706573 - score 0.9902
2019-08-27 23:35:51,334 TEST : loss 0.12450584024190903 - score 0.9912
2019-08-27 23:35:54,936 ----------------------------------------------------------------------------------------------------
2019-08-27 23:35:55,972 epoch 16 - iter 0/1620 - loss 0.01088905
2019-08-27 23:36:43,707 epoch 16 - iter 162/1620 - loss 0.21100694
2019-08-27 23:37:31,321 epoch 16 - iter 324/1620 - loss 0.18705000
2019-08-27 23:38:18,662 epoch 16 - iter 486/1620 - loss 0.17335805
2019-08-27 23:39:04,994 epoch 16 - iter 648/1620 - loss 0.16494335
2019-08-27 23:39:53,133 epoch 16 - iter 810/1620 - loss 0.17767419
2019-08-27 23:40:38,625 epoch 16 - iter 972/1620 - loss 0.17648344
2019-08-27 23:41:25,366 epoch 16 - iter 1134/1620 - loss 0.17895570
2019-08-27 23:42:13,584 epoch 16 - iter 1296/1620 - loss 0.17951035
2019-08-27 23:43:00,513 epoch 16 - iter 1458/1620 - loss 0.17589244
2019-08-27 23:43:46,222 ----------------------------------------------------------------------------------------------------
2019-08-27 23:43:46,223 EPOCH 16 done: loss 0.1764 - lr 0.1000 - bad epochs 0
2019-08-27 23:44:31,737 DEV : loss 0.18674397468566895 - score 0.9898
2019-08-27 23:45:21,421 TEST : loss 0.12004939466714859 - score 0.9913
2019-08-27 23:45:21,421 ----------------------------------------------------------------------------------------------------
2019-08-27 23:45:22,197 epoch 17 - iter 0/1620 - loss 0.28302479
2019-08-27 23:46:06,883 epoch 17 - iter 162/1620 - loss 0.17878732
2019-08-27 23:46:53,553 epoch 17 - iter 324/1620 - loss 0.15004821
2019-08-27 23:47:41,372 epoch 17 - iter 486/1620 - loss 0.15387776
2019-08-27 23:48:29,092 epoch 17 - iter 648/1620 - loss 0.15746925
2019-08-27 23:49:16,129 epoch 17 - iter 810/1620 - loss 0.16163406
2019-08-27 23:50:02,173 epoch 17 - iter 972/1620 - loss 0.16362902
2019-08-27 23:50:48,435 epoch 17 - iter 1134/1620 - loss 0.17009648
2019-08-27 23:51:35,445 epoch 17 - iter 1296/1620 - loss 0.17208834
2019-08-27 23:52:21,602 epoch 17 - iter 1458/1620 - loss 0.17192708
2019-08-27 23:53:06,414 ----------------------------------------------------------------------------------------------------
2019-08-27 23:53:06,414 EPOCH 17 done: loss 0.1733 - lr 0.1000 - bad epochs 1
2019-08-27 23:53:53,331 DEV : loss 0.18831820785999298 - score 0.9888
2019-08-27 23:54:45,043 TEST : loss 0.12985113263130188 - score 0.9904
2019-08-27 23:54:45,043 ----------------------------------------------------------------------------------------------------
2019-08-27 23:54:46,023 epoch 18 - iter 0/1620 - loss 0.01204109
2019-08-27 23:55:34,654 epoch 18 - iter 162/1620 - loss 0.15330095
2019-08-27 23:56:21,320 epoch 18 - iter 324/1620 - loss 0.15602234
2019-08-27 23:57:07,385 epoch 18 - iter 486/1620 - loss 0.15881609
2019-08-27 23:57:53,801 epoch 18 - iter 648/1620 - loss 0.15543095
2019-08-27 23:58:39,858 epoch 18 - iter 810/1620 - loss 0.15305497
2019-08-27 23:59:26,952 epoch 18 - iter 972/1620 - loss 0.15519078
2019-08-28 00:00:14,193 epoch 18 - iter 1134/1620 - loss 0.15593240
2019-08-28 00:01:00,116 epoch 18 - iter 1296/1620 - loss 0.15712688
2019-08-28 00:01:46,572 epoch 18 - iter 1458/1620 - loss 0.15730138
2019-08-28 00:02:33,438 ----------------------------------------------------------------------------------------------------
2019-08-28 00:02:33,438 EPOCH 18 done: loss 0.1574 - lr 0.1000 - bad epochs 2
2019-08-28 00:03:17,957 DEV : loss 0.18643489480018616 - score 0.9901
2019-08-28 00:04:09,387 TEST : loss 0.1374543309211731 - score 0.9911
2019-08-28 00:04:09,387 ----------------------------------------------------------------------------------------------------
2019-08-28 00:04:10,358 epoch 19 - iter 0/1620 - loss 0.00361538
2019-08-28 00:04:58,186 epoch 19 - iter 162/1620 - loss 0.16944967
2019-08-28 00:05:45,011 epoch 19 - iter 324/1620 - loss 0.17966890
2019-08-28 00:06:32,661 epoch 19 - iter 486/1620 - loss 0.17313497
2019-08-28 00:07:20,709 epoch 19 - iter 648/1620 - loss 0.17952314
2019-08-28 00:08:06,709 epoch 19 - iter 810/1620 - loss 0.17754096
2019-08-28 00:08:53,898 epoch 19 - iter 972/1620 - loss 0.17133590
2019-08-28 00:09:40,657 epoch 19 - iter 1134/1620 - loss 0.16721170
2019-08-28 00:10:27,353 epoch 19 - iter 1296/1620 - loss 0.17122115
2019-08-28 00:11:12,725 epoch 19 - iter 1458/1620 - loss 0.16825034
2019-08-28 00:11:59,589 ----------------------------------------------------------------------------------------------------
2019-08-28 00:11:59,589 EPOCH 19 done: loss 0.1667 - lr 0.1000 - bad epochs 3
2019-08-28 00:12:44,832 DEV : loss 0.20565512776374817 - score 0.9897
2019-08-28 00:13:35,013 TEST : loss 0.1395518034696579 - score 0.9902
2019-08-28 00:13:35,013 ----------------------------------------------------------------------------------------------------
2019-08-28 00:13:35,953 epoch 20 - iter 0/1620 - loss 0.02911186
2019-08-28 00:14:23,293 epoch 20 - iter 162/1620 - loss 0.17369063
2019-08-28 00:15:08,021 epoch 20 - iter 324/1620 - loss 0.15551792
2019-08-28 00:15:54,829 epoch 20 - iter 486/1620 - loss 0.14924009
2019-08-28 00:16:42,774 epoch 20 - iter 648/1620 - loss 0.15455380
2019-08-28 00:17:29,226 epoch 20 - iter 810/1620 - loss 0.15411274
2019-08-28 00:18:16,317 epoch 20 - iter 972/1620 - loss 0.15223703
2019-08-28 00:19:03,240 epoch 20 - iter 1134/1620 - loss 0.15074002
2019-08-28 00:19:50,009 epoch 20 - iter 1296/1620 - loss 0.15102327
2019-08-28 00:20:37,532 epoch 20 - iter 1458/1620 - loss 0.14690660
2019-08-28 00:21:23,387 ----------------------------------------------------------------------------------------------------
2019-08-28 00:21:23,388 EPOCH 20 done: loss 0.1455 - lr 0.0500 - bad epochs 0
2019-08-28 00:22:09,253 DEV : loss 0.19300495088100433 - score 0.9895
2019-08-28 00:23:00,621 TEST : loss 0.13141725957393646 - score 0.9905
2019-08-28 00:23:00,621 ----------------------------------------------------------------------------------------------------
2019-08-28 00:23:01,402 epoch 21 - iter 0/1620 - loss 0.04695892
2019-08-28 00:23:48,000 epoch 21 - iter 162/1620 - loss 0.12758198
2019-08-28 00:24:34,478 epoch 21 - iter 324/1620 - loss 0.12014553
2019-08-28 00:25:21,407 epoch 21 - iter 486/1620 - loss 0.11880092
2019-08-28 00:26:08,137 epoch 21 - iter 648/1620 - loss 0.12664629
2019-08-28 00:26:54,185 epoch 21 - iter 810/1620 - loss 0.12741103
2019-08-28 00:27:41,825 epoch 21 - iter 972/1620 - loss 0.13053646
2019-08-28 00:28:27,004 epoch 21 - iter 1134/1620 - loss 0.12934218
2019-08-28 00:29:15,970 epoch 21 - iter 1296/1620 - loss 0.12730779
2019-08-28 00:30:00,562 epoch 21 - iter 1458/1620 - loss 0.12632232
2019-08-28 00:30:46,725 ----------------------------------------------------------------------------------------------------
2019-08-28 00:30:46,726 EPOCH 21 done: loss 0.1295 - lr 0.0500 - bad epochs 1
2019-08-28 00:31:34,161 DEV : loss 0.20345139503479004 - score 0.99
2019-08-28 00:32:24,213 TEST : loss 0.13373295962810516 - score 0.9923
2019-08-28 00:32:24,213 ----------------------------------------------------------------------------------------------------
2019-08-28 00:32:25,085 epoch 22 - iter 0/1620 - loss 0.03058434
2019-08-28 00:33:13,394 epoch 22 - iter 162/1620 - loss 0.15336527
2019-08-28 00:33:59,976 epoch 22 - iter 324/1620 - loss 0.13563621
2019-08-28 00:34:47,020 epoch 22 - iter 486/1620 - loss 0.13187721
2019-08-28 00:35:33,380 epoch 22 - iter 648/1620 - loss 0.12657013
2019-08-28 00:36:20,336 epoch 22 - iter 810/1620 - loss 0.12764424
2019-08-28 00:37:04,803 epoch 22 - iter 972/1620 - loss 0.12971317
2019-08-28 00:37:51,528 epoch 22 - iter 1134/1620 - loss 0.12888473
2019-08-28 00:38:38,975 epoch 22 - iter 1296/1620 - loss 0.12936363
2019-08-28 00:39:25,834 epoch 22 - iter 1458/1620 - loss 0.12703341
2019-08-28 00:40:13,055 ----------------------------------------------------------------------------------------------------
2019-08-28 00:40:13,055 EPOCH 22 done: loss 0.1307 - lr 0.0500 - bad epochs 2
2019-08-28 00:41:00,202 DEV : loss 0.1879817098379135 - score 0.9895
2019-08-28 00:41:51,515 TEST : loss 0.1238945946097374 - score 0.9916
2019-08-28 00:41:51,515 ----------------------------------------------------------------------------------------------------
2019-08-28 00:41:52,436 epoch 23 - iter 0/1620 - loss 0.01046276
2019-08-28 00:42:38,170 epoch 23 - iter 162/1620 - loss 0.12034289
2019-08-28 00:43:25,218 epoch 23 - iter 324/1620 - loss 0.12436222
2019-08-28 00:44:12,620 epoch 23 - iter 486/1620 - loss 0.11368987
2019-08-28 00:45:01,720 epoch 23 - iter 648/1620 - loss 0.11967486
2019-08-28 00:45:48,505 epoch 23 - iter 810/1620 - loss 0.12552108
2019-08-28 00:46:34,295 epoch 23 - iter 972/1620 - loss 0.12305350
2019-08-28 00:47:21,935 epoch 23 - iter 1134/1620 - loss 0.12314765
2019-08-28 00:48:09,327 epoch 23 - iter 1296/1620 - loss 0.12448767
2019-08-28 00:48:54,850 epoch 23 - iter 1458/1620 - loss 0.12431385
2019-08-28 00:49:42,841 ----------------------------------------------------------------------------------------------------
2019-08-28 00:49:42,841 EPOCH 23 done: loss 0.1255 - lr 0.0500 - bad epochs 3
2019-08-28 00:50:29,442 DEV : loss 0.18538214266300201 - score 0.9904
2019-08-28 00:51:21,474 TEST : loss 0.12946084141731262 - score 0.9919
2019-08-28 00:51:24,849 ----------------------------------------------------------------------------------------------------
2019-08-28 00:51:25,862 epoch 24 - iter 0/1620 - loss 0.00529861
2019-08-28 00:52:11,304 epoch 24 - iter 162/1620 - loss 0.12951601
2019-08-28 00:52:59,324 epoch 24 - iter 324/1620 - loss 0.11887136
2019-08-28 00:53:45,134 epoch 24 - iter 486/1620 - loss 0.12337916
2019-08-28 00:54:32,036 epoch 24 - iter 648/1620 - loss 0.11757800
2019-08-28 00:55:18,913 epoch 24 - iter 810/1620 - loss 0.11916530
2019-08-28 00:56:05,181 epoch 24 - iter 972/1620 - loss 0.11835774
2019-08-28 00:56:52,847 epoch 24 - iter 1134/1620 - loss 0.11853916
2019-08-28 00:57:39,606 epoch 24 - iter 1296/1620 - loss 0.11977309
2019-08-28 00:58:26,240 epoch 24 - iter 1458/1620 - loss 0.12232103
2019-08-28 00:59:12,359 ----------------------------------------------------------------------------------------------------
2019-08-28 00:59:12,359 EPOCH 24 done: loss 0.1238 - lr 0.0500 - bad epochs 0
2019-08-28 00:59:57,457 DEV : loss 0.18883833289146423 - score 0.989
2019-08-28 01:00:48,609 TEST : loss 0.12719647586345673 - score 0.9911
2019-08-28 01:00:48,609 ----------------------------------------------------------------------------------------------------
2019-08-28 01:00:49,645 epoch 25 - iter 0/1620 - loss 0.05557251
2019-08-28 01:01:37,626 epoch 25 - iter 162/1620 - loss 0.14407585
2019-08-28 01:02:23,260 epoch 25 - iter 324/1620 - loss 0.12699126
2019-08-28 01:03:10,225 epoch 25 - iter 486/1620 - loss 0.12201647
2019-08-28 01:03:58,074 epoch 25 - iter 648/1620 - loss 0.12161093
2019-08-28 01:04:46,401 epoch 25 - iter 810/1620 - loss 0.12451749
2019-08-28 01:05:33,299 epoch 25 - iter 972/1620 - loss 0.12557744
2019-08-28 01:06:17,910 epoch 25 - iter 1134/1620 - loss 0.12561618
2019-08-28 01:07:03,793 epoch 25 - iter 1296/1620 - loss 0.12366635
2019-08-28 01:07:52,578 epoch 25 - iter 1458/1620 - loss 0.12191706
2019-08-28 01:08:39,240 ----------------------------------------------------------------------------------------------------
2019-08-28 01:08:39,240 EPOCH 25 done: loss 0.1216 - lr 0.0500 - bad epochs 1
2019-08-28 01:09:24,822 DEV : loss 0.20384246110916138 - score 0.9899
2019-08-28 01:10:17,956 TEST : loss 0.1200006902217865 - score 0.9922
2019-08-28 01:10:17,956 ----------------------------------------------------------------------------------------------------
2019-08-28 01:10:18,958 epoch 26 - iter 0/1620 - loss 0.01216888
2019-08-28 01:11:05,870 epoch 26 - iter 162/1620 - loss 0.10905096
2019-08-28 01:11:53,668 epoch 26 - iter 324/1620 - loss 0.10561468
2019-08-28 01:12:41,787 epoch 26 - iter 486/1620 - loss 0.10453133
2019-08-28 01:13:28,031 epoch 26 - iter 648/1620 - loss 0.10207474
2019-08-28 01:14:13,652 epoch 26 - iter 810/1620 - loss 0.10189608
2019-08-28 01:15:01,402 epoch 26 - iter 972/1620 - loss 0.09864488
2019-08-28 01:15:46,769 epoch 26 - iter 1134/1620 - loss 0.10006054
2019-08-28 01:16:35,122 epoch 26 - iter 1296/1620 - loss 0.10388303
2019-08-28 01:17:21,188 epoch 26 - iter 1458/1620 - loss 0.10449411
2019-08-28 01:18:07,572 ----------------------------------------------------------------------------------------------------
2019-08-28 01:18:07,573 EPOCH 26 done: loss 0.1067 - lr 0.0500 - bad epochs 2
2019-08-28 01:18:55,511 DEV : loss 0.20359960198402405 - score 0.9906
2019-08-28 01:19:45,736 TEST : loss 0.13416288793087006 - score 0.991
2019-08-28 01:19:48,793 ----------------------------------------------------------------------------------------------------
2019-08-28 01:19:49,834 epoch 27 - iter 0/1620 - loss 0.00841522
2019-08-28 01:20:35,960 epoch 27 - iter 162/1620 - loss 0.13806336
2019-08-28 01:21:23,319 epoch 27 - iter 324/1620 - loss 0.11112738
2019-08-28 01:22:09,076 epoch 27 - iter 486/1620 - loss 0.10973073
2019-08-28 01:22:56,511 epoch 27 - iter 648/1620 - loss 0.10960678
2019-08-28 01:23:44,204 epoch 27 - iter 810/1620 - loss 0.11365749
2019-08-28 01:24:29,817 epoch 27 - iter 972/1620 - loss 0.11496370
2019-08-28 01:25:17,159 epoch 27 - iter 1134/1620 - loss 0.11881988
2019-08-28 01:26:04,528 epoch 27 - iter 1296/1620 - loss 0.11666082
2019-08-28 01:26:52,176 epoch 27 - iter 1458/1620 - loss 0.11551039
2019-08-28 01:27:40,353 ----------------------------------------------------------------------------------------------------
2019-08-28 01:27:40,353 EPOCH 27 done: loss 0.1163 - lr 0.0500 - bad epochs 0
2019-08-28 01:28:28,099 DEV : loss 0.20643620193004608 - score 0.9901
2019-08-28 01:29:18,319 TEST : loss 0.1296236366033554 - score 0.992
2019-08-28 01:29:18,319 ----------------------------------------------------------------------------------------------------
2019-08-28 01:29:19,187 epoch 28 - iter 0/1620 - loss 0.08708763
2019-08-28 01:30:05,244 epoch 28 - iter 162/1620 - loss 0.10733690
2019-08-28 01:30:52,765 epoch 28 - iter 324/1620 - loss 0.09994354
2019-08-28 01:31:39,880 epoch 28 - iter 486/1620 - loss 0.10341631
2019-08-28 01:32:27,329 epoch 28 - iter 648/1620 - loss 0.10586975
2019-08-28 01:33:13,141 epoch 28 - iter 810/1620 - loss 0.10497282
2019-08-28 01:33:59,239 epoch 28 - iter 972/1620 - loss 0.10503850
2019-08-28 01:34:47,056 epoch 28 - iter 1134/1620 - loss 0.10518742
2019-08-28 01:35:32,383 epoch 28 - iter 1296/1620 - loss 0.10211992
2019-08-28 01:36:22,026 epoch 28 - iter 1458/1620 - loss 0.10672215
2019-08-28 01:37:08,818 ----------------------------------------------------------------------------------------------------
2019-08-28 01:37:08,818 EPOCH 28 done: loss 0.1055 - lr 0.0500 - bad epochs 1
2019-08-28 01:37:53,500 DEV : loss 0.2083541303873062 - score 0.9896
2019-08-28 01:38:44,720 TEST : loss 0.1298370510339737 - score 0.9918
2019-08-28 01:38:44,720 ----------------------------------------------------------------------------------------------------
2019-08-28 01:38:45,634 epoch 29 - iter 0/1620 - loss 0.01614189
2019-08-28 01:39:30,867 epoch 29 - iter 162/1620 - loss 0.10242928
2019-08-28 01:40:19,203 epoch 29 - iter 324/1620 - loss 0.10040549
2019-08-28 01:41:07,349 epoch 29 - iter 486/1620 - loss 0.11420097
2019-08-28 01:41:53,308 epoch 29 - iter 648/1620 - loss 0.11168402
2019-08-28 01:42:40,288 epoch 29 - iter 810/1620 - loss 0.10956142
2019-08-28 01:43:26,777 epoch 29 - iter 972/1620 - loss 0.11132910
2019-08-28 01:44:12,248 epoch 29 - iter 1134/1620 - loss 0.11203208
2019-08-28 01:44:58,950 epoch 29 - iter 1296/1620 - loss 0.11533148
2019-08-28 01:45:45,496 epoch 29 - iter 1458/1620 - loss 0.11280685
2019-08-28 01:46:31,120 ----------------------------------------------------------------------------------------------------
2019-08-28 01:46:31,120 EPOCH 29 done: loss 0.1101 - lr 0.0500 - bad epochs 2
2019-08-28 01:47:17,064 DEV : loss 0.21228016912937164 - score 0.9901
2019-08-28 01:48:07,970 TEST : loss 0.1368795484304428 - score 0.9921
2019-08-28 01:48:07,971 ----------------------------------------------------------------------------------------------------
2019-08-28 01:48:08,704 epoch 30 - iter 0/1620 - loss 0.00127983
2019-08-28 01:48:56,018 epoch 30 - iter 162/1620 - loss 0.10874143
2019-08-28 01:49:43,728 epoch 30 - iter 324/1620 - loss 0.10214283
2019-08-28 01:50:29,718 epoch 30 - iter 486/1620 - loss 0.10027236
2019-08-28 01:51:16,512 epoch 30 - iter 648/1620 - loss 0.09717843
2019-08-28 01:52:04,779 epoch 30 - iter 810/1620 - loss 0.09517463
2019-08-28 01:52:51,984 epoch 30 - iter 972/1620 - loss 0.09529466
2019-08-28 01:53:38,362 epoch 30 - iter 1134/1620 - loss 0.09711379
2019-08-28 01:54:24,696 epoch 30 - iter 1296/1620 - loss 0.09962405
2019-08-28 01:55:10,971 epoch 30 - iter 1458/1620 - loss 0.09795216
2019-08-28 01:55:56,843 ----------------------------------------------------------------------------------------------------
2019-08-28 01:55:56,843 EPOCH 30 done: loss 0.0974 - lr 0.0500 - bad epochs 3
2019-08-28 01:56:42,651 DEV : loss 0.22732718288898468 - score 0.9894
2019-08-28 01:57:33,264 TEST : loss 0.1376296430826187 - score 0.9918
2019-08-28 01:57:35,337 ----------------------------------------------------------------------------------------------------
2019-08-28 01:57:35,337 Testing using best model ...
2019-08-28 01:57:35,338 loading file iter9_trained/best-model.pt
2019-08-28 01:58:29,029 0.9914	0.9907	0.991
2019-08-28 01:58:29,030 
MICRO_AVG: acc 0.9823 - f1-score 0.991
MACRO_AVG: acc 0.9824 - f1-score 0.9911000000000001
aux        tp: 2463 - fp: 26 - fn: 16 - tn: 2463 - precision: 0.9896 - recall: 0.9935 - accuracy: 0.9832 - f1-score: 0.9915
verb       tp: 3203 - fp: 23 - fn: 37 - tn: 3203 - precision: 0.9929 - recall: 0.9886 - accuracy: 0.9816 - f1-score: 0.9907
2019-08-28 01:58:29,030 ----------------------------------------------------------------------------------------------------
