2019-08-27 21:15:15,671 ----------------------------------------------------------------------------------------------------
2019-08-27 21:15:15,671 Evaluation method: MICRO_F1_SCORE
2019-08-27 21:15:16,315 ----------------------------------------------------------------------------------------------------
2019-08-27 21:15:17,187 epoch 1 - iter 0/1620 - loss 39.90324402
2019-08-27 21:16:01,273 epoch 1 - iter 162/1620 - loss 3.41963932
2019-08-27 21:16:44,606 epoch 1 - iter 324/1620 - loss 2.22163679
2019-08-27 21:17:30,935 epoch 1 - iter 486/1620 - loss 1.73129602
2019-08-27 21:18:15,248 epoch 1 - iter 648/1620 - loss 1.49579557
2019-08-27 21:19:00,106 epoch 1 - iter 810/1620 - loss 1.32885998
2019-08-27 21:19:42,240 epoch 1 - iter 972/1620 - loss 1.21105813
2019-08-27 21:20:26,454 epoch 1 - iter 1134/1620 - loss 1.12249540
2019-08-27 21:21:11,132 epoch 1 - iter 1296/1620 - loss 1.04962529
2019-08-27 21:21:54,488 epoch 1 - iter 1458/1620 - loss 0.98399680
2019-08-27 21:22:41,179 ----------------------------------------------------------------------------------------------------
2019-08-27 21:22:41,179 EPOCH 1 done: loss 0.9318 - lr 0.1000 - bad epochs 0
2019-08-27 21:23:29,405 DEV : loss 0.2326657474040985 - score 0.9836
2019-08-27 21:24:22,315 TEST : loss 0.24653996527194977 - score 0.983
2019-08-27 21:24:24,321 ----------------------------------------------------------------------------------------------------
2019-08-27 21:24:25,113 epoch 2 - iter 0/1620 - loss 0.10519981
2019-08-27 21:25:11,611 epoch 2 - iter 162/1620 - loss 0.41383302
2019-08-27 21:25:55,759 epoch 2 - iter 324/1620 - loss 0.39360682
2019-08-27 21:26:40,763 epoch 2 - iter 486/1620 - loss 0.41460363
2019-08-27 21:27:24,014 epoch 2 - iter 648/1620 - loss 0.43311222
2019-08-27 21:28:07,591 epoch 2 - iter 810/1620 - loss 0.42984698
2019-08-27 21:28:51,924 epoch 2 - iter 972/1620 - loss 0.42718440
2019-08-27 21:29:36,433 epoch 2 - iter 1134/1620 - loss 0.42560429
2019-08-27 21:30:21,542 epoch 2 - iter 1296/1620 - loss 0.42478064
2019-08-27 21:31:05,853 epoch 2 - iter 1458/1620 - loss 0.42447657
2019-08-27 21:31:49,249 ----------------------------------------------------------------------------------------------------
2019-08-27 21:31:49,249 EPOCH 2 done: loss 0.4220 - lr 0.1000 - bad epochs 0
2019-08-27 21:32:38,868 DEV : loss 0.2176916003227234 - score 0.9795
2019-08-27 21:33:32,278 TEST : loss 0.21901561319828033 - score 0.9807
2019-08-27 21:33:32,279 ----------------------------------------------------------------------------------------------------
2019-08-27 21:33:33,067 epoch 3 - iter 0/1620 - loss 1.16463661
2019-08-27 21:34:18,737 epoch 3 - iter 162/1620 - loss 0.32728482
2019-08-27 21:35:02,889 epoch 3 - iter 324/1620 - loss 0.35100956
2019-08-27 21:35:45,888 epoch 3 - iter 486/1620 - loss 0.35999402
2019-08-27 21:36:30,663 epoch 3 - iter 648/1620 - loss 0.35851295
2019-08-27 21:37:15,006 epoch 3 - iter 810/1620 - loss 0.35915932
2019-08-27 21:38:00,116 epoch 3 - iter 972/1620 - loss 0.34859924
2019-08-27 21:38:43,384 epoch 3 - iter 1134/1620 - loss 0.35488684
2019-08-27 21:39:27,394 epoch 3 - iter 1296/1620 - loss 0.35804170
2019-08-27 21:40:12,405 epoch 3 - iter 1458/1620 - loss 0.35305920
2019-08-27 21:40:56,777 ----------------------------------------------------------------------------------------------------
2019-08-27 21:40:56,777 EPOCH 3 done: loss 0.3479 - lr 0.1000 - bad epochs 1
2019-08-27 21:41:46,445 DEV : loss 0.15868039429187775 - score 0.9876
2019-08-27 21:42:39,816 TEST : loss 0.1679592877626419 - score 0.9874
2019-08-27 21:42:42,031 ----------------------------------------------------------------------------------------------------
2019-08-27 21:42:42,802 epoch 4 - iter 0/1620 - loss 0.42787457
2019-08-27 21:43:27,093 epoch 4 - iter 162/1620 - loss 0.33030604
2019-08-27 21:44:14,395 epoch 4 - iter 324/1620 - loss 0.33312530
2019-08-27 21:44:58,031 epoch 4 - iter 486/1620 - loss 0.32409196
2019-08-27 21:45:42,400 epoch 4 - iter 648/1620 - loss 0.31297486
2019-08-27 21:46:25,447 epoch 4 - iter 810/1620 - loss 0.31289164
2019-08-27 21:47:09,800 epoch 4 - iter 972/1620 - loss 0.30924594
2019-08-27 21:47:54,293 epoch 4 - iter 1134/1620 - loss 0.30585232
2019-08-27 21:48:39,398 epoch 4 - iter 1296/1620 - loss 0.30631294
2019-08-27 21:49:24,483 epoch 4 - iter 1458/1620 - loss 0.30857243
2019-08-27 21:50:07,620 ----------------------------------------------------------------------------------------------------
2019-08-27 21:50:07,620 EPOCH 4 done: loss 0.3054 - lr 0.1000 - bad epochs 0
2019-08-27 21:50:55,881 DEV : loss 0.13841591775417328 - score 0.9888
2019-08-27 21:51:50,466 TEST : loss 0.14585980772972107 - score 0.9882
2019-08-27 21:51:52,604 ----------------------------------------------------------------------------------------------------
2019-08-27 21:51:53,428 epoch 5 - iter 0/1620 - loss 0.17179108
2019-08-27 21:52:38,078 epoch 5 - iter 162/1620 - loss 0.28499882
2019-08-27 21:53:24,190 epoch 5 - iter 324/1620 - loss 0.29242011
2019-08-27 21:54:07,715 epoch 5 - iter 486/1620 - loss 0.28323448
2019-08-27 21:54:51,446 epoch 5 - iter 648/1620 - loss 0.28218592
2019-08-27 21:55:37,291 epoch 5 - iter 810/1620 - loss 0.28189646
2019-08-27 21:56:19,692 epoch 5 - iter 972/1620 - loss 0.29118620
2019-08-27 21:57:05,015 epoch 5 - iter 1134/1620 - loss 0.29265911
2019-08-27 21:57:50,509 epoch 5 - iter 1296/1620 - loss 0.29297095
2019-08-27 21:58:33,961 epoch 5 - iter 1458/1620 - loss 0.28583371
2019-08-27 21:59:19,525 ----------------------------------------------------------------------------------------------------
2019-08-27 21:59:19,526 EPOCH 5 done: loss 0.2828 - lr 0.1000 - bad epochs 0
2019-08-27 22:00:07,921 DEV : loss 0.1352258324623108 - score 0.9899
2019-08-27 22:01:02,402 TEST : loss 0.1501201093196869 - score 0.9884
2019-08-27 22:01:04,627 ----------------------------------------------------------------------------------------------------
2019-08-27 22:01:05,477 epoch 6 - iter 0/1620 - loss 0.43131828
2019-08-27 22:01:48,277 epoch 6 - iter 162/1620 - loss 0.24847550
2019-08-27 22:02:31,927 epoch 6 - iter 324/1620 - loss 0.26592643
2019-08-27 22:03:16,373 epoch 6 - iter 486/1620 - loss 0.27228652
2019-08-27 22:03:59,198 epoch 6 - iter 648/1620 - loss 0.26309046
2019-08-27 22:04:44,320 epoch 6 - iter 810/1620 - loss 0.26481844
2019-08-27 22:05:27,166 epoch 6 - iter 972/1620 - loss 0.26332474
2019-08-27 22:06:10,454 epoch 6 - iter 1134/1620 - loss 0.26047695
2019-08-27 22:06:56,638 epoch 6 - iter 1296/1620 - loss 0.26180626
2019-08-27 22:07:40,124 epoch 6 - iter 1458/1620 - loss 0.25826140
2019-08-27 22:08:25,237 ----------------------------------------------------------------------------------------------------
2019-08-27 22:08:25,238 EPOCH 6 done: loss 0.2561 - lr 0.1000 - bad epochs 0
2019-08-27 22:09:12,993 DEV : loss 0.13490712642669678 - score 0.9906
2019-08-27 22:10:06,701 TEST : loss 0.14616842567920685 - score 0.9889
2019-08-27 22:10:08,990 ----------------------------------------------------------------------------------------------------
2019-08-27 22:10:09,768 epoch 7 - iter 0/1620 - loss 0.04422665
2019-08-27 22:10:55,348 epoch 7 - iter 162/1620 - loss 0.21520266
2019-08-27 22:11:39,306 epoch 7 - iter 324/1620 - loss 0.22492911
2019-08-27 22:12:24,357 epoch 7 - iter 486/1620 - loss 0.23547731
2019-08-27 22:13:06,940 epoch 7 - iter 648/1620 - loss 0.23924281
2019-08-27 22:13:49,573 epoch 7 - iter 810/1620 - loss 0.23539070
2019-08-27 22:14:34,439 epoch 7 - iter 972/1620 - loss 0.24285790
2019-08-27 22:15:17,661 epoch 7 - iter 1134/1620 - loss 0.24294361
2019-08-27 22:16:00,614 epoch 7 - iter 1296/1620 - loss 0.23594790
2019-08-27 22:16:45,663 epoch 7 - iter 1458/1620 - loss 0.23870860
2019-08-27 22:17:29,397 ----------------------------------------------------------------------------------------------------
2019-08-27 22:17:29,397 EPOCH 7 done: loss 0.2416 - lr 0.1000 - bad epochs 0
2019-08-27 22:18:18,276 DEV : loss 0.15506117045879364 - score 0.9893
2019-08-27 22:19:11,661 TEST : loss 0.1755705624818802 - score 0.9892
2019-08-27 22:19:11,661 ----------------------------------------------------------------------------------------------------
2019-08-27 22:19:12,586 epoch 8 - iter 0/1620 - loss 0.17323828
2019-08-27 22:19:59,080 epoch 8 - iter 162/1620 - loss 0.28943668
2019-08-27 22:20:42,550 epoch 8 - iter 324/1620 - loss 0.25525279
2019-08-27 22:21:25,657 epoch 8 - iter 486/1620 - loss 0.23077044
2019-08-27 22:22:10,651 epoch 8 - iter 648/1620 - loss 0.22231084
2019-08-27 22:22:52,428 epoch 8 - iter 810/1620 - loss 0.21509657
2019-08-27 22:23:37,113 epoch 8 - iter 972/1620 - loss 0.21738255
2019-08-27 22:24:20,934 epoch 8 - iter 1134/1620 - loss 0.22165892
2019-08-27 22:25:02,225 epoch 8 - iter 1296/1620 - loss 0.22149333
2019-08-27 22:25:41,027 epoch 8 - iter 1458/1620 - loss 0.22216215
2019-08-27 22:26:19,588 ----------------------------------------------------------------------------------------------------
2019-08-27 22:26:19,589 EPOCH 8 done: loss 0.2232 - lr 0.1000 - bad epochs 1
2019-08-27 22:27:01,840 DEV : loss 0.13506296277046204 - score 0.9901
2019-08-27 22:27:50,117 TEST : loss 0.15497899055480957 - score 0.9891
2019-08-27 22:27:50,118 ----------------------------------------------------------------------------------------------------
2019-08-27 22:27:50,780 epoch 9 - iter 0/1620 - loss 0.14792204
2019-08-27 22:28:30,257 epoch 9 - iter 162/1620 - loss 0.24596478
2019-08-27 22:29:09,570 epoch 9 - iter 324/1620 - loss 0.22575506
2019-08-27 22:29:49,716 epoch 9 - iter 486/1620 - loss 0.20391640
2019-08-27 22:30:28,878 epoch 9 - iter 648/1620 - loss 0.20571374
2019-08-27 22:31:07,410 epoch 9 - iter 810/1620 - loss 0.20652432
2019-08-27 22:31:45,141 epoch 9 - iter 972/1620 - loss 0.20876353
2019-08-27 22:32:23,790 epoch 9 - iter 1134/1620 - loss 0.21331290
2019-08-27 22:33:03,038 epoch 9 - iter 1296/1620 - loss 0.22045708
2019-08-27 22:33:42,801 epoch 9 - iter 1458/1620 - loss 0.22040646
2019-08-27 22:34:21,754 ----------------------------------------------------------------------------------------------------
2019-08-27 22:34:21,754 EPOCH 9 done: loss 0.2184 - lr 0.1000 - bad epochs 2
2019-08-27 22:35:04,037 DEV : loss 0.12634097039699554 - score 0.9905
2019-08-27 22:35:52,169 TEST : loss 0.16151073575019836 - score 0.9891
2019-08-27 22:35:52,170 ----------------------------------------------------------------------------------------------------
2019-08-27 22:35:52,874 epoch 10 - iter 0/1620 - loss 0.08365822
2019-08-27 22:36:32,126 epoch 10 - iter 162/1620 - loss 0.21483689
2019-08-27 22:37:11,764 epoch 10 - iter 324/1620 - loss 0.20539166
2019-08-27 22:37:53,959 epoch 10 - iter 486/1620 - loss 0.21402662
2019-08-27 22:38:33,006 epoch 10 - iter 648/1620 - loss 0.22369614
2019-08-27 22:39:11,454 epoch 10 - iter 810/1620 - loss 0.21974463
2019-08-27 22:39:50,430 epoch 10 - iter 972/1620 - loss 0.21640646
2019-08-27 22:40:28,678 epoch 10 - iter 1134/1620 - loss 0.21941058
2019-08-27 22:41:07,088 epoch 10 - iter 1296/1620 - loss 0.21765882
2019-08-27 22:41:47,070 epoch 10 - iter 1458/1620 - loss 0.21889721
2019-08-27 22:42:25,854 ----------------------------------------------------------------------------------------------------
2019-08-27 22:42:25,854 EPOCH 10 done: loss 0.2165 - lr 0.1000 - bad epochs 3
2019-08-27 22:43:08,135 DEV : loss 0.1370197981595993 - score 0.9897
2019-08-27 22:43:56,032 TEST : loss 0.14291217923164368 - score 0.9905
2019-08-27 22:43:56,033 ----------------------------------------------------------------------------------------------------
2019-08-27 22:43:56,852 epoch 11 - iter 0/1620 - loss 0.05423927
2019-08-27 22:44:36,610 epoch 11 - iter 162/1620 - loss 0.24701474
2019-08-27 22:45:16,691 epoch 11 - iter 324/1620 - loss 0.21432345
2019-08-27 22:45:54,527 epoch 11 - iter 486/1620 - loss 0.19329283
2019-08-27 22:46:33,788 epoch 11 - iter 648/1620 - loss 0.18728631
2019-08-27 22:47:11,211 epoch 11 - iter 810/1620 - loss 0.18612414
2019-08-27 22:47:51,922 epoch 11 - iter 972/1620 - loss 0.18817027
2019-08-27 22:48:35,480 epoch 11 - iter 1134/1620 - loss 0.18534916
2019-08-27 22:49:18,515 epoch 11 - iter 1296/1620 - loss 0.18396836
2019-08-27 22:50:01,952 epoch 11 - iter 1458/1620 - loss 0.18055925
2019-08-27 22:50:44,843 ----------------------------------------------------------------------------------------------------
2019-08-27 22:50:44,844 EPOCH 11 done: loss 0.1831 - lr 0.0500 - bad epochs 0
2019-08-27 22:51:31,864 DEV : loss 0.13647566735744476 - score 0.9906
2019-08-27 22:52:25,378 TEST : loss 0.14153671264648438 - score 0.9911
2019-08-27 22:52:27,695 ----------------------------------------------------------------------------------------------------
2019-08-27 22:52:28,585 epoch 12 - iter 0/1620 - loss 0.42723179
2019-08-27 22:53:12,772 epoch 12 - iter 162/1620 - loss 0.17297672
2019-08-27 22:53:57,336 epoch 12 - iter 324/1620 - loss 0.17415667
2019-08-27 22:54:42,081 epoch 12 - iter 486/1620 - loss 0.17477839
2019-08-27 22:55:23,508 epoch 12 - iter 648/1620 - loss 0.17108248
2019-08-27 22:56:07,359 epoch 12 - iter 810/1620 - loss 0.17395281
2019-08-27 22:56:50,329 epoch 12 - iter 972/1620 - loss 0.17681033
2019-08-27 22:57:34,193 epoch 12 - iter 1134/1620 - loss 0.17325200
2019-08-27 22:58:18,294 epoch 12 - iter 1296/1620 - loss 0.17432144
2019-08-27 22:59:01,846 epoch 12 - iter 1458/1620 - loss 0.17315631
2019-08-27 22:59:45,624 ----------------------------------------------------------------------------------------------------
2019-08-27 22:59:45,624 EPOCH 12 done: loss 0.1747 - lr 0.0500 - bad epochs 1
2019-08-27 23:00:33,091 DEV : loss 0.11919666081666946 - score 0.9911
2019-08-27 23:01:25,621 TEST : loss 0.14870889484882355 - score 0.9892
2019-08-27 23:01:27,893 ----------------------------------------------------------------------------------------------------
2019-08-27 23:01:28,674 epoch 13 - iter 0/1620 - loss 0.11035252
2019-08-27 23:02:13,972 epoch 13 - iter 162/1620 - loss 0.19593137
2019-08-27 23:02:57,538 epoch 13 - iter 324/1620 - loss 0.18863514
2019-08-27 23:03:42,115 epoch 13 - iter 486/1620 - loss 0.18658945
2019-08-27 23:04:25,537 epoch 13 - iter 648/1620 - loss 0.17870483
2019-08-27 23:05:08,277 epoch 13 - iter 810/1620 - loss 0.17198925
2019-08-27 23:05:52,773 epoch 13 - iter 972/1620 - loss 0.17299462
2019-08-27 23:06:36,040 epoch 13 - iter 1134/1620 - loss 0.17140257
2019-08-27 23:07:21,815 epoch 13 - iter 1296/1620 - loss 0.16978976
2019-08-27 23:08:04,451 epoch 13 - iter 1458/1620 - loss 0.16817335
2019-08-27 23:08:48,022 ----------------------------------------------------------------------------------------------------
2019-08-27 23:08:48,022 EPOCH 13 done: loss 0.1707 - lr 0.0500 - bad epochs 0
2019-08-27 23:09:37,301 DEV : loss 0.12430039048194885 - score 0.991
2019-08-27 23:10:29,420 TEST : loss 0.1347188949584961 - score 0.9912
2019-08-27 23:10:29,421 ----------------------------------------------------------------------------------------------------
2019-08-27 23:10:30,176 epoch 14 - iter 0/1620 - loss 0.40569115
2019-08-27 23:11:15,829 epoch 14 - iter 162/1620 - loss 0.19227631
2019-08-27 23:11:58,348 epoch 14 - iter 324/1620 - loss 0.17493875
2019-08-27 23:12:41,380 epoch 14 - iter 486/1620 - loss 0.16110105
2019-08-27 23:13:25,885 epoch 14 - iter 648/1620 - loss 0.15966962
2019-08-27 23:14:08,756 epoch 14 - iter 810/1620 - loss 0.16272649
2019-08-27 23:14:52,669 epoch 14 - iter 972/1620 - loss 0.16653122
2019-08-27 23:15:38,035 epoch 14 - iter 1134/1620 - loss 0.16474840
2019-08-27 23:16:20,156 epoch 14 - iter 1296/1620 - loss 0.16592667
2019-08-27 23:17:04,467 epoch 14 - iter 1458/1620 - loss 0.16058189
2019-08-27 23:17:46,971 ----------------------------------------------------------------------------------------------------
2019-08-27 23:17:46,971 EPOCH 14 done: loss 0.1608 - lr 0.0500 - bad epochs 1
2019-08-27 23:18:34,749 DEV : loss 0.13056883215904236 - score 0.991
2019-08-27 23:19:28,981 TEST : loss 0.14264769852161407 - score 0.9912
2019-08-27 23:19:28,982 ----------------------------------------------------------------------------------------------------
2019-08-27 23:19:30,018 epoch 15 - iter 0/1620 - loss 0.65358925
2019-08-27 23:20:13,389 epoch 15 - iter 162/1620 - loss 0.15099377
2019-08-27 23:20:58,580 epoch 15 - iter 324/1620 - loss 0.15081535
2019-08-27 23:21:42,370 epoch 15 - iter 486/1620 - loss 0.14629598
2019-08-27 23:22:24,845 epoch 15 - iter 648/1620 - loss 0.15244480
2019-08-27 23:23:09,798 epoch 15 - iter 810/1620 - loss 0.15285087
2019-08-27 23:23:53,428 epoch 15 - iter 972/1620 - loss 0.15591056
2019-08-27 23:24:37,302 epoch 15 - iter 1134/1620 - loss 0.15610847
2019-08-27 23:25:18,576 epoch 15 - iter 1296/1620 - loss 0.15638062
2019-08-27 23:26:02,460 epoch 15 - iter 1458/1620 - loss 0.15376497
2019-08-27 23:26:46,617 ----------------------------------------------------------------------------------------------------
2019-08-27 23:26:46,618 EPOCH 15 done: loss 0.1539 - lr 0.0500 - bad epochs 2
2019-08-27 23:27:34,168 DEV : loss 0.14486344158649445 - score 0.9906
2019-08-27 23:28:28,500 TEST : loss 0.1565260887145996 - score 0.9912
2019-08-27 23:28:28,501 ----------------------------------------------------------------------------------------------------
2019-08-27 23:28:29,349 epoch 16 - iter 0/1620 - loss 0.02446413
2019-08-27 23:29:12,133 epoch 16 - iter 162/1620 - loss 0.15533177
2019-08-27 23:29:56,519 epoch 16 - iter 324/1620 - loss 0.15806488
2019-08-27 23:30:41,290 epoch 16 - iter 486/1620 - loss 0.16198512
2019-08-27 23:31:23,837 epoch 16 - iter 648/1620 - loss 0.15869485
2019-08-27 23:32:06,085 epoch 16 - iter 810/1620 - loss 0.15914974
2019-08-27 23:32:50,646 epoch 16 - iter 972/1620 - loss 0.15593559
2019-08-27 23:33:34,550 epoch 16 - iter 1134/1620 - loss 0.15686052
2019-08-27 23:34:18,330 epoch 16 - iter 1296/1620 - loss 0.15911879
2019-08-27 23:35:01,405 epoch 16 - iter 1458/1620 - loss 0.15721965
2019-08-27 23:35:44,241 ----------------------------------------------------------------------------------------------------
2019-08-27 23:35:44,241 EPOCH 16 done: loss 0.1546 - lr 0.0500 - bad epochs 3
2019-08-27 23:36:33,057 DEV : loss 0.14432494342327118 - score 0.99
2019-08-27 23:37:26,113 TEST : loss 0.14427003264427185 - score 0.9919
2019-08-27 23:37:26,114 ----------------------------------------------------------------------------------------------------
2019-08-27 23:37:26,945 epoch 17 - iter 0/1620 - loss 0.43138027
2019-08-27 23:38:11,646 epoch 17 - iter 162/1620 - loss 0.12923676
2019-08-27 23:38:55,031 epoch 17 - iter 324/1620 - loss 0.13113022
2019-08-27 23:39:38,976 epoch 17 - iter 486/1620 - loss 0.13500490
2019-08-27 23:40:23,208 epoch 17 - iter 648/1620 - loss 0.13712285
2019-08-27 23:41:06,772 epoch 17 - iter 810/1620 - loss 0.14268382
2019-08-27 23:41:50,562 epoch 17 - iter 972/1620 - loss 0.14265055
2019-08-27 23:42:32,866 epoch 17 - iter 1134/1620 - loss 0.14400661
2019-08-27 23:43:14,969 epoch 17 - iter 1296/1620 - loss 0.14096769
2019-08-27 23:44:00,077 epoch 17 - iter 1458/1620 - loss 0.14321119
2019-08-27 23:44:43,029 ----------------------------------------------------------------------------------------------------
2019-08-27 23:44:43,029 EPOCH 17 done: loss 0.1419 - lr 0.0250 - bad epochs 0
2019-08-27 23:45:30,143 DEV : loss 0.12869413197040558 - score 0.9913
2019-08-27 23:46:23,898 TEST : loss 0.14191989600658417 - score 0.9909
2019-08-27 23:46:26,357 ----------------------------------------------------------------------------------------------------
2019-08-27 23:46:27,294 epoch 18 - iter 0/1620 - loss 0.17054176
2019-08-27 23:47:10,271 epoch 18 - iter 162/1620 - loss 0.14074851
2019-08-27 23:47:54,749 epoch 18 - iter 324/1620 - loss 0.14446667
2019-08-27 23:48:38,461 epoch 18 - iter 486/1620 - loss 0.14085421
2019-08-27 23:49:23,290 epoch 18 - iter 648/1620 - loss 0.14392671
2019-08-27 23:50:07,110 epoch 18 - iter 810/1620 - loss 0.14012924
2019-08-27 23:50:50,427 epoch 18 - iter 972/1620 - loss 0.13856073
2019-08-27 23:51:35,416 epoch 18 - iter 1134/1620 - loss 0.14262435
2019-08-27 23:52:18,785 epoch 18 - iter 1296/1620 - loss 0.13922447
2019-08-27 23:53:00,750 epoch 18 - iter 1458/1620 - loss 0.14048071
2019-08-27 23:53:45,481 ----------------------------------------------------------------------------------------------------
2019-08-27 23:53:45,481 EPOCH 18 done: loss 0.1406 - lr 0.0250 - bad epochs 0
2019-08-27 23:54:32,850 DEV : loss 0.1341748684644699 - score 0.9908
2019-08-27 23:55:26,739 TEST : loss 0.14725327491760254 - score 0.9914
2019-08-27 23:55:26,739 ----------------------------------------------------------------------------------------------------
2019-08-27 23:55:27,494 epoch 19 - iter 0/1620 - loss 0.14698982
2019-08-27 23:56:11,755 epoch 19 - iter 162/1620 - loss 0.13676182
2019-08-27 23:56:55,594 epoch 19 - iter 324/1620 - loss 0.13440044
2019-08-27 23:57:40,172 epoch 19 - iter 486/1620 - loss 0.13708892
2019-08-27 23:58:23,137 epoch 19 - iter 648/1620 - loss 0.13338772
2019-08-27 23:59:06,992 epoch 19 - iter 810/1620 - loss 0.13501450
2019-08-27 23:59:50,767 epoch 19 - iter 972/1620 - loss 0.12941209
2019-08-28 00:00:33,876 epoch 19 - iter 1134/1620 - loss 0.13181117
2019-08-28 00:01:18,803 epoch 19 - iter 1296/1620 - loss 0.12936669
2019-08-28 00:02:01,901 epoch 19 - iter 1458/1620 - loss 0.13050168
2019-08-28 00:02:45,337 ----------------------------------------------------------------------------------------------------
2019-08-28 00:02:45,338 EPOCH 19 done: loss 0.1290 - lr 0.0250 - bad epochs 1
2019-08-28 00:03:34,539 DEV : loss 0.12958469986915588 - score 0.9907
2019-08-28 00:04:26,527 TEST : loss 0.15244507789611816 - score 0.9913
2019-08-28 00:04:26,527 ----------------------------------------------------------------------------------------------------
2019-08-28 00:04:27,379 epoch 20 - iter 0/1620 - loss 0.27719498
2019-08-28 00:05:12,499 epoch 20 - iter 162/1620 - loss 0.14033114
2019-08-28 00:05:56,823 epoch 20 - iter 324/1620 - loss 0.13002202
2019-08-28 00:06:39,194 epoch 20 - iter 486/1620 - loss 0.11784590
2019-08-28 00:07:21,050 epoch 20 - iter 648/1620 - loss 0.12331749
2019-08-28 00:08:02,987 epoch 20 - iter 810/1620 - loss 0.12428216
2019-08-28 00:08:43,576 epoch 20 - iter 972/1620 - loss 0.12312446
2019-08-28 00:09:24,884 epoch 20 - iter 1134/1620 - loss 0.12440111
2019-08-28 00:10:04,521 epoch 20 - iter 1296/1620 - loss 0.12965342
2019-08-28 00:10:44,328 epoch 20 - iter 1458/1620 - loss 0.13175919
2019-08-28 00:11:26,784 ----------------------------------------------------------------------------------------------------
2019-08-28 00:11:26,784 EPOCH 20 done: loss 0.1302 - lr 0.0250 - bad epochs 2
2019-08-28 00:12:11,704 DEV : loss 0.13312098383903503 - score 0.9913
2019-08-28 00:13:02,144 TEST : loss 0.15398670732975006 - score 0.9918
2019-08-28 00:13:03,983 ----------------------------------------------------------------------------------------------------
2019-08-28 00:13:04,648 epoch 21 - iter 0/1620 - loss 1.09582424
2019-08-28 00:13:47,860 epoch 21 - iter 162/1620 - loss 0.13178992
2019-08-28 00:14:28,936 epoch 21 - iter 324/1620 - loss 0.14323563
2019-08-28 00:15:10,140 epoch 21 - iter 486/1620 - loss 0.13799496
2019-08-28 00:15:51,796 epoch 21 - iter 648/1620 - loss 0.12963570
2019-08-28 00:16:32,716 epoch 21 - iter 810/1620 - loss 0.12805325
2019-08-28 00:17:14,376 epoch 21 - iter 972/1620 - loss 0.12621609
2019-08-28 00:17:56,090 epoch 21 - iter 1134/1620 - loss 0.12486685
2019-08-28 00:18:36,465 epoch 21 - iter 1296/1620 - loss 0.12806982
2019-08-28 00:19:17,154 epoch 21 - iter 1458/1620 - loss 0.12498413
2019-08-28 00:19:59,386 ----------------------------------------------------------------------------------------------------
2019-08-28 00:19:59,386 EPOCH 21 done: loss 0.1255 - lr 0.0250 - bad epochs 3
2019-08-28 00:20:43,199 DEV : loss 0.1319640576839447 - score 0.99
2019-08-28 00:21:32,236 TEST : loss 0.15468750894069672 - score 0.9908
2019-08-28 00:21:32,237 ----------------------------------------------------------------------------------------------------
2019-08-28 00:21:33,032 epoch 22 - iter 0/1620 - loss 0.28927231
2019-08-28 00:22:15,492 epoch 22 - iter 162/1620 - loss 0.12593317
2019-08-28 00:22:55,516 epoch 22 - iter 324/1620 - loss 0.12340427
2019-08-28 00:23:35,393 epoch 22 - iter 486/1620 - loss 0.12560484
2019-08-28 00:24:18,598 epoch 22 - iter 648/1620 - loss 0.13702842
2019-08-28 00:25:00,158 epoch 22 - iter 810/1620 - loss 0.13302583
2019-08-28 00:25:41,322 epoch 22 - iter 972/1620 - loss 0.13129802
2019-08-28 00:26:22,679 epoch 22 - iter 1134/1620 - loss 0.12786265
2019-08-28 00:27:03,670 epoch 22 - iter 1296/1620 - loss 0.12914364
2019-08-28 00:27:45,090 epoch 22 - iter 1458/1620 - loss 0.13074140
2019-08-28 00:28:25,451 ----------------------------------------------------------------------------------------------------
2019-08-28 00:28:25,451 EPOCH 22 done: loss 0.1282 - lr 0.0125 - bad epochs 0
2019-08-28 00:29:10,159 DEV : loss 0.12803798913955688 - score 0.9904
2019-08-28 00:30:00,345 TEST : loss 0.1541525274515152 - score 0.9901
2019-08-28 00:30:00,346 ----------------------------------------------------------------------------------------------------
2019-08-28 00:30:01,168 epoch 23 - iter 0/1620 - loss 0.00069237
2019-08-28 00:30:43,247 epoch 23 - iter 162/1620 - loss 0.14837468
2019-08-28 00:31:25,622 epoch 23 - iter 324/1620 - loss 0.14605655
2019-08-28 00:32:08,390 epoch 23 - iter 486/1620 - loss 0.13381209
2019-08-28 00:32:49,114 epoch 23 - iter 648/1620 - loss 0.13683821
2019-08-28 00:33:29,195 epoch 23 - iter 810/1620 - loss 0.13138078
2019-08-28 00:34:12,440 epoch 23 - iter 972/1620 - loss 0.12926510
2019-08-28 00:34:54,164 epoch 23 - iter 1134/1620 - loss 0.12739168
2019-08-28 00:35:37,178 epoch 23 - iter 1296/1620 - loss 0.12309196
2019-08-28 00:36:22,022 epoch 23 - iter 1458/1620 - loss 0.12296020
2019-08-28 00:37:05,278 ----------------------------------------------------------------------------------------------------
2019-08-28 00:37:05,278 EPOCH 23 done: loss 0.1238 - lr 0.0125 - bad epochs 1
2019-08-28 00:37:54,553 DEV : loss 0.13112403452396393 - score 0.9904
2019-08-28 00:38:46,651 TEST : loss 0.15030130743980408 - score 0.9911
2019-08-28 00:38:46,651 ----------------------------------------------------------------------------------------------------
2019-08-28 00:38:47,439 epoch 24 - iter 0/1620 - loss 0.01540184
2019-08-28 00:39:30,883 epoch 24 - iter 162/1620 - loss 0.11750472
2019-08-28 00:40:14,732 epoch 24 - iter 324/1620 - loss 0.13478176
2019-08-28 00:40:57,464 epoch 24 - iter 486/1620 - loss 0.14098159
2019-08-28 00:41:42,796 epoch 24 - iter 648/1620 - loss 0.13469038
2019-08-28 00:42:25,018 epoch 24 - iter 810/1620 - loss 0.12944634
2019-08-28 00:43:07,974 epoch 24 - iter 972/1620 - loss 0.13106599
2019-08-28 00:43:53,493 epoch 24 - iter 1134/1620 - loss 0.13402060
2019-08-28 00:44:33,780 epoch 24 - iter 1296/1620 - loss 0.13460499
2019-08-28 00:45:19,786 epoch 24 - iter 1458/1620 - loss 0.13515180
2019-08-28 00:46:03,450 ----------------------------------------------------------------------------------------------------
2019-08-28 00:46:03,450 EPOCH 24 done: loss 0.1301 - lr 0.0125 - bad epochs 2
2019-08-28 00:46:49,888 DEV : loss 0.12715594470500946 - score 0.9901
2019-08-28 00:47:43,740 TEST : loss 0.15519630908966064 - score 0.9909
2019-08-28 00:47:43,740 ----------------------------------------------------------------------------------------------------
2019-08-28 00:47:44,618 epoch 25 - iter 0/1620 - loss 0.85325623
2019-08-28 00:48:30,040 epoch 25 - iter 162/1620 - loss 0.11339611
2019-08-28 00:49:15,309 epoch 25 - iter 324/1620 - loss 0.12018172
2019-08-28 00:50:00,374 epoch 25 - iter 486/1620 - loss 0.12275755
2019-08-28 00:50:42,595 epoch 25 - iter 648/1620 - loss 0.12103574
2019-08-28 00:51:26,536 epoch 25 - iter 810/1620 - loss 0.12055685
2019-08-28 00:52:08,126 epoch 25 - iter 972/1620 - loss 0.11974789
2019-08-28 00:52:52,501 epoch 25 - iter 1134/1620 - loss 0.12164139
2019-08-28 00:53:35,361 epoch 25 - iter 1296/1620 - loss 0.12154126
2019-08-28 00:54:17,090 epoch 25 - iter 1458/1620 - loss 0.11783413
2019-08-28 00:54:59,287 ----------------------------------------------------------------------------------------------------
2019-08-28 00:54:59,288 EPOCH 25 done: loss 0.1153 - lr 0.0125 - bad epochs 3
2019-08-28 00:55:46,377 DEV : loss 0.13465693593025208 - score 0.9905
2019-08-28 00:56:40,267 TEST : loss 0.15743587911128998 - score 0.9912
2019-08-28 00:56:40,268 ----------------------------------------------------------------------------------------------------
2019-08-28 00:56:41,080 epoch 26 - iter 0/1620 - loss 0.17081261
2019-08-28 00:57:25,160 epoch 26 - iter 162/1620 - loss 0.13582991
2019-08-28 00:58:08,595 epoch 26 - iter 324/1620 - loss 0.14198889
2019-08-28 00:58:53,205 epoch 26 - iter 486/1620 - loss 0.13559370
2019-08-28 00:59:36,926 epoch 26 - iter 648/1620 - loss 0.13725591
2019-08-28 01:00:20,049 epoch 26 - iter 810/1620 - loss 0.13250516
2019-08-28 01:01:04,927 epoch 26 - iter 972/1620 - loss 0.12861418
2019-08-28 01:01:49,144 epoch 26 - iter 1134/1620 - loss 0.12449664
2019-08-28 01:02:33,004 epoch 26 - iter 1296/1620 - loss 0.11872164
2019-08-28 01:03:16,255 epoch 26 - iter 1458/1620 - loss 0.11910964
2019-08-28 01:03:59,041 ----------------------------------------------------------------------------------------------------
2019-08-28 01:03:59,041 EPOCH 26 done: loss 0.1179 - lr 0.0063 - bad epochs 0
2019-08-28 01:04:47,932 DEV : loss 0.12919555604457855 - score 0.9899
2019-08-28 01:05:40,690 TEST : loss 0.15656177699565887 - score 0.9904
2019-08-28 01:05:40,690 ----------------------------------------------------------------------------------------------------
2019-08-28 01:05:41,554 epoch 27 - iter 0/1620 - loss 0.02378178
2019-08-28 01:06:26,015 epoch 27 - iter 162/1620 - loss 0.12648684
2019-08-28 01:07:09,278 epoch 27 - iter 324/1620 - loss 0.12887632
2019-08-28 01:07:51,801 epoch 27 - iter 486/1620 - loss 0.12218656
2019-08-28 01:08:36,697 epoch 27 - iter 648/1620 - loss 0.12103708
2019-08-28 01:09:19,486 epoch 27 - iter 810/1620 - loss 0.11768639
2019-08-28 01:10:03,138 epoch 27 - iter 972/1620 - loss 0.11845754
2019-08-28 01:10:46,002 epoch 27 - iter 1134/1620 - loss 0.12206233
2019-08-28 01:11:29,317 epoch 27 - iter 1296/1620 - loss 0.12413693
2019-08-28 01:12:14,705 epoch 27 - iter 1458/1620 - loss 0.12129071
2019-08-28 01:12:57,543 ----------------------------------------------------------------------------------------------------
2019-08-28 01:12:57,544 EPOCH 27 done: loss 0.1201 - lr 0.0063 - bad epochs 1
2019-08-28 01:13:46,741 DEV : loss 0.13065072894096375 - score 0.99
2019-08-28 01:14:39,220 TEST : loss 0.15462350845336914 - score 0.9904
2019-08-28 01:14:39,220 ----------------------------------------------------------------------------------------------------
2019-08-28 01:14:40,084 epoch 28 - iter 0/1620 - loss 0.25326729
2019-08-28 01:15:24,658 epoch 28 - iter 162/1620 - loss 0.13611563
2019-08-28 01:16:08,687 epoch 28 - iter 324/1620 - loss 0.11825639
2019-08-28 01:16:51,319 epoch 28 - iter 486/1620 - loss 0.11378401
2019-08-28 01:17:36,202 epoch 28 - iter 648/1620 - loss 0.11607216
2019-08-28 01:18:18,632 epoch 28 - iter 810/1620 - loss 0.11654311
2019-08-28 01:19:03,735 epoch 28 - iter 972/1620 - loss 0.11540548
2019-08-28 01:19:48,547 epoch 28 - iter 1134/1620 - loss 0.11417165
2019-08-28 01:20:31,063 epoch 28 - iter 1296/1620 - loss 0.11862011
2019-08-28 01:21:16,238 epoch 28 - iter 1458/1620 - loss 0.11700078
2019-08-28 01:21:59,421 ----------------------------------------------------------------------------------------------------
2019-08-28 01:21:59,421 EPOCH 28 done: loss 0.1154 - lr 0.0063 - bad epochs 2
2019-08-28 01:22:46,156 DEV : loss 0.13138437271118164 - score 0.9901
2019-08-28 01:23:40,189 TEST : loss 0.15436942875385284 - score 0.9908
2019-08-28 01:23:40,189 ----------------------------------------------------------------------------------------------------
2019-08-28 01:23:40,904 epoch 29 - iter 0/1620 - loss 0.05145931
2019-08-28 01:24:23,880 epoch 29 - iter 162/1620 - loss 0.12948093
2019-08-28 01:25:06,901 epoch 29 - iter 324/1620 - loss 0.12635292
2019-08-28 01:25:50,443 epoch 29 - iter 486/1620 - loss 0.12319163
2019-08-28 01:26:32,665 epoch 29 - iter 648/1620 - loss 0.11698573
2019-08-28 01:27:16,811 epoch 29 - iter 810/1620 - loss 0.11280800
2019-08-28 01:27:58,545 epoch 29 - iter 972/1620 - loss 0.10885225
2019-08-28 01:28:41,784 epoch 29 - iter 1134/1620 - loss 0.10678210
2019-08-28 01:29:25,536 epoch 29 - iter 1296/1620 - loss 0.11072796
2019-08-28 01:30:09,268 epoch 29 - iter 1458/1620 - loss 0.11170799
2019-08-28 01:30:52,481 ----------------------------------------------------------------------------------------------------
2019-08-28 01:30:52,482 EPOCH 29 done: loss 0.1121 - lr 0.0063 - bad epochs 3
2019-08-28 01:31:40,897 DEV : loss 0.13354575634002686 - score 0.99
2019-08-28 01:32:32,912 TEST : loss 0.15466180443763733 - score 0.991
2019-08-28 01:32:32,912 ----------------------------------------------------------------------------------------------------
2019-08-28 01:32:33,714 epoch 30 - iter 0/1620 - loss 0.00817299
2019-08-28 01:33:18,314 epoch 30 - iter 162/1620 - loss 0.12493862
2019-08-28 01:34:00,924 epoch 30 - iter 324/1620 - loss 0.12357687
2019-08-28 01:34:44,455 epoch 30 - iter 486/1620 - loss 0.12124278
2019-08-28 01:35:28,775 epoch 30 - iter 648/1620 - loss 0.12491839
2019-08-28 01:36:10,987 epoch 30 - iter 810/1620 - loss 0.11928517
2019-08-28 01:36:54,483 epoch 30 - iter 972/1620 - loss 0.11721534
2019-08-28 01:37:40,001 epoch 30 - iter 1134/1620 - loss 0.11729527
2019-08-28 01:38:22,878 epoch 30 - iter 1296/1620 - loss 0.11736696
2019-08-28 01:39:07,135 epoch 30 - iter 1458/1620 - loss 0.12018312
2019-08-28 01:39:50,312 ----------------------------------------------------------------------------------------------------
2019-08-28 01:39:50,313 EPOCH 30 done: loss 0.1197 - lr 0.0031 - bad epochs 0
2019-08-28 01:40:36,813 DEV : loss 0.13279719650745392 - score 0.9898
2019-08-28 01:41:30,644 TEST : loss 0.15620864927768707 - score 0.9913
2019-08-28 01:41:32,852 ----------------------------------------------------------------------------------------------------
2019-08-28 01:41:32,853 Testing using best model ...
2019-08-28 01:41:32,853 loading file iter10_trained/best-model.pt
2019-08-28 01:42:25,948 0.9924	0.9912	0.9918
2019-08-28 01:42:25,949 
MICRO_AVG: acc 0.9837 - f1-score 0.9918
MACRO_AVG: acc 0.9838 - f1-score 0.9918
aux        tp: 2523 - fp: 26 - fn: 14 - tn: 2523 - precision: 0.9898 - recall: 0.9945 - accuracy: 0.9844 - f1-score: 0.9921
verb       tp: 3219 - fp: 18 - fn: 37 - tn: 3219 - precision: 0.9944 - recall: 0.9886 - accuracy: 0.9832 - f1-score: 0.9915
2019-08-28 01:42:25,949 ----------------------------------------------------------------------------------------------------
