2019-08-28 01:46:37,507 ----------------------------------------------------------------------------------------------------
2019-08-28 01:46:37,507 Evaluation method: MICRO_F1_SCORE
2019-08-28 01:46:37,919 ----------------------------------------------------------------------------------------------------
2019-08-28 01:46:38,751 epoch 1 - iter 0/1620 - loss 62.12006378
2019-08-28 01:47:25,477 epoch 1 - iter 162/1620 - loss 3.55722801
2019-08-28 01:48:11,779 epoch 1 - iter 324/1620 - loss 2.25312175
2019-08-28 01:48:59,324 epoch 1 - iter 486/1620 - loss 1.76178419
2019-08-28 01:49:43,872 epoch 1 - iter 648/1620 - loss 1.49880835
2019-08-28 01:50:29,947 epoch 1 - iter 810/1620 - loss 1.32367407
2019-08-28 01:51:16,429 epoch 1 - iter 972/1620 - loss 1.21009751
2019-08-28 01:52:02,323 epoch 1 - iter 1134/1620 - loss 1.12478927
2019-08-28 01:52:49,410 epoch 1 - iter 1296/1620 - loss 1.06343837
2019-08-28 01:53:35,768 epoch 1 - iter 1458/1620 - loss 0.99954656
2019-08-28 01:54:20,091 ----------------------------------------------------------------------------------------------------
2019-08-28 01:54:20,092 EPOCH 1 done: loss 0.9535 - lr 0.1000 - bad epochs 0
2019-08-28 01:55:07,355 DEV : loss 0.2027875930070877 - score 0.985
2019-08-28 01:55:59,434 TEST : loss 0.23786307871341705 - score 0.9808
2019-08-28 01:56:01,205 ----------------------------------------------------------------------------------------------------
2019-08-28 01:56:02,077 epoch 2 - iter 0/1620 - loss 0.45867538
2019-08-28 01:56:48,289 epoch 2 - iter 162/1620 - loss 0.46665035
2019-08-28 01:57:35,681 epoch 2 - iter 324/1620 - loss 0.45433727
2019-08-28 01:58:21,463 epoch 2 - iter 486/1620 - loss 0.44770997
2019-08-28 01:59:08,144 epoch 2 - iter 648/1620 - loss 0.44184426
2019-08-28 01:59:55,239 epoch 2 - iter 810/1620 - loss 0.43538466
2019-08-28 02:00:40,599 epoch 2 - iter 972/1620 - loss 0.43385006
2019-08-28 02:01:26,952 epoch 2 - iter 1134/1620 - loss 0.43362032
2019-08-28 02:02:13,057 epoch 2 - iter 1296/1620 - loss 0.43319304
2019-08-28 02:02:57,535 epoch 2 - iter 1458/1620 - loss 0.43150028
2019-08-28 02:03:43,016 ----------------------------------------------------------------------------------------------------
2019-08-28 02:03:43,016 EPOCH 2 done: loss 0.4321 - lr 0.1000 - bad epochs 0
2019-08-28 02:04:31,187 DEV : loss 0.16223767399787903 - score 0.9895
2019-08-28 02:05:23,844 TEST : loss 0.20583979785442352 - score 0.9846
2019-08-28 02:05:26,632 ----------------------------------------------------------------------------------------------------
2019-08-28 02:05:27,646 epoch 3 - iter 0/1620 - loss 0.05518246
2019-08-28 02:06:15,423 epoch 3 - iter 162/1620 - loss 0.36669417
2019-08-28 02:07:01,837 epoch 3 - iter 324/1620 - loss 0.35110635
2019-08-28 02:07:48,496 epoch 3 - iter 486/1620 - loss 0.34758779
2019-08-28 02:08:35,777 epoch 3 - iter 648/1620 - loss 0.34658895
2019-08-28 02:09:23,473 epoch 3 - iter 810/1620 - loss 0.34684371
2019-08-28 02:10:10,632 epoch 3 - iter 972/1620 - loss 0.35064040
2019-08-28 02:10:56,686 epoch 3 - iter 1134/1620 - loss 0.34753106
2019-08-28 02:11:45,377 epoch 3 - iter 1296/1620 - loss 0.34598030
2019-08-28 02:12:32,772 epoch 3 - iter 1458/1620 - loss 0.34389967
2019-08-28 02:13:20,053 ----------------------------------------------------------------------------------------------------
2019-08-28 02:13:20,054 EPOCH 3 done: loss 0.3437 - lr 0.1000 - bad epochs 0
2019-08-28 02:14:05,953 DEV : loss 0.14685967564582825 - score 0.9893
2019-08-28 02:14:56,813 TEST : loss 0.15633761882781982 - score 0.9879
2019-08-28 02:14:56,814 ----------------------------------------------------------------------------------------------------
2019-08-28 02:14:57,683 epoch 4 - iter 0/1620 - loss 0.14359570
2019-08-28 02:15:45,150 epoch 4 - iter 162/1620 - loss 0.27505916
2019-08-28 02:16:33,427 epoch 4 - iter 324/1620 - loss 0.30710438
2019-08-28 02:17:21,672 epoch 4 - iter 486/1620 - loss 0.30290844
2019-08-28 02:18:07,179 epoch 4 - iter 648/1620 - loss 0.30119921
2019-08-28 02:18:53,508 epoch 4 - iter 810/1620 - loss 0.31159660
2019-08-28 02:19:40,863 epoch 4 - iter 972/1620 - loss 0.31001044
2019-08-28 02:20:26,438 epoch 4 - iter 1134/1620 - loss 0.30181478
2019-08-28 02:21:13,861 epoch 4 - iter 1296/1620 - loss 0.30583049
2019-08-28 02:22:01,654 epoch 4 - iter 1458/1620 - loss 0.31093555
2019-08-28 02:22:48,913 ----------------------------------------------------------------------------------------------------
2019-08-28 02:22:48,913 EPOCH 4 done: loss 0.3122 - lr 0.1000 - bad epochs 1
2019-08-28 02:23:34,528 DEV : loss 0.17228415608406067 - score 0.9894
2019-08-28 02:24:26,935 TEST : loss 0.20662124454975128 - score 0.9856
2019-08-28 02:24:26,936 ----------------------------------------------------------------------------------------------------
2019-08-28 02:24:27,933 epoch 5 - iter 0/1620 - loss 0.73294401
2019-08-28 02:25:14,422 epoch 5 - iter 162/1620 - loss 0.26646736
2019-08-28 02:26:01,144 epoch 5 - iter 324/1620 - loss 0.29358586
2019-08-28 02:26:48,638 epoch 5 - iter 486/1620 - loss 0.27689433
2019-08-28 02:27:35,884 epoch 5 - iter 648/1620 - loss 0.28697258
2019-08-28 02:28:22,929 epoch 5 - iter 810/1620 - loss 0.28201868
2019-08-28 02:29:11,057 epoch 5 - iter 972/1620 - loss 0.27426266
2019-08-28 02:29:58,174 epoch 5 - iter 1134/1620 - loss 0.27697588
2019-08-28 02:30:44,676 epoch 5 - iter 1296/1620 - loss 0.27347929
2019-08-28 02:31:31,768 epoch 5 - iter 1458/1620 - loss 0.27574419
2019-08-28 02:32:18,112 ----------------------------------------------------------------------------------------------------
2019-08-28 02:32:18,112 EPOCH 5 done: loss 0.2749 - lr 0.1000 - bad epochs 2
2019-08-28 02:33:05,883 DEV : loss 0.14706680178642273 - score 0.9907
2019-08-28 02:33:58,313 TEST : loss 0.19382654130458832 - score 0.9865
2019-08-28 02:34:01,070 ----------------------------------------------------------------------------------------------------
2019-08-28 02:34:02,090 epoch 6 - iter 0/1620 - loss 0.23091745
2019-08-28 02:34:47,608 epoch 6 - iter 162/1620 - loss 0.30095307
2019-08-28 02:35:34,959 epoch 6 - iter 324/1620 - loss 0.28481062
2019-08-28 02:36:21,321 epoch 6 - iter 486/1620 - loss 0.27512776
2019-08-28 02:37:08,516 epoch 6 - iter 648/1620 - loss 0.28064254
2019-08-28 02:37:54,562 epoch 6 - iter 810/1620 - loss 0.27595690
2019-08-28 02:38:40,343 epoch 6 - iter 972/1620 - loss 0.27117500
2019-08-28 02:39:26,152 epoch 6 - iter 1134/1620 - loss 0.26635486
2019-08-28 02:40:13,645 epoch 6 - iter 1296/1620 - loss 0.26893225
2019-08-28 02:40:58,927 epoch 6 - iter 1458/1620 - loss 0.26933835
2019-08-28 02:41:44,362 ----------------------------------------------------------------------------------------------------
2019-08-28 02:41:44,363 EPOCH 6 done: loss 0.2720 - lr 0.1000 - bad epochs 0
2019-08-28 02:42:31,185 DEV : loss 0.1259092539548874 - score 0.9915
2019-08-28 02:43:22,298 TEST : loss 0.1470446139574051 - score 0.988
2019-08-28 02:43:25,117 ----------------------------------------------------------------------------------------------------
2019-08-28 02:43:26,069 epoch 7 - iter 0/1620 - loss 0.09641933
2019-08-28 02:44:11,956 epoch 7 - iter 162/1620 - loss 0.25195625
2019-08-28 02:45:00,764 epoch 7 - iter 324/1620 - loss 0.26316165
2019-08-28 02:45:47,028 epoch 7 - iter 486/1620 - loss 0.26851098
2019-08-28 02:46:34,164 epoch 7 - iter 648/1620 - loss 0.26753158
2019-08-28 02:47:19,407 epoch 7 - iter 810/1620 - loss 0.25950621
2019-08-28 02:48:04,521 epoch 7 - iter 972/1620 - loss 0.25153648
2019-08-28 02:48:48,639 epoch 7 - iter 1134/1620 - loss 0.25505820
2019-08-28 02:49:33,977 epoch 7 - iter 1296/1620 - loss 0.25610892
2019-08-28 02:50:20,770 epoch 7 - iter 1458/1620 - loss 0.25104212
2019-08-28 02:51:07,146 ----------------------------------------------------------------------------------------------------
2019-08-28 02:51:07,147 EPOCH 7 done: loss 0.2495 - lr 0.1000 - bad epochs 0
2019-08-28 02:51:53,724 DEV : loss 0.12247978150844574 - score 0.9917
2019-08-28 02:52:45,456 TEST : loss 0.14493794739246368 - score 0.9887
2019-08-28 02:52:48,213 ----------------------------------------------------------------------------------------------------
2019-08-28 02:52:49,192 epoch 8 - iter 0/1620 - loss 0.25829887
2019-08-28 02:53:37,012 epoch 8 - iter 162/1620 - loss 0.20801154
2019-08-28 02:54:22,406 epoch 8 - iter 324/1620 - loss 0.23124936
2019-08-28 02:55:07,222 epoch 8 - iter 486/1620 - loss 0.22555240
2019-08-28 02:55:54,700 epoch 8 - iter 648/1620 - loss 0.22187906
2019-08-28 02:56:41,213 epoch 8 - iter 810/1620 - loss 0.23655337
2019-08-28 02:57:27,947 epoch 8 - iter 972/1620 - loss 0.24092581
2019-08-28 02:58:14,011 epoch 8 - iter 1134/1620 - loss 0.24587354
2019-08-28 02:58:59,693 epoch 8 - iter 1296/1620 - loss 0.24006537
2019-08-28 02:59:46,168 epoch 8 - iter 1458/1620 - loss 0.24309776
2019-08-28 03:00:31,388 ----------------------------------------------------------------------------------------------------
2019-08-28 03:00:31,388 EPOCH 8 done: loss 0.2428 - lr 0.1000 - bad epochs 0
2019-08-28 03:01:18,034 DEV : loss 0.12464652955532074 - score 0.99
2019-08-28 03:02:10,065 TEST : loss 0.14499719440937042 - score 0.9886
2019-08-28 03:02:10,066 ----------------------------------------------------------------------------------------------------
2019-08-28 03:02:10,957 epoch 9 - iter 0/1620 - loss 0.01900196
2019-08-28 03:02:57,663 epoch 9 - iter 162/1620 - loss 0.25497729
2019-08-28 03:03:45,042 epoch 9 - iter 324/1620 - loss 0.22633496
2019-08-28 03:04:30,463 epoch 9 - iter 486/1620 - loss 0.22339699
2019-08-28 03:05:15,848 epoch 9 - iter 648/1620 - loss 0.22194112
2019-08-28 03:06:02,918 epoch 9 - iter 810/1620 - loss 0.21708054
2019-08-28 03:06:48,038 epoch 9 - iter 972/1620 - loss 0.21648470
2019-08-28 03:07:34,280 epoch 9 - iter 1134/1620 - loss 0.21772608
2019-08-28 03:08:19,923 epoch 9 - iter 1296/1620 - loss 0.21969402
2019-08-28 03:09:07,006 epoch 9 - iter 1458/1620 - loss 0.21893776
2019-08-28 03:09:51,540 ----------------------------------------------------------------------------------------------------
2019-08-28 03:09:51,540 EPOCH 9 done: loss 0.2224 - lr 0.1000 - bad epochs 1
2019-08-28 03:10:38,096 DEV : loss 0.12626661360263824 - score 0.9918
2019-08-28 03:11:29,747 TEST : loss 0.14152517914772034 - score 0.99
2019-08-28 03:11:32,545 ----------------------------------------------------------------------------------------------------
2019-08-28 03:11:33,478 epoch 10 - iter 0/1620 - loss 0.06389999
2019-08-28 03:12:19,226 epoch 10 - iter 162/1620 - loss 0.18602721
2019-08-28 03:13:07,816 epoch 10 - iter 324/1620 - loss 0.20132740
2019-08-28 03:13:52,924 epoch 10 - iter 486/1620 - loss 0.21936296
2019-08-28 03:14:38,326 epoch 10 - iter 648/1620 - loss 0.21804104
2019-08-28 03:15:24,520 epoch 10 - iter 810/1620 - loss 0.22073286
2019-08-28 03:16:10,656 epoch 10 - iter 972/1620 - loss 0.22174023
2019-08-28 03:16:56,602 epoch 10 - iter 1134/1620 - loss 0.22015529
2019-08-28 03:17:44,078 epoch 10 - iter 1296/1620 - loss 0.21502379
2019-08-28 03:18:30,498 epoch 10 - iter 1458/1620 - loss 0.21540810
2019-08-28 03:19:14,955 ----------------------------------------------------------------------------------------------------
2019-08-28 03:19:14,955 EPOCH 10 done: loss 0.2149 - lr 0.1000 - bad epochs 0
2019-08-28 03:20:01,684 DEV : loss 0.1237281858921051 - score 0.9923
2019-08-28 03:20:52,804 TEST : loss 0.1407707780599594 - score 0.9907
2019-08-28 03:20:55,719 ----------------------------------------------------------------------------------------------------
2019-08-28 03:20:56,714 epoch 11 - iter 0/1620 - loss 0.00232863
2019-08-28 03:21:43,850 epoch 11 - iter 162/1620 - loss 0.20982485
2019-08-28 03:22:28,675 epoch 11 - iter 324/1620 - loss 0.19634803
2019-08-28 03:23:16,109 epoch 11 - iter 486/1620 - loss 0.20691336
2019-08-28 03:24:03,051 epoch 11 - iter 648/1620 - loss 0.21296235
2019-08-28 03:24:48,551 epoch 11 - iter 810/1620 - loss 0.21241778
2019-08-28 03:25:33,944 epoch 11 - iter 972/1620 - loss 0.21062853
2019-08-28 03:26:19,767 epoch 11 - iter 1134/1620 - loss 0.20666380
2019-08-28 03:27:06,113 epoch 11 - iter 1296/1620 - loss 0.20724911
2019-08-28 03:27:52,866 epoch 11 - iter 1458/1620 - loss 0.20320242
2019-08-28 03:28:37,463 ----------------------------------------------------------------------------------------------------
2019-08-28 03:28:37,464 EPOCH 11 done: loss 0.2043 - lr 0.1000 - bad epochs 0
2019-08-28 03:29:23,154 DEV : loss 0.11980770528316498 - score 0.9921
2019-08-28 03:30:16,271 TEST : loss 0.1362384855747223 - score 0.9899
2019-08-28 03:30:16,271 ----------------------------------------------------------------------------------------------------
2019-08-28 03:30:17,223 epoch 12 - iter 0/1620 - loss 0.12095261
2019-08-28 03:31:03,166 epoch 12 - iter 162/1620 - loss 0.23214624
2019-08-28 03:31:49,303 epoch 12 - iter 324/1620 - loss 0.21559581
2019-08-28 03:32:35,612 epoch 12 - iter 486/1620 - loss 0.20398414
2019-08-28 03:33:21,224 epoch 12 - iter 648/1620 - loss 0.20587424
2019-08-28 03:34:07,157 epoch 12 - iter 810/1620 - loss 0.20888526
2019-08-28 03:34:55,834 epoch 12 - iter 972/1620 - loss 0.20268162
2019-08-28 03:35:40,845 epoch 12 - iter 1134/1620 - loss 0.19783524
2019-08-28 03:36:26,044 epoch 12 - iter 1296/1620 - loss 0.20124243
2019-08-28 03:37:13,625 epoch 12 - iter 1458/1620 - loss 0.20692932
2019-08-28 03:37:59,349 ----------------------------------------------------------------------------------------------------
2019-08-28 03:37:59,349 EPOCH 12 done: loss 0.2064 - lr 0.1000 - bad epochs 1
2019-08-28 03:38:45,628 DEV : loss 0.12860283255577087 - score 0.9918
2019-08-28 03:39:38,270 TEST : loss 0.15765564143657684 - score 0.9897
2019-08-28 03:39:38,271 ----------------------------------------------------------------------------------------------------
2019-08-28 03:39:39,260 epoch 13 - iter 0/1620 - loss 0.99461651
2019-08-28 03:40:23,789 epoch 13 - iter 162/1620 - loss 0.21069185
2019-08-28 03:41:08,467 epoch 13 - iter 324/1620 - loss 0.20689811
2019-08-28 03:41:56,160 epoch 13 - iter 486/1620 - loss 0.19731269
2019-08-28 03:42:39,474 epoch 13 - iter 648/1620 - loss 0.19525523
2019-08-28 03:43:26,766 epoch 13 - iter 810/1620 - loss 0.19313127
2019-08-28 03:44:13,044 epoch 13 - iter 972/1620 - loss 0.19343101
2019-08-28 03:44:56,354 epoch 13 - iter 1134/1620 - loss 0.19361539
2019-08-28 03:45:43,723 epoch 13 - iter 1296/1620 - loss 0.19380500
2019-08-28 03:46:30,434 epoch 13 - iter 1458/1620 - loss 0.18962921
2019-08-28 03:47:15,959 ----------------------------------------------------------------------------------------------------
2019-08-28 03:47:15,959 EPOCH 13 done: loss 0.1890 - lr 0.1000 - bad epochs 2
2019-08-28 03:48:02,711 DEV : loss 0.12451983988285065 - score 0.9927
2019-08-28 03:48:55,217 TEST : loss 0.14593029022216797 - score 0.9892
2019-08-28 03:48:58,281 ----------------------------------------------------------------------------------------------------
2019-08-28 03:48:59,404 epoch 14 - iter 0/1620 - loss 0.23250294
2019-08-28 03:49:47,662 epoch 14 - iter 162/1620 - loss 0.19082417
2019-08-28 03:50:32,275 epoch 14 - iter 324/1620 - loss 0.19777380
2019-08-28 03:51:17,066 epoch 14 - iter 486/1620 - loss 0.19155787
2019-08-28 03:52:03,836 epoch 14 - iter 648/1620 - loss 0.18264829
2019-08-28 03:52:50,773 epoch 14 - iter 810/1620 - loss 0.18827738
2019-08-28 03:53:35,777 epoch 14 - iter 972/1620 - loss 0.18455032
2019-08-28 03:54:22,120 epoch 14 - iter 1134/1620 - loss 0.18577603
2019-08-28 03:55:08,635 epoch 14 - iter 1296/1620 - loss 0.18334384
2019-08-28 03:55:54,463 epoch 14 - iter 1458/1620 - loss 0.18030539
2019-08-28 03:56:40,887 ----------------------------------------------------------------------------------------------------
2019-08-28 03:56:40,887 EPOCH 14 done: loss 0.1802 - lr 0.1000 - bad epochs 0
2019-08-28 03:57:27,900 DEV : loss 0.13633984327316284 - score 0.9923
2019-08-28 03:58:20,053 TEST : loss 0.1634492576122284 - score 0.9899
2019-08-28 03:58:20,054 ----------------------------------------------------------------------------------------------------
2019-08-28 03:58:20,957 epoch 15 - iter 0/1620 - loss 0.00810814
2019-08-28 03:59:04,993 epoch 15 - iter 162/1620 - loss 0.15005057
2019-08-28 03:59:52,971 epoch 15 - iter 324/1620 - loss 0.18721901
2019-08-28 04:00:40,952 epoch 15 - iter 486/1620 - loss 0.17753987
2019-08-28 04:01:27,097 epoch 15 - iter 648/1620 - loss 0.17186719
2019-08-28 04:02:13,051 epoch 15 - iter 810/1620 - loss 0.16594716
2019-08-28 04:02:58,447 epoch 15 - iter 972/1620 - loss 0.16382753
2019-08-28 04:03:42,986 epoch 15 - iter 1134/1620 - loss 0.17186850
2019-08-28 04:04:29,553 epoch 15 - iter 1296/1620 - loss 0.17150623
2019-08-28 04:05:16,025 epoch 15 - iter 1458/1620 - loss 0.17447173
2019-08-28 04:06:03,977 ----------------------------------------------------------------------------------------------------
2019-08-28 04:06:03,978 EPOCH 15 done: loss 0.1727 - lr 0.1000 - bad epochs 1
2019-08-28 04:06:50,281 DEV : loss 0.12493665516376495 - score 0.9924
2019-08-28 04:07:42,769 TEST : loss 0.1354595273733139 - score 0.9903
2019-08-28 04:07:42,769 ----------------------------------------------------------------------------------------------------
2019-08-28 04:07:43,706 epoch 16 - iter 0/1620 - loss 0.01685047
2019-08-28 04:08:31,964 epoch 16 - iter 162/1620 - loss 0.19203187
2019-08-28 04:09:19,694 epoch 16 - iter 324/1620 - loss 0.21112522
2019-08-28 04:10:06,676 epoch 16 - iter 486/1620 - loss 0.18696986
2019-08-28 04:10:53,171 epoch 16 - iter 648/1620 - loss 0.18476885
2019-08-28 04:11:37,393 epoch 16 - iter 810/1620 - loss 0.18704689
2019-08-28 04:12:23,903 epoch 16 - iter 972/1620 - loss 0.18399301
2019-08-28 04:13:09,574 epoch 16 - iter 1134/1620 - loss 0.18190301
2019-08-28 04:13:53,968 epoch 16 - iter 1296/1620 - loss 0.17560930
2019-08-28 04:14:40,490 epoch 16 - iter 1458/1620 - loss 0.17473889
2019-08-28 04:15:27,768 ----------------------------------------------------------------------------------------------------
2019-08-28 04:15:27,768 EPOCH 16 done: loss 0.1720 - lr 0.1000 - bad epochs 2
2019-08-28 04:16:13,127 DEV : loss 0.14830532670021057 - score 0.9914
2019-08-28 04:17:06,076 TEST : loss 0.15405410528182983 - score 0.9902
2019-08-28 04:17:06,077 ----------------------------------------------------------------------------------------------------
2019-08-28 04:17:06,948 epoch 17 - iter 0/1620 - loss 0.03363895
2019-08-28 04:17:52,923 epoch 17 - iter 162/1620 - loss 0.13204241
2019-08-28 04:18:38,954 epoch 17 - iter 324/1620 - loss 0.15500457
2019-08-28 04:19:25,956 epoch 17 - iter 486/1620 - loss 0.16416151
2019-08-28 04:20:12,553 epoch 17 - iter 648/1620 - loss 0.16229507
2019-08-28 04:20:57,408 epoch 17 - iter 810/1620 - loss 0.16615878
2019-08-28 04:21:43,785 epoch 17 - iter 972/1620 - loss 0.16386029
2019-08-28 04:22:30,100 epoch 17 - iter 1134/1620 - loss 0.16398394
2019-08-28 04:23:18,313 epoch 17 - iter 1296/1620 - loss 0.16598795
2019-08-28 04:24:04,002 epoch 17 - iter 1458/1620 - loss 0.16697218
2019-08-28 04:24:49,928 ----------------------------------------------------------------------------------------------------
2019-08-28 04:24:49,929 EPOCH 17 done: loss 0.1695 - lr 0.1000 - bad epochs 3
2019-08-28 04:25:37,245 DEV : loss 0.13613930344581604 - score 0.992
2019-08-28 04:26:29,027 TEST : loss 0.1557355374097824 - score 0.9904
2019-08-28 04:26:29,027 ----------------------------------------------------------------------------------------------------
2019-08-28 04:26:29,899 epoch 18 - iter 0/1620 - loss 0.01846981
2019-08-28 04:27:15,840 epoch 18 - iter 162/1620 - loss 0.17374154
2019-08-28 04:28:04,744 epoch 18 - iter 324/1620 - loss 0.15115920
2019-08-28 04:28:50,781 epoch 18 - iter 486/1620 - loss 0.15382307
2019-08-28 04:29:36,115 epoch 18 - iter 648/1620 - loss 0.15296617
2019-08-28 04:30:22,708 epoch 18 - iter 810/1620 - loss 0.15002427
2019-08-28 04:31:09,353 epoch 18 - iter 972/1620 - loss 0.15403566
2019-08-28 04:31:54,804 epoch 18 - iter 1134/1620 - loss 0.15471980
2019-08-28 04:32:42,162 epoch 18 - iter 1296/1620 - loss 0.15215255
2019-08-28 04:33:27,015 epoch 18 - iter 1458/1620 - loss 0.15226452
2019-08-28 04:34:12,259 ----------------------------------------------------------------------------------------------------
2019-08-28 04:34:12,260 EPOCH 18 done: loss 0.1531 - lr 0.0500 - bad epochs 0
2019-08-28 04:34:58,576 DEV : loss 0.1303490549325943 - score 0.9925
2019-08-28 04:35:50,341 TEST : loss 0.13819505274295807 - score 0.9908
2019-08-28 04:35:50,341 ----------------------------------------------------------------------------------------------------
2019-08-28 04:35:51,264 epoch 19 - iter 0/1620 - loss 0.00861263
2019-08-28 04:36:38,823 epoch 19 - iter 162/1620 - loss 0.14813919
2019-08-28 04:37:23,024 epoch 19 - iter 324/1620 - loss 0.15772386
2019-08-28 04:38:09,083 epoch 19 - iter 486/1620 - loss 0.15402764
2019-08-28 04:38:54,021 epoch 19 - iter 648/1620 - loss 0.14828948
2019-08-28 04:39:41,160 epoch 19 - iter 810/1620 - loss 0.14165848
2019-08-28 04:40:25,963 epoch 19 - iter 972/1620 - loss 0.14742546
2019-08-28 04:41:12,369 epoch 19 - iter 1134/1620 - loss 0.14650361
2019-08-28 04:41:59,481 epoch 19 - iter 1296/1620 - loss 0.14835603
2019-08-28 04:42:45,556 epoch 19 - iter 1458/1620 - loss 0.15152302
2019-08-28 04:43:31,885 ----------------------------------------------------------------------------------------------------
2019-08-28 04:43:31,886 EPOCH 19 done: loss 0.1533 - lr 0.0500 - bad epochs 1
2019-08-28 04:44:17,427 DEV : loss 0.11769644916057587 - score 0.9923
2019-08-28 04:45:09,365 TEST : loss 0.13081999123096466 - score 0.9915
2019-08-28 04:45:09,366 ----------------------------------------------------------------------------------------------------
2019-08-28 04:45:10,285 epoch 20 - iter 0/1620 - loss 0.01769066
2019-08-28 04:45:55,787 epoch 20 - iter 162/1620 - loss 0.12410751
2019-08-28 04:46:41,640 epoch 20 - iter 324/1620 - loss 0.11859692
2019-08-28 04:47:27,446 epoch 20 - iter 486/1620 - loss 0.12842147
2019-08-28 04:48:15,057 epoch 20 - iter 648/1620 - loss 0.13188758
2019-08-28 04:49:00,061 epoch 20 - iter 810/1620 - loss 0.13387654
2019-08-28 04:49:46,342 epoch 20 - iter 972/1620 - loss 0.13413315
2019-08-28 04:50:33,026 epoch 20 - iter 1134/1620 - loss 0.13138099
2019-08-28 04:51:19,632 epoch 20 - iter 1296/1620 - loss 0.12952965
2019-08-28 04:52:06,219 epoch 20 - iter 1458/1620 - loss 0.13379865
2019-08-28 04:52:53,165 ----------------------------------------------------------------------------------------------------
2019-08-28 04:52:53,165 EPOCH 20 done: loss 0.1383 - lr 0.0500 - bad epochs 2
2019-08-28 04:53:38,454 DEV : loss 0.1214388757944107 - score 0.9918
2019-08-28 04:54:31,358 TEST : loss 0.13673144578933716 - score 0.9901
2019-08-28 04:54:31,358 ----------------------------------------------------------------------------------------------------
2019-08-28 04:54:32,250 epoch 21 - iter 0/1620 - loss 0.57294750
2019-08-28 04:55:18,300 epoch 21 - iter 162/1620 - loss 0.16814935
2019-08-28 04:56:05,706 epoch 21 - iter 324/1620 - loss 0.13984167
2019-08-28 04:56:51,009 epoch 21 - iter 486/1620 - loss 0.14475277
2019-08-28 04:57:39,023 epoch 21 - iter 648/1620 - loss 0.14433950
2019-08-28 04:58:25,058 epoch 21 - iter 810/1620 - loss 0.14881805
2019-08-28 04:59:11,569 epoch 21 - iter 972/1620 - loss 0.14596378
2019-08-28 04:59:58,686 epoch 21 - iter 1134/1620 - loss 0.14252599
2019-08-28 05:00:44,403 epoch 21 - iter 1296/1620 - loss 0.14352477
2019-08-28 05:01:29,347 epoch 21 - iter 1458/1620 - loss 0.14339233
2019-08-28 05:02:15,763 ----------------------------------------------------------------------------------------------------
2019-08-28 05:02:15,763 EPOCH 21 done: loss 0.1411 - lr 0.0500 - bad epochs 3
2019-08-28 05:03:01,202 DEV : loss 0.12754079699516296 - score 0.992
2019-08-28 05:03:52,568 TEST : loss 0.13538725674152374 - score 0.991
2019-08-28 05:03:52,569 ----------------------------------------------------------------------------------------------------
2019-08-28 05:03:53,478 epoch 22 - iter 0/1620 - loss 0.04297733
2019-08-28 05:04:40,868 epoch 22 - iter 162/1620 - loss 0.10791877
2019-08-28 05:05:25,584 epoch 22 - iter 324/1620 - loss 0.12768910
2019-08-28 05:06:12,646 epoch 22 - iter 486/1620 - loss 0.13393383
2019-08-28 05:07:00,205 epoch 22 - iter 648/1620 - loss 0.13139078
2019-08-28 05:07:45,666 epoch 22 - iter 810/1620 - loss 0.13182176
2019-08-28 05:08:31,403 epoch 22 - iter 972/1620 - loss 0.13204079
2019-08-28 05:09:17,285 epoch 22 - iter 1134/1620 - loss 0.12748316
2019-08-28 05:10:02,580 epoch 22 - iter 1296/1620 - loss 0.12372441
2019-08-28 05:10:48,834 epoch 22 - iter 1458/1620 - loss 0.12294830
2019-08-28 05:11:35,738 ----------------------------------------------------------------------------------------------------
2019-08-28 05:11:35,738 EPOCH 22 done: loss 0.1252 - lr 0.0250 - bad epochs 0
2019-08-28 05:12:22,471 DEV : loss 0.12703701853752136 - score 0.9918
2019-08-28 05:13:15,801 TEST : loss 0.13697834312915802 - score 0.9909
2019-08-28 05:13:15,801 ----------------------------------------------------------------------------------------------------
2019-08-28 05:13:16,732 epoch 23 - iter 0/1620 - loss 0.30538940
2019-08-28 05:14:04,144 epoch 23 - iter 162/1620 - loss 0.10900554
2019-08-28 05:14:50,202 epoch 23 - iter 324/1620 - loss 0.11684437
2019-08-28 05:15:37,047 epoch 23 - iter 486/1620 - loss 0.11949269
2019-08-28 05:16:24,789 epoch 23 - iter 648/1620 - loss 0.12122029
2019-08-28 05:17:11,472 epoch 23 - iter 810/1620 - loss 0.11225283
2019-08-28 05:17:58,968 epoch 23 - iter 972/1620 - loss 0.10992246
2019-08-28 05:18:47,224 epoch 23 - iter 1134/1620 - loss 0.11265865
2019-08-28 05:19:34,444 epoch 23 - iter 1296/1620 - loss 0.11552088
2019-08-28 05:20:22,858 epoch 23 - iter 1458/1620 - loss 0.11732604
2019-08-28 05:21:09,320 ----------------------------------------------------------------------------------------------------
2019-08-28 05:21:09,320 EPOCH 23 done: loss 0.1165 - lr 0.0250 - bad epochs 1
2019-08-28 05:21:55,553 DEV : loss 0.1299457848072052 - score 0.992
2019-08-28 05:22:49,190 TEST : loss 0.14309346675872803 - score 0.9905
2019-08-28 05:22:49,190 ----------------------------------------------------------------------------------------------------
2019-08-28 05:22:50,226 epoch 24 - iter 0/1620 - loss 0.01843643
2019-08-28 05:23:34,406 epoch 24 - iter 162/1620 - loss 0.11046520
2019-08-28 05:24:21,037 epoch 24 - iter 324/1620 - loss 0.12823517
2019-08-28 05:25:07,260 epoch 24 - iter 486/1620 - loss 0.13028791
2019-08-28 05:25:55,126 epoch 24 - iter 648/1620 - loss 0.12869251
2019-08-28 05:26:39,775 epoch 24 - iter 810/1620 - loss 0.12237620
2019-08-28 05:27:27,412 epoch 24 - iter 972/1620 - loss 0.12136808
2019-08-28 05:28:12,789 epoch 24 - iter 1134/1620 - loss 0.11729361
2019-08-28 05:28:58,953 epoch 24 - iter 1296/1620 - loss 0.11509093
2019-08-28 05:29:45,814 epoch 24 - iter 1458/1620 - loss 0.11695882
2019-08-28 05:30:33,125 ----------------------------------------------------------------------------------------------------
2019-08-28 05:30:33,125 EPOCH 24 done: loss 0.1165 - lr 0.0250 - bad epochs 2
2019-08-28 05:31:18,534 DEV : loss 0.12643204629421234 - score 0.9923
2019-08-28 05:32:13,355 TEST : loss 0.137939915060997 - score 0.9908
2019-08-28 05:32:13,355 ----------------------------------------------------------------------------------------------------
2019-08-28 05:32:14,205 epoch 25 - iter 0/1620 - loss 0.01800156
2019-08-28 05:33:00,566 epoch 25 - iter 162/1620 - loss 0.10454666
2019-08-28 05:33:46,673 epoch 25 - iter 324/1620 - loss 0.09322834
2019-08-28 05:34:34,685 epoch 25 - iter 486/1620 - loss 0.10405487
2019-08-28 05:35:19,117 epoch 25 - iter 648/1620 - loss 0.10402072
2019-08-28 05:36:05,019 epoch 25 - iter 810/1620 - loss 0.10475990
2019-08-28 05:36:50,381 epoch 25 - iter 972/1620 - loss 0.10406467
2019-08-28 05:37:36,549 epoch 25 - iter 1134/1620 - loss 0.10764413
2019-08-28 05:38:24,218 epoch 25 - iter 1296/1620 - loss 0.11122304
2019-08-28 05:39:10,376 epoch 25 - iter 1458/1620 - loss 0.11228494
2019-08-28 05:39:56,005 ----------------------------------------------------------------------------------------------------
2019-08-28 05:39:56,005 EPOCH 25 done: loss 0.1121 - lr 0.0250 - bad epochs 3
2019-08-28 05:40:43,439 DEV : loss 0.13469505310058594 - score 0.9922
2019-08-28 05:41:36,477 TEST : loss 0.13841819763183594 - score 0.9915
2019-08-28 05:41:36,478 ----------------------------------------------------------------------------------------------------
2019-08-28 05:41:37,382 epoch 26 - iter 0/1620 - loss 0.00081539
2019-08-28 05:42:23,856 epoch 26 - iter 162/1620 - loss 0.12919959
2019-08-28 05:43:10,765 epoch 26 - iter 324/1620 - loss 0.12238537
2019-08-28 05:43:57,089 epoch 26 - iter 486/1620 - loss 0.11865443
2019-08-28 05:44:45,078 epoch 26 - iter 648/1620 - loss 0.11528704
2019-08-28 05:45:30,266 epoch 26 - iter 810/1620 - loss 0.11527758
2019-08-28 05:46:15,376 epoch 26 - iter 972/1620 - loss 0.11272970
2019-08-28 05:47:02,426 epoch 26 - iter 1134/1620 - loss 0.11251971
2019-08-28 05:47:47,870 epoch 26 - iter 1296/1620 - loss 0.11376079
2019-08-28 05:48:34,123 epoch 26 - iter 1458/1620 - loss 0.11242533
2019-08-28 05:49:19,105 ----------------------------------------------------------------------------------------------------
2019-08-28 05:49:19,105 EPOCH 26 done: loss 0.1129 - lr 0.0125 - bad epochs 0
2019-08-28 05:50:06,007 DEV : loss 0.13441982865333557 - score 0.9921
2019-08-28 05:50:58,203 TEST : loss 0.14084896445274353 - score 0.9911
2019-08-28 05:50:58,203 ----------------------------------------------------------------------------------------------------
2019-08-28 05:50:59,143 epoch 27 - iter 0/1620 - loss 0.00316477
2019-08-28 05:51:45,267 epoch 27 - iter 162/1620 - loss 0.07288840
2019-08-28 05:52:31,411 epoch 27 - iter 324/1620 - loss 0.09300581
2019-08-28 05:53:18,347 epoch 27 - iter 486/1620 - loss 0.09893144
2019-08-28 05:54:03,821 epoch 27 - iter 648/1620 - loss 0.10089385
2019-08-28 05:54:47,512 epoch 27 - iter 810/1620 - loss 0.10616232
2019-08-28 05:55:34,278 epoch 27 - iter 972/1620 - loss 0.10591201
2019-08-28 05:56:20,658 epoch 27 - iter 1134/1620 - loss 0.10552142
2019-08-28 05:57:06,162 epoch 27 - iter 1296/1620 - loss 0.10576900
2019-08-28 05:57:52,791 epoch 27 - iter 1458/1620 - loss 0.10630683
2019-08-28 05:58:38,425 ----------------------------------------------------------------------------------------------------
2019-08-28 05:58:38,426 EPOCH 27 done: loss 0.1043 - lr 0.0125 - bad epochs 1
2019-08-28 05:59:23,961 DEV : loss 0.13409316539764404 - score 0.9922
2019-08-28 06:00:17,174 TEST : loss 0.14042562246322632 - score 0.9912
2019-08-28 06:00:17,174 ----------------------------------------------------------------------------------------------------
2019-08-28 06:00:18,160 epoch 28 - iter 0/1620 - loss 0.00153351
2019-08-28 06:01:03,455 epoch 28 - iter 162/1620 - loss 0.11534528
2019-08-28 06:01:49,922 epoch 28 - iter 324/1620 - loss 0.12236505
2019-08-28 06:02:37,398 epoch 28 - iter 486/1620 - loss 0.13028454
2019-08-28 06:03:21,965 epoch 28 - iter 648/1620 - loss 0.12572076
2019-08-28 06:04:08,344 epoch 28 - iter 810/1620 - loss 0.12291726
2019-08-28 06:04:54,174 epoch 28 - iter 972/1620 - loss 0.12311212
2019-08-28 06:05:39,779 epoch 28 - iter 1134/1620 - loss 0.11854395
2019-08-28 06:06:26,575 epoch 28 - iter 1296/1620 - loss 0.11865956
2019-08-28 06:07:13,702 epoch 28 - iter 1458/1620 - loss 0.11829667
2019-08-28 06:07:59,487 ----------------------------------------------------------------------------------------------------
2019-08-28 06:07:59,488 EPOCH 28 done: loss 0.1158 - lr 0.0125 - bad epochs 2
2019-08-28 06:08:46,996 DEV : loss 0.13420815765857697 - score 0.9925
2019-08-28 06:09:39,138 TEST : loss 0.14334924519062042 - score 0.9914
2019-08-28 06:09:39,138 ----------------------------------------------------------------------------------------------------
2019-08-28 06:09:40,013 epoch 29 - iter 0/1620 - loss 0.15090561
2019-08-28 06:10:27,595 epoch 29 - iter 162/1620 - loss 0.11349940
2019-08-28 06:11:14,348 epoch 29 - iter 324/1620 - loss 0.11601726
2019-08-28 06:12:01,468 epoch 29 - iter 486/1620 - loss 0.11044862
2019-08-28 06:12:47,524 epoch 29 - iter 648/1620 - loss 0.10593558
2019-08-28 06:13:34,716 epoch 29 - iter 810/1620 - loss 0.10557632
2019-08-28 06:14:19,837 epoch 29 - iter 972/1620 - loss 0.10957645
2019-08-28 06:15:04,606 epoch 29 - iter 1134/1620 - loss 0.10676915
2019-08-28 06:15:52,869 epoch 29 - iter 1296/1620 - loss 0.10557169
2019-08-28 06:16:39,080 epoch 29 - iter 1458/1620 - loss 0.10656565
2019-08-28 06:17:23,371 ----------------------------------------------------------------------------------------------------
2019-08-28 06:17:23,372 EPOCH 29 done: loss 0.1062 - lr 0.0125 - bad epochs 3
2019-08-28 06:18:10,527 DEV : loss 0.13681422173976898 - score 0.9922
2019-08-28 06:19:01,953 TEST : loss 0.14370518922805786 - score 0.9913
2019-08-28 06:19:01,954 ----------------------------------------------------------------------------------------------------
2019-08-28 06:19:02,925 epoch 30 - iter 0/1620 - loss 0.01689529
2019-08-28 06:19:50,418 epoch 30 - iter 162/1620 - loss 0.12363291
2019-08-28 06:20:37,229 epoch 30 - iter 324/1620 - loss 0.11879786
2019-08-28 06:21:23,270 epoch 30 - iter 486/1620 - loss 0.11791677
2019-08-28 06:22:09,267 epoch 30 - iter 648/1620 - loss 0.10666234
2019-08-28 06:22:58,313 epoch 30 - iter 810/1620 - loss 0.10199671
2019-08-28 06:23:42,526 epoch 30 - iter 972/1620 - loss 0.10189492
2019-08-28 06:24:27,001 epoch 30 - iter 1134/1620 - loss 0.10459645
2019-08-28 06:25:14,915 epoch 30 - iter 1296/1620 - loss 0.10432106
2019-08-28 06:25:59,457 epoch 30 - iter 1458/1620 - loss 0.10451195
2019-08-28 06:26:44,846 ----------------------------------------------------------------------------------------------------
2019-08-28 06:26:44,846 EPOCH 30 done: loss 0.1030 - lr 0.0063 - bad epochs 0
2019-08-28 06:27:31,296 DEV : loss 0.13518694043159485 - score 0.9916
2019-08-28 06:28:22,846 TEST : loss 0.13666631281375885 - score 0.9912
2019-08-28 06:28:24,863 ----------------------------------------------------------------------------------------------------
2019-08-28 06:28:24,863 Testing using best model ...
2019-08-28 06:28:24,863 loading file iter4_trained/best-model.pt
2019-08-28 06:29:19,471 0.9891	0.9893	0.9892
2019-08-28 06:29:19,471 
MICRO_AVG: acc 0.9786 - f1-score 0.9892
MACRO_AVG: acc 0.9786 - f1-score 0.98915
aux        tp: 2498 - fp: 38 - fn: 18 - tn: 2498 - precision: 0.9850 - recall: 0.9928 - accuracy: 0.9781 - f1-score: 0.9889
verb       tp: 3210 - fp: 25 - fn: 44 - tn: 3210 - precision: 0.9923 - recall: 0.9865 - accuracy: 0.9790 - f1-score: 0.9894
2019-08-28 06:29:19,471 ----------------------------------------------------------------------------------------------------
