2019-08-28 01:20:09,252 ----------------------------------------------------------------------------------------------------
2019-08-28 01:20:09,252 Evaluation method: MICRO_F1_SCORE
2019-08-28 01:20:09,586 ----------------------------------------------------------------------------------------------------
2019-08-28 01:20:10,411 epoch 1 - iter 0/1620 - loss 43.50997925
2019-08-28 01:20:50,606 epoch 1 - iter 162/1620 - loss 3.82325233
2019-08-28 01:21:31,717 epoch 1 - iter 324/1620 - loss 2.40835154
2019-08-28 01:22:13,405 epoch 1 - iter 486/1620 - loss 1.84843794
2019-08-28 01:22:54,030 epoch 1 - iter 648/1620 - loss 1.56225856
2019-08-28 01:23:34,599 epoch 1 - iter 810/1620 - loss 1.37748853
2019-08-28 01:24:15,330 epoch 1 - iter 972/1620 - loss 1.25298096
2019-08-28 01:24:55,985 epoch 1 - iter 1134/1620 - loss 1.15268145
2019-08-28 01:25:37,841 epoch 1 - iter 1296/1620 - loss 1.08554330
2019-08-28 01:26:19,802 epoch 1 - iter 1458/1620 - loss 1.01882134
2019-08-28 01:27:00,357 ----------------------------------------------------------------------------------------------------
2019-08-28 01:27:00,358 EPOCH 1 done: loss 0.9714 - lr 0.1000 - bad epochs 0
2019-08-28 01:27:45,823 DEV : loss 0.1800174117088318 - score 0.9867
2019-08-28 01:28:33,707 TEST : loss 0.2146548181772232 - score 0.983
2019-08-28 01:28:35,741 ----------------------------------------------------------------------------------------------------
2019-08-28 01:28:36,669 epoch 2 - iter 0/1620 - loss 0.36237526
2019-08-28 01:29:19,441 epoch 2 - iter 162/1620 - loss 0.41526252
2019-08-28 01:29:59,852 epoch 2 - iter 324/1620 - loss 0.46819734
2019-08-28 01:30:41,340 epoch 2 - iter 486/1620 - loss 0.45542731
2019-08-28 01:31:22,551 epoch 2 - iter 648/1620 - loss 0.44626245
2019-08-28 01:32:04,317 epoch 2 - iter 810/1620 - loss 0.43895574
2019-08-28 01:32:46,244 epoch 2 - iter 972/1620 - loss 0.43601278
2019-08-28 01:33:26,732 epoch 2 - iter 1134/1620 - loss 0.42498384
2019-08-28 01:34:07,674 epoch 2 - iter 1296/1620 - loss 0.42248757
2019-08-28 01:34:49,912 epoch 2 - iter 1458/1620 - loss 0.42077306
2019-08-28 01:35:29,973 ----------------------------------------------------------------------------------------------------
2019-08-28 01:35:29,973 EPOCH 2 done: loss 0.4149 - lr 0.1000 - bad epochs 0
2019-08-28 01:36:12,909 DEV : loss 0.16925665736198425 - score 0.987
2019-08-28 01:37:01,650 TEST : loss 0.19609814882278442 - score 0.9853
2019-08-28 01:37:03,921 ----------------------------------------------------------------------------------------------------
2019-08-28 01:37:04,676 epoch 3 - iter 0/1620 - loss 0.20415020
2019-08-28 01:37:45,492 epoch 3 - iter 162/1620 - loss 0.44268958
2019-08-28 01:38:26,699 epoch 3 - iter 324/1620 - loss 0.40595064
2019-08-28 01:39:07,658 epoch 3 - iter 486/1620 - loss 0.37792238
2019-08-28 01:39:50,009 epoch 3 - iter 648/1620 - loss 0.37565066
2019-08-28 01:40:30,905 epoch 3 - iter 810/1620 - loss 0.36874529
2019-08-28 01:41:12,258 epoch 3 - iter 972/1620 - loss 0.37016152
2019-08-28 01:41:53,976 epoch 3 - iter 1134/1620 - loss 0.36067775
2019-08-28 01:42:33,722 epoch 3 - iter 1296/1620 - loss 0.35673661
2019-08-28 01:43:13,380 epoch 3 - iter 1458/1620 - loss 0.35415517
2019-08-28 01:43:55,308 ----------------------------------------------------------------------------------------------------
2019-08-28 01:43:55,308 EPOCH 3 done: loss 0.3524 - lr 0.1000 - bad epochs 0
2019-08-28 01:44:38,640 DEV : loss 0.1557062417268753 - score 0.9884
2019-08-28 01:45:27,697 TEST : loss 0.17756816744804382 - score 0.987
2019-08-28 01:45:30,060 ----------------------------------------------------------------------------------------------------
2019-08-28 01:45:31,149 epoch 4 - iter 0/1620 - loss 1.45788193
2019-08-28 01:46:11,934 epoch 4 - iter 162/1620 - loss 0.29294444
2019-08-28 01:46:54,131 epoch 4 - iter 324/1620 - loss 0.30250246
2019-08-28 01:47:37,313 epoch 4 - iter 486/1620 - loss 0.29584563
2019-08-28 01:48:17,260 epoch 4 - iter 648/1620 - loss 0.31104906
2019-08-28 01:48:58,053 epoch 4 - iter 810/1620 - loss 0.31540590
2019-08-28 01:49:40,221 epoch 4 - iter 972/1620 - loss 0.32079104
2019-08-28 01:50:20,636 epoch 4 - iter 1134/1620 - loss 0.32521133
2019-08-28 01:51:01,971 epoch 4 - iter 1296/1620 - loss 0.32526446
2019-08-28 01:51:42,439 epoch 4 - iter 1458/1620 - loss 0.32083550
2019-08-28 01:52:22,766 ----------------------------------------------------------------------------------------------------
2019-08-28 01:52:22,766 EPOCH 4 done: loss 0.3162 - lr 0.1000 - bad epochs 0
2019-08-28 01:53:08,502 DEV : loss 0.1235712319612503 - score 0.991
2019-08-28 01:53:56,334 TEST : loss 0.147064208984375 - score 0.9887
2019-08-28 01:53:58,720 ----------------------------------------------------------------------------------------------------
2019-08-28 01:53:59,718 epoch 5 - iter 0/1620 - loss 0.29510880
2019-08-28 01:54:42,720 epoch 5 - iter 162/1620 - loss 0.25918272
2019-08-28 01:55:23,407 epoch 5 - iter 324/1620 - loss 0.27066007
2019-08-28 01:56:04,759 epoch 5 - iter 486/1620 - loss 0.26041608
2019-08-28 01:56:46,200 epoch 5 - iter 648/1620 - loss 0.26398948
2019-08-28 01:57:27,339 epoch 5 - iter 810/1620 - loss 0.27293274
2019-08-28 01:58:08,924 epoch 5 - iter 972/1620 - loss 0.27608075
2019-08-28 01:58:50,084 epoch 5 - iter 1134/1620 - loss 0.27348538
2019-08-28 01:59:31,367 epoch 5 - iter 1296/1620 - loss 0.27857953
2019-08-28 02:00:12,710 epoch 5 - iter 1458/1620 - loss 0.27853070
2019-08-28 02:00:54,057 ----------------------------------------------------------------------------------------------------
2019-08-28 02:00:54,057 EPOCH 5 done: loss 0.2783 - lr 0.1000 - bad epochs 0
2019-08-28 02:01:38,844 DEV : loss 0.12673458456993103 - score 0.9912
2019-08-28 02:02:26,590 TEST : loss 0.1493443101644516 - score 0.989
2019-08-28 02:02:28,993 ----------------------------------------------------------------------------------------------------
2019-08-28 02:02:29,868 epoch 6 - iter 0/1620 - loss 0.22782898
2019-08-28 02:03:12,667 epoch 6 - iter 162/1620 - loss 0.27329944
2019-08-28 02:03:54,181 epoch 6 - iter 324/1620 - loss 0.26121200
2019-08-28 02:04:35,341 epoch 6 - iter 486/1620 - loss 0.27736573
2019-08-28 02:05:17,838 epoch 6 - iter 648/1620 - loss 0.27862837
2019-08-28 02:05:58,844 epoch 6 - iter 810/1620 - loss 0.27889376
2019-08-28 02:06:38,619 epoch 6 - iter 972/1620 - loss 0.28131322
2019-08-28 02:07:20,830 epoch 6 - iter 1134/1620 - loss 0.27189840
2019-08-28 02:08:01,448 epoch 6 - iter 1296/1620 - loss 0.27279002
2019-08-28 02:08:43,003 epoch 6 - iter 1458/1620 - loss 0.26740485
2019-08-28 02:09:24,633 ----------------------------------------------------------------------------------------------------
2019-08-28 02:09:24,633 EPOCH 6 done: loss 0.2693 - lr 0.1000 - bad epochs 0
2019-08-28 02:10:08,477 DEV : loss 0.12181178480386734 - score 0.9906
2019-08-28 02:10:57,931 TEST : loss 0.13037337362766266 - score 0.9904
2019-08-28 02:10:57,931 ----------------------------------------------------------------------------------------------------
2019-08-28 02:10:58,861 epoch 7 - iter 0/1620 - loss 0.52285385
2019-08-28 02:11:39,635 epoch 7 - iter 162/1620 - loss 0.23043709
2019-08-28 02:12:20,259 epoch 7 - iter 324/1620 - loss 0.23266187
2019-08-28 02:13:02,486 epoch 7 - iter 486/1620 - loss 0.23722879
2019-08-28 02:13:42,945 epoch 7 - iter 648/1620 - loss 0.23546718
2019-08-28 02:14:24,830 epoch 7 - iter 810/1620 - loss 0.25081824
2019-08-28 02:15:05,243 epoch 7 - iter 972/1620 - loss 0.25106279
2019-08-28 02:15:46,632 epoch 7 - iter 1134/1620 - loss 0.25205753
2019-08-28 02:16:29,333 epoch 7 - iter 1296/1620 - loss 0.24847710
2019-08-28 02:17:10,064 epoch 7 - iter 1458/1620 - loss 0.24757276
2019-08-28 02:17:51,195 ----------------------------------------------------------------------------------------------------
2019-08-28 02:17:51,195 EPOCH 7 done: loss 0.2505 - lr 0.1000 - bad epochs 1
2019-08-28 02:18:35,349 DEV : loss 0.13672831654548645 - score 0.9902
2019-08-28 02:19:23,262 TEST : loss 0.14297062158584595 - score 0.9896
2019-08-28 02:19:23,262 ----------------------------------------------------------------------------------------------------
2019-08-28 02:19:24,254 epoch 8 - iter 0/1620 - loss 0.00947285
2019-08-28 02:20:06,633 epoch 8 - iter 162/1620 - loss 0.20951447
2019-08-28 02:20:48,640 epoch 8 - iter 324/1620 - loss 0.22772505
2019-08-28 02:21:28,987 epoch 8 - iter 486/1620 - loss 0.24527765
2019-08-28 02:22:09,880 epoch 8 - iter 648/1620 - loss 0.24916948
2019-08-28 02:22:51,027 epoch 8 - iter 810/1620 - loss 0.24389587
2019-08-28 02:23:33,577 epoch 8 - iter 972/1620 - loss 0.23850863
2019-08-28 02:24:13,652 epoch 8 - iter 1134/1620 - loss 0.23992294
2019-08-28 02:24:55,070 epoch 8 - iter 1296/1620 - loss 0.24300537
2019-08-28 02:25:37,835 epoch 8 - iter 1458/1620 - loss 0.24331713
2019-08-28 02:26:17,970 ----------------------------------------------------------------------------------------------------
2019-08-28 02:26:17,970 EPOCH 8 done: loss 0.2431 - lr 0.1000 - bad epochs 2
2019-08-28 02:27:02,981 DEV : loss 0.12028961628675461 - score 0.9912
2019-08-28 02:27:50,921 TEST : loss 0.138169527053833 - score 0.9905
2019-08-28 02:27:53,267 ----------------------------------------------------------------------------------------------------
2019-08-28 02:27:54,041 epoch 9 - iter 0/1620 - loss 0.05921650
2019-08-28 02:28:35,283 epoch 9 - iter 162/1620 - loss 0.22685592
2019-08-28 02:29:16,692 epoch 9 - iter 324/1620 - loss 0.21127557
2019-08-28 02:29:56,683 epoch 9 - iter 486/1620 - loss 0.21384859
2019-08-28 02:30:38,342 epoch 9 - iter 648/1620 - loss 0.22257732
2019-08-28 02:31:18,343 epoch 9 - iter 810/1620 - loss 0.21799458
2019-08-28 02:31:58,670 epoch 9 - iter 972/1620 - loss 0.22373203
2019-08-28 02:32:39,746 epoch 9 - iter 1134/1620 - loss 0.22243936
2019-08-28 02:33:20,989 epoch 9 - iter 1296/1620 - loss 0.22455340
2019-08-28 02:34:04,182 epoch 9 - iter 1458/1620 - loss 0.22993011
2019-08-28 02:34:46,241 ----------------------------------------------------------------------------------------------------
2019-08-28 02:34:46,242 EPOCH 9 done: loss 0.2317 - lr 0.1000 - bad epochs 3
2019-08-28 02:35:29,856 DEV : loss 0.1258125901222229 - score 0.9914
2019-08-28 02:36:19,298 TEST : loss 0.15208479762077332 - score 0.9899
2019-08-28 02:36:21,585 ----------------------------------------------------------------------------------------------------
2019-08-28 02:36:22,384 epoch 10 - iter 0/1620 - loss 0.05055618
2019-08-28 02:37:02,990 epoch 10 - iter 162/1620 - loss 0.24479128
2019-08-28 02:37:43,774 epoch 10 - iter 324/1620 - loss 0.23141236
2019-08-28 02:38:25,472 epoch 10 - iter 486/1620 - loss 0.22809834
2019-08-28 02:39:06,041 epoch 10 - iter 648/1620 - loss 0.21942852
2019-08-28 02:39:47,430 epoch 10 - iter 810/1620 - loss 0.21694104
2019-08-28 02:40:28,656 epoch 10 - iter 972/1620 - loss 0.22189129
2019-08-28 02:41:08,326 epoch 10 - iter 1134/1620 - loss 0.21760281
2019-08-28 02:41:49,368 epoch 10 - iter 1296/1620 - loss 0.21695742
2019-08-28 02:42:29,411 epoch 10 - iter 1458/1620 - loss 0.22020718
2019-08-28 02:43:08,736 ----------------------------------------------------------------------------------------------------
2019-08-28 02:43:08,736 EPOCH 10 done: loss 0.2169 - lr 0.1000 - bad epochs 0
2019-08-28 02:43:53,697 DEV : loss 0.11438024789094925 - score 0.9915
2019-08-28 02:44:41,228 TEST : loss 0.1454792618751526 - score 0.9904
2019-08-28 02:44:43,579 ----------------------------------------------------------------------------------------------------
2019-08-28 02:44:44,487 epoch 11 - iter 0/1620 - loss 0.03425789
2019-08-28 02:45:24,873 epoch 11 - iter 162/1620 - loss 0.21788968
2019-08-28 02:46:06,070 epoch 11 - iter 324/1620 - loss 0.20778593
2019-08-28 02:46:44,954 epoch 11 - iter 486/1620 - loss 0.21269805
2019-08-28 02:47:25,627 epoch 11 - iter 648/1620 - loss 0.20498899
2019-08-28 02:48:05,371 epoch 11 - iter 810/1620 - loss 0.20806452
2019-08-28 02:48:45,232 epoch 11 - iter 972/1620 - loss 0.21052356
2019-08-28 02:49:25,145 epoch 11 - iter 1134/1620 - loss 0.21092472
2019-08-28 02:50:04,421 epoch 11 - iter 1296/1620 - loss 0.20869609
2019-08-28 02:50:43,806 epoch 11 - iter 1458/1620 - loss 0.20691963
2019-08-28 02:51:24,640 ----------------------------------------------------------------------------------------------------
2019-08-28 02:51:24,640 EPOCH 11 done: loss 0.2062 - lr 0.1000 - bad epochs 0
2019-08-28 02:52:07,253 DEV : loss 0.12178638577461243 - score 0.9908
2019-08-28 02:52:54,153 TEST : loss 0.1591789275407791 - score 0.99
2019-08-28 02:52:54,153 ----------------------------------------------------------------------------------------------------
2019-08-28 02:52:55,056 epoch 12 - iter 0/1620 - loss 0.16141510
2019-08-28 02:53:36,857 epoch 12 - iter 162/1620 - loss 0.20509533
2019-08-28 02:54:16,519 epoch 12 - iter 324/1620 - loss 0.19520997
2019-08-28 02:54:57,357 epoch 12 - iter 486/1620 - loss 0.20650724
2019-08-28 02:55:40,310 epoch 12 - iter 648/1620 - loss 0.21685828
2019-08-28 02:56:19,794 epoch 12 - iter 810/1620 - loss 0.20911928
2019-08-28 02:57:00,958 epoch 12 - iter 972/1620 - loss 0.20710053
2019-08-28 02:57:41,526 epoch 12 - iter 1134/1620 - loss 0.20288097
2019-08-28 02:58:20,879 epoch 12 - iter 1296/1620 - loss 0.19839335
2019-08-28 02:59:02,668 epoch 12 - iter 1458/1620 - loss 0.19913320
2019-08-28 02:59:42,542 ----------------------------------------------------------------------------------------------------
2019-08-28 02:59:42,542 EPOCH 12 done: loss 0.1986 - lr 0.1000 - bad epochs 1
2019-08-28 03:00:25,776 DEV : loss 0.11897877603769302 - score 0.9915
2019-08-28 03:01:15,064 TEST : loss 0.1478773057460785 - score 0.9905
2019-08-28 03:01:17,300 ----------------------------------------------------------------------------------------------------
2019-08-28 03:01:18,261 epoch 13 - iter 0/1620 - loss 0.38288593
2019-08-28 03:02:00,536 epoch 13 - iter 162/1620 - loss 0.20323124
2019-08-28 03:02:41,806 epoch 13 - iter 324/1620 - loss 0.18584858
2019-08-28 03:03:23,436 epoch 13 - iter 486/1620 - loss 0.18258028
2019-08-28 03:04:03,392 epoch 13 - iter 648/1620 - loss 0.18253084
2019-08-28 03:04:44,621 epoch 13 - iter 810/1620 - loss 0.18251498
2019-08-28 03:05:24,206 epoch 13 - iter 972/1620 - loss 0.18463614
2019-08-28 03:06:04,569 epoch 13 - iter 1134/1620 - loss 0.18522191
2019-08-28 03:06:46,235 epoch 13 - iter 1296/1620 - loss 0.19350836
2019-08-28 03:07:24,581 epoch 13 - iter 1458/1620 - loss 0.19459215
2019-08-28 03:08:04,277 ----------------------------------------------------------------------------------------------------
2019-08-28 03:08:04,277 EPOCH 13 done: loss 0.1969 - lr 0.1000 - bad epochs 2
2019-08-28 03:08:48,698 DEV : loss 0.1149001270532608 - score 0.9922
2019-08-28 03:09:35,473 TEST : loss 0.16017082333564758 - score 0.9903
2019-08-28 03:09:37,759 ----------------------------------------------------------------------------------------------------
2019-08-28 03:09:38,538 epoch 14 - iter 0/1620 - loss 0.40002632
2019-08-28 03:10:18,492 epoch 14 - iter 162/1620 - loss 0.20002851
2019-08-28 03:10:58,293 epoch 14 - iter 324/1620 - loss 0.19469543
2019-08-28 03:11:39,227 epoch 14 - iter 486/1620 - loss 0.19705277
2019-08-28 03:12:22,221 epoch 14 - iter 648/1620 - loss 0.19955488
2019-08-28 03:13:04,240 epoch 14 - iter 810/1620 - loss 0.20164815
2019-08-28 03:13:45,340 epoch 14 - iter 972/1620 - loss 0.19881507
2019-08-28 03:14:29,898 epoch 14 - iter 1134/1620 - loss 0.19468195
2019-08-28 03:15:11,533 epoch 14 - iter 1296/1620 - loss 0.19173132
2019-08-28 03:15:55,141 epoch 14 - iter 1458/1620 - loss 0.19410751
2019-08-28 03:16:35,128 ----------------------------------------------------------------------------------------------------
2019-08-28 03:16:35,129 EPOCH 14 done: loss 0.1947 - lr 0.1000 - bad epochs 0
2019-08-28 03:17:19,483 DEV : loss 0.1147039458155632 - score 0.9928
2019-08-28 03:18:09,920 TEST : loss 0.1581304520368576 - score 0.9896
2019-08-28 03:18:12,125 ----------------------------------------------------------------------------------------------------
2019-08-28 03:18:13,165 epoch 15 - iter 0/1620 - loss 0.00438309
2019-08-28 03:18:55,507 epoch 15 - iter 162/1620 - loss 0.18332952
2019-08-28 03:19:37,453 epoch 15 - iter 324/1620 - loss 0.18251562
2019-08-28 03:20:21,582 epoch 15 - iter 486/1620 - loss 0.19032148
2019-08-28 03:21:02,704 epoch 15 - iter 648/1620 - loss 0.17959524
2019-08-28 03:21:45,963 epoch 15 - iter 810/1620 - loss 0.18129177
2019-08-28 03:22:27,944 epoch 15 - iter 972/1620 - loss 0.18561207
2019-08-28 03:23:09,288 epoch 15 - iter 1134/1620 - loss 0.18288167
2019-08-28 03:23:53,158 epoch 15 - iter 1296/1620 - loss 0.18423386
2019-08-28 03:24:34,887 epoch 15 - iter 1458/1620 - loss 0.18486489
2019-08-28 03:25:17,611 ----------------------------------------------------------------------------------------------------
2019-08-28 03:25:17,612 EPOCH 15 done: loss 0.1874 - lr 0.1000 - bad epochs 0
2019-08-28 03:26:01,931 DEV : loss 0.12622462213039398 - score 0.9914
2019-08-28 03:26:50,663 TEST : loss 0.15119706094264984 - score 0.9904
2019-08-28 03:26:50,664 ----------------------------------------------------------------------------------------------------
2019-08-28 03:26:51,786 epoch 16 - iter 0/1620 - loss 0.05630589
2019-08-28 03:27:36,884 epoch 16 - iter 162/1620 - loss 0.15529436
2019-08-28 03:28:19,794 epoch 16 - iter 324/1620 - loss 0.16709256
2019-08-28 03:29:02,984 epoch 16 - iter 486/1620 - loss 0.16840597
2019-08-28 03:29:45,173 epoch 16 - iter 648/1620 - loss 0.17063667
2019-08-28 03:30:26,173 epoch 16 - iter 810/1620 - loss 0.17517871
2019-08-28 03:31:08,452 epoch 16 - iter 972/1620 - loss 0.17809997
2019-08-28 03:31:49,596 epoch 16 - iter 1134/1620 - loss 0.17509290
2019-08-28 03:32:30,389 epoch 16 - iter 1296/1620 - loss 0.17391848
2019-08-28 03:33:13,656 epoch 16 - iter 1458/1620 - loss 0.17391991
2019-08-28 03:33:54,522 ----------------------------------------------------------------------------------------------------
2019-08-28 03:33:54,523 EPOCH 16 done: loss 0.1744 - lr 0.1000 - bad epochs 1
2019-08-28 03:34:38,675 DEV : loss 0.12868750095367432 - score 0.9919
2019-08-28 03:35:28,041 TEST : loss 0.15361380577087402 - score 0.99
2019-08-28 03:35:28,041 ----------------------------------------------------------------------------------------------------
2019-08-28 03:35:28,994 epoch 17 - iter 0/1620 - loss 0.04798698
2019-08-28 03:36:10,880 epoch 17 - iter 162/1620 - loss 0.19279169
2019-08-28 03:36:53,783 epoch 17 - iter 324/1620 - loss 0.20550332
2019-08-28 03:37:34,908 epoch 17 - iter 486/1620 - loss 0.19975978
2019-08-28 03:38:17,191 epoch 17 - iter 648/1620 - loss 0.19479522
2019-08-28 03:39:00,393 epoch 17 - iter 810/1620 - loss 0.19280429
2019-08-28 03:39:41,980 epoch 17 - iter 972/1620 - loss 0.18984735
2019-08-28 03:40:24,186 epoch 17 - iter 1134/1620 - loss 0.18145524
2019-08-28 03:41:05,992 epoch 17 - iter 1296/1620 - loss 0.17742111
2019-08-28 03:41:48,093 epoch 17 - iter 1458/1620 - loss 0.17477694
2019-08-28 03:42:31,139 ----------------------------------------------------------------------------------------------------
2019-08-28 03:42:31,140 EPOCH 17 done: loss 0.1728 - lr 0.1000 - bad epochs 2
2019-08-28 03:43:15,436 DEV : loss 0.12205148488283157 - score 0.9916
2019-08-28 03:44:04,366 TEST : loss 0.16396747529506683 - score 0.9896
2019-08-28 03:44:04,367 ----------------------------------------------------------------------------------------------------
2019-08-28 03:44:07,126 epoch 18 - iter 0/1620 - loss 0.00910568
2019-08-28 03:44:47,995 epoch 18 - iter 162/1620 - loss 0.16160989
2019-08-28 03:45:29,612 epoch 18 - iter 324/1620 - loss 0.15966932
2019-08-28 03:46:12,624 epoch 18 - iter 486/1620 - loss 0.16546601
2019-08-28 03:46:54,153 epoch 18 - iter 648/1620 - loss 0.16897037
2019-08-28 03:47:35,413 epoch 18 - iter 810/1620 - loss 0.17832141
2019-08-28 03:48:20,497 epoch 18 - iter 972/1620 - loss 0.18134293
2019-08-28 03:49:01,771 epoch 18 - iter 1134/1620 - loss 0.18325380
2019-08-28 03:49:44,316 epoch 18 - iter 1296/1620 - loss 0.18225319
2019-08-28 03:50:26,050 epoch 18 - iter 1458/1620 - loss 0.17998165
2019-08-28 03:51:06,749 ----------------------------------------------------------------------------------------------------
2019-08-28 03:51:06,749 EPOCH 18 done: loss 0.1787 - lr 0.1000 - bad epochs 3
2019-08-28 03:51:52,870 DEV : loss 0.12540669739246368 - score 0.9916
2019-08-28 03:52:42,089 TEST : loss 0.18646514415740967 - score 0.9881
2019-08-28 03:52:42,090 ----------------------------------------------------------------------------------------------------
2019-08-28 03:52:43,113 epoch 19 - iter 0/1620 - loss 0.57805252
2019-08-28 03:53:27,481 epoch 19 - iter 162/1620 - loss 0.15777007
2019-08-28 03:54:08,562 epoch 19 - iter 324/1620 - loss 0.15375664
2019-08-28 03:54:49,632 epoch 19 - iter 486/1620 - loss 0.14671367
2019-08-28 03:55:31,140 epoch 19 - iter 648/1620 - loss 0.15371692
2019-08-28 03:56:12,883 epoch 19 - iter 810/1620 - loss 0.15210136
2019-08-28 03:56:55,663 epoch 19 - iter 972/1620 - loss 0.15543702
2019-08-28 03:57:37,069 epoch 19 - iter 1134/1620 - loss 0.15436591
2019-08-28 03:58:19,206 epoch 19 - iter 1296/1620 - loss 0.15366638
2019-08-28 03:59:02,790 epoch 19 - iter 1458/1620 - loss 0.15298065
2019-08-28 03:59:44,164 ----------------------------------------------------------------------------------------------------
2019-08-28 03:59:44,164 EPOCH 19 done: loss 0.1529 - lr 0.0500 - bad epochs 0
2019-08-28 04:00:28,882 DEV : loss 0.12401682138442993 - score 0.992
2019-08-28 04:01:19,176 TEST : loss 0.15763632953166962 - score 0.9904
2019-08-28 04:01:19,176 ----------------------------------------------------------------------------------------------------
2019-08-28 04:01:20,161 epoch 20 - iter 0/1620 - loss 0.09564018
2019-08-28 04:02:01,582 epoch 20 - iter 162/1620 - loss 0.11357405
2019-08-28 04:02:45,947 epoch 20 - iter 324/1620 - loss 0.13002858
2019-08-28 04:03:27,142 epoch 20 - iter 486/1620 - loss 0.13405103
2019-08-28 04:04:08,330 epoch 20 - iter 648/1620 - loss 0.13540368
2019-08-28 04:04:51,537 epoch 20 - iter 810/1620 - loss 0.13762497
2019-08-28 04:05:33,236 epoch 20 - iter 972/1620 - loss 0.14183926
2019-08-28 04:06:15,537 epoch 20 - iter 1134/1620 - loss 0.14188839
2019-08-28 04:06:57,280 epoch 20 - iter 1296/1620 - loss 0.14468598
2019-08-28 04:07:37,839 epoch 20 - iter 1458/1620 - loss 0.14507842
2019-08-28 04:08:21,391 ----------------------------------------------------------------------------------------------------
2019-08-28 04:08:21,392 EPOCH 20 done: loss 0.1469 - lr 0.0500 - bad epochs 1
2019-08-28 04:09:06,192 DEV : loss 0.12088199704885483 - score 0.9919
2019-08-28 04:09:56,329 TEST : loss 0.15145844221115112 - score 0.9904
2019-08-28 04:09:56,329 ----------------------------------------------------------------------------------------------------
2019-08-28 04:09:57,289 epoch 21 - iter 0/1620 - loss 0.18713760
2019-08-28 04:10:38,565 epoch 21 - iter 162/1620 - loss 0.14588755
2019-08-28 04:11:20,028 epoch 21 - iter 324/1620 - loss 0.14068009
2019-08-28 04:12:04,159 epoch 21 - iter 486/1620 - loss 0.13584343
2019-08-28 04:12:45,387 epoch 21 - iter 648/1620 - loss 0.14002369
2019-08-28 04:13:26,856 epoch 21 - iter 810/1620 - loss 0.13410980
2019-08-28 04:14:09,403 epoch 21 - iter 972/1620 - loss 0.13869810
2019-08-28 04:14:50,414 epoch 21 - iter 1134/1620 - loss 0.14158802
2019-08-28 04:15:33,105 epoch 21 - iter 1296/1620 - loss 0.14217096
2019-08-28 04:16:15,900 epoch 21 - iter 1458/1620 - loss 0.14391350
2019-08-28 04:16:58,005 ----------------------------------------------------------------------------------------------------
2019-08-28 04:16:58,005 EPOCH 21 done: loss 0.1420 - lr 0.0500 - bad epochs 2
2019-08-28 04:17:44,084 DEV : loss 0.12317265570163727 - score 0.9924
2019-08-28 04:18:33,009 TEST : loss 0.15793059766292572 - score 0.9904
2019-08-28 04:18:33,009 ----------------------------------------------------------------------------------------------------
2019-08-28 04:18:33,996 epoch 22 - iter 0/1620 - loss 0.01798630
2019-08-28 04:19:15,507 epoch 22 - iter 162/1620 - loss 0.10888195
2019-08-28 04:19:58,437 epoch 22 - iter 324/1620 - loss 0.10673476
2019-08-28 04:20:39,696 epoch 22 - iter 486/1620 - loss 0.10207391
2019-08-28 04:21:23,060 epoch 22 - iter 648/1620 - loss 0.10743395
2019-08-28 04:22:05,379 epoch 22 - iter 810/1620 - loss 0.11040754
2019-08-28 04:22:46,703 epoch 22 - iter 972/1620 - loss 0.11741660
2019-08-28 04:23:30,287 epoch 22 - iter 1134/1620 - loss 0.12171648
2019-08-28 04:24:11,115 epoch 22 - iter 1296/1620 - loss 0.12035657
2019-08-28 04:24:53,793 epoch 22 - iter 1458/1620 - loss 0.12131482
2019-08-28 04:25:34,394 ----------------------------------------------------------------------------------------------------
2019-08-28 04:25:34,395 EPOCH 22 done: loss 0.1240 - lr 0.0500 - bad epochs 3
2019-08-28 04:26:19,258 DEV : loss 0.12510237097740173 - score 0.9917
2019-08-28 04:27:10,078 TEST : loss 0.16659174859523773 - score 0.99
2019-08-28 04:27:10,078 ----------------------------------------------------------------------------------------------------
2019-08-28 04:27:11,023 epoch 23 - iter 0/1620 - loss 0.39498329
2019-08-28 04:27:51,765 epoch 23 - iter 162/1620 - loss 0.13859591
2019-08-28 04:28:35,590 epoch 23 - iter 324/1620 - loss 0.13197518
2019-08-28 04:29:17,436 epoch 23 - iter 486/1620 - loss 0.13482573
2019-08-28 04:29:58,390 epoch 23 - iter 648/1620 - loss 0.12664471
2019-08-28 04:30:38,703 epoch 23 - iter 810/1620 - loss 0.12423925
2019-08-28 04:31:18,011 epoch 23 - iter 972/1620 - loss 0.12262817
2019-08-28 04:31:56,830 epoch 23 - iter 1134/1620 - loss 0.12168081
2019-08-28 04:32:37,703 epoch 23 - iter 1296/1620 - loss 0.12139148
2019-08-28 04:33:15,921 epoch 23 - iter 1458/1620 - loss 0.12099882
2019-08-28 04:33:54,920 ----------------------------------------------------------------------------------------------------
2019-08-28 04:33:54,921 EPOCH 23 done: loss 0.1209 - lr 0.0250 - bad epochs 0
2019-08-28 04:34:38,746 DEV : loss 0.126345694065094 - score 0.9922
2019-08-28 04:35:24,175 TEST : loss 0.17091050744056702 - score 0.9898
2019-08-28 04:35:24,175 ----------------------------------------------------------------------------------------------------
2019-08-28 04:35:25,181 epoch 24 - iter 0/1620 - loss 0.00936508
2019-08-28 04:36:06,341 epoch 24 - iter 162/1620 - loss 0.12583008
2019-08-28 04:36:45,540 epoch 24 - iter 324/1620 - loss 0.11136670
2019-08-28 04:37:25,342 epoch 24 - iter 486/1620 - loss 0.11650868
2019-08-28 04:38:05,528 epoch 24 - iter 648/1620 - loss 0.11133818
2019-08-28 04:38:45,986 epoch 24 - iter 810/1620 - loss 0.11300360
2019-08-28 04:39:24,321 epoch 24 - iter 972/1620 - loss 0.11694890
2019-08-28 04:40:04,279 epoch 24 - iter 1134/1620 - loss 0.11372867
2019-08-28 04:40:43,526 epoch 24 - iter 1296/1620 - loss 0.11441275
2019-08-28 04:41:21,882 epoch 24 - iter 1458/1620 - loss 0.11309723
2019-08-28 04:42:02,684 ----------------------------------------------------------------------------------------------------
2019-08-28 04:42:02,685 EPOCH 24 done: loss 0.1123 - lr 0.0250 - bad epochs 1
2019-08-28 04:42:44,938 DEV : loss 0.12242776155471802 - score 0.9924
2019-08-28 04:43:30,797 TEST : loss 0.16191188991069794 - score 0.9903
2019-08-28 04:43:30,797 ----------------------------------------------------------------------------------------------------
2019-08-28 04:43:31,649 epoch 25 - iter 0/1620 - loss 0.01424408
2019-08-28 04:44:12,364 epoch 25 - iter 162/1620 - loss 0.14687387
2019-08-28 04:44:51,847 epoch 25 - iter 324/1620 - loss 0.13735402
2019-08-28 04:45:30,522 epoch 25 - iter 486/1620 - loss 0.12775699
2019-08-28 04:46:11,742 epoch 25 - iter 648/1620 - loss 0.12410807
2019-08-28 04:46:51,226 epoch 25 - iter 810/1620 - loss 0.12095799
2019-08-28 04:47:30,573 epoch 25 - iter 972/1620 - loss 0.11992957
2019-08-28 04:48:12,270 epoch 25 - iter 1134/1620 - loss 0.12217805
2019-08-28 04:48:52,074 epoch 25 - iter 1296/1620 - loss 0.11844827
2019-08-28 04:49:30,093 epoch 25 - iter 1458/1620 - loss 0.11934484
2019-08-28 04:50:11,348 ----------------------------------------------------------------------------------------------------
2019-08-28 04:50:11,349 EPOCH 25 done: loss 0.1181 - lr 0.0250 - bad epochs 2
2019-08-28 04:50:52,704 DEV : loss 0.1241484135389328 - score 0.9916
2019-08-28 04:51:40,012 TEST : loss 0.16011077165603638 - score 0.9902
2019-08-28 04:51:40,012 ----------------------------------------------------------------------------------------------------
2019-08-28 04:51:40,820 epoch 26 - iter 0/1620 - loss 0.00501633
2019-08-28 04:52:22,273 epoch 26 - iter 162/1620 - loss 0.09932389
2019-08-28 04:53:01,889 epoch 26 - iter 324/1620 - loss 0.10647539
2019-08-28 04:53:42,052 epoch 26 - iter 486/1620 - loss 0.11366398
2019-08-28 04:54:21,397 epoch 26 - iter 648/1620 - loss 0.10378217
2019-08-28 04:55:01,125 epoch 26 - iter 810/1620 - loss 0.10741209
2019-08-28 04:55:41,345 epoch 26 - iter 972/1620 - loss 0.10881261
2019-08-28 04:56:21,315 epoch 26 - iter 1134/1620 - loss 0.10739497
2019-08-28 04:57:00,836 epoch 26 - iter 1296/1620 - loss 0.10674990
2019-08-28 04:57:40,836 epoch 26 - iter 1458/1620 - loss 0.10836310
2019-08-28 04:58:22,257 ----------------------------------------------------------------------------------------------------
2019-08-28 04:58:22,257 EPOCH 26 done: loss 0.1067 - lr 0.0250 - bad epochs 3
2019-08-28 04:59:06,367 DEV : loss 0.12603572010993958 - score 0.9917
2019-08-28 04:59:56,826 TEST : loss 0.15939302742481232 - score 0.9912
2019-08-28 04:59:56,826 ----------------------------------------------------------------------------------------------------
2019-08-28 04:59:57,828 epoch 27 - iter 0/1620 - loss 0.01709175
2019-08-28 05:00:40,096 epoch 27 - iter 162/1620 - loss 0.13439087
2019-08-28 05:01:23,149 epoch 27 - iter 324/1620 - loss 0.13436024
2019-08-28 05:02:04,646 epoch 27 - iter 486/1620 - loss 0.12842174
2019-08-28 05:02:44,567 epoch 27 - iter 648/1620 - loss 0.12440569
2019-08-28 05:03:27,426 epoch 27 - iter 810/1620 - loss 0.12039336
2019-08-28 05:04:09,486 epoch 27 - iter 972/1620 - loss 0.11646314
2019-08-28 05:04:52,534 epoch 27 - iter 1134/1620 - loss 0.11768210
2019-08-28 05:05:33,790 epoch 27 - iter 1296/1620 - loss 0.11558699
2019-08-28 05:06:14,029 epoch 27 - iter 1458/1620 - loss 0.11325975
2019-08-28 05:06:56,064 ----------------------------------------------------------------------------------------------------
2019-08-28 05:06:56,065 EPOCH 27 done: loss 0.1108 - lr 0.0125 - bad epochs 0
2019-08-28 05:07:40,836 DEV : loss 0.1262255311012268 - score 0.992
2019-08-28 05:08:28,712 TEST : loss 0.16442465782165527 - score 0.9906
2019-08-28 05:08:28,712 ----------------------------------------------------------------------------------------------------
2019-08-28 05:08:29,553 epoch 28 - iter 0/1620 - loss 0.00732136
2019-08-28 05:09:13,125 epoch 28 - iter 162/1620 - loss 0.08768828
2019-08-28 05:09:54,158 epoch 28 - iter 324/1620 - loss 0.11097967
2019-08-28 05:10:38,087 epoch 28 - iter 486/1620 - loss 0.10713402
2019-08-28 05:11:19,342 epoch 28 - iter 648/1620 - loss 0.10607916
2019-08-28 05:12:00,913 epoch 28 - iter 810/1620 - loss 0.11076807
2019-08-28 05:12:42,343 epoch 28 - iter 972/1620 - loss 0.11402638
2019-08-28 05:13:24,755 epoch 28 - iter 1134/1620 - loss 0.11487424
2019-08-28 05:14:06,730 epoch 28 - iter 1296/1620 - loss 0.11735491
2019-08-28 05:14:47,349 epoch 28 - iter 1458/1620 - loss 0.11603758
2019-08-28 05:15:27,997 ----------------------------------------------------------------------------------------------------
2019-08-28 05:15:27,998 EPOCH 28 done: loss 0.1134 - lr 0.0125 - bad epochs 1
2019-08-28 05:16:14,254 DEV : loss 0.1289679855108261 - score 0.9921
2019-08-28 05:17:03,360 TEST : loss 0.1661013811826706 - score 0.9896
2019-08-28 05:17:03,360 ----------------------------------------------------------------------------------------------------
2019-08-28 05:17:04,582 epoch 29 - iter 0/1620 - loss 0.03333282
2019-08-28 05:17:45,327 epoch 29 - iter 162/1620 - loss 0.09630406
2019-08-28 05:18:28,402 epoch 29 - iter 324/1620 - loss 0.10843363
2019-08-28 05:19:09,867 epoch 29 - iter 486/1620 - loss 0.10097438
2019-08-28 05:19:52,878 epoch 29 - iter 648/1620 - loss 0.10594167
2019-08-28 05:20:34,530 epoch 29 - iter 810/1620 - loss 0.10773991
2019-08-28 05:21:16,210 epoch 29 - iter 972/1620 - loss 0.11410687
2019-08-28 05:21:59,100 epoch 29 - iter 1134/1620 - loss 0.11304920
2019-08-28 05:22:40,282 epoch 29 - iter 1296/1620 - loss 0.11208825
2019-08-28 05:23:23,114 epoch 29 - iter 1458/1620 - loss 0.11290852
2019-08-28 05:24:04,240 ----------------------------------------------------------------------------------------------------
2019-08-28 05:24:04,240 EPOCH 29 done: loss 0.1116 - lr 0.0125 - bad epochs 2
2019-08-28 05:24:47,791 DEV : loss 0.12562325596809387 - score 0.9918
2019-08-28 05:25:37,445 TEST : loss 0.16532573103904724 - score 0.9902
2019-08-28 05:25:37,445 ----------------------------------------------------------------------------------------------------
2019-08-28 05:25:38,329 epoch 30 - iter 0/1620 - loss 0.00095940
2019-08-28 05:26:21,014 epoch 30 - iter 162/1620 - loss 0.09733995
2019-08-28 05:27:00,490 epoch 30 - iter 324/1620 - loss 0.09782562
2019-08-28 05:27:44,255 epoch 30 - iter 486/1620 - loss 0.09749217
2019-08-28 05:28:25,343 epoch 30 - iter 648/1620 - loss 0.10298105
2019-08-28 05:29:07,525 epoch 30 - iter 810/1620 - loss 0.10552891
2019-08-28 05:29:49,505 epoch 30 - iter 972/1620 - loss 0.10180433
2019-08-28 05:30:31,355 epoch 30 - iter 1134/1620 - loss 0.10115032
2019-08-28 05:31:14,596 epoch 30 - iter 1296/1620 - loss 0.09985848
2019-08-28 05:31:56,011 epoch 30 - iter 1458/1620 - loss 0.09999150
2019-08-28 05:32:39,368 ----------------------------------------------------------------------------------------------------
2019-08-28 05:32:39,369 EPOCH 30 done: loss 0.1016 - lr 0.0125 - bad epochs 3
2019-08-28 05:33:23,455 DEV : loss 0.12491559237241745 - score 0.9923
2019-08-28 05:34:11,439 TEST : loss 0.16779831051826477 - score 0.9905
2019-08-28 05:34:13,608 ----------------------------------------------------------------------------------------------------
2019-08-28 05:34:13,608 Testing using best model ...
2019-08-28 05:34:13,609 loading file iter6_trained/best-model.pt
2019-08-28 05:35:04,482 0.9894	0.9898	0.9896
2019-08-28 05:35:04,482 
MICRO_AVG: acc 0.9794 - f1-score 0.9896
MACRO_AVG: acc 0.9795 - f1-score 0.9897
aux        tp: 2391 - fp: 34 - fn: 12 - tn: 2391 - precision: 0.9860 - recall: 0.9950 - accuracy: 0.9811 - f1-score: 0.9905
verb       tp: 3114 - fp: 25 - fn: 45 - tn: 3114 - precision: 0.9920 - recall: 0.9858 - accuracy: 0.9780 - f1-score: 0.9889
2019-08-28 05:35:04,482 ----------------------------------------------------------------------------------------------------
