2019-08-27 21:03:40,475 ----------------------------------------------------------------------------------------------------
2019-08-27 21:03:40,475 Evaluation method: MICRO_F1_SCORE
2019-08-27 21:03:40,820 ----------------------------------------------------------------------------------------------------
2019-08-27 21:03:41,568 epoch 1 - iter 0/1620 - loss 16.35722160
2019-08-27 21:04:28,125 epoch 1 - iter 162/1620 - loss 3.22718305
2019-08-27 21:05:13,024 epoch 1 - iter 324/1620 - loss 2.10142977
2019-08-27 21:05:59,606 epoch 1 - iter 486/1620 - loss 1.65358459
2019-08-27 21:06:46,692 epoch 1 - iter 648/1620 - loss 1.42087088
2019-08-27 21:07:32,661 epoch 1 - iter 810/1620 - loss 1.25578117
2019-08-27 21:08:20,191 epoch 1 - iter 972/1620 - loss 1.14499499
2019-08-27 21:09:06,339 epoch 1 - iter 1134/1620 - loss 1.06031930
2019-08-27 21:09:53,849 epoch 1 - iter 1296/1620 - loss 0.99006605
2019-08-27 21:10:41,178 epoch 1 - iter 1458/1620 - loss 0.93963966
2019-08-27 21:11:25,924 ----------------------------------------------------------------------------------------------------
2019-08-27 21:11:25,924 EPOCH 1 done: loss 0.8955 - lr 0.1000 - bad epochs 0
2019-08-27 21:12:12,067 DEV : loss 0.2279074341058731 - score 0.9788
2019-08-27 21:13:04,304 TEST : loss 0.20686939358711243 - score 0.9836
2019-08-27 21:13:05,951 ----------------------------------------------------------------------------------------------------
2019-08-27 21:13:06,831 epoch 2 - iter 0/1620 - loss 1.14426041
2019-08-27 21:13:52,800 epoch 2 - iter 162/1620 - loss 0.44426446
2019-08-27 21:14:40,074 epoch 2 - iter 324/1620 - loss 0.45018796
2019-08-27 21:15:26,324 epoch 2 - iter 486/1620 - loss 0.45489910
2019-08-27 21:16:13,091 epoch 2 - iter 648/1620 - loss 0.44825627
2019-08-27 21:17:00,454 epoch 2 - iter 810/1620 - loss 0.43953626
2019-08-27 21:17:48,278 epoch 2 - iter 972/1620 - loss 0.43588331
2019-08-27 21:18:34,466 epoch 2 - iter 1134/1620 - loss 0.42878366
2019-08-27 21:19:20,063 epoch 2 - iter 1296/1620 - loss 0.41694618
2019-08-27 21:20:06,231 epoch 2 - iter 1458/1620 - loss 0.41035554
2019-08-27 21:20:53,786 ----------------------------------------------------------------------------------------------------
2019-08-27 21:20:53,786 EPOCH 2 done: loss 0.4099 - lr 0.1000 - bad epochs 0
2019-08-27 21:21:39,892 DEV : loss 0.21167725324630737 - score 0.98
2019-08-27 21:22:31,701 TEST : loss 0.19697505235671997 - score 0.9837
2019-08-27 21:22:34,475 ----------------------------------------------------------------------------------------------------
2019-08-27 21:22:35,425 epoch 3 - iter 0/1620 - loss 0.02715635
2019-08-27 21:23:20,681 epoch 3 - iter 162/1620 - loss 0.34174209
2019-08-27 21:24:09,719 epoch 3 - iter 324/1620 - loss 0.36001775
2019-08-27 21:24:56,746 epoch 3 - iter 486/1620 - loss 0.36904549
2019-08-27 21:25:44,586 epoch 3 - iter 648/1620 - loss 0.36952553
2019-08-27 21:26:29,035 epoch 3 - iter 810/1620 - loss 0.35788638
2019-08-27 21:27:13,592 epoch 3 - iter 972/1620 - loss 0.36187165
2019-08-27 21:27:59,898 epoch 3 - iter 1134/1620 - loss 0.36026659
2019-08-27 21:28:46,116 epoch 3 - iter 1296/1620 - loss 0.35913469
2019-08-27 21:29:33,592 epoch 3 - iter 1458/1620 - loss 0.36185606
2019-08-27 21:30:20,778 ----------------------------------------------------------------------------------------------------
2019-08-27 21:30:20,778 EPOCH 3 done: loss 0.3618 - lr 0.1000 - bad epochs 0
2019-08-27 21:31:05,730 DEV : loss 0.1821046620607376 - score 0.9847
2019-08-27 21:31:58,806 TEST : loss 0.1568852961063385 - score 0.9872
2019-08-27 21:32:01,744 ----------------------------------------------------------------------------------------------------
2019-08-27 21:32:02,777 epoch 4 - iter 0/1620 - loss 0.04361534
2019-08-27 21:32:49,300 epoch 4 - iter 162/1620 - loss 0.30770978
2019-08-27 21:33:37,863 epoch 4 - iter 324/1620 - loss 0.30899552
2019-08-27 21:34:24,505 epoch 4 - iter 486/1620 - loss 0.29486739
2019-08-27 21:35:10,727 epoch 4 - iter 648/1620 - loss 0.28752171
2019-08-27 21:35:58,176 epoch 4 - iter 810/1620 - loss 0.29680601
2019-08-27 21:36:46,558 epoch 4 - iter 972/1620 - loss 0.30202103
2019-08-27 21:37:32,977 epoch 4 - iter 1134/1620 - loss 0.30380204
2019-08-27 21:38:19,265 epoch 4 - iter 1296/1620 - loss 0.30128067
2019-08-27 21:39:05,706 epoch 4 - iter 1458/1620 - loss 0.30191866
2019-08-27 21:39:52,029 ----------------------------------------------------------------------------------------------------
2019-08-27 21:39:52,029 EPOCH 4 done: loss 0.2970 - lr 0.1000 - bad epochs 0
2019-08-27 21:40:38,627 DEV : loss 0.15567147731781006 - score 0.9873
2019-08-27 21:41:30,480 TEST : loss 0.14129358530044556 - score 0.9899
2019-08-27 21:41:33,561 ----------------------------------------------------------------------------------------------------
2019-08-27 21:41:34,857 epoch 5 - iter 0/1620 - loss 1.78010559
2019-08-27 21:42:20,032 epoch 5 - iter 162/1620 - loss 0.26800738
2019-08-27 21:43:10,414 epoch 5 - iter 324/1620 - loss 0.25392914
2019-08-27 21:43:58,789 epoch 5 - iter 486/1620 - loss 0.27428613
2019-08-27 21:44:44,473 epoch 5 - iter 648/1620 - loss 0.28133208
2019-08-27 21:45:31,292 epoch 5 - iter 810/1620 - loss 0.28087947
2019-08-27 21:46:20,404 epoch 5 - iter 972/1620 - loss 0.27407276
2019-08-27 21:47:06,554 epoch 5 - iter 1134/1620 - loss 0.27491158
2019-08-27 21:47:52,938 epoch 5 - iter 1296/1620 - loss 0.27360554
2019-08-27 21:48:37,424 epoch 5 - iter 1458/1620 - loss 0.26948606
2019-08-27 21:49:23,421 ----------------------------------------------------------------------------------------------------
2019-08-27 21:49:23,421 EPOCH 5 done: loss 0.2710 - lr 0.1000 - bad epochs 0
2019-08-27 21:50:10,409 DEV : loss 0.13701775670051575 - score 0.9899
2019-08-27 21:51:02,894 TEST : loss 0.13419315218925476 - score 0.9907
2019-08-27 21:51:05,924 ----------------------------------------------------------------------------------------------------
2019-08-27 21:51:06,961 epoch 6 - iter 0/1620 - loss 0.02159023
2019-08-27 21:51:53,849 epoch 6 - iter 162/1620 - loss 0.23463187
2019-08-27 21:52:41,381 epoch 6 - iter 324/1620 - loss 0.25515300
2019-08-27 21:53:27,825 epoch 6 - iter 486/1620 - loss 0.26919319
2019-08-27 21:54:15,020 epoch 6 - iter 648/1620 - loss 0.26288861
2019-08-27 21:55:04,182 epoch 6 - iter 810/1620 - loss 0.26236573
2019-08-27 21:55:49,881 epoch 6 - iter 972/1620 - loss 0.25784821
2019-08-27 21:56:35,771 epoch 6 - iter 1134/1620 - loss 0.25491376
2019-08-27 21:57:22,547 epoch 6 - iter 1296/1620 - loss 0.25562040
2019-08-27 21:58:10,033 epoch 6 - iter 1458/1620 - loss 0.26126063
2019-08-27 21:58:56,591 ----------------------------------------------------------------------------------------------------
2019-08-27 21:58:56,591 EPOCH 6 done: loss 0.2616 - lr 0.1000 - bad epochs 0
2019-08-27 21:59:42,952 DEV : loss 0.15124168992042542 - score 0.9885
2019-08-27 22:00:36,601 TEST : loss 0.12996014952659607 - score 0.991
2019-08-27 22:00:36,601 ----------------------------------------------------------------------------------------------------
2019-08-27 22:00:37,579 epoch 7 - iter 0/1620 - loss 0.03141308
2019-08-27 22:01:23,749 epoch 7 - iter 162/1620 - loss 0.22674198
2019-08-27 22:02:09,718 epoch 7 - iter 324/1620 - loss 0.24585189
2019-08-27 22:02:55,923 epoch 7 - iter 486/1620 - loss 0.25964301
2019-08-27 22:03:44,358 epoch 7 - iter 648/1620 - loss 0.25598184
2019-08-27 22:04:32,406 epoch 7 - iter 810/1620 - loss 0.25429169
2019-08-27 22:05:19,735 epoch 7 - iter 972/1620 - loss 0.25817885
2019-08-27 22:06:07,782 epoch 7 - iter 1134/1620 - loss 0.25517362
2019-08-27 22:06:55,604 epoch 7 - iter 1296/1620 - loss 0.25596683
2019-08-27 22:07:41,109 epoch 7 - iter 1458/1620 - loss 0.25585942
2019-08-27 22:08:27,476 ----------------------------------------------------------------------------------------------------
2019-08-27 22:08:27,476 EPOCH 7 done: loss 0.2495 - lr 0.1000 - bad epochs 1
2019-08-27 22:09:14,740 DEV : loss 0.14324843883514404 - score 0.99
2019-08-27 22:10:06,644 TEST : loss 0.13375312089920044 - score 0.9912
2019-08-27 22:10:09,809 ----------------------------------------------------------------------------------------------------
2019-08-27 22:10:10,773 epoch 8 - iter 0/1620 - loss 0.34661436
2019-08-27 22:10:56,872 epoch 8 - iter 162/1620 - loss 0.22649064
2019-08-27 22:11:44,032 epoch 8 - iter 324/1620 - loss 0.23588100
2019-08-27 22:12:32,228 epoch 8 - iter 486/1620 - loss 0.22828959
2019-08-27 22:13:19,795 epoch 8 - iter 648/1620 - loss 0.23142976
2019-08-27 22:14:06,715 epoch 8 - iter 810/1620 - loss 0.23337860
2019-08-27 22:14:52,504 epoch 8 - iter 972/1620 - loss 0.23906673
2019-08-27 22:15:40,654 epoch 8 - iter 1134/1620 - loss 0.24094374
2019-08-27 22:16:28,786 epoch 8 - iter 1296/1620 - loss 0.24289746
2019-08-27 22:17:15,489 epoch 8 - iter 1458/1620 - loss 0.24148794
2019-08-27 22:18:02,840 ----------------------------------------------------------------------------------------------------
2019-08-27 22:18:02,841 EPOCH 8 done: loss 0.2395 - lr 0.1000 - bad epochs 0
2019-08-27 22:18:48,801 DEV : loss 0.13354580104351044 - score 0.9898
2019-08-27 22:19:41,743 TEST : loss 0.13117197155952454 - score 0.9906
2019-08-27 22:19:41,743 ----------------------------------------------------------------------------------------------------
2019-08-27 22:19:42,620 epoch 9 - iter 0/1620 - loss 0.51732826
2019-08-27 22:20:30,236 epoch 9 - iter 162/1620 - loss 0.21859016
2019-08-27 22:21:16,532 epoch 9 - iter 324/1620 - loss 0.21348465
2019-08-27 22:22:02,342 epoch 9 - iter 486/1620 - loss 0.22230224
2019-08-27 22:22:49,396 epoch 9 - iter 648/1620 - loss 0.23318222
2019-08-27 22:23:36,053 epoch 9 - iter 810/1620 - loss 0.22932097
2019-08-27 22:24:23,147 epoch 9 - iter 972/1620 - loss 0.22511510
2019-08-27 22:25:11,767 epoch 9 - iter 1134/1620 - loss 0.23172951
2019-08-27 22:25:57,734 epoch 9 - iter 1296/1620 - loss 0.23000419
2019-08-27 22:26:44,340 epoch 9 - iter 1458/1620 - loss 0.23085838
2019-08-27 22:27:32,024 ----------------------------------------------------------------------------------------------------
2019-08-27 22:27:32,025 EPOCH 9 done: loss 0.2314 - lr 0.1000 - bad epochs 1
2019-08-27 22:28:17,264 DEV : loss 0.12984710931777954 - score 0.9904
2019-08-27 22:29:08,589 TEST : loss 0.12777455151081085 - score 0.9898
2019-08-27 22:29:11,744 ----------------------------------------------------------------------------------------------------
2019-08-27 22:29:12,709 epoch 10 - iter 0/1620 - loss 0.02287483
2019-08-27 22:30:00,564 epoch 10 - iter 162/1620 - loss 0.19375190
2019-08-27 22:30:46,039 epoch 10 - iter 324/1620 - loss 0.20281552
2019-08-27 22:31:33,028 epoch 10 - iter 486/1620 - loss 0.20184663
2019-08-27 22:32:20,454 epoch 10 - iter 648/1620 - loss 0.19543377
2019-08-27 22:33:05,058 epoch 10 - iter 810/1620 - loss 0.19268239
2019-08-27 22:33:52,330 epoch 10 - iter 972/1620 - loss 0.19456498
2019-08-27 22:34:38,121 epoch 10 - iter 1134/1620 - loss 0.19843194
2019-08-27 22:35:24,361 epoch 10 - iter 1296/1620 - loss 0.20227869
2019-08-27 22:36:10,520 epoch 10 - iter 1458/1620 - loss 0.20652421
2019-08-27 22:36:56,507 ----------------------------------------------------------------------------------------------------
2019-08-27 22:36:56,508 EPOCH 10 done: loss 0.2078 - lr 0.1000 - bad epochs 0
2019-08-27 22:37:41,420 DEV : loss 0.15675956010818481 - score 0.9903
2019-08-27 22:38:34,714 TEST : loss 0.13634777069091797 - score 0.9908
2019-08-27 22:38:34,714 ----------------------------------------------------------------------------------------------------
2019-08-27 22:38:35,666 epoch 11 - iter 0/1620 - loss 0.23977375
2019-08-27 22:39:23,217 epoch 11 - iter 162/1620 - loss 0.16038920
2019-08-27 22:40:09,858 epoch 11 - iter 324/1620 - loss 0.18819125
2019-08-27 22:40:56,925 epoch 11 - iter 486/1620 - loss 0.19222554
2019-08-27 22:41:42,010 epoch 11 - iter 648/1620 - loss 0.19191357
2019-08-27 22:42:29,489 epoch 11 - iter 810/1620 - loss 0.18908663
2019-08-27 22:43:15,857 epoch 11 - iter 972/1620 - loss 0.19102451
2019-08-27 22:44:02,367 epoch 11 - iter 1134/1620 - loss 0.18933034
2019-08-27 22:44:47,713 epoch 11 - iter 1296/1620 - loss 0.19399823
2019-08-27 22:45:35,482 epoch 11 - iter 1458/1620 - loss 0.20003365
2019-08-27 22:46:20,793 ----------------------------------------------------------------------------------------------------
2019-08-27 22:46:20,793 EPOCH 11 done: loss 0.1995 - lr 0.1000 - bad epochs 1
2019-08-27 22:47:07,692 DEV : loss 0.1302286982536316 - score 0.9911
2019-08-27 22:47:58,598 TEST : loss 0.12249282747507095 - score 0.9909
2019-08-27 22:48:01,278 ----------------------------------------------------------------------------------------------------
2019-08-27 22:48:02,398 epoch 12 - iter 0/1620 - loss 0.11242104
2019-08-27 22:48:48,661 epoch 12 - iter 162/1620 - loss 0.19455681
2019-08-27 22:49:36,146 epoch 12 - iter 324/1620 - loss 0.21880005
2019-08-27 22:50:24,713 epoch 12 - iter 486/1620 - loss 0.21990166
2019-08-27 22:51:10,612 epoch 12 - iter 648/1620 - loss 0.20860574
2019-08-27 22:51:55,928 epoch 12 - iter 810/1620 - loss 0.20269347
2019-08-27 22:52:44,694 epoch 12 - iter 972/1620 - loss 0.20424983
2019-08-27 22:53:31,134 epoch 12 - iter 1134/1620 - loss 0.20299603
2019-08-27 22:54:18,115 epoch 12 - iter 1296/1620 - loss 0.20189022
2019-08-27 22:55:05,351 epoch 12 - iter 1458/1620 - loss 0.20515207
2019-08-27 22:55:51,020 ----------------------------------------------------------------------------------------------------
2019-08-27 22:55:51,020 EPOCH 12 done: loss 0.2077 - lr 0.1000 - bad epochs 0
2019-08-27 22:56:37,255 DEV : loss 0.1295812427997589 - score 0.9889
2019-08-27 22:57:30,431 TEST : loss 0.12192925810813904 - score 0.9906
2019-08-27 22:57:30,431 ----------------------------------------------------------------------------------------------------
2019-08-27 22:57:31,249 epoch 13 - iter 0/1620 - loss 0.16891527
2019-08-27 22:58:18,034 epoch 13 - iter 162/1620 - loss 0.21186666
2019-08-27 22:59:04,744 epoch 13 - iter 324/1620 - loss 0.19324018
2019-08-27 22:59:53,054 epoch 13 - iter 486/1620 - loss 0.19167633
2019-08-27 23:00:39,221 epoch 13 - iter 648/1620 - loss 0.19731351
2019-08-27 23:01:26,552 epoch 13 - iter 810/1620 - loss 0.18823043
2019-08-27 23:02:14,471 epoch 13 - iter 972/1620 - loss 0.18849264
2019-08-27 23:02:59,762 epoch 13 - iter 1134/1620 - loss 0.18902948
2019-08-27 23:03:48,468 epoch 13 - iter 1296/1620 - loss 0.18753606
2019-08-27 23:04:35,048 epoch 13 - iter 1458/1620 - loss 0.18793408
2019-08-27 23:05:21,772 ----------------------------------------------------------------------------------------------------
2019-08-27 23:05:21,772 EPOCH 13 done: loss 0.1909 - lr 0.1000 - bad epochs 1
2019-08-27 23:06:08,092 DEV : loss 0.13591299951076508 - score 0.9908
2019-08-27 23:06:59,659 TEST : loss 0.13007672131061554 - score 0.9888
2019-08-27 23:06:59,659 ----------------------------------------------------------------------------------------------------
2019-08-27 23:07:00,475 epoch 14 - iter 0/1620 - loss 0.03291130
2019-08-27 23:07:47,437 epoch 14 - iter 162/1620 - loss 0.15489459
2019-08-27 23:08:35,546 epoch 14 - iter 324/1620 - loss 0.16214119
2019-08-27 23:09:21,786 epoch 14 - iter 486/1620 - loss 0.16856282
2019-08-27 23:10:08,524 epoch 14 - iter 648/1620 - loss 0.17624271
2019-08-27 23:10:56,636 epoch 14 - iter 810/1620 - loss 0.17576516
2019-08-27 23:11:42,497 epoch 14 - iter 972/1620 - loss 0.17914358
2019-08-27 23:12:28,896 epoch 14 - iter 1134/1620 - loss 0.17821715
2019-08-27 23:13:15,640 epoch 14 - iter 1296/1620 - loss 0.17497821
2019-08-27 23:14:03,742 epoch 14 - iter 1458/1620 - loss 0.17485091
2019-08-27 23:14:51,351 ----------------------------------------------------------------------------------------------------
2019-08-27 23:14:51,351 EPOCH 14 done: loss 0.1814 - lr 0.1000 - bad epochs 2
2019-08-27 23:15:35,923 DEV : loss 0.15488150715827942 - score 0.989
2019-08-27 23:16:28,177 TEST : loss 0.14324066042900085 - score 0.9906
2019-08-27 23:16:28,178 ----------------------------------------------------------------------------------------------------
2019-08-27 23:16:29,181 epoch 15 - iter 0/1620 - loss 0.00129795
2019-08-27 23:17:16,530 epoch 15 - iter 162/1620 - loss 0.20672017
2019-08-27 23:18:02,442 epoch 15 - iter 324/1620 - loss 0.18870443
2019-08-27 23:18:50,031 epoch 15 - iter 486/1620 - loss 0.17385273
2019-08-27 23:19:36,354 epoch 15 - iter 648/1620 - loss 0.17413532
2019-08-27 23:20:22,984 epoch 15 - iter 810/1620 - loss 0.17783574
2019-08-27 23:21:09,682 epoch 15 - iter 972/1620 - loss 0.17924958
2019-08-27 23:21:56,647 epoch 15 - iter 1134/1620 - loss 0.17651738
2019-08-27 23:22:42,807 epoch 15 - iter 1296/1620 - loss 0.17825431
2019-08-27 23:23:28,943 epoch 15 - iter 1458/1620 - loss 0.17964629
2019-08-27 23:24:16,759 ----------------------------------------------------------------------------------------------------
2019-08-27 23:24:16,760 EPOCH 15 done: loss 0.1793 - lr 0.1000 - bad epochs 3
2019-08-27 23:25:02,048 DEV : loss 0.1395406723022461 - score 0.99
2019-08-27 23:25:54,489 TEST : loss 0.13440808653831482 - score 0.9909
2019-08-27 23:25:54,489 ----------------------------------------------------------------------------------------------------
2019-08-27 23:25:55,495 epoch 16 - iter 0/1620 - loss 0.15281200
2019-08-27 23:26:43,313 epoch 16 - iter 162/1620 - loss 0.17660716
2019-08-27 23:27:29,848 epoch 16 - iter 324/1620 - loss 0.17038992
2019-08-27 23:28:16,918 epoch 16 - iter 486/1620 - loss 0.16228301
2019-08-27 23:29:02,818 epoch 16 - iter 648/1620 - loss 0.16244270
2019-08-27 23:29:50,848 epoch 16 - iter 810/1620 - loss 0.16590707
2019-08-27 23:30:37,087 epoch 16 - iter 972/1620 - loss 0.16267244
2019-08-27 23:31:23,338 epoch 16 - iter 1134/1620 - loss 0.16202791
2019-08-27 23:32:11,357 epoch 16 - iter 1296/1620 - loss 0.16952655
2019-08-27 23:32:58,316 epoch 16 - iter 1458/1620 - loss 0.16690898
2019-08-27 23:33:44,698 ----------------------------------------------------------------------------------------------------
2019-08-27 23:33:44,699 EPOCH 16 done: loss 0.1651 - lr 0.0500 - bad epochs 0
2019-08-27 23:34:30,271 DEV : loss 0.15039128065109253 - score 0.9899
2019-08-27 23:35:23,183 TEST : loss 0.13638301193714142 - score 0.9915
2019-08-27 23:35:23,183 ----------------------------------------------------------------------------------------------------
2019-08-27 23:35:24,094 epoch 17 - iter 0/1620 - loss 0.52516651
2019-08-27 23:36:08,731 epoch 17 - iter 162/1620 - loss 0.13135159
2019-08-27 23:36:54,942 epoch 17 - iter 324/1620 - loss 0.12409985
2019-08-27 23:37:40,621 epoch 17 - iter 486/1620 - loss 0.14188323
2019-08-27 23:38:25,388 epoch 17 - iter 648/1620 - loss 0.14464256
2019-08-27 23:39:12,243 epoch 17 - iter 810/1620 - loss 0.15171564
2019-08-27 23:39:59,188 epoch 17 - iter 972/1620 - loss 0.15821788
2019-08-27 23:40:46,432 epoch 17 - iter 1134/1620 - loss 0.15642838
2019-08-27 23:41:35,828 epoch 17 - iter 1296/1620 - loss 0.15847988
2019-08-27 23:42:22,512 epoch 17 - iter 1458/1620 - loss 0.15618000
2019-08-27 23:43:08,204 ----------------------------------------------------------------------------------------------------
2019-08-27 23:43:08,204 EPOCH 17 done: loss 0.1585 - lr 0.0500 - bad epochs 1
2019-08-27 23:43:54,387 DEV : loss 0.13346810638904572 - score 0.9906
2019-08-27 23:44:47,225 TEST : loss 0.13205790519714355 - score 0.9901
2019-08-27 23:44:47,225 ----------------------------------------------------------------------------------------------------
2019-08-27 23:44:48,388 epoch 18 - iter 0/1620 - loss 0.07854462
2019-08-27 23:45:34,577 epoch 18 - iter 162/1620 - loss 0.17966679
2019-08-27 23:46:22,492 epoch 18 - iter 324/1620 - loss 0.14851399
2019-08-27 23:47:08,138 epoch 18 - iter 486/1620 - loss 0.14269057
2019-08-27 23:47:54,687 epoch 18 - iter 648/1620 - loss 0.14568916
2019-08-27 23:48:42,664 epoch 18 - iter 810/1620 - loss 0.14248599
2019-08-27 23:49:30,078 epoch 18 - iter 972/1620 - loss 0.14160380
2019-08-27 23:50:17,152 epoch 18 - iter 1134/1620 - loss 0.13807846
2019-08-27 23:51:03,684 epoch 18 - iter 1296/1620 - loss 0.13771405
2019-08-27 23:51:49,994 epoch 18 - iter 1458/1620 - loss 0.14218173
2019-08-27 23:52:37,389 ----------------------------------------------------------------------------------------------------
2019-08-27 23:52:37,389 EPOCH 18 done: loss 0.1399 - lr 0.0500 - bad epochs 2
2019-08-27 23:53:22,834 DEV : loss 0.1335485875606537 - score 0.9902
2019-08-27 23:54:15,690 TEST : loss 0.12963934242725372 - score 0.9911
2019-08-27 23:54:15,691 ----------------------------------------------------------------------------------------------------
2019-08-27 23:54:16,654 epoch 19 - iter 0/1620 - loss 0.04860306
2019-08-27 23:55:04,232 epoch 19 - iter 162/1620 - loss 0.11634100
2019-08-27 23:55:53,247 epoch 19 - iter 324/1620 - loss 0.12118854
2019-08-27 23:56:40,020 epoch 19 - iter 486/1620 - loss 0.13068225
2019-08-27 23:57:26,143 epoch 19 - iter 648/1620 - loss 0.13353144
2019-08-27 23:58:14,112 epoch 19 - iter 810/1620 - loss 0.13115831
2019-08-27 23:59:01,193 epoch 19 - iter 972/1620 - loss 0.12989570
2019-08-27 23:59:48,219 epoch 19 - iter 1134/1620 - loss 0.13143883
2019-08-28 00:00:35,117 epoch 19 - iter 1296/1620 - loss 0.13170781
2019-08-28 00:01:20,264 epoch 19 - iter 1458/1620 - loss 0.13059503
2019-08-28 00:02:07,192 ----------------------------------------------------------------------------------------------------
2019-08-28 00:02:07,193 EPOCH 19 done: loss 0.1309 - lr 0.0500 - bad epochs 3
2019-08-28 00:02:52,129 DEV : loss 0.12828482687473297 - score 0.9906
2019-08-28 00:03:43,401 TEST : loss 0.13183273375034332 - score 0.9906
2019-08-28 00:03:43,402 ----------------------------------------------------------------------------------------------------
2019-08-28 00:03:44,253 epoch 20 - iter 0/1620 - loss 0.03118515
2019-08-28 00:04:30,477 epoch 20 - iter 162/1620 - loss 0.15440661
2019-08-28 00:05:16,722 epoch 20 - iter 324/1620 - loss 0.14762929
2019-08-28 00:06:03,693 epoch 20 - iter 486/1620 - loss 0.14149902
2019-08-28 00:06:50,438 epoch 20 - iter 648/1620 - loss 0.13748141
2019-08-28 00:07:37,045 epoch 20 - iter 810/1620 - loss 0.14205127
2019-08-28 00:08:24,222 epoch 20 - iter 972/1620 - loss 0.14530926
2019-08-28 00:09:11,343 epoch 20 - iter 1134/1620 - loss 0.14253012
2019-08-28 00:09:57,757 epoch 20 - iter 1296/1620 - loss 0.13890823
2019-08-28 00:10:44,766 epoch 20 - iter 1458/1620 - loss 0.13395108
2019-08-28 00:11:32,583 ----------------------------------------------------------------------------------------------------
2019-08-28 00:11:32,583 EPOCH 20 done: loss 0.1341 - lr 0.0250 - bad epochs 0
2019-08-28 00:12:17,587 DEV : loss 0.12747682631015778 - score 0.9901
2019-08-28 00:13:08,859 TEST : loss 0.13578610122203827 - score 0.9898
2019-08-28 00:13:08,859 ----------------------------------------------------------------------------------------------------
2019-08-28 00:13:09,954 epoch 21 - iter 0/1620 - loss 0.20589447
2019-08-28 00:13:57,498 epoch 21 - iter 162/1620 - loss 0.13892305
2019-08-28 00:14:44,214 epoch 21 - iter 324/1620 - loss 0.14032636
2019-08-28 00:15:29,917 epoch 21 - iter 486/1620 - loss 0.13641413
2019-08-28 00:16:19,239 epoch 21 - iter 648/1620 - loss 0.13137710
2019-08-28 00:17:05,083 epoch 21 - iter 810/1620 - loss 0.13386007
2019-08-28 00:17:51,750 epoch 21 - iter 972/1620 - loss 0.13005362
2019-08-28 00:18:38,253 epoch 21 - iter 1134/1620 - loss 0.12844190
2019-08-28 00:19:25,355 epoch 21 - iter 1296/1620 - loss 0.12763903
2019-08-28 00:20:14,071 epoch 21 - iter 1458/1620 - loss 0.12832329
2019-08-28 00:20:59,662 ----------------------------------------------------------------------------------------------------
2019-08-28 00:20:59,662 EPOCH 21 done: loss 0.1306 - lr 0.0250 - bad epochs 1
2019-08-28 00:21:44,944 DEV : loss 0.12841475009918213 - score 0.99
2019-08-28 00:22:37,485 TEST : loss 0.13667571544647217 - score 0.9896
2019-08-28 00:22:37,485 ----------------------------------------------------------------------------------------------------
2019-08-28 00:22:38,485 epoch 22 - iter 0/1620 - loss 0.03907299
2019-08-28 00:23:26,152 epoch 22 - iter 162/1620 - loss 0.12256289
2019-08-28 00:24:12,626 epoch 22 - iter 324/1620 - loss 0.12282319
2019-08-28 00:24:59,630 epoch 22 - iter 486/1620 - loss 0.11444481
2019-08-28 00:25:46,157 epoch 22 - iter 648/1620 - loss 0.11452908
2019-08-28 00:26:32,870 epoch 22 - iter 810/1620 - loss 0.10915737
2019-08-28 00:27:19,937 epoch 22 - iter 972/1620 - loss 0.11310708
2019-08-28 00:28:07,020 epoch 22 - iter 1134/1620 - loss 0.11750498
2019-08-28 00:28:53,980 epoch 22 - iter 1296/1620 - loss 0.11663764
2019-08-28 00:29:41,377 epoch 22 - iter 1458/1620 - loss 0.11869598
2019-08-28 00:30:26,542 ----------------------------------------------------------------------------------------------------
2019-08-28 00:30:26,542 EPOCH 22 done: loss 0.1199 - lr 0.0250 - bad epochs 2
2019-08-28 00:31:12,375 DEV : loss 0.13245736062526703 - score 0.9901
2019-08-28 00:32:04,968 TEST : loss 0.136548712849617 - score 0.9899
2019-08-28 00:32:04,968 ----------------------------------------------------------------------------------------------------
2019-08-28 00:32:05,804 epoch 23 - iter 0/1620 - loss 0.04675484
2019-08-28 00:32:52,257 epoch 23 - iter 162/1620 - loss 0.10012822
2019-08-28 00:33:37,965 epoch 23 - iter 324/1620 - loss 0.12529467
2019-08-28 00:34:24,939 epoch 23 - iter 486/1620 - loss 0.12408775
2019-08-28 00:35:10,881 epoch 23 - iter 648/1620 - loss 0.12496861
2019-08-28 00:35:56,729 epoch 23 - iter 810/1620 - loss 0.12499006
2019-08-28 00:36:46,129 epoch 23 - iter 972/1620 - loss 0.12445945
2019-08-28 00:37:34,441 epoch 23 - iter 1134/1620 - loss 0.11912655
2019-08-28 00:38:23,840 epoch 23 - iter 1296/1620 - loss 0.12209612
2019-08-28 00:39:10,832 epoch 23 - iter 1458/1620 - loss 0.12259596
2019-08-28 00:39:56,613 ----------------------------------------------------------------------------------------------------
2019-08-28 00:39:56,613 EPOCH 23 done: loss 0.1198 - lr 0.0250 - bad epochs 3
2019-08-28 00:40:42,579 DEV : loss 0.13610146939754486 - score 0.9904
2019-08-28 00:41:35,285 TEST : loss 0.1361364722251892 - score 0.9913
2019-08-28 00:41:35,285 ----------------------------------------------------------------------------------------------------
2019-08-28 00:41:36,148 epoch 24 - iter 0/1620 - loss 0.01233196
2019-08-28 00:42:23,257 epoch 24 - iter 162/1620 - loss 0.12786766
2019-08-28 00:43:08,295 epoch 24 - iter 324/1620 - loss 0.13010252
2019-08-28 00:43:56,829 epoch 24 - iter 486/1620 - loss 0.11468645
2019-08-28 00:44:43,779 epoch 24 - iter 648/1620 - loss 0.11845278
2019-08-28 00:45:33,172 epoch 24 - iter 810/1620 - loss 0.11336864
2019-08-28 00:46:19,916 epoch 24 - iter 972/1620 - loss 0.11290884
2019-08-28 00:47:05,662 epoch 24 - iter 1134/1620 - loss 0.11039892
2019-08-28 00:47:54,317 epoch 24 - iter 1296/1620 - loss 0.11213598
2019-08-28 00:48:40,420 epoch 24 - iter 1458/1620 - loss 0.11029757
2019-08-28 00:49:25,794 ----------------------------------------------------------------------------------------------------
2019-08-28 00:49:25,794 EPOCH 24 done: loss 0.1153 - lr 0.0125 - bad epochs 0
2019-08-28 00:50:13,076 DEV : loss 0.13058412075042725 - score 0.9912
2019-08-28 00:51:05,477 TEST : loss 0.13537728786468506 - score 0.9902
2019-08-28 00:51:08,488 ----------------------------------------------------------------------------------------------------
2019-08-28 00:51:09,560 epoch 25 - iter 0/1620 - loss 0.07411003
2019-08-28 00:51:54,684 epoch 25 - iter 162/1620 - loss 0.09597183
2019-08-28 00:52:42,044 epoch 25 - iter 324/1620 - loss 0.10218698
2019-08-28 00:53:30,289 epoch 25 - iter 486/1620 - loss 0.11897637
2019-08-28 00:54:16,565 epoch 25 - iter 648/1620 - loss 0.11902012
2019-08-28 00:55:03,501 epoch 25 - iter 810/1620 - loss 0.12262643
2019-08-28 00:55:49,963 epoch 25 - iter 972/1620 - loss 0.12165026
2019-08-28 00:56:36,598 epoch 25 - iter 1134/1620 - loss 0.12107048
2019-08-28 00:57:23,227 epoch 25 - iter 1296/1620 - loss 0.12020079
2019-08-28 00:58:12,112 epoch 25 - iter 1458/1620 - loss 0.12014720
2019-08-28 00:58:58,800 ----------------------------------------------------------------------------------------------------
2019-08-28 00:58:58,800 EPOCH 25 done: loss 0.1216 - lr 0.0125 - bad epochs 0
2019-08-28 00:59:44,312 DEV : loss 0.1309717893600464 - score 0.9906
2019-08-28 01:00:37,620 TEST : loss 0.13748100399971008 - score 0.9906
2019-08-28 01:00:37,621 ----------------------------------------------------------------------------------------------------
2019-08-28 01:00:38,611 epoch 26 - iter 0/1620 - loss 0.20478344
2019-08-28 01:01:26,397 epoch 26 - iter 162/1620 - loss 0.12160183
2019-08-28 01:02:13,578 epoch 26 - iter 324/1620 - loss 0.11510255
2019-08-28 01:03:01,921 epoch 26 - iter 486/1620 - loss 0.11524643
2019-08-28 01:03:47,362 epoch 26 - iter 648/1620 - loss 0.11045979
2019-08-28 01:04:33,723 epoch 26 - iter 810/1620 - loss 0.11096354
2019-08-28 01:05:21,148 epoch 26 - iter 972/1620 - loss 0.11336009
2019-08-28 01:06:08,328 epoch 26 - iter 1134/1620 - loss 0.11052149
2019-08-28 01:06:53,465 epoch 26 - iter 1296/1620 - loss 0.11278737
2019-08-28 01:07:40,936 epoch 26 - iter 1458/1620 - loss 0.11553305
2019-08-28 01:08:26,328 ----------------------------------------------------------------------------------------------------
2019-08-28 01:08:26,329 EPOCH 26 done: loss 0.1150 - lr 0.0125 - bad epochs 1
2019-08-28 01:09:12,542 DEV : loss 0.13098850846290588 - score 0.9909
2019-08-28 01:10:05,373 TEST : loss 0.1354975700378418 - score 0.9909
2019-08-28 01:10:05,374 ----------------------------------------------------------------------------------------------------
2019-08-28 01:10:06,289 epoch 27 - iter 0/1620 - loss 0.02923203
2019-08-28 01:10:52,859 epoch 27 - iter 162/1620 - loss 0.12083794
2019-08-28 01:11:41,137 epoch 27 - iter 324/1620 - loss 0.13188993
2019-08-28 01:12:27,511 epoch 27 - iter 486/1620 - loss 0.12581897
2019-08-28 01:13:13,656 epoch 27 - iter 648/1620 - loss 0.12735042
2019-08-28 01:14:00,242 epoch 27 - iter 810/1620 - loss 0.12203419
2019-08-28 01:14:47,057 epoch 27 - iter 972/1620 - loss 0.12184477
2019-08-28 01:15:33,779 epoch 27 - iter 1134/1620 - loss 0.12080434
2019-08-28 01:16:20,582 epoch 27 - iter 1296/1620 - loss 0.12279666
2019-08-28 01:17:06,470 epoch 27 - iter 1458/1620 - loss 0.12244644
2019-08-28 01:17:52,676 ----------------------------------------------------------------------------------------------------
2019-08-28 01:17:52,676 EPOCH 27 done: loss 0.1223 - lr 0.0125 - bad epochs 2
2019-08-28 01:18:39,984 DEV : loss 0.12789854407310486 - score 0.9909
2019-08-28 01:19:31,094 TEST : loss 0.13337492942810059 - score 0.9905
2019-08-28 01:19:31,095 ----------------------------------------------------------------------------------------------------
2019-08-28 01:19:32,064 epoch 28 - iter 0/1620 - loss 0.00144386
2019-08-28 01:20:18,146 epoch 28 - iter 162/1620 - loss 0.13196225
2019-08-28 01:21:06,272 epoch 28 - iter 324/1620 - loss 0.11948668
2019-08-28 01:21:52,633 epoch 28 - iter 486/1620 - loss 0.12735849
2019-08-28 01:22:38,693 epoch 28 - iter 648/1620 - loss 0.12009203
2019-08-28 01:23:26,011 epoch 28 - iter 810/1620 - loss 0.11601909
2019-08-28 01:24:12,543 epoch 28 - iter 972/1620 - loss 0.11513970
2019-08-28 01:24:59,574 epoch 28 - iter 1134/1620 - loss 0.11573101
2019-08-28 01:25:48,027 epoch 28 - iter 1296/1620 - loss 0.11472322
2019-08-28 01:26:34,312 epoch 28 - iter 1458/1620 - loss 0.11251794
2019-08-28 01:27:19,391 ----------------------------------------------------------------------------------------------------
2019-08-28 01:27:19,391 EPOCH 28 done: loss 0.1115 - lr 0.0125 - bad epochs 3
2019-08-28 01:28:06,175 DEV : loss 0.13091333210468292 - score 0.9908
2019-08-28 01:28:58,458 TEST : loss 0.13512352108955383 - score 0.9906
2019-08-28 01:28:58,459 ----------------------------------------------------------------------------------------------------
2019-08-28 01:28:59,465 epoch 29 - iter 0/1620 - loss 0.41409111
2019-08-28 01:29:46,737 epoch 29 - iter 162/1620 - loss 0.10023671
2019-08-28 01:30:34,042 epoch 29 - iter 324/1620 - loss 0.10326919
2019-08-28 01:31:23,616 epoch 29 - iter 486/1620 - loss 0.10710379
2019-08-28 01:32:09,309 epoch 29 - iter 648/1620 - loss 0.10785292
2019-08-28 01:32:55,295 epoch 29 - iter 810/1620 - loss 0.10597426
2019-08-28 01:33:44,250 epoch 29 - iter 972/1620 - loss 0.10474805
2019-08-28 01:34:30,468 epoch 29 - iter 1134/1620 - loss 0.10483940
2019-08-28 01:35:17,444 epoch 29 - iter 1296/1620 - loss 0.10834428
2019-08-28 01:36:04,751 epoch 29 - iter 1458/1620 - loss 0.10760548
2019-08-28 01:36:52,108 ----------------------------------------------------------------------------------------------------
2019-08-28 01:36:52,108 EPOCH 29 done: loss 0.1072 - lr 0.0063 - bad epochs 0
2019-08-28 01:37:37,419 DEV : loss 0.1292952299118042 - score 0.9906
2019-08-28 01:38:30,108 TEST : loss 0.13460883498191833 - score 0.9905
2019-08-28 01:38:30,108 ----------------------------------------------------------------------------------------------------
2019-08-28 01:38:31,121 epoch 30 - iter 0/1620 - loss 0.02377510
2019-08-28 01:39:16,019 epoch 30 - iter 162/1620 - loss 0.11497827
2019-08-28 01:40:02,959 epoch 30 - iter 324/1620 - loss 0.10335703
2019-08-28 01:40:50,302 epoch 30 - iter 486/1620 - loss 0.10381230
2019-08-28 01:41:36,934 epoch 30 - iter 648/1620 - loss 0.10160112
2019-08-28 01:42:24,026 epoch 30 - iter 810/1620 - loss 0.09916572
2019-08-28 01:43:12,241 epoch 30 - iter 972/1620 - loss 0.10257479
2019-08-28 01:44:00,215 epoch 30 - iter 1134/1620 - loss 0.10031222
2019-08-28 01:44:46,543 epoch 30 - iter 1296/1620 - loss 0.10176039
2019-08-28 01:45:33,829 epoch 30 - iter 1458/1620 - loss 0.10243403
2019-08-28 01:46:20,772 ----------------------------------------------------------------------------------------------------
2019-08-28 01:46:20,772 EPOCH 30 done: loss 0.1058 - lr 0.0063 - bad epochs 1
2019-08-28 01:47:08,413 DEV : loss 0.13140904903411865 - score 0.9913
2019-08-28 01:48:03,548 TEST : loss 0.13603995740413666 - score 0.9904
2019-08-28 01:48:08,825 ----------------------------------------------------------------------------------------------------
2019-08-28 01:48:08,825 Testing using best model ...
2019-08-28 01:48:08,826 loading file iter1_trained/best-model.pt
2019-08-28 01:49:02,345 0.9907	0.9902	0.9904
2019-08-28 01:49:02,345 
MICRO_AVG: acc 0.981 - f1-score 0.9904
MACRO_AVG: acc 0.9808 - f1-score 0.9903
aux        tp: 2487 - fp: 31 - fn: 21 - tn: 2487 - precision: 0.9877 - recall: 0.9916 - accuracy: 0.9795 - f1-score: 0.9896
verb       tp: 3345 - fp: 24 - fn: 37 - tn: 3345 - precision: 0.9929 - recall: 0.9891 - accuracy: 0.9821 - f1-score: 0.9910
2019-08-28 01:49:02,345 ----------------------------------------------------------------------------------------------------
