2019-08-27 21:07:35,654 ----------------------------------------------------------------------------------------------------
2019-08-27 21:07:35,654 Evaluation method: MICRO_F1_SCORE
2019-08-27 21:07:36,609 ----------------------------------------------------------------------------------------------------
2019-08-27 21:07:37,352 epoch 1 - iter 0/1620 - loss 49.84909058
2019-08-27 21:08:16,518 epoch 1 - iter 162/1620 - loss 3.86097199
2019-08-27 21:08:56,703 epoch 1 - iter 324/1620 - loss 2.41836995
2019-08-27 21:09:36,651 epoch 1 - iter 486/1620 - loss 1.87122301
2019-08-27 21:10:16,266 epoch 1 - iter 648/1620 - loss 1.57701371
2019-08-27 21:10:55,330 epoch 1 - iter 810/1620 - loss 1.38535090
2019-08-27 21:11:36,383 epoch 1 - iter 972/1620 - loss 1.25042577
2019-08-27 21:12:14,495 epoch 1 - iter 1134/1620 - loss 1.16229460
2019-08-27 21:12:54,530 epoch 1 - iter 1296/1620 - loss 1.08344973
2019-08-27 21:13:35,182 epoch 1 - iter 1458/1620 - loss 1.02098941
2019-08-27 21:14:15,136 ----------------------------------------------------------------------------------------------------
2019-08-27 21:14:15,136 EPOCH 1 done: loss 0.9663 - lr 0.1000 - bad epochs 0
2019-08-27 21:14:57,587 DEV : loss 0.19063806533813477 - score 0.9845
2019-08-27 21:15:43,855 TEST : loss 0.23604029417037964 - score 0.9801
2019-08-27 21:15:45,870 ----------------------------------------------------------------------------------------------------
2019-08-27 21:15:46,656 epoch 2 - iter 0/1620 - loss 0.03940773
2019-08-27 21:16:27,035 epoch 2 - iter 162/1620 - loss 0.42851602
2019-08-27 21:17:05,620 epoch 2 - iter 324/1620 - loss 0.43102992
2019-08-27 21:17:46,742 epoch 2 - iter 486/1620 - loss 0.43337580
2019-08-27 21:18:27,488 epoch 2 - iter 648/1620 - loss 0.43860092
2019-08-27 21:19:07,016 epoch 2 - iter 810/1620 - loss 0.43327375
2019-08-27 21:19:47,444 epoch 2 - iter 972/1620 - loss 0.44093969
2019-08-27 21:20:27,362 epoch 2 - iter 1134/1620 - loss 0.43440834
2019-08-27 21:21:07,134 epoch 2 - iter 1296/1620 - loss 0.43392346
2019-08-27 21:21:47,161 epoch 2 - iter 1458/1620 - loss 0.43586637
2019-08-27 21:22:26,550 ----------------------------------------------------------------------------------------------------
2019-08-27 21:22:26,550 EPOCH 2 done: loss 0.4312 - lr 0.1000 - bad epochs 0
2019-08-27 21:23:08,574 DEV : loss 0.13623471558094025 - score 0.989
2019-08-27 21:23:56,384 TEST : loss 0.19547107815742493 - score 0.9825
2019-08-27 21:23:58,526 ----------------------------------------------------------------------------------------------------
2019-08-27 21:23:59,418 epoch 3 - iter 0/1620 - loss 0.33591747
2019-08-27 21:24:39,368 epoch 3 - iter 162/1620 - loss 0.36023903
2019-08-27 21:25:20,959 epoch 3 - iter 324/1620 - loss 0.36184795
2019-08-27 21:26:01,860 epoch 3 - iter 486/1620 - loss 0.37606284
2019-08-27 21:26:41,349 epoch 3 - iter 648/1620 - loss 0.36365018
2019-08-27 21:27:22,261 epoch 3 - iter 810/1620 - loss 0.36750845
2019-08-27 21:28:01,306 epoch 3 - iter 972/1620 - loss 0.36192545
2019-08-27 21:28:40,849 epoch 3 - iter 1134/1620 - loss 0.36252225
2019-08-27 21:29:20,300 epoch 3 - iter 1296/1620 - loss 0.35819581
2019-08-27 21:30:00,074 epoch 3 - iter 1458/1620 - loss 0.36229762
2019-08-27 21:30:40,489 ----------------------------------------------------------------------------------------------------
2019-08-27 21:30:40,489 EPOCH 3 done: loss 0.3605 - lr 0.1000 - bad epochs 0
2019-08-27 21:31:23,382 DEV : loss 0.12159676104784012 - score 0.9908
2019-08-27 21:32:11,717 TEST : loss 0.17899341881275177 - score 0.9839
2019-08-27 21:32:14,193 ----------------------------------------------------------------------------------------------------
2019-08-27 21:32:15,132 epoch 4 - iter 0/1620 - loss 0.25628233
2019-08-27 21:32:56,600 epoch 4 - iter 162/1620 - loss 0.30607898
2019-08-27 21:33:36,633 epoch 4 - iter 324/1620 - loss 0.30791416
2019-08-27 21:34:17,460 epoch 4 - iter 486/1620 - loss 0.29623200
2019-08-27 21:34:56,476 epoch 4 - iter 648/1620 - loss 0.31122240
2019-08-27 21:35:36,874 epoch 4 - iter 810/1620 - loss 0.31460045
2019-08-27 21:36:16,815 epoch 4 - iter 972/1620 - loss 0.32086611
2019-08-27 21:36:55,584 epoch 4 - iter 1134/1620 - loss 0.32295818
2019-08-27 21:37:36,888 epoch 4 - iter 1296/1620 - loss 0.32218256
2019-08-27 21:38:16,476 epoch 4 - iter 1458/1620 - loss 0.31881032
2019-08-27 21:38:56,615 ----------------------------------------------------------------------------------------------------
2019-08-27 21:38:56,615 EPOCH 4 done: loss 0.3190 - lr 0.1000 - bad epochs 0
2019-08-27 21:39:39,709 DEV : loss 0.11366290599107742 - score 0.993
2019-08-27 21:40:26,609 TEST : loss 0.15845683217048645 - score 0.9878
2019-08-27 21:40:28,680 ----------------------------------------------------------------------------------------------------
2019-08-27 21:40:29,554 epoch 5 - iter 0/1620 - loss 0.60628319
2019-08-27 21:41:10,484 epoch 5 - iter 162/1620 - loss 0.28476170
2019-08-27 21:41:50,121 epoch 5 - iter 324/1620 - loss 0.26846768
2019-08-27 21:42:30,111 epoch 5 - iter 486/1620 - loss 0.27338396
2019-08-27 21:43:09,100 epoch 5 - iter 648/1620 - loss 0.28126335
2019-08-27 21:43:46,604 epoch 5 - iter 810/1620 - loss 0.27800822
2019-08-27 21:44:28,013 epoch 5 - iter 972/1620 - loss 0.27807029
2019-08-27 21:45:08,667 epoch 5 - iter 1134/1620 - loss 0.27988964
2019-08-27 21:45:47,030 epoch 5 - iter 1296/1620 - loss 0.28656215
2019-08-27 21:46:27,658 epoch 5 - iter 1458/1620 - loss 0.28565644
2019-08-27 21:47:07,471 ----------------------------------------------------------------------------------------------------
2019-08-27 21:47:07,471 EPOCH 5 done: loss 0.2839 - lr 0.1000 - bad epochs 0
2019-08-27 21:47:51,177 DEV : loss 0.11385932564735413 - score 0.9928
2019-08-27 21:48:39,840 TEST : loss 0.1611713021993637 - score 0.9859
2019-08-27 21:48:39,840 ----------------------------------------------------------------------------------------------------
2019-08-27 21:48:40,843 epoch 6 - iter 0/1620 - loss 0.29127407
2019-08-27 21:49:21,119 epoch 6 - iter 162/1620 - loss 0.22559996
2019-08-27 21:50:03,507 epoch 6 - iter 324/1620 - loss 0.25303417
2019-08-27 21:50:43,439 epoch 6 - iter 486/1620 - loss 0.26574112
2019-08-27 21:51:20,621 epoch 6 - iter 648/1620 - loss 0.25555880
2019-08-27 21:52:01,611 epoch 6 - iter 810/1620 - loss 0.25474898
2019-08-27 21:52:41,324 epoch 6 - iter 972/1620 - loss 0.25674128
2019-08-27 21:53:21,093 epoch 6 - iter 1134/1620 - loss 0.26233907
2019-08-27 21:54:05,116 epoch 6 - iter 1296/1620 - loss 0.26338288
2019-08-27 21:54:46,684 epoch 6 - iter 1458/1620 - loss 0.26334855
2019-08-27 21:55:26,891 ----------------------------------------------------------------------------------------------------
2019-08-27 21:55:26,892 EPOCH 6 done: loss 0.2627 - lr 0.1000 - bad epochs 1
2019-08-27 21:56:13,688 DEV : loss 0.10274077951908112 - score 0.9948
2019-08-27 21:57:02,387 TEST : loss 0.14502602815628052 - score 0.9882
2019-08-27 21:57:04,676 ----------------------------------------------------------------------------------------------------
2019-08-27 21:57:05,708 epoch 7 - iter 0/1620 - loss 0.04710007
2019-08-27 21:57:48,157 epoch 7 - iter 162/1620 - loss 0.26146406
2019-08-27 21:58:31,010 epoch 7 - iter 324/1620 - loss 0.23522770
2019-08-27 21:59:12,466 epoch 7 - iter 486/1620 - loss 0.25049613
2019-08-27 21:59:55,144 epoch 7 - iter 648/1620 - loss 0.23814115
2019-08-27 22:00:36,452 epoch 7 - iter 810/1620 - loss 0.23696963
2019-08-27 22:01:19,189 epoch 7 - iter 972/1620 - loss 0.23780676
2019-08-27 22:02:00,177 epoch 7 - iter 1134/1620 - loss 0.24442428
2019-08-27 22:02:41,644 epoch 7 - iter 1296/1620 - loss 0.24411791
2019-08-27 22:03:23,442 epoch 7 - iter 1458/1620 - loss 0.24243741
2019-08-27 22:04:03,727 ----------------------------------------------------------------------------------------------------
2019-08-27 22:04:03,727 EPOCH 7 done: loss 0.2382 - lr 0.1000 - bad epochs 0
2019-08-27 22:04:48,265 DEV : loss 0.1062946543097496 - score 0.9939
2019-08-27 22:05:38,823 TEST : loss 0.16399310529232025 - score 0.9873
2019-08-27 22:05:38,823 ----------------------------------------------------------------------------------------------------
2019-08-27 22:05:39,779 epoch 8 - iter 0/1620 - loss 0.99897575
2019-08-27 22:06:21,830 epoch 8 - iter 162/1620 - loss 0.23917761
2019-08-27 22:07:03,532 epoch 8 - iter 324/1620 - loss 0.23928410
2019-08-27 22:07:46,584 epoch 8 - iter 486/1620 - loss 0.24552414
2019-08-27 22:08:27,480 epoch 8 - iter 648/1620 - loss 0.24115858
2019-08-27 22:09:09,557 epoch 8 - iter 810/1620 - loss 0.24824330
2019-08-27 22:09:50,514 epoch 8 - iter 972/1620 - loss 0.25102551
2019-08-27 22:10:32,773 epoch 8 - iter 1134/1620 - loss 0.24818911
2019-08-27 22:11:13,042 epoch 8 - iter 1296/1620 - loss 0.24546665
2019-08-27 22:11:54,135 epoch 8 - iter 1458/1620 - loss 0.24829966
2019-08-27 22:12:36,553 ----------------------------------------------------------------------------------------------------
2019-08-27 22:12:36,553 EPOCH 8 done: loss 0.2468 - lr 0.1000 - bad epochs 1
2019-08-27 22:13:20,719 DEV : loss 0.12879741191864014 - score 0.9892
2019-08-27 22:14:10,728 TEST : loss 0.16402064263820648 - score 0.9865
2019-08-27 22:14:10,729 ----------------------------------------------------------------------------------------------------
2019-08-27 22:14:11,687 epoch 9 - iter 0/1620 - loss 0.09372902
2019-08-27 22:14:54,353 epoch 9 - iter 162/1620 - loss 0.19278734
2019-08-27 22:15:34,977 epoch 9 - iter 324/1620 - loss 0.22010019
2019-08-27 22:16:18,462 epoch 9 - iter 486/1620 - loss 0.22325995
2019-08-27 22:16:59,900 epoch 9 - iter 648/1620 - loss 0.22607052
2019-08-27 22:17:39,982 epoch 9 - iter 810/1620 - loss 0.22318859
2019-08-27 22:18:21,227 epoch 9 - iter 972/1620 - loss 0.22052329
2019-08-27 22:19:02,706 epoch 9 - iter 1134/1620 - loss 0.21757638
2019-08-27 22:19:46,041 epoch 9 - iter 1296/1620 - loss 0.21969005
2019-08-27 22:20:28,453 epoch 9 - iter 1458/1620 - loss 0.21536504
2019-08-27 22:21:10,905 ----------------------------------------------------------------------------------------------------
2019-08-27 22:21:10,906 EPOCH 9 done: loss 0.2173 - lr 0.1000 - bad epochs 2
2019-08-27 22:21:55,207 DEV : loss 0.10991751402616501 - score 0.9919
2019-08-27 22:22:43,904 TEST : loss 0.1472172737121582 - score 0.9884
2019-08-27 22:22:43,905 ----------------------------------------------------------------------------------------------------
2019-08-27 22:22:44,738 epoch 10 - iter 0/1620 - loss 0.06963634
2019-08-27 22:23:28,053 epoch 10 - iter 162/1620 - loss 0.17492014
2019-08-27 22:24:09,483 epoch 10 - iter 324/1620 - loss 0.20029572
2019-08-27 22:24:50,749 epoch 10 - iter 486/1620 - loss 0.18995499
2019-08-27 22:25:34,921 epoch 10 - iter 648/1620 - loss 0.19522631
2019-08-27 22:26:16,198 epoch 10 - iter 810/1620 - loss 0.20345163
2019-08-27 22:26:59,204 epoch 10 - iter 972/1620 - loss 0.20686263
2019-08-27 22:27:40,217 epoch 10 - iter 1134/1620 - loss 0.20601032
2019-08-27 22:28:20,672 epoch 10 - iter 1296/1620 - loss 0.20321223
2019-08-27 22:29:02,490 epoch 10 - iter 1458/1620 - loss 0.20662511
2019-08-27 22:29:43,520 ----------------------------------------------------------------------------------------------------
2019-08-27 22:29:43,520 EPOCH 10 done: loss 0.2083 - lr 0.1000 - bad epochs 3
2019-08-27 22:30:29,459 DEV : loss 0.10405324399471283 - score 0.9938
2019-08-27 22:31:18,929 TEST : loss 0.14513367414474487 - score 0.9894
2019-08-27 22:31:18,929 ----------------------------------------------------------------------------------------------------
2019-08-27 22:31:19,923 epoch 11 - iter 0/1620 - loss 0.12313271
2019-08-27 22:32:01,664 epoch 11 - iter 162/1620 - loss 0.19523395
2019-08-27 22:32:44,477 epoch 11 - iter 324/1620 - loss 0.18109052
2019-08-27 22:33:25,507 epoch 11 - iter 486/1620 - loss 0.19223602
2019-08-27 22:34:06,401 epoch 11 - iter 648/1620 - loss 0.18269403
2019-08-27 22:34:48,404 epoch 11 - iter 810/1620 - loss 0.17859994
2019-08-27 22:35:29,180 epoch 11 - iter 972/1620 - loss 0.17697261
2019-08-27 22:36:12,847 epoch 11 - iter 1134/1620 - loss 0.17641060
2019-08-27 22:36:54,734 epoch 11 - iter 1296/1620 - loss 0.17833477
2019-08-27 22:37:35,378 epoch 11 - iter 1458/1620 - loss 0.18000817
2019-08-27 22:38:17,947 ----------------------------------------------------------------------------------------------------
2019-08-27 22:38:17,948 EPOCH 11 done: loss 0.1845 - lr 0.0500 - bad epochs 0
2019-08-27 22:39:02,246 DEV : loss 0.10119996964931488 - score 0.9938
2019-08-27 22:39:52,088 TEST : loss 0.14707142114639282 - score 0.9894
2019-08-27 22:39:52,089 ----------------------------------------------------------------------------------------------------
2019-08-27 22:39:53,217 epoch 12 - iter 0/1620 - loss 0.16875744
2019-08-27 22:40:34,674 epoch 12 - iter 162/1620 - loss 0.16032054
2019-08-27 22:41:16,156 epoch 12 - iter 324/1620 - loss 0.18046014
2019-08-27 22:41:59,384 epoch 12 - iter 486/1620 - loss 0.17798703
2019-08-27 22:42:41,176 epoch 12 - iter 648/1620 - loss 0.17365022
2019-08-27 22:43:20,876 epoch 12 - iter 810/1620 - loss 0.17399946
2019-08-27 22:44:03,249 epoch 12 - iter 972/1620 - loss 0.17067174
2019-08-27 22:44:44,910 epoch 12 - iter 1134/1620 - loss 0.16510786
2019-08-27 22:45:28,375 epoch 12 - iter 1296/1620 - loss 0.16723477
2019-08-27 22:46:09,696 epoch 12 - iter 1458/1620 - loss 0.16756885
2019-08-27 22:46:51,580 ----------------------------------------------------------------------------------------------------
2019-08-27 22:46:51,581 EPOCH 12 done: loss 0.1700 - lr 0.0500 - bad epochs 1
2019-08-27 22:47:38,093 DEV : loss 0.09872418642044067 - score 0.9941
2019-08-27 22:48:26,795 TEST : loss 0.1495317816734314 - score 0.9892
2019-08-27 22:48:26,796 ----------------------------------------------------------------------------------------------------
2019-08-27 22:48:27,682 epoch 13 - iter 0/1620 - loss 0.14184666
2019-08-27 22:49:10,558 epoch 13 - iter 162/1620 - loss 0.17020043
2019-08-27 22:49:51,202 epoch 13 - iter 324/1620 - loss 0.14299773
2019-08-27 22:50:32,468 epoch 13 - iter 486/1620 - loss 0.15183269
2019-08-27 22:51:17,735 epoch 13 - iter 648/1620 - loss 0.15664595
2019-08-27 22:51:58,734 epoch 13 - iter 810/1620 - loss 0.16603630
2019-08-27 22:52:40,381 epoch 13 - iter 972/1620 - loss 0.16261510
2019-08-27 22:53:21,594 epoch 13 - iter 1134/1620 - loss 0.16044347
2019-08-27 22:54:02,242 epoch 13 - iter 1296/1620 - loss 0.16456873
2019-08-27 22:54:45,697 epoch 13 - iter 1458/1620 - loss 0.16706273
2019-08-27 22:55:27,100 ----------------------------------------------------------------------------------------------------
2019-08-27 22:55:27,100 EPOCH 13 done: loss 0.1666 - lr 0.0500 - bad epochs 2
2019-08-27 22:56:12,765 DEV : loss 0.10384797304868698 - score 0.994
2019-08-27 22:57:01,210 TEST : loss 0.14293022453784943 - score 0.9891
2019-08-27 22:57:01,211 ----------------------------------------------------------------------------------------------------
2019-08-27 22:57:02,148 epoch 14 - iter 0/1620 - loss 0.01614666
2019-08-27 22:57:43,734 epoch 14 - iter 162/1620 - loss 0.17148389
2019-08-27 22:58:25,887 epoch 14 - iter 324/1620 - loss 0.16439111
2019-08-27 22:59:07,349 epoch 14 - iter 486/1620 - loss 0.16253057
2019-08-27 22:59:48,524 epoch 14 - iter 648/1620 - loss 0.16430482
2019-08-27 23:00:31,530 epoch 14 - iter 810/1620 - loss 0.16164408
2019-08-27 23:01:13,158 epoch 14 - iter 972/1620 - loss 0.16666705
2019-08-27 23:01:57,832 epoch 14 - iter 1134/1620 - loss 0.16962221
2019-08-27 23:02:38,951 epoch 14 - iter 1296/1620 - loss 0.16882575
2019-08-27 23:03:18,963 epoch 14 - iter 1458/1620 - loss 0.16852064
2019-08-27 23:04:01,186 ----------------------------------------------------------------------------------------------------
2019-08-27 23:04:01,187 EPOCH 14 done: loss 0.1671 - lr 0.0500 - bad epochs 3
2019-08-27 23:04:45,841 DEV : loss 0.10870122164487839 - score 0.994
2019-08-27 23:05:35,864 TEST : loss 0.14159059524536133 - score 0.9884
2019-08-27 23:05:35,865 ----------------------------------------------------------------------------------------------------
2019-08-27 23:05:37,028 epoch 15 - iter 0/1620 - loss 0.14076996
2019-08-27 23:06:19,133 epoch 15 - iter 162/1620 - loss 0.17690506
2019-08-27 23:07:00,533 epoch 15 - iter 324/1620 - loss 0.18758004
2019-08-27 23:07:44,698 epoch 15 - iter 486/1620 - loss 0.17078361
2019-08-27 23:08:26,337 epoch 15 - iter 648/1620 - loss 0.15738694
2019-08-27 23:09:06,447 epoch 15 - iter 810/1620 - loss 0.15442203
2019-08-27 23:09:49,257 epoch 15 - iter 972/1620 - loss 0.15343586
2019-08-27 23:10:28,682 epoch 15 - iter 1134/1620 - loss 0.15111274
2019-08-27 23:11:10,850 epoch 15 - iter 1296/1620 - loss 0.14933001
2019-08-27 23:11:51,125 epoch 15 - iter 1458/1620 - loss 0.15239202
2019-08-27 23:12:30,693 ----------------------------------------------------------------------------------------------------
2019-08-27 23:12:30,693 EPOCH 15 done: loss 0.1521 - lr 0.0250 - bad epochs 0
2019-08-27 23:13:16,201 DEV : loss 0.10142729431390762 - score 0.9944
2019-08-27 23:14:03,225 TEST : loss 0.13959866762161255 - score 0.9894
2019-08-27 23:14:03,226 ----------------------------------------------------------------------------------------------------
2019-08-27 23:14:04,284 epoch 16 - iter 0/1620 - loss 0.06223011
2019-08-27 23:14:43,217 epoch 16 - iter 162/1620 - loss 0.13358792
2019-08-27 23:15:24,206 epoch 16 - iter 324/1620 - loss 0.13998834
2019-08-27 23:16:02,301 epoch 16 - iter 486/1620 - loss 0.14167131
2019-08-27 23:16:40,742 epoch 16 - iter 648/1620 - loss 0.14015854
2019-08-27 23:17:21,133 epoch 16 - iter 810/1620 - loss 0.14265877
2019-08-27 23:18:00,333 epoch 16 - iter 972/1620 - loss 0.14463270
2019-08-27 23:18:40,086 epoch 16 - iter 1134/1620 - loss 0.14424960
2019-08-27 23:19:19,414 epoch 16 - iter 1296/1620 - loss 0.15076670
2019-08-27 23:19:58,438 epoch 16 - iter 1458/1620 - loss 0.14833693
2019-08-27 23:20:37,999 ----------------------------------------------------------------------------------------------------
2019-08-27 23:20:38,000 EPOCH 16 done: loss 0.1474 - lr 0.0250 - bad epochs 1
2019-08-27 23:21:19,791 DEV : loss 0.10765939205884933 - score 0.9947
2019-08-27 23:22:05,542 TEST : loss 0.14550361037254333 - score 0.9881
2019-08-27 23:22:05,542 ----------------------------------------------------------------------------------------------------
2019-08-27 23:22:06,468 epoch 17 - iter 0/1620 - loss 0.02748394
2019-08-27 23:22:49,427 epoch 17 - iter 162/1620 - loss 0.13945926
2019-08-27 23:23:28,481 epoch 17 - iter 324/1620 - loss 0.13766590
2019-08-27 23:24:08,391 epoch 17 - iter 486/1620 - loss 0.13099514
2019-08-27 23:24:48,396 epoch 17 - iter 648/1620 - loss 0.13346143
2019-08-27 23:25:26,581 epoch 17 - iter 810/1620 - loss 0.12998218
2019-08-27 23:26:05,500 epoch 17 - iter 972/1620 - loss 0.13164833
2019-08-27 23:26:45,886 epoch 17 - iter 1134/1620 - loss 0.13557870
2019-08-27 23:27:24,714 epoch 17 - iter 1296/1620 - loss 0.13479175
2019-08-27 23:28:03,629 epoch 17 - iter 1458/1620 - loss 0.13716366
2019-08-27 23:28:43,716 ----------------------------------------------------------------------------------------------------
2019-08-27 23:28:43,716 EPOCH 17 done: loss 0.1378 - lr 0.0250 - bad epochs 2
2019-08-27 23:29:27,340 DEV : loss 0.10638086497783661 - score 0.9943
2019-08-27 23:30:13,489 TEST : loss 0.1495165079832077 - score 0.9888
2019-08-27 23:30:13,489 ----------------------------------------------------------------------------------------------------
2019-08-27 23:30:14,334 epoch 18 - iter 0/1620 - loss 0.05894089
2019-08-27 23:30:55,177 epoch 18 - iter 162/1620 - loss 0.19194313
2019-08-27 23:31:36,311 epoch 18 - iter 324/1620 - loss 0.16571422
2019-08-27 23:32:15,358 epoch 18 - iter 486/1620 - loss 0.14743233
2019-08-27 23:32:56,096 epoch 18 - iter 648/1620 - loss 0.14863442
2019-08-27 23:33:35,145 epoch 18 - iter 810/1620 - loss 0.14431101
2019-08-27 23:34:14,800 epoch 18 - iter 972/1620 - loss 0.14700351
2019-08-27 23:34:53,166 epoch 18 - iter 1134/1620 - loss 0.14314572
2019-08-27 23:35:33,079 epoch 18 - iter 1296/1620 - loss 0.14155109
2019-08-27 23:36:12,343 epoch 18 - iter 1458/1620 - loss 0.14044118
2019-08-27 23:36:52,973 ----------------------------------------------------------------------------------------------------
2019-08-27 23:36:52,973 EPOCH 18 done: loss 0.1405 - lr 0.0250 - bad epochs 3
2019-08-27 23:37:35,789 DEV : loss 0.10975141078233719 - score 0.9924
2019-08-27 23:38:22,686 TEST : loss 0.14863435924053192 - score 0.9888
2019-08-27 23:38:22,687 ----------------------------------------------------------------------------------------------------
2019-08-27 23:38:23,503 epoch 19 - iter 0/1620 - loss 0.04340839
2019-08-27 23:39:05,427 epoch 19 - iter 162/1620 - loss 0.14066637
2019-08-27 23:39:44,666 epoch 19 - iter 324/1620 - loss 0.13913155
2019-08-27 23:40:24,828 epoch 19 - iter 486/1620 - loss 0.13255322
2019-08-27 23:41:04,815 epoch 19 - iter 648/1620 - loss 0.12974213
2019-08-27 23:41:43,990 epoch 19 - iter 810/1620 - loss 0.12514380
2019-08-27 23:42:23,335 epoch 19 - iter 972/1620 - loss 0.12415602
2019-08-27 23:43:02,756 epoch 19 - iter 1134/1620 - loss 0.12575305
2019-08-27 23:43:41,770 epoch 19 - iter 1296/1620 - loss 0.13109899
2019-08-27 23:44:22,818 epoch 19 - iter 1458/1620 - loss 0.13094029
2019-08-27 23:45:02,391 ----------------------------------------------------------------------------------------------------
2019-08-27 23:45:02,392 EPOCH 19 done: loss 0.1317 - lr 0.0125 - bad epochs 0
2019-08-27 23:45:44,668 DEV : loss 0.10624445229768753 - score 0.9939
2019-08-27 23:46:32,687 TEST : loss 0.14344890415668488 - score 0.9894
2019-08-27 23:46:32,687 ----------------------------------------------------------------------------------------------------
2019-08-27 23:46:33,576 epoch 20 - iter 0/1620 - loss 0.01533413
2019-08-27 23:47:13,897 epoch 20 - iter 162/1620 - loss 0.12144485
2019-08-27 23:47:55,913 epoch 20 - iter 324/1620 - loss 0.13317913
2019-08-27 23:48:36,129 epoch 20 - iter 486/1620 - loss 0.13491379
2019-08-27 23:49:15,658 epoch 20 - iter 648/1620 - loss 0.13530378
2019-08-27 23:49:56,955 epoch 20 - iter 810/1620 - loss 0.13804617
2019-08-27 23:50:36,485 epoch 20 - iter 972/1620 - loss 0.13202855
2019-08-27 23:51:16,636 epoch 20 - iter 1134/1620 - loss 0.13219794
2019-08-27 23:51:57,742 epoch 20 - iter 1296/1620 - loss 0.13329327
2019-08-27 23:52:37,956 epoch 20 - iter 1458/1620 - loss 0.13299024
2019-08-27 23:53:18,695 ----------------------------------------------------------------------------------------------------
2019-08-27 23:53:18,695 EPOCH 20 done: loss 0.1328 - lr 0.0125 - bad epochs 1
2019-08-27 23:54:03,229 DEV : loss 0.11010058224201202 - score 0.9939
2019-08-27 23:54:50,346 TEST : loss 0.1478043794631958 - score 0.9888
2019-08-27 23:54:50,346 ----------------------------------------------------------------------------------------------------
2019-08-27 23:54:51,336 epoch 21 - iter 0/1620 - loss 0.00702667
2019-08-27 23:55:32,978 epoch 21 - iter 162/1620 - loss 0.10382414
2019-08-27 23:56:13,818 epoch 21 - iter 324/1620 - loss 0.11575659
2019-08-27 23:56:54,144 epoch 21 - iter 486/1620 - loss 0.12225411
2019-08-27 23:57:35,391 epoch 21 - iter 648/1620 - loss 0.11788551
2019-08-27 23:58:15,170 epoch 21 - iter 810/1620 - loss 0.11930195
2019-08-27 23:58:54,321 epoch 21 - iter 972/1620 - loss 0.12489902
2019-08-27 23:59:34,426 epoch 21 - iter 1134/1620 - loss 0.12571860
2019-08-28 00:00:14,619 epoch 21 - iter 1296/1620 - loss 0.12475895
2019-08-28 00:00:55,276 epoch 21 - iter 1458/1620 - loss 0.12549594
2019-08-28 00:01:37,406 ----------------------------------------------------------------------------------------------------
2019-08-28 00:01:37,406 EPOCH 21 done: loss 0.1279 - lr 0.0125 - bad epochs 2
2019-08-28 00:02:20,774 DEV : loss 0.10686703026294708 - score 0.9943
2019-08-28 00:03:09,469 TEST : loss 0.14613038301467896 - score 0.9894
2019-08-28 00:03:09,469 ----------------------------------------------------------------------------------------------------
2019-08-28 00:03:10,376 epoch 22 - iter 0/1620 - loss 0.09842587
2019-08-28 00:03:50,984 epoch 22 - iter 162/1620 - loss 0.11926341
2019-08-28 00:04:32,252 epoch 22 - iter 324/1620 - loss 0.11167487
2019-08-28 00:05:14,854 epoch 22 - iter 486/1620 - loss 0.10627304
2019-08-28 00:05:56,156 epoch 22 - iter 648/1620 - loss 0.11256868
2019-08-28 00:06:37,599 epoch 22 - iter 810/1620 - loss 0.11737099
2019-08-28 00:07:18,264 epoch 22 - iter 972/1620 - loss 0.11922434
2019-08-28 00:07:58,124 epoch 22 - iter 1134/1620 - loss 0.12084824
2019-08-28 00:08:39,226 epoch 22 - iter 1296/1620 - loss 0.12060251
2019-08-28 00:09:19,755 epoch 22 - iter 1458/1620 - loss 0.12227612
2019-08-28 00:10:01,021 ----------------------------------------------------------------------------------------------------
2019-08-28 00:10:01,021 EPOCH 22 done: loss 0.1225 - lr 0.0125 - bad epochs 3
2019-08-28 00:10:45,821 DEV : loss 0.10564761608839035 - score 0.9941
2019-08-28 00:11:33,650 TEST : loss 0.14949962496757507 - score 0.989
2019-08-28 00:11:33,651 ----------------------------------------------------------------------------------------------------
2019-08-28 00:11:34,538 epoch 23 - iter 0/1620 - loss 0.08152390
2019-08-28 00:12:17,611 epoch 23 - iter 162/1620 - loss 0.13169434
2019-08-28 00:12:59,188 epoch 23 - iter 324/1620 - loss 0.12918516
2019-08-28 00:13:39,514 epoch 23 - iter 486/1620 - loss 0.12465174
2019-08-28 00:14:20,246 epoch 23 - iter 648/1620 - loss 0.12219027
2019-08-28 00:15:01,068 epoch 23 - iter 810/1620 - loss 0.12612479
2019-08-28 00:15:42,415 epoch 23 - iter 972/1620 - loss 0.12879447
2019-08-28 00:16:23,820 epoch 23 - iter 1134/1620 - loss 0.12750296
2019-08-28 00:17:04,264 epoch 23 - iter 1296/1620 - loss 0.12695110
2019-08-28 00:17:46,835 epoch 23 - iter 1458/1620 - loss 0.12902856
2019-08-28 00:18:27,593 ----------------------------------------------------------------------------------------------------
2019-08-28 00:18:27,593 EPOCH 23 done: loss 0.1302 - lr 0.0063 - bad epochs 0
2019-08-28 00:19:11,168 DEV : loss 0.10550496727228165 - score 0.9943
2019-08-28 00:20:00,576 TEST : loss 0.14913232624530792 - score 0.989
2019-08-28 00:20:00,577 ----------------------------------------------------------------------------------------------------
2019-08-28 00:20:01,463 epoch 24 - iter 0/1620 - loss 0.24148083
2019-08-28 00:20:43,534 epoch 24 - iter 162/1620 - loss 0.15620810
2019-08-28 00:21:23,712 epoch 24 - iter 324/1620 - loss 0.14514866
2019-08-28 00:22:05,224 epoch 24 - iter 486/1620 - loss 0.14336054
2019-08-28 00:22:46,731 epoch 24 - iter 648/1620 - loss 0.13779051
2019-08-28 00:23:26,117 epoch 24 - iter 810/1620 - loss 0.13672021
2019-08-28 00:24:08,715 epoch 24 - iter 972/1620 - loss 0.13409090
2019-08-28 00:24:48,721 epoch 24 - iter 1134/1620 - loss 0.13459380
2019-08-28 00:25:27,508 epoch 24 - iter 1296/1620 - loss 0.13376137
2019-08-28 00:26:09,813 epoch 24 - iter 1458/1620 - loss 0.13083920
2019-08-28 00:26:50,594 ----------------------------------------------------------------------------------------------------
2019-08-28 00:26:50,594 EPOCH 24 done: loss 0.1330 - lr 0.0063 - bad epochs 1
2019-08-28 00:27:35,612 DEV : loss 0.1063852459192276 - score 0.994
2019-08-28 00:28:23,310 TEST : loss 0.1489819586277008 - score 0.9893
2019-08-28 00:28:23,311 ----------------------------------------------------------------------------------------------------
2019-08-28 00:28:24,314 epoch 25 - iter 0/1620 - loss 0.09840298
2019-08-28 00:29:05,145 epoch 25 - iter 162/1620 - loss 0.13902316
2019-08-28 00:29:47,956 epoch 25 - iter 324/1620 - loss 0.14041849
2019-08-28 00:30:29,090 epoch 25 - iter 486/1620 - loss 0.13860454
2019-08-28 00:31:10,350 epoch 25 - iter 648/1620 - loss 0.13902260
2019-08-28 00:31:52,640 epoch 25 - iter 810/1620 - loss 0.13496852
2019-08-28 00:32:32,927 epoch 25 - iter 972/1620 - loss 0.13483964
2019-08-28 00:33:13,474 epoch 25 - iter 1134/1620 - loss 0.13159443
2019-08-28 00:33:55,637 epoch 25 - iter 1296/1620 - loss 0.12931250
2019-08-28 00:34:35,922 epoch 25 - iter 1458/1620 - loss 0.12858486
2019-08-28 00:35:17,337 ----------------------------------------------------------------------------------------------------
2019-08-28 00:35:17,337 EPOCH 25 done: loss 0.1257 - lr 0.0063 - bad epochs 2
2019-08-28 00:36:03,374 DEV : loss 0.10448966920375824 - score 0.9944
2019-08-28 00:36:51,137 TEST : loss 0.14903494715690613 - score 0.9892
2019-08-28 00:36:51,137 ----------------------------------------------------------------------------------------------------
2019-08-28 00:36:52,166 epoch 26 - iter 0/1620 - loss 0.05091286
2019-08-28 00:37:34,399 epoch 26 - iter 162/1620 - loss 0.12367790
2019-08-28 00:38:13,842 epoch 26 - iter 324/1620 - loss 0.12251085
2019-08-28 00:38:53,224 epoch 26 - iter 486/1620 - loss 0.11409525
2019-08-28 00:39:34,107 epoch 26 - iter 648/1620 - loss 0.11794123
2019-08-28 00:40:14,813 epoch 26 - iter 810/1620 - loss 0.12055588
2019-08-28 00:40:54,933 epoch 26 - iter 972/1620 - loss 0.11738597
2019-08-28 00:41:37,431 epoch 26 - iter 1134/1620 - loss 0.11961812
2019-08-28 00:42:17,440 epoch 26 - iter 1296/1620 - loss 0.12152208
2019-08-28 00:42:59,350 epoch 26 - iter 1458/1620 - loss 0.12200182
2019-08-28 00:43:38,914 ----------------------------------------------------------------------------------------------------
2019-08-28 00:43:38,914 EPOCH 26 done: loss 0.1231 - lr 0.0063 - bad epochs 3
2019-08-28 00:44:22,809 DEV : loss 0.10912399739027023 - score 0.9935
2019-08-28 00:45:12,438 TEST : loss 0.1494840383529663 - score 0.9892
2019-08-28 00:45:12,439 ----------------------------------------------------------------------------------------------------
2019-08-28 00:45:13,359 epoch 27 - iter 0/1620 - loss 0.05556393
2019-08-28 00:45:53,716 epoch 27 - iter 162/1620 - loss 0.12548281
2019-08-28 00:46:36,503 epoch 27 - iter 324/1620 - loss 0.11678274
2019-08-28 00:47:17,358 epoch 27 - iter 486/1620 - loss 0.12104806
2019-08-28 00:47:57,544 epoch 27 - iter 648/1620 - loss 0.12328327
2019-08-28 00:48:38,860 epoch 27 - iter 810/1620 - loss 0.13074297
2019-08-28 00:49:19,029 epoch 27 - iter 972/1620 - loss 0.12918917
2019-08-28 00:50:00,760 epoch 27 - iter 1134/1620 - loss 0.12815280
2019-08-28 00:50:42,552 epoch 27 - iter 1296/1620 - loss 0.12651859
2019-08-28 00:51:23,331 epoch 27 - iter 1458/1620 - loss 0.12309469
2019-08-28 00:52:06,201 ----------------------------------------------------------------------------------------------------
2019-08-28 00:52:06,201 EPOCH 27 done: loss 0.1245 - lr 0.0031 - bad epochs 0
2019-08-28 00:52:49,759 DEV : loss 0.10610271990299225 - score 0.9944
2019-08-28 00:53:37,507 TEST : loss 0.15101899206638336 - score 0.9893
2019-08-28 00:53:37,507 ----------------------------------------------------------------------------------------------------
2019-08-28 00:53:38,413 epoch 28 - iter 0/1620 - loss 0.10481262
2019-08-28 00:54:20,197 epoch 28 - iter 162/1620 - loss 0.13040209
2019-08-28 00:55:01,529 epoch 28 - iter 324/1620 - loss 0.12123781
2019-08-28 00:55:43,026 epoch 28 - iter 486/1620 - loss 0.11515213
2019-08-28 00:56:24,274 epoch 28 - iter 648/1620 - loss 0.11506072
2019-08-28 00:57:04,636 epoch 28 - iter 810/1620 - loss 0.11827498
2019-08-28 00:57:47,159 epoch 28 - iter 972/1620 - loss 0.11633742
2019-08-28 00:58:27,857 epoch 28 - iter 1134/1620 - loss 0.11977694
2019-08-28 00:59:08,133 epoch 28 - iter 1296/1620 - loss 0.11705411
2019-08-28 00:59:51,362 epoch 28 - iter 1458/1620 - loss 0.11506860
2019-08-28 01:00:31,789 ----------------------------------------------------------------------------------------------------
2019-08-28 01:00:31,789 EPOCH 28 done: loss 0.1182 - lr 0.0031 - bad epochs 1
2019-08-28 01:01:17,207 DEV : loss 0.10586162656545639 - score 0.9942
2019-08-28 01:02:05,162 TEST : loss 0.1507110744714737 - score 0.9893
2019-08-28 01:02:05,162 ----------------------------------------------------------------------------------------------------
2019-08-28 01:02:06,171 epoch 29 - iter 0/1620 - loss 0.00328636
2019-08-28 01:02:46,729 epoch 29 - iter 162/1620 - loss 0.16186921
2019-08-28 01:03:29,964 epoch 29 - iter 324/1620 - loss 0.13071802
2019-08-28 01:04:10,611 epoch 29 - iter 486/1620 - loss 0.12152187
2019-08-28 01:04:54,035 epoch 29 - iter 648/1620 - loss 0.11157434
2019-08-28 01:05:35,691 epoch 29 - iter 810/1620 - loss 0.11606581
2019-08-28 01:06:15,805 epoch 29 - iter 972/1620 - loss 0.11735887
2019-08-28 01:06:59,205 epoch 29 - iter 1134/1620 - loss 0.11799163
2019-08-28 01:07:39,552 epoch 29 - iter 1296/1620 - loss 0.12095005
2019-08-28 01:08:21,672 epoch 29 - iter 1458/1620 - loss 0.12299361
2019-08-28 01:09:00,359 ----------------------------------------------------------------------------------------------------
2019-08-28 01:09:00,359 EPOCH 29 done: loss 0.1251 - lr 0.0031 - bad epochs 2
2019-08-28 01:09:44,074 DEV : loss 0.10673651099205017 - score 0.994
2019-08-28 01:10:34,266 TEST : loss 0.15051919221878052 - score 0.9893
2019-08-28 01:10:34,266 ----------------------------------------------------------------------------------------------------
2019-08-28 01:10:35,216 epoch 30 - iter 0/1620 - loss 0.08200645
2019-08-28 01:11:16,096 epoch 30 - iter 162/1620 - loss 0.11305678
2019-08-28 01:11:59,122 epoch 30 - iter 324/1620 - loss 0.11302584
2019-08-28 01:12:40,145 epoch 30 - iter 486/1620 - loss 0.11960935
2019-08-28 01:13:19,960 epoch 30 - iter 648/1620 - loss 0.12087708
2019-08-28 01:14:02,019 epoch 30 - iter 810/1620 - loss 0.12158019
2019-08-28 01:14:42,848 epoch 30 - iter 972/1620 - loss 0.11824872
2019-08-28 01:15:23,693 epoch 30 - iter 1134/1620 - loss 0.11628255
2019-08-28 01:16:05,797 epoch 30 - iter 1296/1620 - loss 0.11361994
2019-08-28 01:16:46,144 epoch 30 - iter 1458/1620 - loss 0.11207112
2019-08-28 01:17:27,679 ----------------------------------------------------------------------------------------------------
2019-08-28 01:17:27,680 EPOCH 30 done: loss 0.1162 - lr 0.0031 - bad epochs 3
2019-08-28 01:18:11,502 DEV : loss 0.10676107555627823 - score 0.994
2019-08-28 01:18:59,406 TEST : loss 0.1506287157535553 - score 0.9893
2019-08-28 01:19:02,121 ----------------------------------------------------------------------------------------------------
2019-08-28 01:19:02,121 Testing using best model ...
2019-08-28 01:19:02,122 loading file iter5_trained/best-model.pt
2019-08-28 01:19:52,654 0.9887	0.9878	0.9882
2019-08-28 01:19:52,654 
MICRO_AVG: acc 0.9768 - f1-score 0.9882
MACRO_AVG: acc 0.977 - f1-score 0.9883500000000001
aux        tp: 2460 - fp: 33 - fn: 20 - tn: 2460 - precision: 0.9868 - recall: 0.9919 - accuracy: 0.9789 - f1-score: 0.9893
verb       tp: 3131 - fp: 31 - fn: 49 - tn: 3131 - precision: 0.9902 - recall: 0.9846 - accuracy: 0.9751 - f1-score: 0.9874
2019-08-28 01:19:52,654 ----------------------------------------------------------------------------------------------------
