2019-08-27 21:03:42,672 ----------------------------------------------------------------------------------------------------
2019-08-27 21:03:42,672 Evaluation method: MICRO_F1_SCORE
2019-08-27 21:03:42,984 ----------------------------------------------------------------------------------------------------
2019-08-27 21:03:44,015 epoch 1 - iter 0/1620 - loss 26.80955124
2019-08-27 21:05:02,329 epoch 1 - iter 162/1620 - loss 3.04811901
2019-08-27 21:06:22,427 epoch 1 - iter 324/1620 - loss 1.97900558
2019-08-27 21:07:43,452 epoch 1 - iter 486/1620 - loss 1.58565847
2019-08-27 21:09:04,962 epoch 1 - iter 648/1620 - loss 1.37109631
2019-08-27 21:10:25,502 epoch 1 - iter 810/1620 - loss 1.22872878
2019-08-27 21:11:46,405 epoch 1 - iter 972/1620 - loss 1.12272220
2019-08-27 21:13:07,186 epoch 1 - iter 1134/1620 - loss 1.04795077
2019-08-27 21:14:26,446 epoch 1 - iter 1296/1620 - loss 0.97846683
2019-08-27 21:15:45,277 epoch 1 - iter 1458/1620 - loss 0.92772938
2019-08-27 21:17:05,532 ----------------------------------------------------------------------------------------------------
2019-08-27 21:17:05,533 EPOCH 1 done: loss 0.8843 - lr 0.1000 - bad epochs 0
2019-08-27 21:18:26,667 DEV : loss 0.2718130350112915 - score 0.9812
2019-08-27 21:19:55,526 TEST : loss 0.2639026343822479 - score 0.9821
2019-08-27 21:19:57,520 ----------------------------------------------------------------------------------------------------
2019-08-27 21:19:58,386 epoch 2 - iter 0/1620 - loss 0.08468008
2019-08-27 21:21:19,008 epoch 2 - iter 162/1620 - loss 0.42044820
2019-08-27 21:22:41,784 epoch 2 - iter 324/1620 - loss 0.44962412
2019-08-27 21:24:00,325 epoch 2 - iter 486/1620 - loss 0.45074773
2019-08-27 21:25:19,216 epoch 2 - iter 648/1620 - loss 0.44532374
2019-08-27 21:26:38,875 epoch 2 - iter 810/1620 - loss 0.44460970
2019-08-27 21:28:01,164 epoch 2 - iter 972/1620 - loss 0.44588692
2019-08-27 21:29:21,552 epoch 2 - iter 1134/1620 - loss 0.43749289
2019-08-27 21:30:42,337 epoch 2 - iter 1296/1620 - loss 0.43044601
2019-08-27 21:32:03,174 epoch 2 - iter 1458/1620 - loss 0.42945831
2019-08-27 21:33:22,320 ----------------------------------------------------------------------------------------------------
2019-08-27 21:33:22,321 EPOCH 2 done: loss 0.4244 - lr 0.1000 - bad epochs 0
2019-08-27 21:34:45,859 DEV : loss 0.19676931202411652 - score 0.9848
2019-08-27 21:36:14,320 TEST : loss 0.17562922835350037 - score 0.9862
2019-08-27 21:36:17,229 ----------------------------------------------------------------------------------------------------
2019-08-27 21:36:18,422 epoch 3 - iter 0/1620 - loss 0.21005344
2019-08-27 21:37:36,797 epoch 3 - iter 162/1620 - loss 0.32364802
2019-08-27 21:38:59,396 epoch 3 - iter 324/1620 - loss 0.31487323
2019-08-27 21:40:18,830 epoch 3 - iter 486/1620 - loss 0.33303670
2019-08-27 21:41:38,000 epoch 3 - iter 648/1620 - loss 0.34419709
2019-08-27 21:42:58,971 epoch 3 - iter 810/1620 - loss 0.33815382
2019-08-27 21:44:20,787 epoch 3 - iter 972/1620 - loss 0.33128155
2019-08-27 21:45:41,178 epoch 3 - iter 1134/1620 - loss 0.33655392
2019-08-27 21:47:02,373 epoch 3 - iter 1296/1620 - loss 0.34001656
2019-08-27 21:48:24,559 epoch 3 - iter 1458/1620 - loss 0.34178717
2019-08-27 21:49:47,664 ----------------------------------------------------------------------------------------------------
2019-08-27 21:49:47,664 EPOCH 3 done: loss 0.3420 - lr 0.1000 - bad epochs 0
2019-08-27 21:51:09,196 DEV : loss 0.18359002470970154 - score 0.9859
2019-08-27 21:52:37,821 TEST : loss 0.15298056602478027 - score 0.9872
2019-08-27 21:52:40,704 ----------------------------------------------------------------------------------------------------
2019-08-27 21:52:41,868 epoch 4 - iter 0/1620 - loss 0.31964302
2019-08-27 21:54:02,302 epoch 4 - iter 162/1620 - loss 0.35781002
2019-08-27 21:55:21,637 epoch 4 - iter 324/1620 - loss 0.33230275
2019-08-27 21:56:41,234 epoch 4 - iter 486/1620 - loss 0.32471801
2019-08-27 21:58:02,475 epoch 4 - iter 648/1620 - loss 0.32212410
2019-08-27 21:59:21,442 epoch 4 - iter 810/1620 - loss 0.32158226
2019-08-27 22:00:42,636 epoch 4 - iter 972/1620 - loss 0.31474547
2019-08-27 22:02:05,581 epoch 4 - iter 1134/1620 - loss 0.31219164
2019-08-27 22:03:26,408 epoch 4 - iter 1296/1620 - loss 0.30978045
2019-08-27 22:04:50,084 epoch 4 - iter 1458/1620 - loss 0.30650203
2019-08-27 22:06:09,946 ----------------------------------------------------------------------------------------------------
2019-08-27 22:06:09,946 EPOCH 4 done: loss 0.3030 - lr 0.1000 - bad epochs 0
2019-08-27 22:07:29,867 DEV : loss 0.17407633364200592 - score 0.9871
2019-08-27 22:08:59,040 TEST : loss 0.13121378421783447 - score 0.9885
2019-08-27 22:09:01,960 ----------------------------------------------------------------------------------------------------
2019-08-27 22:09:02,901 epoch 5 - iter 0/1620 - loss 0.50914192
2019-08-27 22:10:23,876 epoch 5 - iter 162/1620 - loss 0.26813792
2019-08-27 22:11:44,354 epoch 5 - iter 324/1620 - loss 0.27166545
2019-08-27 22:13:05,624 epoch 5 - iter 486/1620 - loss 0.26536862
2019-08-27 22:14:29,425 epoch 5 - iter 648/1620 - loss 0.27007057
2019-08-27 22:15:50,511 epoch 5 - iter 810/1620 - loss 0.26824851
2019-08-27 22:17:11,501 epoch 5 - iter 972/1620 - loss 0.27398075
2019-08-27 22:18:34,239 epoch 5 - iter 1134/1620 - loss 0.27105942
2019-08-27 22:19:53,513 epoch 5 - iter 1296/1620 - loss 0.26864775
2019-08-27 22:21:09,671 epoch 5 - iter 1458/1620 - loss 0.27498354
2019-08-27 22:22:31,786 ----------------------------------------------------------------------------------------------------
2019-08-27 22:22:31,786 EPOCH 5 done: loss 0.2767 - lr 0.1000 - bad epochs 0
2019-08-27 22:23:51,570 DEV : loss 0.1732650101184845 - score 0.989
2019-08-27 22:25:21,440 TEST : loss 0.13848471641540527 - score 0.9904
2019-08-27 22:25:24,306 ----------------------------------------------------------------------------------------------------
2019-08-27 22:25:25,416 epoch 6 - iter 0/1620 - loss 0.13608551
2019-08-27 22:26:46,003 epoch 6 - iter 162/1620 - loss 0.22463391
2019-08-27 22:28:06,838 epoch 6 - iter 324/1620 - loss 0.26018353
2019-08-27 22:29:28,468 epoch 6 - iter 486/1620 - loss 0.27032553
2019-08-27 22:30:49,687 epoch 6 - iter 648/1620 - loss 0.27188634
2019-08-27 22:32:09,840 epoch 6 - iter 810/1620 - loss 0.27047394
2019-08-27 22:33:33,299 epoch 6 - iter 972/1620 - loss 0.26907049
2019-08-27 22:34:53,105 epoch 6 - iter 1134/1620 - loss 0.26781446
2019-08-27 22:36:15,705 epoch 6 - iter 1296/1620 - loss 0.26840778
2019-08-27 22:37:36,641 epoch 6 - iter 1458/1620 - loss 0.27005042
2019-08-27 22:38:55,352 ----------------------------------------------------------------------------------------------------
2019-08-27 22:38:55,352 EPOCH 6 done: loss 0.2681 - lr 0.1000 - bad epochs 0
2019-08-27 22:40:16,212 DEV : loss 0.171018585562706 - score 0.9878
2019-08-27 22:41:47,033 TEST : loss 0.12579211592674255 - score 0.9919
2019-08-27 22:41:47,033 ----------------------------------------------------------------------------------------------------
2019-08-27 22:41:48,031 epoch 7 - iter 0/1620 - loss 0.03420830
2019-08-27 22:43:08,818 epoch 7 - iter 162/1620 - loss 0.23001499
2019-08-27 22:44:29,621 epoch 7 - iter 324/1620 - loss 0.22967784
2019-08-27 22:45:52,893 epoch 7 - iter 486/1620 - loss 0.22679996
2019-08-27 22:47:12,469 epoch 7 - iter 648/1620 - loss 0.22914099
2019-08-27 22:48:33,312 epoch 7 - iter 810/1620 - loss 0.23656869
2019-08-27 22:49:54,271 epoch 7 - iter 972/1620 - loss 0.23942212
2019-08-27 22:51:13,498 epoch 7 - iter 1134/1620 - loss 0.23744093
2019-08-27 22:52:34,325 epoch 7 - iter 1296/1620 - loss 0.23912897
2019-08-27 22:53:56,166 epoch 7 - iter 1458/1620 - loss 0.23956339
2019-08-27 22:55:15,909 ----------------------------------------------------------------------------------------------------
2019-08-27 22:55:15,909 EPOCH 7 done: loss 0.2424 - lr 0.1000 - bad epochs 1
2019-08-27 22:56:36,155 DEV : loss 0.15750201046466827 - score 0.9892
2019-08-27 22:58:05,769 TEST : loss 0.12820662558078766 - score 0.9909
2019-08-27 22:58:08,685 ----------------------------------------------------------------------------------------------------
2019-08-27 22:58:09,835 epoch 8 - iter 0/1620 - loss 0.26173401
2019-08-27 22:59:29,598 epoch 8 - iter 162/1620 - loss 0.21389063
2019-08-27 23:00:51,039 epoch 8 - iter 324/1620 - loss 0.20563326
2019-08-27 23:02:12,211 epoch 8 - iter 486/1620 - loss 0.21182627
2019-08-27 23:03:31,604 epoch 8 - iter 648/1620 - loss 0.21871624
2019-08-27 23:04:53,875 epoch 8 - iter 810/1620 - loss 0.22422569
2019-08-27 23:06:13,444 epoch 8 - iter 972/1620 - loss 0.22620836
2019-08-27 23:07:34,034 epoch 8 - iter 1134/1620 - loss 0.22204001
2019-08-27 23:08:58,891 epoch 8 - iter 1296/1620 - loss 0.22664337
2019-08-27 23:10:18,321 epoch 8 - iter 1458/1620 - loss 0.22684926
2019-08-27 23:11:38,354 ----------------------------------------------------------------------------------------------------
2019-08-27 23:11:38,355 EPOCH 8 done: loss 0.2297 - lr 0.1000 - bad epochs 0
2019-08-27 23:13:02,537 DEV : loss 0.1598285287618637 - score 0.9892
2019-08-27 23:14:28,186 TEST : loss 0.12524110078811646 - score 0.991
2019-08-27 23:14:30,981 ----------------------------------------------------------------------------------------------------
2019-08-27 23:14:32,113 epoch 9 - iter 0/1620 - loss 0.45251083
2019-08-27 23:15:54,613 epoch 9 - iter 162/1620 - loss 0.21905304
2019-08-27 23:17:16,406 epoch 9 - iter 324/1620 - loss 0.21419783
2019-08-27 23:18:35,856 epoch 9 - iter 486/1620 - loss 0.21728469
2019-08-27 23:19:56,486 epoch 9 - iter 648/1620 - loss 0.22225609
2019-08-27 23:21:19,013 epoch 9 - iter 810/1620 - loss 0.22034926
2019-08-27 23:22:38,618 epoch 9 - iter 972/1620 - loss 0.22099288
2019-08-27 23:23:58,554 epoch 9 - iter 1134/1620 - loss 0.22415520
2019-08-27 23:25:19,332 epoch 9 - iter 1296/1620 - loss 0.22120966
2019-08-27 23:26:41,917 epoch 9 - iter 1458/1620 - loss 0.21984531
2019-08-27 23:28:02,045 ----------------------------------------------------------------------------------------------------
2019-08-27 23:28:02,045 EPOCH 9 done: loss 0.2189 - lr 0.1000 - bad epochs 1
2019-08-27 23:29:24,272 DEV : loss 0.17716822028160095 - score 0.9887
2019-08-27 23:30:53,624 TEST : loss 0.13319337368011475 - score 0.9905
2019-08-27 23:30:53,625 ----------------------------------------------------------------------------------------------------
2019-08-27 23:30:54,822 epoch 10 - iter 0/1620 - loss 0.01030779
2019-08-27 23:32:14,110 epoch 10 - iter 162/1620 - loss 0.22305797
2019-08-27 23:33:35,569 epoch 10 - iter 324/1620 - loss 0.24043102
2019-08-27 23:34:55,491 epoch 10 - iter 486/1620 - loss 0.23074709
2019-08-27 23:36:12,451 epoch 10 - iter 648/1620 - loss 0.22157193
2019-08-27 23:37:31,694 epoch 10 - iter 810/1620 - loss 0.21532683
2019-08-27 23:38:53,154 epoch 10 - iter 972/1620 - loss 0.21202415
2019-08-27 23:40:12,300 epoch 10 - iter 1134/1620 - loss 0.21498123
2019-08-27 23:41:33,448 epoch 10 - iter 1296/1620 - loss 0.21395705
2019-08-27 23:42:52,497 epoch 10 - iter 1458/1620 - loss 0.21337881
2019-08-27 23:44:14,770 ----------------------------------------------------------------------------------------------------
2019-08-27 23:44:14,770 EPOCH 10 done: loss 0.2146 - lr 0.1000 - bad epochs 2
2019-08-27 23:45:37,700 DEV : loss 0.1742980182170868 - score 0.989
2019-08-27 23:47:06,912 TEST : loss 0.1279878169298172 - score 0.9912
2019-08-27 23:47:06,913 ----------------------------------------------------------------------------------------------------
2019-08-27 23:47:07,825 epoch 11 - iter 0/1620 - loss 0.14830589
2019-08-27 23:48:27,978 epoch 11 - iter 162/1620 - loss 0.18255315
2019-08-27 23:49:49,281 epoch 11 - iter 324/1620 - loss 0.17722683
2019-08-27 23:51:11,416 epoch 11 - iter 486/1620 - loss 0.17633118
2019-08-27 23:52:32,239 epoch 11 - iter 648/1620 - loss 0.18543939
2019-08-27 23:53:53,167 epoch 11 - iter 810/1620 - loss 0.20005554
2019-08-27 23:55:13,996 epoch 11 - iter 972/1620 - loss 0.20089686
2019-08-27 23:56:35,013 epoch 11 - iter 1134/1620 - loss 0.19964512
2019-08-27 23:57:57,399 epoch 11 - iter 1296/1620 - loss 0.20091584
2019-08-27 23:59:14,411 epoch 11 - iter 1458/1620 - loss 0.20584880
2019-08-28 00:00:33,990 ----------------------------------------------------------------------------------------------------
2019-08-28 00:00:33,990 EPOCH 11 done: loss 0.2068 - lr 0.1000 - bad epochs 3
2019-08-28 00:01:56,028 DEV : loss 0.16136595606803894 - score 0.9894
2019-08-28 00:03:24,263 TEST : loss 0.11788586527109146 - score 0.9918
2019-08-28 00:03:27,486 ----------------------------------------------------------------------------------------------------
2019-08-28 00:03:28,854 epoch 12 - iter 0/1620 - loss 0.05444622
2019-08-28 00:04:48,453 epoch 12 - iter 162/1620 - loss 0.15892985
2019-08-28 00:06:10,284 epoch 12 - iter 324/1620 - loss 0.19121350
2019-08-28 00:07:31,369 epoch 12 - iter 486/1620 - loss 0.19706814
2019-08-28 00:08:53,846 epoch 12 - iter 648/1620 - loss 0.19285951
2019-08-28 00:10:17,136 epoch 12 - iter 810/1620 - loss 0.19139273
2019-08-28 00:11:40,316 epoch 12 - iter 972/1620 - loss 0.18952992
2019-08-28 00:13:02,004 epoch 12 - iter 1134/1620 - loss 0.19152122
2019-08-28 00:14:24,446 epoch 12 - iter 1296/1620 - loss 0.19454875
2019-08-28 00:15:44,846 epoch 12 - iter 1458/1620 - loss 0.19249712
2019-08-28 00:17:04,496 ----------------------------------------------------------------------------------------------------
2019-08-28 00:17:04,497 EPOCH 12 done: loss 0.1964 - lr 0.1000 - bad epochs 0
2019-08-28 00:18:24,409 DEV : loss 0.1766597330570221 - score 0.9894
2019-08-28 00:19:52,809 TEST : loss 0.1377977877855301 - score 0.9914
2019-08-28 00:19:55,532 ----------------------------------------------------------------------------------------------------
2019-08-28 00:19:56,450 epoch 13 - iter 0/1620 - loss 0.04457569
2019-08-28 00:21:19,065 epoch 13 - iter 162/1620 - loss 0.16034078
2019-08-28 00:22:37,470 epoch 13 - iter 324/1620 - loss 0.19250047
2019-08-28 00:24:01,107 epoch 13 - iter 486/1620 - loss 0.18783742
2019-08-28 00:25:23,385 epoch 13 - iter 648/1620 - loss 0.17873758
2019-08-28 00:26:43,909 epoch 13 - iter 810/1620 - loss 0.18073373
2019-08-28 00:28:04,563 epoch 13 - iter 972/1620 - loss 0.17674876
2019-08-28 00:29:28,576 epoch 13 - iter 1134/1620 - loss 0.17654702
2019-08-28 00:30:48,788 epoch 13 - iter 1296/1620 - loss 0.17827470
2019-08-28 00:32:09,621 epoch 13 - iter 1458/1620 - loss 0.17710716
2019-08-28 00:33:29,494 ----------------------------------------------------------------------------------------------------
2019-08-28 00:33:29,495 EPOCH 13 done: loss 0.1809 - lr 0.1000 - bad epochs 1
2019-08-28 00:34:49,895 DEV : loss 0.17922022938728333 - score 0.9883
2019-08-28 00:36:19,068 TEST : loss 0.13529153168201447 - score 0.9905
2019-08-28 00:36:19,069 ----------------------------------------------------------------------------------------------------
2019-08-28 00:36:20,180 epoch 14 - iter 0/1620 - loss 0.15811729
2019-08-28 00:37:41,642 epoch 14 - iter 162/1620 - loss 0.17781090
2019-08-28 00:39:03,916 epoch 14 - iter 324/1620 - loss 0.17716209
2019-08-28 00:40:22,508 epoch 14 - iter 486/1620 - loss 0.17726236
2019-08-28 00:41:41,627 epoch 14 - iter 648/1620 - loss 0.18026219
2019-08-28 00:43:02,615 epoch 14 - iter 810/1620 - loss 0.18213525
2019-08-28 00:44:21,512 epoch 14 - iter 972/1620 - loss 0.18901049
2019-08-28 00:45:45,385 epoch 14 - iter 1134/1620 - loss 0.18574838
2019-08-28 00:47:05,536 epoch 14 - iter 1296/1620 - loss 0.18532222
2019-08-28 00:48:25,814 epoch 14 - iter 1458/1620 - loss 0.18290710
2019-08-28 00:49:48,582 ----------------------------------------------------------------------------------------------------
2019-08-28 00:49:48,582 EPOCH 14 done: loss 0.1836 - lr 0.1000 - bad epochs 2
2019-08-28 00:51:08,834 DEV : loss 0.1736394464969635 - score 0.9884
2019-08-28 00:52:38,436 TEST : loss 0.14673712849617004 - score 0.9898
2019-08-28 00:52:38,436 ----------------------------------------------------------------------------------------------------
2019-08-28 00:52:39,493 epoch 15 - iter 0/1620 - loss 0.09037971
2019-08-28 00:53:59,173 epoch 15 - iter 162/1620 - loss 0.14822852
2019-08-28 00:55:18,314 epoch 15 - iter 324/1620 - loss 0.17241110
2019-08-28 00:56:37,329 epoch 15 - iter 486/1620 - loss 0.16878556
2019-08-28 00:57:55,750 epoch 15 - iter 648/1620 - loss 0.16846074
2019-08-28 00:59:17,882 epoch 15 - iter 810/1620 - loss 0.18332060
2019-08-28 01:00:38,821 epoch 15 - iter 972/1620 - loss 0.18538218
2019-08-28 01:02:00,538 epoch 15 - iter 1134/1620 - loss 0.18682639
2019-08-28 01:03:21,493 epoch 15 - iter 1296/1620 - loss 0.18382952
2019-08-28 01:04:40,907 epoch 15 - iter 1458/1620 - loss 0.18332333
2019-08-28 01:06:02,190 ----------------------------------------------------------------------------------------------------
2019-08-28 01:06:02,190 EPOCH 15 done: loss 0.1864 - lr 0.1000 - bad epochs 3
2019-08-28 01:07:23,038 DEV : loss 0.19329360127449036 - score 0.988
2019-08-28 01:08:52,534 TEST : loss 0.13257485628128052 - score 0.9908
2019-08-28 01:08:52,534 ----------------------------------------------------------------------------------------------------
2019-08-28 01:08:53,623 epoch 16 - iter 0/1620 - loss 0.18542767
2019-08-28 01:10:16,126 epoch 16 - iter 162/1620 - loss 0.11979537
2019-08-28 01:11:34,796 epoch 16 - iter 324/1620 - loss 0.14854212
2019-08-28 01:12:57,358 epoch 16 - iter 486/1620 - loss 0.15099448
2019-08-28 01:14:16,619 epoch 16 - iter 648/1620 - loss 0.15802494
2019-08-28 01:15:36,699 epoch 16 - iter 810/1620 - loss 0.15667518
2019-08-28 01:16:57,835 epoch 16 - iter 972/1620 - loss 0.15205776
2019-08-28 01:18:19,876 epoch 16 - iter 1134/1620 - loss 0.14888304
2019-08-28 01:19:39,130 epoch 16 - iter 1296/1620 - loss 0.15279402
2019-08-28 01:21:03,797 epoch 16 - iter 1458/1620 - loss 0.15363825
2019-08-28 01:22:23,574 ----------------------------------------------------------------------------------------------------
2019-08-28 01:22:23,574 EPOCH 16 done: loss 0.1563 - lr 0.0500 - bad epochs 0
2019-08-28 01:23:44,071 DEV : loss 0.1717742383480072 - score 0.9894
2019-08-28 01:25:14,760 TEST : loss 0.12168637663125992 - score 0.9913
2019-08-28 01:25:17,897 ----------------------------------------------------------------------------------------------------
2019-08-28 01:25:18,929 epoch 17 - iter 0/1620 - loss 0.02034378
2019-08-28 01:26:37,727 epoch 17 - iter 162/1620 - loss 0.12425309
2019-08-28 01:28:00,719 epoch 17 - iter 324/1620 - loss 0.12827056
2019-08-28 01:29:24,535 epoch 17 - iter 486/1620 - loss 0.13773790
2019-08-28 01:30:46,040 epoch 17 - iter 648/1620 - loss 0.14259949
2019-08-28 01:32:07,613 epoch 17 - iter 810/1620 - loss 0.14521269
2019-08-28 01:33:28,534 epoch 17 - iter 972/1620 - loss 0.14409683
2019-08-28 01:34:52,438 epoch 17 - iter 1134/1620 - loss 0.14573779
2019-08-28 01:36:13,024 epoch 17 - iter 1296/1620 - loss 0.14413543
2019-08-28 01:37:32,409 epoch 17 - iter 1458/1620 - loss 0.14419055
2019-08-28 01:38:53,114 ----------------------------------------------------------------------------------------------------
2019-08-28 01:38:53,114 EPOCH 17 done: loss 0.1440 - lr 0.0500 - bad epochs 1
2019-08-28 01:40:14,185 DEV : loss 0.16465522348880768 - score 0.9895
2019-08-28 01:41:43,157 TEST : loss 0.1253175586462021 - score 0.9912
2019-08-28 01:41:46,287 ----------------------------------------------------------------------------------------------------
2019-08-28 01:41:47,425 epoch 18 - iter 0/1620 - loss 0.05333614
2019-08-28 01:43:08,595 epoch 18 - iter 162/1620 - loss 0.10576748
2019-08-28 01:44:29,178 epoch 18 - iter 324/1620 - loss 0.11729365
2019-08-28 01:45:46,712 epoch 18 - iter 486/1620 - loss 0.12278528
2019-08-28 01:47:07,938 epoch 18 - iter 648/1620 - loss 0.12624531
2019-08-28 01:48:28,533 epoch 18 - iter 810/1620 - loss 0.12764944
2019-08-28 01:49:48,841 epoch 18 - iter 972/1620 - loss 0.12999649
2019-08-28 01:51:08,782 epoch 18 - iter 1134/1620 - loss 0.13191212
2019-08-28 01:52:30,194 epoch 18 - iter 1296/1620 - loss 0.13524450
2019-08-28 01:53:51,617 epoch 18 - iter 1458/1620 - loss 0.13451231
2019-08-28 01:55:10,473 ----------------------------------------------------------------------------------------------------
2019-08-28 01:55:10,473 EPOCH 18 done: loss 0.1367 - lr 0.0500 - bad epochs 0
2019-08-28 01:56:31,655 DEV : loss 0.1741429567337036 - score 0.9898
2019-08-28 01:58:00,660 TEST : loss 0.1273370385169983 - score 0.9917
2019-08-28 01:58:03,832 ----------------------------------------------------------------------------------------------------
2019-08-28 01:58:04,927 epoch 19 - iter 0/1620 - loss 0.00178337
2019-08-28 01:59:26,394 epoch 19 - iter 162/1620 - loss 0.16159896
2019-08-28 02:00:47,354 epoch 19 - iter 324/1620 - loss 0.16228578
2019-08-28 02:02:05,656 epoch 19 - iter 486/1620 - loss 0.16214698
2019-08-28 02:03:27,149 epoch 19 - iter 648/1620 - loss 0.15910022
2019-08-28 02:04:46,847 epoch 19 - iter 810/1620 - loss 0.15739388
2019-08-28 02:06:06,773 epoch 19 - iter 972/1620 - loss 0.15788859
2019-08-28 02:07:29,190 epoch 19 - iter 1134/1620 - loss 0.15373574
2019-08-28 02:08:47,693 epoch 19 - iter 1296/1620 - loss 0.15084997
2019-08-28 02:10:10,058 epoch 19 - iter 1458/1620 - loss 0.14985712
2019-08-28 02:11:29,544 ----------------------------------------------------------------------------------------------------
2019-08-28 02:11:29,544 EPOCH 19 done: loss 0.1534 - lr 0.0500 - bad epochs 0
2019-08-28 02:12:49,982 DEV : loss 0.17033880949020386 - score 0.9888
2019-08-28 02:14:20,282 TEST : loss 0.1266394704580307 - score 0.9914
2019-08-28 02:14:20,282 ----------------------------------------------------------------------------------------------------
2019-08-28 02:14:21,352 epoch 20 - iter 0/1620 - loss 0.15475464
2019-08-28 02:15:41,065 epoch 20 - iter 162/1620 - loss 0.12575383
2019-08-28 02:16:58,441 epoch 20 - iter 324/1620 - loss 0.13771629
2019-08-28 02:18:19,124 epoch 20 - iter 486/1620 - loss 0.13958360
2019-08-28 02:19:37,246 epoch 20 - iter 648/1620 - loss 0.13920175
2019-08-28 02:20:57,302 epoch 20 - iter 810/1620 - loss 0.13538676
2019-08-28 02:22:19,940 epoch 20 - iter 972/1620 - loss 0.13790158
2019-08-28 02:23:42,354 epoch 20 - iter 1134/1620 - loss 0.13595379
2019-08-28 02:25:01,536 epoch 20 - iter 1296/1620 - loss 0.13752355
2019-08-28 02:26:23,285 epoch 20 - iter 1458/1620 - loss 0.13638032
2019-08-28 02:27:41,450 ----------------------------------------------------------------------------------------------------
2019-08-28 02:27:41,451 EPOCH 20 done: loss 0.1365 - lr 0.0500 - bad epochs 1
2019-08-28 02:29:01,119 DEV : loss 0.1800447702407837 - score 0.9894
2019-08-28 02:30:31,751 TEST : loss 0.13700689375400543 - score 0.9911
2019-08-28 02:30:31,751 ----------------------------------------------------------------------------------------------------
2019-08-28 02:30:32,723 epoch 21 - iter 0/1620 - loss 0.03653240
2019-08-28 02:31:51,006 epoch 21 - iter 162/1620 - loss 0.12987312
2019-08-28 02:33:10,589 epoch 21 - iter 324/1620 - loss 0.12251014
2019-08-28 02:34:29,566 epoch 21 - iter 486/1620 - loss 0.12594141
2019-08-28 02:35:50,651 epoch 21 - iter 648/1620 - loss 0.12707372
2019-08-28 02:37:09,825 epoch 21 - iter 810/1620 - loss 0.13550173
2019-08-28 02:38:31,200 epoch 21 - iter 972/1620 - loss 0.13101240
2019-08-28 02:39:52,886 epoch 21 - iter 1134/1620 - loss 0.12631645
2019-08-28 02:41:12,027 epoch 21 - iter 1296/1620 - loss 0.12570993
2019-08-28 02:42:33,338 epoch 21 - iter 1458/1620 - loss 0.12898667
2019-08-28 02:43:51,735 ----------------------------------------------------------------------------------------------------
2019-08-28 02:43:51,735 EPOCH 21 done: loss 0.1299 - lr 0.0500 - bad epochs 2
2019-08-28 02:45:13,464 DEV : loss 0.17239226400852203 - score 0.9908
2019-08-28 02:46:41,126 TEST : loss 0.1362011730670929 - score 0.9911
2019-08-28 02:46:44,425 ----------------------------------------------------------------------------------------------------
2019-08-28 02:46:45,876 epoch 22 - iter 0/1620 - loss 0.15835762
2019-08-28 02:48:07,442 epoch 22 - iter 162/1620 - loss 0.10798873
2019-08-28 02:49:29,582 epoch 22 - iter 324/1620 - loss 0.12089955
2019-08-28 02:50:50,588 epoch 22 - iter 486/1620 - loss 0.12027244
2019-08-28 02:52:09,939 epoch 22 - iter 648/1620 - loss 0.11963296
2019-08-28 02:53:29,511 epoch 22 - iter 810/1620 - loss 0.12132716
2019-08-28 02:54:51,003 epoch 22 - iter 972/1620 - loss 0.12301536
2019-08-28 02:56:08,784 epoch 22 - iter 1134/1620 - loss 0.12379701
2019-08-28 02:57:28,637 epoch 22 - iter 1296/1620 - loss 0.12145397
2019-08-28 02:58:49,035 epoch 22 - iter 1458/1620 - loss 0.12486364
2019-08-28 03:00:06,351 ----------------------------------------------------------------------------------------------------
2019-08-28 03:00:06,351 EPOCH 22 done: loss 0.1257 - lr 0.0500 - bad epochs 0
2019-08-28 03:01:28,900 DEV : loss 0.1919519305229187 - score 0.9895
2019-08-28 03:02:59,024 TEST : loss 0.14581574499607086 - score 0.9898
2019-08-28 03:02:59,025 ----------------------------------------------------------------------------------------------------
2019-08-28 03:03:00,148 epoch 23 - iter 0/1620 - loss 0.09068871
2019-08-28 03:04:21,418 epoch 23 - iter 162/1620 - loss 0.10355740
2019-08-28 03:05:42,109 epoch 23 - iter 324/1620 - loss 0.10490481
2019-08-28 03:07:04,952 epoch 23 - iter 486/1620 - loss 0.11056265
2019-08-28 03:08:25,123 epoch 23 - iter 648/1620 - loss 0.11438608
2019-08-28 03:09:45,188 epoch 23 - iter 810/1620 - loss 0.11212280
2019-08-28 03:11:05,774 epoch 23 - iter 972/1620 - loss 0.11522709
2019-08-28 03:12:26,488 epoch 23 - iter 1134/1620 - loss 0.11874295
2019-08-28 03:13:47,056 epoch 23 - iter 1296/1620 - loss 0.11655546
2019-08-28 03:15:06,789 epoch 23 - iter 1458/1620 - loss 0.11659374
2019-08-28 03:16:26,056 ----------------------------------------------------------------------------------------------------
2019-08-28 03:16:26,057 EPOCH 23 done: loss 0.1207 - lr 0.0500 - bad epochs 1
2019-08-28 03:17:46,802 DEV : loss 0.17923018336296082 - score 0.9897
2019-08-28 03:19:14,209 TEST : loss 0.14258556067943573 - score 0.9916
2019-08-28 03:19:14,209 ----------------------------------------------------------------------------------------------------
2019-08-28 03:19:15,169 epoch 24 - iter 0/1620 - loss 0.12184429
2019-08-28 03:20:36,439 epoch 24 - iter 162/1620 - loss 0.11622363
2019-08-28 03:21:57,604 epoch 24 - iter 324/1620 - loss 0.12593510
2019-08-28 03:23:19,290 epoch 24 - iter 486/1620 - loss 0.11757139
2019-08-28 03:24:41,687 epoch 24 - iter 648/1620 - loss 0.11603924
2019-08-28 03:26:01,156 epoch 24 - iter 810/1620 - loss 0.12128093
2019-08-28 03:27:21,123 epoch 24 - iter 972/1620 - loss 0.11740039
2019-08-28 03:28:43,618 epoch 24 - iter 1134/1620 - loss 0.12166708
2019-08-28 03:30:06,463 epoch 24 - iter 1296/1620 - loss 0.11790606
2019-08-28 03:31:26,457 epoch 24 - iter 1458/1620 - loss 0.11909343
2019-08-28 03:32:46,113 ----------------------------------------------------------------------------------------------------
2019-08-28 03:32:46,113 EPOCH 24 done: loss 0.1210 - lr 0.0500 - bad epochs 2
2019-08-28 03:34:07,779 DEV : loss 0.18042387068271637 - score 0.9903
2019-08-28 03:35:36,710 TEST : loss 0.1407538652420044 - score 0.9914
2019-08-28 03:35:36,710 ----------------------------------------------------------------------------------------------------
2019-08-28 03:35:37,865 epoch 25 - iter 0/1620 - loss 0.06490517
2019-08-28 03:36:59,886 epoch 25 - iter 162/1620 - loss 0.09626306
2019-08-28 03:38:19,004 epoch 25 - iter 324/1620 - loss 0.10167260
2019-08-28 03:39:39,071 epoch 25 - iter 486/1620 - loss 0.10206067
2019-08-28 03:40:58,489 epoch 25 - iter 648/1620 - loss 0.10524446
2019-08-28 03:42:20,329 epoch 25 - iter 810/1620 - loss 0.10106983
2019-08-28 03:43:40,499 epoch 25 - iter 972/1620 - loss 0.10189611
2019-08-28 03:45:03,989 epoch 25 - iter 1134/1620 - loss 0.10391338
2019-08-28 03:46:24,859 epoch 25 - iter 1296/1620 - loss 0.10867627
2019-08-28 03:47:45,485 epoch 25 - iter 1458/1620 - loss 0.10869638
2019-08-28 03:49:04,139 ----------------------------------------------------------------------------------------------------
2019-08-28 03:49:04,139 EPOCH 25 done: loss 0.1074 - lr 0.0500 - bad epochs 3
2019-08-28 03:50:23,745 DEV : loss 0.19138936698436737 - score 0.9895
2019-08-28 03:51:51,408 TEST : loss 0.14585943520069122 - score 0.9915
2019-08-28 03:51:51,408 ----------------------------------------------------------------------------------------------------
2019-08-28 03:51:52,386 epoch 26 - iter 0/1620 - loss 0.00236511
2019-08-28 03:53:14,339 epoch 26 - iter 162/1620 - loss 0.10636111
2019-08-28 03:54:35,435 epoch 26 - iter 324/1620 - loss 0.12039354
2019-08-28 03:55:58,150 epoch 26 - iter 486/1620 - loss 0.12000062
2019-08-28 03:57:19,087 epoch 26 - iter 648/1620 - loss 0.12218283
2019-08-28 03:58:37,873 epoch 26 - iter 810/1620 - loss 0.11870442
2019-08-28 04:00:00,460 epoch 26 - iter 972/1620 - loss 0.11721545
2019-08-28 04:01:21,267 epoch 26 - iter 1134/1620 - loss 0.11334917
2019-08-28 04:02:42,195 epoch 26 - iter 1296/1620 - loss 0.11519684
2019-08-28 04:04:06,733 epoch 26 - iter 1458/1620 - loss 0.11390133
2019-08-28 04:05:25,774 ----------------------------------------------------------------------------------------------------
2019-08-28 04:05:25,774 EPOCH 26 done: loss 0.1145 - lr 0.0250 - bad epochs 0
2019-08-28 04:06:47,693 DEV : loss 0.18531256914138794 - score 0.9899
2019-08-28 04:08:15,726 TEST : loss 0.14401505887508392 - score 0.9911
2019-08-28 04:08:15,727 ----------------------------------------------------------------------------------------------------
2019-08-28 04:08:16,706 epoch 27 - iter 0/1620 - loss 0.00436592
2019-08-28 04:09:37,325 epoch 27 - iter 162/1620 - loss 0.09973038
2019-08-28 04:11:00,570 epoch 27 - iter 324/1620 - loss 0.10942047
2019-08-28 04:12:21,091 epoch 27 - iter 486/1620 - loss 0.10682498
2019-08-28 04:13:40,008 epoch 27 - iter 648/1620 - loss 0.10786913
2019-08-28 04:15:02,565 epoch 27 - iter 810/1620 - loss 0.10631518
2019-08-28 04:16:23,101 epoch 27 - iter 972/1620 - loss 0.10730455
2019-08-28 04:17:41,392 epoch 27 - iter 1134/1620 - loss 0.10701086
2019-08-28 04:19:02,653 epoch 27 - iter 1296/1620 - loss 0.10894875
2019-08-28 04:20:20,909 epoch 27 - iter 1458/1620 - loss 0.10969495
2019-08-28 04:21:38,676 ----------------------------------------------------------------------------------------------------
2019-08-28 04:21:38,676 EPOCH 27 done: loss 0.1109 - lr 0.0250 - bad epochs 1
2019-08-28 04:23:01,309 DEV : loss 0.18330489099025726 - score 0.9902
2019-08-28 04:24:30,216 TEST : loss 0.14515994489192963 - score 0.9914
2019-08-28 04:24:30,217 ----------------------------------------------------------------------------------------------------
2019-08-28 04:24:31,264 epoch 28 - iter 0/1620 - loss 0.01205254
2019-08-28 04:25:52,989 epoch 28 - iter 162/1620 - loss 0.11672448
2019-08-28 04:27:13,511 epoch 28 - iter 324/1620 - loss 0.10664735
2019-08-28 04:28:34,839 epoch 28 - iter 486/1620 - loss 0.11105956
2019-08-28 04:29:57,453 epoch 28 - iter 648/1620 - loss 0.10589374
2019-08-28 04:31:18,159 epoch 28 - iter 810/1620 - loss 0.10876633
2019-08-28 04:32:40,045 epoch 28 - iter 972/1620 - loss 0.11020028
2019-08-28 04:34:00,063 epoch 28 - iter 1134/1620 - loss 0.10695463
2019-08-28 04:35:21,054 epoch 28 - iter 1296/1620 - loss 0.10912101
2019-08-28 04:36:43,009 epoch 28 - iter 1458/1620 - loss 0.10707868
2019-08-28 04:38:00,501 ----------------------------------------------------------------------------------------------------
2019-08-28 04:38:00,501 EPOCH 28 done: loss 0.1058 - lr 0.0250 - bad epochs 2
2019-08-28 04:39:22,161 DEV : loss 0.18464834988117218 - score 0.9905
2019-08-28 04:40:51,270 TEST : loss 0.14286170899868011 - score 0.9914
2019-08-28 04:40:51,271 ----------------------------------------------------------------------------------------------------
2019-08-28 04:40:52,256 epoch 29 - iter 0/1620 - loss 0.02748871
2019-08-28 04:42:12,558 epoch 29 - iter 162/1620 - loss 0.11561918
2019-08-28 04:43:32,271 epoch 29 - iter 324/1620 - loss 0.12568445
2019-08-28 04:44:54,516 epoch 29 - iter 486/1620 - loss 0.11918028
2019-08-28 04:46:12,675 epoch 29 - iter 648/1620 - loss 0.11631496
2019-08-28 04:47:34,647 epoch 29 - iter 810/1620 - loss 0.11616122
2019-08-28 04:48:55,501 epoch 29 - iter 972/1620 - loss 0.11180086
2019-08-28 04:50:16,118 epoch 29 - iter 1134/1620 - loss 0.11114919
2019-08-28 04:51:38,013 epoch 29 - iter 1296/1620 - loss 0.10757176
2019-08-28 04:52:58,552 epoch 29 - iter 1458/1620 - loss 0.10658492
2019-08-28 04:54:17,218 ----------------------------------------------------------------------------------------------------
2019-08-28 04:54:17,218 EPOCH 29 done: loss 0.1048 - lr 0.0250 - bad epochs 3
2019-08-28 04:55:39,941 DEV : loss 0.18481045961380005 - score 0.9905
2019-08-28 04:57:08,168 TEST : loss 0.1403149962425232 - score 0.9913
2019-08-28 04:57:08,168 ----------------------------------------------------------------------------------------------------
2019-08-28 04:57:09,275 epoch 30 - iter 0/1620 - loss 0.02785492
2019-08-28 04:58:29,687 epoch 30 - iter 162/1620 - loss 0.13953932
2019-08-28 04:59:50,390 epoch 30 - iter 324/1620 - loss 0.12557190
2019-08-28 05:01:10,025 epoch 30 - iter 486/1620 - loss 0.11550420
2019-08-28 05:02:32,690 epoch 30 - iter 648/1620 - loss 0.11304671
2019-08-28 05:03:54,660 epoch 30 - iter 810/1620 - loss 0.10894606
2019-08-28 05:05:14,221 epoch 30 - iter 972/1620 - loss 0.10564277
2019-08-28 05:06:37,341 epoch 30 - iter 1134/1620 - loss 0.10483422
2019-08-28 05:07:59,607 epoch 30 - iter 1296/1620 - loss 0.10381900
2019-08-28 05:09:20,854 epoch 30 - iter 1458/1620 - loss 0.10319637
2019-08-28 05:10:40,326 ----------------------------------------------------------------------------------------------------
2019-08-28 05:10:40,327 EPOCH 30 done: loss 0.1004 - lr 0.0125 - bad epochs 0
2019-08-28 05:11:58,992 DEV : loss 0.18926513195037842 - score 0.9904
2019-08-28 05:13:25,197 TEST : loss 0.1435936838388443 - score 0.9913
2019-08-28 05:13:27,295 ----------------------------------------------------------------------------------------------------
2019-08-28 05:13:27,295 Testing using best model ...
2019-08-28 05:13:27,296 loading file iter7_trained/best-model.pt
