2019-08-27 21:21:19,954 ----------------------------------------------------------------------------------------------------
2019-08-27 21:21:19,954 Evaluation method: MICRO_F1_SCORE
2019-08-27 21:21:20,597 ----------------------------------------------------------------------------------------------------
2019-08-27 21:21:21,340 epoch 1 - iter 0/1497 - loss 32.25028229
2019-08-27 21:22:03,485 epoch 1 - iter 149/1497 - loss 3.55164832
2019-08-27 21:22:46,596 epoch 1 - iter 298/1497 - loss 2.24179828
2019-08-27 21:23:31,451 epoch 1 - iter 447/1497 - loss 1.79339747
2019-08-27 21:24:14,341 epoch 1 - iter 596/1497 - loss 1.54034701
2019-08-27 21:24:56,770 epoch 1 - iter 745/1497 - loss 1.36231659
2019-08-27 21:25:40,849 epoch 1 - iter 894/1497 - loss 1.23237100
2019-08-27 21:26:22,259 epoch 1 - iter 1043/1497 - loss 1.15059140
2019-08-27 21:27:04,230 epoch 1 - iter 1192/1497 - loss 1.07120829
2019-08-27 21:27:49,496 epoch 1 - iter 1341/1497 - loss 1.01453024
2019-08-27 21:28:31,771 epoch 1 - iter 1490/1497 - loss 0.96796359
2019-08-27 21:28:33,386 ----------------------------------------------------------------------------------------------------
2019-08-27 21:28:33,387 EPOCH 1 done: loss 0.9660 - lr 0.1000 - bad epochs 0
2019-08-27 21:29:13,810 DEV : loss 0.18879428505897522 - score 0.9839
2019-08-27 21:30:06,048 TEST : loss 0.19457325339317322 - score 0.9837
2019-08-27 21:30:07,885 ----------------------------------------------------------------------------------------------------
2019-08-27 21:30:08,846 epoch 2 - iter 0/1497 - loss 0.36337042
2019-08-27 21:30:52,672 epoch 2 - iter 149/1497 - loss 0.43351621
2019-08-27 21:31:33,569 epoch 2 - iter 298/1497 - loss 0.45299050
2019-08-27 21:32:17,506 epoch 2 - iter 447/1497 - loss 0.46194766
2019-08-27 21:32:59,702 epoch 2 - iter 596/1497 - loss 0.46440261
2019-08-27 21:33:42,323 epoch 2 - iter 745/1497 - loss 0.46588174
2019-08-27 21:34:25,765 epoch 2 - iter 894/1497 - loss 0.44787169
2019-08-27 21:35:10,051 epoch 2 - iter 1043/1497 - loss 0.44648722
2019-08-27 21:35:51,579 epoch 2 - iter 1192/1497 - loss 0.44240700
2019-08-27 21:36:36,082 epoch 2 - iter 1341/1497 - loss 0.44409089
2019-08-27 21:37:18,700 epoch 2 - iter 1490/1497 - loss 0.43631527
2019-08-27 21:37:20,726 ----------------------------------------------------------------------------------------------------
2019-08-27 21:37:20,727 EPOCH 2 done: loss 0.4368 - lr 0.1000 - bad epochs 0
2019-08-27 21:38:02,389 DEV : loss 0.1624998301267624 - score 0.9868
2019-08-27 21:38:54,651 TEST : loss 0.17104275524616241 - score 0.9862
2019-08-27 21:38:57,681 ----------------------------------------------------------------------------------------------------
2019-08-27 21:38:58,653 epoch 3 - iter 0/1497 - loss 0.46574974
2019-08-27 21:39:41,443 epoch 3 - iter 149/1497 - loss 0.38920822
2019-08-27 21:40:25,130 epoch 3 - iter 298/1497 - loss 0.33812232
2019-08-27 21:41:07,882 epoch 3 - iter 447/1497 - loss 0.34788143
2019-08-27 21:41:50,190 epoch 3 - iter 596/1497 - loss 0.36151695
2019-08-27 21:42:33,748 epoch 3 - iter 745/1497 - loss 0.35772285
2019-08-27 21:43:15,910 epoch 3 - iter 894/1497 - loss 0.35822822
2019-08-27 21:43:58,633 epoch 3 - iter 1043/1497 - loss 0.35335049
2019-08-27 21:44:42,947 epoch 3 - iter 1192/1497 - loss 0.35687152
2019-08-27 21:45:25,662 epoch 3 - iter 1341/1497 - loss 0.35491786
2019-08-27 21:46:09,266 epoch 3 - iter 1490/1497 - loss 0.35344442
2019-08-27 21:46:11,420 ----------------------------------------------------------------------------------------------------
2019-08-27 21:46:11,421 EPOCH 3 done: loss 0.3529 - lr 0.1000 - bad epochs 0
2019-08-27 21:46:54,029 DEV : loss 0.11405134201049805 - score 0.9899
2019-08-27 21:47:46,736 TEST : loss 0.14464828372001648 - score 0.9881
2019-08-27 21:47:49,827 ----------------------------------------------------------------------------------------------------
2019-08-27 21:47:50,789 epoch 4 - iter 0/1497 - loss 0.12040424
2019-08-27 21:48:33,102 epoch 4 - iter 149/1497 - loss 0.34777054
2019-08-27 21:49:16,274 epoch 4 - iter 298/1497 - loss 0.35359468
2019-08-27 21:49:58,703 epoch 4 - iter 447/1497 - loss 0.33231536
2019-08-27 21:50:42,959 epoch 4 - iter 596/1497 - loss 0.32378008
2019-08-27 21:51:27,089 epoch 4 - iter 745/1497 - loss 0.32448959
2019-08-27 21:52:09,895 epoch 4 - iter 894/1497 - loss 0.31953396
2019-08-27 21:52:54,089 epoch 4 - iter 1043/1497 - loss 0.32467595
2019-08-27 21:53:36,732 epoch 4 - iter 1192/1497 - loss 0.32826746
2019-08-27 21:54:19,589 epoch 4 - iter 1341/1497 - loss 0.32501194
2019-08-27 21:55:04,288 epoch 4 - iter 1490/1497 - loss 0.32326001
2019-08-27 21:55:06,277 ----------------------------------------------------------------------------------------------------
2019-08-27 21:55:06,277 EPOCH 4 done: loss 0.3232 - lr 0.1000 - bad epochs 0
2019-08-27 21:55:47,184 DEV : loss 0.10985426604747772 - score 0.9896
2019-08-27 21:56:39,978 TEST : loss 0.13250383734703064 - score 0.9883
2019-08-27 21:56:39,978 ----------------------------------------------------------------------------------------------------
2019-08-27 21:56:40,838 epoch 5 - iter 0/1497 - loss 0.57179451
2019-08-27 21:57:24,762 epoch 5 - iter 149/1497 - loss 0.31389270
2019-08-27 21:58:07,058 epoch 5 - iter 298/1497 - loss 0.30323483
2019-08-27 21:58:49,478 epoch 5 - iter 447/1497 - loss 0.30847406
2019-08-27 21:59:31,401 epoch 5 - iter 596/1497 - loss 0.29962290
2019-08-27 22:00:14,407 epoch 5 - iter 745/1497 - loss 0.30573972
2019-08-27 22:00:56,591 epoch 5 - iter 894/1497 - loss 0.30143683
2019-08-27 22:01:40,436 epoch 5 - iter 1043/1497 - loss 0.30012375
2019-08-27 22:02:25,226 epoch 5 - iter 1192/1497 - loss 0.29987481
2019-08-27 22:03:07,866 epoch 5 - iter 1341/1497 - loss 0.29622133
2019-08-27 22:03:52,085 epoch 5 - iter 1490/1497 - loss 0.29734891
2019-08-27 22:03:53,891 ----------------------------------------------------------------------------------------------------
2019-08-27 22:03:53,892 EPOCH 5 done: loss 0.2984 - lr 0.1000 - bad epochs 1
2019-08-27 22:04:35,560 DEV : loss 0.11724032461643219 - score 0.9908
2019-08-27 22:05:26,345 TEST : loss 0.11723030358552933 - score 0.9904
2019-08-27 22:05:29,804 ----------------------------------------------------------------------------------------------------
2019-08-27 22:05:30,725 epoch 6 - iter 0/1497 - loss 0.40222931
2019-08-27 22:06:13,471 epoch 6 - iter 149/1497 - loss 0.27412544
2019-08-27 22:06:57,407 epoch 6 - iter 298/1497 - loss 0.28371968
2019-08-27 22:07:39,711 epoch 6 - iter 447/1497 - loss 0.28252324
2019-08-27 22:08:22,004 epoch 6 - iter 596/1497 - loss 0.27177765
2019-08-27 22:09:05,370 epoch 6 - iter 745/1497 - loss 0.27777457
2019-08-27 22:09:48,326 epoch 6 - iter 894/1497 - loss 0.27373221
2019-08-27 22:10:32,289 epoch 6 - iter 1043/1497 - loss 0.27577433
2019-08-27 22:11:16,404 epoch 6 - iter 1192/1497 - loss 0.27261277
2019-08-27 22:11:59,404 epoch 6 - iter 1341/1497 - loss 0.27410933
2019-08-27 22:12:43,088 epoch 6 - iter 1490/1497 - loss 0.27702532
2019-08-27 22:12:45,091 ----------------------------------------------------------------------------------------------------
2019-08-27 22:12:45,091 EPOCH 6 done: loss 0.2765 - lr 0.1000 - bad epochs 0
2019-08-27 22:13:28,497 DEV : loss 0.11316575109958649 - score 0.9915
2019-08-27 22:14:20,552 TEST : loss 0.12922550737857819 - score 0.9902
2019-08-27 22:14:24,046 ----------------------------------------------------------------------------------------------------
2019-08-27 22:14:24,970 epoch 7 - iter 0/1497 - loss 0.23712444
2019-08-27 22:15:08,935 epoch 7 - iter 149/1497 - loss 0.26073569
2019-08-27 22:15:53,118 epoch 7 - iter 298/1497 - loss 0.24024215
2019-08-27 22:16:36,164 epoch 7 - iter 447/1497 - loss 0.24601920
2019-08-27 22:17:19,605 epoch 7 - iter 596/1497 - loss 0.25451763
2019-08-27 22:18:03,731 epoch 7 - iter 745/1497 - loss 0.26070426
2019-08-27 22:18:46,525 epoch 7 - iter 894/1497 - loss 0.25117187
2019-08-27 22:19:29,100 epoch 7 - iter 1043/1497 - loss 0.24540588
2019-08-27 22:20:13,784 epoch 7 - iter 1192/1497 - loss 0.24286199
2019-08-27 22:20:56,577 epoch 7 - iter 1341/1497 - loss 0.24662620
2019-08-27 22:21:37,366 epoch 7 - iter 1490/1497 - loss 0.24451325
2019-08-27 22:21:39,276 ----------------------------------------------------------------------------------------------------
2019-08-27 22:21:39,276 EPOCH 7 done: loss 0.2448 - lr 0.1000 - bad epochs 0
2019-08-27 22:22:21,121 DEV : loss 0.10847104340791702 - score 0.9916
2019-08-27 22:23:14,534 TEST : loss 0.11894156038761139 - score 0.9902
2019-08-27 22:23:17,885 ----------------------------------------------------------------------------------------------------
2019-08-27 22:23:18,847 epoch 8 - iter 0/1497 - loss 0.05346489
2019-08-27 22:24:01,732 epoch 8 - iter 149/1497 - loss 0.24209073
2019-08-27 22:24:43,385 epoch 8 - iter 298/1497 - loss 0.23733547
2019-08-27 22:25:26,247 epoch 8 - iter 447/1497 - loss 0.22303014
2019-08-27 22:26:10,683 epoch 8 - iter 596/1497 - loss 0.22398929
2019-08-27 22:26:53,986 epoch 8 - iter 745/1497 - loss 0.22940813
2019-08-27 22:27:36,415 epoch 8 - iter 894/1497 - loss 0.22794147
2019-08-27 22:28:19,637 epoch 8 - iter 1043/1497 - loss 0.23686938
2019-08-27 22:29:03,346 epoch 8 - iter 1192/1497 - loss 0.23856998
2019-08-27 22:29:47,823 epoch 8 - iter 1341/1497 - loss 0.24000530
2019-08-27 22:30:29,855 epoch 8 - iter 1490/1497 - loss 0.24283233
2019-08-27 22:30:31,831 ----------------------------------------------------------------------------------------------------
2019-08-27 22:30:31,831 EPOCH 8 done: loss 0.2435 - lr 0.1000 - bad epochs 0
2019-08-27 22:31:13,828 DEV : loss 0.1048380509018898 - score 0.9916
2019-08-27 22:32:05,249 TEST : loss 0.13095028698444366 - score 0.9906
2019-08-27 22:32:08,329 ----------------------------------------------------------------------------------------------------
2019-08-27 22:32:09,292 epoch 9 - iter 0/1497 - loss 0.03627300
2019-08-27 22:32:52,825 epoch 9 - iter 149/1497 - loss 0.18473671
2019-08-27 22:33:37,432 epoch 9 - iter 298/1497 - loss 0.20396073
2019-08-27 22:34:20,427 epoch 9 - iter 447/1497 - loss 0.21993549
2019-08-27 22:35:01,544 epoch 9 - iter 596/1497 - loss 0.22558256
2019-08-27 22:35:46,685 epoch 9 - iter 745/1497 - loss 0.22787632
2019-08-27 22:36:29,043 epoch 9 - iter 894/1497 - loss 0.22371252
2019-08-27 22:37:11,341 epoch 9 - iter 1043/1497 - loss 0.23001136
2019-08-27 22:37:53,889 epoch 9 - iter 1192/1497 - loss 0.23335594
2019-08-27 22:38:36,290 epoch 9 - iter 1341/1497 - loss 0.23194677
2019-08-27 22:39:19,478 epoch 9 - iter 1490/1497 - loss 0.23033181
2019-08-27 22:39:21,552 ----------------------------------------------------------------------------------------------------
2019-08-27 22:39:21,552 EPOCH 9 done: loss 0.2307 - lr 0.1000 - bad epochs 1
2019-08-27 22:40:03,139 DEV : loss 0.10288769006729126 - score 0.9921
2019-08-27 22:40:55,600 TEST : loss 0.11842628568410873 - score 0.9912
2019-08-27 22:40:59,033 ----------------------------------------------------------------------------------------------------
2019-08-27 22:41:00,143 epoch 10 - iter 0/1497 - loss 0.18374062
2019-08-27 22:41:43,583 epoch 10 - iter 149/1497 - loss 0.21009053
2019-08-27 22:42:27,991 epoch 10 - iter 298/1497 - loss 0.21666806
2019-08-27 22:43:10,376 epoch 10 - iter 447/1497 - loss 0.22578521
2019-08-27 22:43:53,594 epoch 10 - iter 596/1497 - loss 0.22137494
2019-08-27 22:44:36,789 epoch 10 - iter 745/1497 - loss 0.22355081
2019-08-27 22:45:19,404 epoch 10 - iter 894/1497 - loss 0.22298186
2019-08-27 22:46:02,643 epoch 10 - iter 1043/1497 - loss 0.21826166
2019-08-27 22:46:44,534 epoch 10 - iter 1192/1497 - loss 0.21583223
2019-08-27 22:47:29,090 epoch 10 - iter 1341/1497 - loss 0.21537599
2019-08-27 22:48:12,679 epoch 10 - iter 1490/1497 - loss 0.21631377
2019-08-27 22:48:14,445 ----------------------------------------------------------------------------------------------------
2019-08-27 22:48:14,445 EPOCH 10 done: loss 0.2156 - lr 0.1000 - bad epochs 0
2019-08-27 22:48:55,074 DEV : loss 0.11110819876194 - score 0.9921
2019-08-27 22:49:49,815 TEST : loss 0.12483483552932739 - score 0.9909
2019-08-27 22:49:53,098 ----------------------------------------------------------------------------------------------------
2019-08-27 22:49:54,060 epoch 11 - iter 0/1497 - loss 0.05248451
2019-08-27 22:50:38,420 epoch 11 - iter 149/1497 - loss 0.18290656
2019-08-27 22:51:22,457 epoch 11 - iter 298/1497 - loss 0.20607136
2019-08-27 22:52:06,463 epoch 11 - iter 447/1497 - loss 0.20508124
2019-08-27 22:52:48,168 epoch 11 - iter 596/1497 - loss 0.20291829
2019-08-27 22:53:32,119 epoch 11 - iter 745/1497 - loss 0.21222831
2019-08-27 22:54:14,073 epoch 11 - iter 894/1497 - loss 0.21774083
2019-08-27 22:54:56,192 epoch 11 - iter 1043/1497 - loss 0.22090669
2019-08-27 22:55:39,351 epoch 11 - iter 1192/1497 - loss 0.21903362
2019-08-27 22:56:21,571 epoch 11 - iter 1341/1497 - loss 0.21222013
2019-08-27 22:57:04,409 epoch 11 - iter 1490/1497 - loss 0.21334560
2019-08-27 22:57:06,364 ----------------------------------------------------------------------------------------------------
2019-08-27 22:57:06,364 EPOCH 11 done: loss 0.2139 - lr 0.1000 - bad epochs 1
2019-08-27 22:57:48,466 DEV : loss 0.10657145082950592 - score 0.9927
2019-08-27 22:58:40,488 TEST : loss 0.12491602450609207 - score 0.991
2019-08-27 22:58:43,715 ----------------------------------------------------------------------------------------------------
2019-08-27 22:58:44,703 epoch 12 - iter 0/1497 - loss 0.03665066
2019-08-27 22:59:28,094 epoch 12 - iter 149/1497 - loss 0.21272635
2019-08-27 23:00:11,054 epoch 12 - iter 298/1497 - loss 0.20652636
2019-08-27 23:00:53,934 epoch 12 - iter 447/1497 - loss 0.19869835
2019-08-27 23:01:36,801 epoch 12 - iter 596/1497 - loss 0.19628240
2019-08-27 23:02:20,082 epoch 12 - iter 745/1497 - loss 0.19926997
2019-08-27 23:03:02,426 epoch 12 - iter 894/1497 - loss 0.19847583
2019-08-27 23:03:45,568 epoch 12 - iter 1043/1497 - loss 0.19990701
2019-08-27 23:04:29,085 epoch 12 - iter 1192/1497 - loss 0.20021544
2019-08-27 23:05:10,693 epoch 12 - iter 1341/1497 - loss 0.19810473
2019-08-27 23:05:54,312 epoch 12 - iter 1490/1497 - loss 0.20165863
2019-08-27 23:05:55,984 ----------------------------------------------------------------------------------------------------
2019-08-27 23:05:55,984 EPOCH 12 done: loss 0.2012 - lr 0.1000 - bad epochs 0
2019-08-27 23:06:37,545 DEV : loss 0.10376597195863724 - score 0.9918
2019-08-27 23:07:28,062 TEST : loss 0.12549513578414917 - score 0.9906
2019-08-27 23:07:28,063 ----------------------------------------------------------------------------------------------------
2019-08-27 23:07:29,054 epoch 13 - iter 0/1497 - loss 0.29209805
2019-08-27 23:08:11,485 epoch 13 - iter 149/1497 - loss 0.20853402
2019-08-27 23:08:56,514 epoch 13 - iter 298/1497 - loss 0.19561434
2019-08-27 23:09:37,924 epoch 13 - iter 447/1497 - loss 0.19457537
2019-08-27 23:10:21,151 epoch 13 - iter 596/1497 - loss 0.18866101
2019-08-27 23:11:05,494 epoch 13 - iter 745/1497 - loss 0.19214455
2019-08-27 23:11:48,698 epoch 13 - iter 894/1497 - loss 0.19356949
2019-08-27 23:12:31,545 epoch 13 - iter 1043/1497 - loss 0.19699825
2019-08-27 23:13:16,095 epoch 13 - iter 1192/1497 - loss 0.19379160
2019-08-27 23:13:59,915 epoch 13 - iter 1341/1497 - loss 0.19353586
2019-08-27 23:14:40,768 epoch 13 - iter 1490/1497 - loss 0.19109903
2019-08-27 23:14:42,503 ----------------------------------------------------------------------------------------------------
2019-08-27 23:14:42,503 EPOCH 13 done: loss 0.1906 - lr 0.1000 - bad epochs 1
2019-08-27 23:15:25,139 DEV : loss 0.10326649993658066 - score 0.9929
2019-08-27 23:16:17,276 TEST : loss 0.12711018323898315 - score 0.9901
2019-08-27 23:16:20,440 ----------------------------------------------------------------------------------------------------
2019-08-27 23:16:21,355 epoch 14 - iter 0/1497 - loss 0.01629448
2019-08-27 23:17:04,246 epoch 14 - iter 149/1497 - loss 0.16773840
2019-08-27 23:17:47,954 epoch 14 - iter 298/1497 - loss 0.19682047
2019-08-27 23:18:29,998 epoch 14 - iter 447/1497 - loss 0.19551806
2019-08-27 23:19:11,744 epoch 14 - iter 596/1497 - loss 0.18082408
2019-08-27 23:19:54,023 epoch 14 - iter 745/1497 - loss 0.17697838
2019-08-27 23:20:37,541 epoch 14 - iter 894/1497 - loss 0.18026160
2019-08-27 23:21:20,535 epoch 14 - iter 1043/1497 - loss 0.18881364
2019-08-27 23:22:04,001 epoch 14 - iter 1192/1497 - loss 0.18920992
2019-08-27 23:22:46,568 epoch 14 - iter 1341/1497 - loss 0.18519654
2019-08-27 23:23:30,136 epoch 14 - iter 1490/1497 - loss 0.18339423
2019-08-27 23:23:31,886 ----------------------------------------------------------------------------------------------------
2019-08-27 23:23:31,886 EPOCH 14 done: loss 0.1832 - lr 0.1000 - bad epochs 0
2019-08-27 23:24:13,343 DEV : loss 0.10694971680641174 - score 0.9925
2019-08-27 23:25:04,146 TEST : loss 0.13135582208633423 - score 0.9906
2019-08-27 23:25:04,146 ----------------------------------------------------------------------------------------------------
2019-08-27 23:25:05,033 epoch 15 - iter 0/1497 - loss 0.01757622
2019-08-27 23:25:48,843 epoch 15 - iter 149/1497 - loss 0.18158290
2019-08-27 23:26:32,286 epoch 15 - iter 298/1497 - loss 0.17192565
2019-08-27 23:27:13,480 epoch 15 - iter 447/1497 - loss 0.17288382
2019-08-27 23:27:55,174 epoch 15 - iter 596/1497 - loss 0.17335374
2019-08-27 23:28:39,466 epoch 15 - iter 745/1497 - loss 0.17838444
2019-08-27 23:29:22,303 epoch 15 - iter 894/1497 - loss 0.17580170
2019-08-27 23:30:04,932 epoch 15 - iter 1043/1497 - loss 0.17307783
2019-08-27 23:30:48,103 epoch 15 - iter 1192/1497 - loss 0.17498540
2019-08-27 23:31:31,019 epoch 15 - iter 1341/1497 - loss 0.17629526
2019-08-27 23:32:13,468 epoch 15 - iter 1490/1497 - loss 0.17812552
2019-08-27 23:32:15,210 ----------------------------------------------------------------------------------------------------
2019-08-27 23:32:15,211 EPOCH 15 done: loss 0.1781 - lr 0.1000 - bad epochs 1
2019-08-27 23:32:56,928 DEV : loss 0.11970440298318863 - score 0.9921
2019-08-27 23:33:49,679 TEST : loss 0.13527674973011017 - score 0.9901
2019-08-27 23:33:49,679 ----------------------------------------------------------------------------------------------------
2019-08-27 23:33:50,645 epoch 16 - iter 0/1497 - loss 0.11531830
2019-08-27 23:34:35,305 epoch 16 - iter 149/1497 - loss 0.15852157
2019-08-27 23:35:17,482 epoch 16 - iter 298/1497 - loss 0.16822911
2019-08-27 23:36:00,549 epoch 16 - iter 447/1497 - loss 0.17386338
2019-08-27 23:36:44,227 epoch 16 - iter 596/1497 - loss 0.17674802
2019-08-27 23:37:29,337 epoch 16 - iter 745/1497 - loss 0.18147730
2019-08-27 23:38:12,283 epoch 16 - iter 894/1497 - loss 0.18229297
2019-08-27 23:38:55,402 epoch 16 - iter 1043/1497 - loss 0.18053111
2019-08-27 23:39:37,818 epoch 16 - iter 1192/1497 - loss 0.17699302
2019-08-27 23:40:21,161 epoch 16 - iter 1341/1497 - loss 0.17885659
2019-08-27 23:41:02,377 epoch 16 - iter 1490/1497 - loss 0.17682252
2019-08-27 23:41:04,364 ----------------------------------------------------------------------------------------------------
2019-08-27 23:41:04,364 EPOCH 16 done: loss 0.1772 - lr 0.1000 - bad epochs 2
2019-08-27 23:41:46,915 DEV : loss 0.09853218495845795 - score 0.9937
2019-08-27 23:42:37,745 TEST : loss 0.12856553494930267 - score 0.9914
2019-08-27 23:42:40,748 ----------------------------------------------------------------------------------------------------
2019-08-27 23:42:41,651 epoch 17 - iter 0/1497 - loss 0.52425194
2019-08-27 23:43:22,825 epoch 17 - iter 149/1497 - loss 0.15091165
2019-08-27 23:44:08,222 epoch 17 - iter 298/1497 - loss 0.16479188
2019-08-27 23:44:51,234 epoch 17 - iter 447/1497 - loss 0.15885742
2019-08-27 23:45:34,943 epoch 17 - iter 596/1497 - loss 0.16542932
2019-08-27 23:46:18,870 epoch 17 - iter 745/1497 - loss 0.16265342
2019-08-27 23:47:01,635 epoch 17 - iter 894/1497 - loss 0.16294287
2019-08-27 23:47:44,783 epoch 17 - iter 1043/1497 - loss 0.16362577
2019-08-27 23:48:26,971 epoch 17 - iter 1192/1497 - loss 0.16899666
2019-08-27 23:49:09,974 epoch 17 - iter 1341/1497 - loss 0.17204335
2019-08-27 23:49:53,533 epoch 17 - iter 1490/1497 - loss 0.17509055
2019-08-27 23:49:55,344 ----------------------------------------------------------------------------------------------------
2019-08-27 23:49:55,345 EPOCH 17 done: loss 0.1744 - lr 0.1000 - bad epochs 0
2019-08-27 23:50:36,811 DEV : loss 0.09955653548240662 - score 0.9934
2019-08-27 23:51:30,238 TEST : loss 0.12032502144575119 - score 0.9909
2019-08-27 23:51:30,239 ----------------------------------------------------------------------------------------------------
2019-08-27 23:51:31,045 epoch 18 - iter 0/1497 - loss 0.06884480
2019-08-27 23:52:15,083 epoch 18 - iter 149/1497 - loss 0.18423204
2019-08-27 23:52:57,274 epoch 18 - iter 298/1497 - loss 0.17707984
2019-08-27 23:53:39,764 epoch 18 - iter 447/1497 - loss 0.17649047
2019-08-27 23:54:23,141 epoch 18 - iter 596/1497 - loss 0.17949940
2019-08-27 23:55:05,508 epoch 18 - iter 745/1497 - loss 0.17784319
2019-08-27 23:55:49,097 epoch 18 - iter 894/1497 - loss 0.18213698
2019-08-27 23:56:32,799 epoch 18 - iter 1043/1497 - loss 0.18176512
2019-08-27 23:57:16,465 epoch 18 - iter 1192/1497 - loss 0.17826930
2019-08-27 23:58:01,037 epoch 18 - iter 1341/1497 - loss 0.18113473
2019-08-27 23:58:47,083 epoch 18 - iter 1490/1497 - loss 0.17682684
2019-08-27 23:58:48,861 ----------------------------------------------------------------------------------------------------
2019-08-27 23:58:48,861 EPOCH 18 done: loss 0.1768 - lr 0.1000 - bad epochs 1
2019-08-27 23:59:30,463 DEV : loss 0.11299093812704086 - score 0.9931
2019-08-28 00:00:24,064 TEST : loss 0.13818207383155823 - score 0.9911
2019-08-28 00:00:24,064 ----------------------------------------------------------------------------------------------------
2019-08-28 00:00:24,873 epoch 19 - iter 0/1497 - loss 0.05513096
2019-08-28 00:01:08,045 epoch 19 - iter 149/1497 - loss 0.18226245
2019-08-28 00:01:52,466 epoch 19 - iter 298/1497 - loss 0.16539959
2019-08-28 00:02:36,343 epoch 19 - iter 447/1497 - loss 0.17054295
2019-08-28 00:03:18,829 epoch 19 - iter 596/1497 - loss 0.15843714
2019-08-28 00:04:01,382 epoch 19 - iter 745/1497 - loss 0.16284260
2019-08-28 00:04:46,488 epoch 19 - iter 894/1497 - loss 0.16071704
2019-08-28 00:05:30,491 epoch 19 - iter 1043/1497 - loss 0.16300871
2019-08-28 00:06:12,790 epoch 19 - iter 1192/1497 - loss 0.16441804
2019-08-28 00:06:56,122 epoch 19 - iter 1341/1497 - loss 0.16489678
2019-08-28 00:07:39,348 epoch 19 - iter 1490/1497 - loss 0.16552317
2019-08-28 00:07:41,126 ----------------------------------------------------------------------------------------------------
2019-08-28 00:07:41,126 EPOCH 19 done: loss 0.1652 - lr 0.1000 - bad epochs 2
2019-08-28 00:08:23,454 DEV : loss 0.09294913709163666 - score 0.9928
2019-08-28 00:09:17,118 TEST : loss 0.12654054164886475 - score 0.9907
2019-08-28 00:09:17,118 ----------------------------------------------------------------------------------------------------
2019-08-28 00:09:18,136 epoch 20 - iter 0/1497 - loss 0.06142998
2019-08-28 00:10:00,922 epoch 20 - iter 149/1497 - loss 0.15428889
2019-08-28 00:10:44,758 epoch 20 - iter 298/1497 - loss 0.14279319
2019-08-28 00:11:28,669 epoch 20 - iter 447/1497 - loss 0.14532618
2019-08-28 00:12:12,133 epoch 20 - iter 596/1497 - loss 0.14984121
2019-08-28 00:12:54,169 epoch 20 - iter 745/1497 - loss 0.14677876
2019-08-28 00:13:38,225 epoch 20 - iter 894/1497 - loss 0.15292327
2019-08-28 00:14:22,678 epoch 20 - iter 1043/1497 - loss 0.15554212
2019-08-28 00:15:05,023 epoch 20 - iter 1192/1497 - loss 0.15418505
2019-08-28 00:15:48,924 epoch 20 - iter 1341/1497 - loss 0.15108808
2019-08-28 00:16:32,872 epoch 20 - iter 1490/1497 - loss 0.15537751
2019-08-28 00:16:34,857 ----------------------------------------------------------------------------------------------------
2019-08-28 00:16:34,858 EPOCH 20 done: loss 0.1555 - lr 0.1000 - bad epochs 3
2019-08-28 00:17:17,097 DEV : loss 0.097296804189682 - score 0.9923
2019-08-28 00:18:10,607 TEST : loss 0.13359993696212769 - score 0.9908
2019-08-28 00:18:10,607 ----------------------------------------------------------------------------------------------------
2019-08-28 00:18:11,649 epoch 21 - iter 0/1497 - loss 0.00355530
2019-08-28 00:18:56,326 epoch 21 - iter 149/1497 - loss 0.19031438
2019-08-28 00:19:39,303 epoch 21 - iter 298/1497 - loss 0.16778998
2019-08-28 00:20:23,475 epoch 21 - iter 447/1497 - loss 0.17167735
2019-08-28 00:21:06,757 epoch 21 - iter 596/1497 - loss 0.17033755
2019-08-28 00:21:52,238 epoch 21 - iter 745/1497 - loss 0.16596029
2019-08-28 00:22:34,810 epoch 21 - iter 894/1497 - loss 0.16051612
2019-08-28 00:23:17,685 epoch 21 - iter 1043/1497 - loss 0.15966089
2019-08-28 00:24:00,291 epoch 21 - iter 1192/1497 - loss 0.15722852
2019-08-28 00:24:44,088 epoch 21 - iter 1341/1497 - loss 0.15514419
2019-08-28 00:25:25,911 epoch 21 - iter 1490/1497 - loss 0.15484953
2019-08-28 00:25:27,801 ----------------------------------------------------------------------------------------------------
2019-08-28 00:25:27,801 EPOCH 21 done: loss 0.1544 - lr 0.0500 - bad epochs 0
2019-08-28 00:26:10,135 DEV : loss 0.11268546432256699 - score 0.992
2019-08-28 00:27:04,779 TEST : loss 0.13309359550476074 - score 0.9911
2019-08-28 00:27:04,779 ----------------------------------------------------------------------------------------------------
2019-08-28 00:27:05,776 epoch 22 - iter 0/1497 - loss 0.69398308
2019-08-28 00:27:47,541 epoch 22 - iter 149/1497 - loss 0.14808585
2019-08-28 00:28:28,805 epoch 22 - iter 298/1497 - loss 0.15035955
2019-08-28 00:29:14,186 epoch 22 - iter 447/1497 - loss 0.15123428
2019-08-28 00:29:56,680 epoch 22 - iter 596/1497 - loss 0.14471882
2019-08-28 00:30:37,735 epoch 22 - iter 745/1497 - loss 0.14395751
2019-08-28 00:31:21,248 epoch 22 - iter 894/1497 - loss 0.14358343
2019-08-28 00:32:04,217 epoch 22 - iter 1043/1497 - loss 0.14810441
2019-08-28 00:32:47,067 epoch 22 - iter 1192/1497 - loss 0.14690520
2019-08-28 00:33:32,132 epoch 22 - iter 1341/1497 - loss 0.14573851
2019-08-28 00:34:15,689 epoch 22 - iter 1490/1497 - loss 0.14432970
2019-08-28 00:34:17,728 ----------------------------------------------------------------------------------------------------
2019-08-28 00:34:17,729 EPOCH 22 done: loss 0.1441 - lr 0.0500 - bad epochs 1
2019-08-28 00:34:58,557 DEV : loss 0.1017172634601593 - score 0.9922
2019-08-28 00:35:53,346 TEST : loss 0.13305050134658813 - score 0.9909
2019-08-28 00:35:53,347 ----------------------------------------------------------------------------------------------------
2019-08-28 00:35:54,197 epoch 23 - iter 0/1497 - loss 0.03171444
2019-08-28 00:36:37,887 epoch 23 - iter 149/1497 - loss 0.17009596
2019-08-28 00:37:21,449 epoch 23 - iter 298/1497 - loss 0.15609084
2019-08-28 00:38:06,104 epoch 23 - iter 447/1497 - loss 0.14663245
2019-08-28 00:38:50,417 epoch 23 - iter 596/1497 - loss 0.14228099
2019-08-28 00:39:32,531 epoch 23 - iter 745/1497 - loss 0.14078900
2019-08-28 00:40:16,539 epoch 23 - iter 894/1497 - loss 0.13436061
2019-08-28 00:40:59,139 epoch 23 - iter 1043/1497 - loss 0.13329074
2019-08-28 00:41:42,491 epoch 23 - iter 1192/1497 - loss 0.13696165
2019-08-28 00:42:27,366 epoch 23 - iter 1341/1497 - loss 0.13416121
2019-08-28 00:43:09,563 epoch 23 - iter 1490/1497 - loss 0.13380055
2019-08-28 00:43:11,751 ----------------------------------------------------------------------------------------------------
2019-08-28 00:43:11,752 EPOCH 23 done: loss 0.1338 - lr 0.0500 - bad epochs 2
2019-08-28 00:43:52,036 DEV : loss 0.11629840731620789 - score 0.9922
2019-08-28 00:44:46,221 TEST : loss 0.13362574577331543 - score 0.9903
2019-08-28 00:44:46,221 ----------------------------------------------------------------------------------------------------
2019-08-28 00:44:47,200 epoch 24 - iter 0/1497 - loss 0.28631783
2019-08-28 00:45:31,120 epoch 24 - iter 149/1497 - loss 0.13131072
2019-08-28 00:46:14,403 epoch 24 - iter 298/1497 - loss 0.12416188
2019-08-28 00:46:58,573 epoch 24 - iter 447/1497 - loss 0.12099786
2019-08-28 00:47:41,856 epoch 24 - iter 596/1497 - loss 0.12820959
2019-08-28 00:48:24,992 epoch 24 - iter 745/1497 - loss 0.12561754
2019-08-28 00:49:09,106 epoch 24 - iter 894/1497 - loss 0.13163047
2019-08-28 00:49:52,477 epoch 24 - iter 1043/1497 - loss 0.12845919
2019-08-28 00:50:36,964 epoch 24 - iter 1192/1497 - loss 0.12702186
2019-08-28 00:51:19,357 epoch 24 - iter 1341/1497 - loss 0.12548731
2019-08-28 00:52:02,064 epoch 24 - iter 1490/1497 - loss 0.12667673
2019-08-28 00:52:03,935 ----------------------------------------------------------------------------------------------------
2019-08-28 00:52:03,935 EPOCH 24 done: loss 0.1270 - lr 0.0500 - bad epochs 3
2019-08-28 00:52:44,992 DEV : loss 0.10792660713195801 - score 0.9921
2019-08-28 00:53:35,457 TEST : loss 0.13257832825183868 - score 0.9904
2019-08-28 00:53:35,458 ----------------------------------------------------------------------------------------------------
2019-08-28 00:53:36,324 epoch 25 - iter 0/1497 - loss 0.16534233
2019-08-28 00:54:20,888 epoch 25 - iter 149/1497 - loss 0.15455267
2019-08-28 00:55:05,854 epoch 25 - iter 298/1497 - loss 0.14253056
2019-08-28 00:55:47,713 epoch 25 - iter 447/1497 - loss 0.14551227
2019-08-28 00:56:29,343 epoch 25 - iter 596/1497 - loss 0.13752041
2019-08-28 00:57:12,264 epoch 25 - iter 745/1497 - loss 0.13416574
2019-08-28 00:57:55,607 epoch 25 - iter 894/1497 - loss 0.13351589
2019-08-28 00:58:39,976 epoch 25 - iter 1043/1497 - loss 0.13195532
2019-08-28 00:59:24,159 epoch 25 - iter 1192/1497 - loss 0.12687869
2019-08-28 01:00:08,073 epoch 25 - iter 1341/1497 - loss 0.12818652
2019-08-28 01:00:51,006 epoch 25 - iter 1490/1497 - loss 0.12887812
2019-08-28 01:00:52,952 ----------------------------------------------------------------------------------------------------
2019-08-28 01:00:52,953 EPOCH 25 done: loss 0.1284 - lr 0.0250 - bad epochs 0
2019-08-28 01:01:35,679 DEV : loss 0.10869424045085907 - score 0.9935
2019-08-28 01:02:25,671 TEST : loss 0.1311938464641571 - score 0.9918
2019-08-28 01:02:25,671 ----------------------------------------------------------------------------------------------------
2019-08-28 01:02:26,553 epoch 26 - iter 0/1497 - loss 0.04527855
2019-08-28 01:03:09,333 epoch 26 - iter 149/1497 - loss 0.13515688
2019-08-28 01:03:54,217 epoch 26 - iter 298/1497 - loss 0.12851717
2019-08-28 01:04:36,686 epoch 26 - iter 447/1497 - loss 0.13371846
2019-08-28 01:05:20,034 epoch 26 - iter 596/1497 - loss 0.13296843
2019-08-28 01:06:04,459 epoch 26 - iter 745/1497 - loss 0.13252331
2019-08-28 01:06:47,754 epoch 26 - iter 894/1497 - loss 0.13016524
2019-08-28 01:07:32,143 epoch 26 - iter 1043/1497 - loss 0.13148474
2019-08-28 01:08:14,434 epoch 26 - iter 1192/1497 - loss 0.13297875
2019-08-28 01:08:57,248 epoch 26 - iter 1341/1497 - loss 0.12996602
2019-08-28 01:09:40,530 epoch 26 - iter 1490/1497 - loss 0.12882405
2019-08-28 01:09:42,321 ----------------------------------------------------------------------------------------------------
2019-08-28 01:09:42,321 EPOCH 26 done: loss 0.1291 - lr 0.0250 - bad epochs 1
2019-08-28 01:10:25,282 DEV : loss 0.10782033205032349 - score 0.9924
2019-08-28 01:11:18,616 TEST : loss 0.1312195062637329 - score 0.9915
2019-08-28 01:11:18,616 ----------------------------------------------------------------------------------------------------
2019-08-28 01:11:19,629 epoch 27 - iter 0/1497 - loss 0.02646828
2019-08-28 01:12:03,445 epoch 27 - iter 149/1497 - loss 0.12062643
2019-08-28 01:12:45,737 epoch 27 - iter 298/1497 - loss 0.10999405
2019-08-28 01:13:28,914 epoch 27 - iter 447/1497 - loss 0.11439760
2019-08-28 01:14:13,478 epoch 27 - iter 596/1497 - loss 0.11912273
2019-08-28 01:14:54,586 epoch 27 - iter 745/1497 - loss 0.11655640
2019-08-28 01:15:38,373 epoch 27 - iter 894/1497 - loss 0.11324992
2019-08-28 01:16:23,424 epoch 27 - iter 1043/1497 - loss 0.11873617
2019-08-28 01:17:06,981 epoch 27 - iter 1192/1497 - loss 0.11781237
2019-08-28 01:17:49,763 epoch 27 - iter 1341/1497 - loss 0.11820666
2019-08-28 01:18:34,385 epoch 27 - iter 1490/1497 - loss 0.11757370
2019-08-28 01:18:36,653 ----------------------------------------------------------------------------------------------------
2019-08-28 01:18:36,653 EPOCH 27 done: loss 0.1174 - lr 0.0250 - bad epochs 2
2019-08-28 01:19:19,246 DEV : loss 0.1108381450176239 - score 0.9927
2019-08-28 01:20:12,681 TEST : loss 0.13555751740932465 - score 0.991
2019-08-28 01:20:12,682 ----------------------------------------------------------------------------------------------------
2019-08-28 01:20:13,720 epoch 28 - iter 0/1497 - loss 0.00447083
2019-08-28 01:20:58,578 epoch 28 - iter 149/1497 - loss 0.09478581
2019-08-28 01:21:42,100 epoch 28 - iter 298/1497 - loss 0.13650635
2019-08-28 01:22:25,597 epoch 28 - iter 447/1497 - loss 0.12963820
2019-08-28 01:23:09,249 epoch 28 - iter 596/1497 - loss 0.12169487
2019-08-28 01:23:52,516 epoch 28 - iter 745/1497 - loss 0.11883981
2019-08-28 01:24:36,618 epoch 28 - iter 894/1497 - loss 0.11782223
2019-08-28 01:25:19,738 epoch 28 - iter 1043/1497 - loss 0.11809445
2019-08-28 01:26:02,347 epoch 28 - iter 1192/1497 - loss 0.11384496
2019-08-28 01:26:46,748 epoch 28 - iter 1341/1497 - loss 0.11507203
2019-08-28 01:27:30,366 epoch 28 - iter 1490/1497 - loss 0.11754405
2019-08-28 01:27:32,516 ----------------------------------------------------------------------------------------------------
2019-08-28 01:27:32,517 EPOCH 28 done: loss 0.1184 - lr 0.0250 - bad epochs 3
2019-08-28 01:28:14,619 DEV : loss 0.1141522079706192 - score 0.9919
2019-08-28 01:29:08,179 TEST : loss 0.1353553831577301 - score 0.9911
2019-08-28 01:29:08,180 ----------------------------------------------------------------------------------------------------
2019-08-28 01:29:09,072 epoch 29 - iter 0/1497 - loss 0.02404785
2019-08-28 01:29:52,998 epoch 29 - iter 149/1497 - loss 0.15369102
2019-08-28 01:30:37,778 epoch 29 - iter 298/1497 - loss 0.13033770
2019-08-28 01:31:21,437 epoch 29 - iter 447/1497 - loss 0.12650257
2019-08-28 01:32:04,618 epoch 29 - iter 596/1497 - loss 0.12349701
2019-08-28 01:32:48,644 epoch 29 - iter 745/1497 - loss 0.12640075
2019-08-28 01:33:32,064 epoch 29 - iter 894/1497 - loss 0.12397389
2019-08-28 01:34:15,497 epoch 29 - iter 1043/1497 - loss 0.11750060
2019-08-28 01:35:00,014 epoch 29 - iter 1192/1497 - loss 0.11392272
2019-08-28 01:35:42,019 epoch 29 - iter 1341/1497 - loss 0.11372332
2019-08-28 01:36:24,611 epoch 29 - iter 1490/1497 - loss 0.11451537
2019-08-28 01:36:26,602 ----------------------------------------------------------------------------------------------------
2019-08-28 01:36:26,602 EPOCH 29 done: loss 0.1147 - lr 0.0125 - bad epochs 0
2019-08-28 01:37:08,600 DEV : loss 0.1139444038271904 - score 0.9921
2019-08-28 01:38:02,111 TEST : loss 0.13562968373298645 - score 0.9913
2019-08-28 01:38:02,111 ----------------------------------------------------------------------------------------------------
2019-08-28 01:38:03,066 epoch 30 - iter 0/1497 - loss 0.15283966
2019-08-28 01:38:46,077 epoch 30 - iter 149/1497 - loss 0.11208043
2019-08-28 01:39:28,853 epoch 30 - iter 298/1497 - loss 0.11544953
2019-08-28 01:40:13,773 epoch 30 - iter 447/1497 - loss 0.11659095
2019-08-28 01:40:57,648 epoch 30 - iter 596/1497 - loss 0.11374683
2019-08-28 01:41:40,325 epoch 30 - iter 745/1497 - loss 0.12194849
2019-08-28 01:42:24,808 epoch 30 - iter 894/1497 - loss 0.11975027
2019-08-28 01:43:06,073 epoch 30 - iter 1043/1497 - loss 0.11727725
2019-08-28 01:43:49,378 epoch 30 - iter 1192/1497 - loss 0.11595029
2019-08-28 01:44:33,195 epoch 30 - iter 1341/1497 - loss 0.11498064
2019-08-28 01:45:16,728 epoch 30 - iter 1490/1497 - loss 0.11456554
2019-08-28 01:45:18,684 ----------------------------------------------------------------------------------------------------
2019-08-28 01:45:18,685 EPOCH 30 done: loss 0.1151 - lr 0.0125 - bad epochs 1
2019-08-28 01:46:01,116 DEV : loss 0.11523114889860153 - score 0.9921
2019-08-28 01:46:56,754 TEST : loss 0.13771963119506836 - score 0.9915
2019-08-28 01:46:58,832 ----------------------------------------------------------------------------------------------------
2019-08-28 01:46:58,832 Testing using best model ...
2019-08-28 01:46:58,833 loading file data_trained/best-model.pt
2019-08-28 01:47:53,797 0.9913	0.9915	0.9914
2019-08-28 01:47:53,797 
MICRO_AVG: acc 0.9829 - f1-score 0.9914
MACRO_AVG: acc 0.983 - f1-score 0.9914000000000001
aux        tp: 2583 - fp: 29 - fn: 13 - tn: 2583 - precision: 0.9889 - recall: 0.9950 - accuracy: 0.9840 - f1-score: 0.9919
verb       tp: 3226 - fp: 22 - fn: 37 - tn: 3226 - precision: 0.9932 - recall: 0.9887 - accuracy: 0.9820 - f1-score: 0.9909
2019-08-28 01:47:53,797 ----------------------------------------------------------------------------------------------------
