2019-08-28 01:49:17,472 ----------------------------------------------------------------------------------------------------
2019-08-28 01:49:17,472 Evaluation method: MICRO_F1_SCORE
2019-08-28 01:49:17,864 ----------------------------------------------------------------------------------------------------
2019-08-28 01:49:18,609 epoch 1 - iter 0/1620 - loss 35.17350006
2019-08-28 01:50:05,828 epoch 1 - iter 162/1620 - loss 4.24444220
2019-08-28 01:50:52,743 epoch 1 - iter 324/1620 - loss 2.59834313
2019-08-28 01:51:40,306 epoch 1 - iter 486/1620 - loss 1.99722462
2019-08-28 01:52:26,704 epoch 1 - iter 648/1620 - loss 1.65169104
2019-08-28 01:53:15,176 epoch 1 - iter 810/1620 - loss 1.43857898
2019-08-28 01:54:03,237 epoch 1 - iter 972/1620 - loss 1.29563482
2019-08-28 01:54:51,181 epoch 1 - iter 1134/1620 - loss 1.18142719
2019-08-28 01:55:37,833 epoch 1 - iter 1296/1620 - loss 1.10195703
2019-08-28 01:56:27,017 epoch 1 - iter 1458/1620 - loss 1.02855456
2019-08-28 01:57:12,394 ----------------------------------------------------------------------------------------------------
2019-08-28 01:57:12,394 EPOCH 1 done: loss 0.9834 - lr 0.1000 - bad epochs 0
2019-08-28 01:58:00,874 DEV : loss 0.22793681919574738 - score 0.9802
2019-08-28 01:58:55,272 TEST : loss 0.25911396741867065 - score 0.9807
2019-08-28 01:58:57,272 ----------------------------------------------------------------------------------------------------
2019-08-28 01:58:58,229 epoch 2 - iter 0/1620 - loss 0.70456982
2019-08-28 01:59:46,930 epoch 2 - iter 162/1620 - loss 0.44884620
2019-08-28 02:00:32,567 epoch 2 - iter 324/1620 - loss 0.41979381
2019-08-28 02:01:21,276 epoch 2 - iter 486/1620 - loss 0.42696876
2019-08-28 02:02:07,008 epoch 2 - iter 648/1620 - loss 0.42512339
2019-08-28 02:02:53,317 epoch 2 - iter 810/1620 - loss 0.41960248
2019-08-28 02:03:40,554 epoch 2 - iter 972/1620 - loss 0.42020224
2019-08-28 02:04:26,913 epoch 2 - iter 1134/1620 - loss 0.42524997
2019-08-28 02:05:15,194 epoch 2 - iter 1296/1620 - loss 0.42536536
2019-08-28 02:06:01,286 epoch 2 - iter 1458/1620 - loss 0.41337621
2019-08-28 02:06:46,952 ----------------------------------------------------------------------------------------------------
2019-08-28 02:06:46,953 EPOCH 2 done: loss 0.4121 - lr 0.1000 - bad epochs 0
2019-08-28 02:07:36,803 DEV : loss 0.20423994958400726 - score 0.9822
2019-08-28 02:08:29,074 TEST : loss 0.22666878998279572 - score 0.9842
2019-08-28 02:08:32,571 ----------------------------------------------------------------------------------------------------
2019-08-28 02:08:33,675 epoch 3 - iter 0/1620 - loss 0.03141785
2019-08-28 02:09:21,503 epoch 3 - iter 162/1620 - loss 0.36878808
2019-08-28 02:10:08,447 epoch 3 - iter 324/1620 - loss 0.36753120
2019-08-28 02:10:54,792 epoch 3 - iter 486/1620 - loss 0.35987813
2019-08-28 02:11:41,634 epoch 3 - iter 648/1620 - loss 0.35732678
2019-08-28 02:12:27,852 epoch 3 - iter 810/1620 - loss 0.35212639
2019-08-28 02:13:16,262 epoch 3 - iter 972/1620 - loss 0.34965511
2019-08-28 02:14:02,444 epoch 3 - iter 1134/1620 - loss 0.34598357
2019-08-28 02:14:50,220 epoch 3 - iter 1296/1620 - loss 0.34942831
2019-08-28 02:15:35,279 epoch 3 - iter 1458/1620 - loss 0.34678123
2019-08-28 02:16:21,621 ----------------------------------------------------------------------------------------------------
2019-08-28 02:16:21,621 EPOCH 3 done: loss 0.3445 - lr 0.1000 - bad epochs 0
2019-08-28 02:17:09,072 DEV : loss 0.19539380073547363 - score 0.9842
2019-08-28 02:18:02,747 TEST : loss 0.19321341812610626 - score 0.983
2019-08-28 02:18:05,679 ----------------------------------------------------------------------------------------------------
2019-08-28 02:18:06,640 epoch 4 - iter 0/1620 - loss 0.12384987
2019-08-28 02:18:53,762 epoch 4 - iter 162/1620 - loss 0.37281292
2019-08-28 02:19:42,385 epoch 4 - iter 324/1620 - loss 0.34178378
2019-08-28 02:20:29,309 epoch 4 - iter 486/1620 - loss 0.33179829
2019-08-28 02:21:15,511 epoch 4 - iter 648/1620 - loss 0.31957196
2019-08-28 02:22:03,243 epoch 4 - iter 810/1620 - loss 0.32074943
2019-08-28 02:22:48,797 epoch 4 - iter 972/1620 - loss 0.31969763
2019-08-28 02:23:34,801 epoch 4 - iter 1134/1620 - loss 0.32191283
2019-08-28 02:24:22,846 epoch 4 - iter 1296/1620 - loss 0.31514534
2019-08-28 02:25:08,880 epoch 4 - iter 1458/1620 - loss 0.31207241
2019-08-28 02:25:54,438 ----------------------------------------------------------------------------------------------------
2019-08-28 02:25:54,438 EPOCH 4 done: loss 0.3118 - lr 0.1000 - bad epochs 0
2019-08-28 02:26:43,496 DEV : loss 0.1893797665834427 - score 0.9867
2019-08-28 02:27:35,357 TEST : loss 0.1863171011209488 - score 0.9861
2019-08-28 02:27:38,121 ----------------------------------------------------------------------------------------------------
2019-08-28 02:27:39,220 epoch 5 - iter 0/1620 - loss 1.16275024
2019-08-28 02:28:25,366 epoch 5 - iter 162/1620 - loss 0.31447590
2019-08-28 02:29:12,854 epoch 5 - iter 324/1620 - loss 0.27562563
2019-08-28 02:29:59,652 epoch 5 - iter 486/1620 - loss 0.28358756
2019-08-28 02:30:46,848 epoch 5 - iter 648/1620 - loss 0.28588166
2019-08-28 02:31:34,929 epoch 5 - iter 810/1620 - loss 0.28704699
2019-08-28 02:32:22,752 epoch 5 - iter 972/1620 - loss 0.28582910
2019-08-28 02:33:09,103 epoch 5 - iter 1134/1620 - loss 0.28133414
2019-08-28 02:33:57,082 epoch 5 - iter 1296/1620 - loss 0.28169027
2019-08-28 02:34:42,265 epoch 5 - iter 1458/1620 - loss 0.28000791
2019-08-28 02:35:28,088 ----------------------------------------------------------------------------------------------------
2019-08-28 02:35:28,089 EPOCH 5 done: loss 0.2787 - lr 0.1000 - bad epochs 0
2019-08-28 02:36:16,561 DEV : loss 0.16381362080574036 - score 0.9876
2019-08-28 02:37:09,289 TEST : loss 0.16417336463928223 - score 0.988
2019-08-28 02:37:12,370 ----------------------------------------------------------------------------------------------------
2019-08-28 02:37:13,372 epoch 6 - iter 0/1620 - loss 0.27478504
2019-08-28 02:37:59,144 epoch 6 - iter 162/1620 - loss 0.21535063
2019-08-28 02:38:45,844 epoch 6 - iter 324/1620 - loss 0.22601672
2019-08-28 02:39:33,342 epoch 6 - iter 486/1620 - loss 0.23484109
2019-08-28 02:40:22,065 epoch 6 - iter 648/1620 - loss 0.23008315
2019-08-28 02:41:09,737 epoch 6 - iter 810/1620 - loss 0.24369083
2019-08-28 02:41:56,922 epoch 6 - iter 972/1620 - loss 0.24862548
2019-08-28 02:42:44,597 epoch 6 - iter 1134/1620 - loss 0.25076660
2019-08-28 02:43:30,822 epoch 6 - iter 1296/1620 - loss 0.24959200
2019-08-28 02:44:16,135 epoch 6 - iter 1458/1620 - loss 0.25201766
2019-08-28 02:45:03,971 ----------------------------------------------------------------------------------------------------
2019-08-28 02:45:03,971 EPOCH 6 done: loss 0.2552 - lr 0.1000 - bad epochs 0
2019-08-28 02:45:52,599 DEV : loss 0.1631288081407547 - score 0.9881
2019-08-28 02:46:47,223 TEST : loss 0.16463123261928558 - score 0.9877
2019-08-28 02:46:50,614 ----------------------------------------------------------------------------------------------------
2019-08-28 02:46:51,663 epoch 7 - iter 0/1620 - loss 0.02446556
2019-08-28 02:47:38,263 epoch 7 - iter 162/1620 - loss 0.23568850
2019-08-28 02:48:25,698 epoch 7 - iter 324/1620 - loss 0.24097433
2019-08-28 02:49:12,725 epoch 7 - iter 486/1620 - loss 0.23469228
2019-08-28 02:49:57,697 epoch 7 - iter 648/1620 - loss 0.23432323
2019-08-28 02:50:44,468 epoch 7 - iter 810/1620 - loss 0.23840528
2019-08-28 02:51:30,708 epoch 7 - iter 972/1620 - loss 0.23938303
2019-08-28 02:52:16,539 epoch 7 - iter 1134/1620 - loss 0.24406699
2019-08-28 02:53:03,706 epoch 7 - iter 1296/1620 - loss 0.24209025
2019-08-28 02:53:53,265 epoch 7 - iter 1458/1620 - loss 0.24202564
2019-08-28 02:54:42,032 ----------------------------------------------------------------------------------------------------
2019-08-28 02:54:42,032 EPOCH 7 done: loss 0.2454 - lr 0.1000 - bad epochs 0
2019-08-28 02:55:29,602 DEV : loss 0.1830073893070221 - score 0.9873
2019-08-28 02:56:24,794 TEST : loss 0.17777812480926514 - score 0.9883
2019-08-28 02:56:24,794 ----------------------------------------------------------------------------------------------------
2019-08-28 02:56:25,766 epoch 8 - iter 0/1620 - loss 0.45256805
2019-08-28 02:57:11,561 epoch 8 - iter 162/1620 - loss 0.23632291
2019-08-28 02:57:57,982 epoch 8 - iter 324/1620 - loss 0.21936734
2019-08-28 02:58:46,318 epoch 8 - iter 486/1620 - loss 0.22330355
2019-08-28 02:59:33,132 epoch 8 - iter 648/1620 - loss 0.21054897
2019-08-28 03:00:19,906 epoch 8 - iter 810/1620 - loss 0.21899804
2019-08-28 03:01:07,511 epoch 8 - iter 972/1620 - loss 0.22145285
2019-08-28 03:01:54,687 epoch 8 - iter 1134/1620 - loss 0.22105864
2019-08-28 03:02:40,393 epoch 8 - iter 1296/1620 - loss 0.22381156
2019-08-28 03:03:28,350 epoch 8 - iter 1458/1620 - loss 0.22485789
2019-08-28 03:04:15,705 ----------------------------------------------------------------------------------------------------
2019-08-28 03:04:15,705 EPOCH 8 done: loss 0.2246 - lr 0.1000 - bad epochs 1
2019-08-28 03:05:03,174 DEV : loss 0.15411676466464996 - score 0.989
2019-08-28 03:05:57,049 TEST : loss 0.1616496592760086 - score 0.988
2019-08-28 03:06:00,313 ----------------------------------------------------------------------------------------------------
2019-08-28 03:06:01,211 epoch 9 - iter 0/1620 - loss 0.66078186
2019-08-28 03:06:45,860 epoch 9 - iter 162/1620 - loss 0.20436559
2019-08-28 03:07:32,955 epoch 9 - iter 324/1620 - loss 0.20229786
2019-08-28 03:08:20,023 epoch 9 - iter 486/1620 - loss 0.22272333
2019-08-28 03:09:06,504 epoch 9 - iter 648/1620 - loss 0.22791719
2019-08-28 03:09:53,544 epoch 9 - iter 810/1620 - loss 0.23222948
2019-08-28 03:10:40,689 epoch 9 - iter 972/1620 - loss 0.22780775
2019-08-28 03:11:26,333 epoch 9 - iter 1134/1620 - loss 0.22486133
2019-08-28 03:12:13,782 epoch 9 - iter 1296/1620 - loss 0.22318320
2019-08-28 03:13:02,353 epoch 9 - iter 1458/1620 - loss 0.21993776
2019-08-28 03:13:47,683 ----------------------------------------------------------------------------------------------------
2019-08-28 03:13:47,684 EPOCH 9 done: loss 0.2176 - lr 0.1000 - bad epochs 0
2019-08-28 03:14:36,532 DEV : loss 0.17144249379634857 - score 0.9875
2019-08-28 03:15:28,074 TEST : loss 0.17448332905769348 - score 0.9878
2019-08-28 03:15:28,074 ----------------------------------------------------------------------------------------------------
2019-08-28 03:15:28,895 epoch 10 - iter 0/1620 - loss 0.15506554
2019-08-28 03:16:13,771 epoch 10 - iter 162/1620 - loss 0.19446000
2019-08-28 03:17:02,262 epoch 10 - iter 324/1620 - loss 0.20275291
2019-08-28 03:17:47,935 epoch 10 - iter 486/1620 - loss 0.20249340
2019-08-28 03:18:35,366 epoch 10 - iter 648/1620 - loss 0.19397725
2019-08-28 03:19:21,549 epoch 10 - iter 810/1620 - loss 0.19314350
2019-08-28 03:20:07,655 epoch 10 - iter 972/1620 - loss 0.19087681
2019-08-28 03:20:53,716 epoch 10 - iter 1134/1620 - loss 0.19273242
2019-08-28 03:21:42,849 epoch 10 - iter 1296/1620 - loss 0.19983367
2019-08-28 03:22:29,462 epoch 10 - iter 1458/1620 - loss 0.19983030
2019-08-28 03:23:15,239 ----------------------------------------------------------------------------------------------------
2019-08-28 03:23:15,239 EPOCH 10 done: loss 0.2011 - lr 0.1000 - bad epochs 1
2019-08-28 03:24:04,318 DEV : loss 0.14865298569202423 - score 0.989
2019-08-28 03:24:57,341 TEST : loss 0.16770048439502716 - score 0.9887
2019-08-28 03:25:00,880 ----------------------------------------------------------------------------------------------------
2019-08-28 03:25:01,826 epoch 11 - iter 0/1620 - loss 0.03969288
2019-08-28 03:25:47,488 epoch 11 - iter 162/1620 - loss 0.15760424
2019-08-28 03:26:36,542 epoch 11 - iter 324/1620 - loss 0.16172844
2019-08-28 03:27:23,161 epoch 11 - iter 486/1620 - loss 0.16960226
2019-08-28 03:28:09,530 epoch 11 - iter 648/1620 - loss 0.17287943
2019-08-28 03:28:55,667 epoch 11 - iter 810/1620 - loss 0.17331271
2019-08-28 03:29:42,891 epoch 11 - iter 972/1620 - loss 0.17965553
2019-08-28 03:30:28,731 epoch 11 - iter 1134/1620 - loss 0.17744075
2019-08-28 03:31:16,582 epoch 11 - iter 1296/1620 - loss 0.17890522
2019-08-28 03:32:02,648 epoch 11 - iter 1458/1620 - loss 0.18068441
2019-08-28 03:32:50,785 ----------------------------------------------------------------------------------------------------
2019-08-28 03:32:50,785 EPOCH 11 done: loss 0.1862 - lr 0.1000 - bad epochs 2
2019-08-28 03:33:40,431 DEV : loss 0.16306240856647491 - score 0.9895
2019-08-28 03:34:32,568 TEST : loss 0.16409076750278473 - score 0.9886
2019-08-28 03:34:36,071 ----------------------------------------------------------------------------------------------------
2019-08-28 03:34:37,135 epoch 12 - iter 0/1620 - loss 0.06518555
2019-08-28 03:35:23,438 epoch 12 - iter 162/1620 - loss 0.24187883
2019-08-28 03:36:11,609 epoch 12 - iter 324/1620 - loss 0.22245834
2019-08-28 03:36:58,735 epoch 12 - iter 486/1620 - loss 0.21419739
2019-08-28 03:37:43,768 epoch 12 - iter 648/1620 - loss 0.20811850
2019-08-28 03:38:31,823 epoch 12 - iter 810/1620 - loss 0.20399733
2019-08-28 03:39:17,288 epoch 12 - iter 972/1620 - loss 0.19814437
2019-08-28 03:40:03,534 epoch 12 - iter 1134/1620 - loss 0.19807913
2019-08-28 03:40:52,914 epoch 12 - iter 1296/1620 - loss 0.19915679
2019-08-28 03:41:40,195 epoch 12 - iter 1458/1620 - loss 0.19639057
2019-08-28 03:42:27,440 ----------------------------------------------------------------------------------------------------
2019-08-28 03:42:27,441 EPOCH 12 done: loss 0.1974 - lr 0.1000 - bad epochs 0
2019-08-28 03:43:15,029 DEV : loss 0.172770157456398 - score 0.9879
2019-08-28 03:44:07,724 TEST : loss 0.1698523610830307 - score 0.989
2019-08-28 03:44:07,724 ----------------------------------------------------------------------------------------------------
2019-08-28 03:44:08,645 epoch 13 - iter 0/1620 - loss 0.33102703
2019-08-28 03:44:57,402 epoch 13 - iter 162/1620 - loss 0.17544585
2019-08-28 03:45:45,176 epoch 13 - iter 324/1620 - loss 0.18321840
2019-08-28 03:46:33,188 epoch 13 - iter 486/1620 - loss 0.18266097
2019-08-28 03:47:19,058 epoch 13 - iter 648/1620 - loss 0.18075062
2019-08-28 03:48:04,709 epoch 13 - iter 810/1620 - loss 0.18732482
2019-08-28 03:48:49,332 epoch 13 - iter 972/1620 - loss 0.18837094
2019-08-28 03:49:37,054 epoch 13 - iter 1134/1620 - loss 0.19168570
2019-08-28 03:50:24,456 epoch 13 - iter 1296/1620 - loss 0.18939131
2019-08-28 03:51:11,290 epoch 13 - iter 1458/1620 - loss 0.19251947
2019-08-28 03:51:57,087 ----------------------------------------------------------------------------------------------------
2019-08-28 03:51:57,087 EPOCH 13 done: loss 0.1893 - lr 0.1000 - bad epochs 1
2019-08-28 03:52:45,301 DEV : loss 0.16749007999897003 - score 0.9883
2019-08-28 03:53:36,429 TEST : loss 0.15930847823619843 - score 0.9895
2019-08-28 03:53:36,429 ----------------------------------------------------------------------------------------------------
2019-08-28 03:53:37,445 epoch 14 - iter 0/1620 - loss 0.01339245
2019-08-28 03:54:23,711 epoch 14 - iter 162/1620 - loss 0.18337970
2019-08-28 03:55:09,221 epoch 14 - iter 324/1620 - loss 0.17474121
2019-08-28 03:55:56,377 epoch 14 - iter 486/1620 - loss 0.18218785
2019-08-28 03:56:44,509 epoch 14 - iter 648/1620 - loss 0.18708542
2019-08-28 03:57:31,743 epoch 14 - iter 810/1620 - loss 0.18289089
2019-08-28 03:58:17,734 epoch 14 - iter 972/1620 - loss 0.18078202
2019-08-28 03:59:04,501 epoch 14 - iter 1134/1620 - loss 0.18190301
2019-08-28 03:59:50,917 epoch 14 - iter 1296/1620 - loss 0.17801579
2019-08-28 04:00:37,072 epoch 14 - iter 1458/1620 - loss 0.17880379
2019-08-28 04:01:25,784 ----------------------------------------------------------------------------------------------------
2019-08-28 04:01:25,784 EPOCH 14 done: loss 0.1782 - lr 0.1000 - bad epochs 2
2019-08-28 04:02:13,935 DEV : loss 0.17391857504844666 - score 0.9877
2019-08-28 04:03:06,861 TEST : loss 0.17107149958610535 - score 0.9889
2019-08-28 04:03:06,862 ----------------------------------------------------------------------------------------------------
2019-08-28 04:03:07,778 epoch 15 - iter 0/1620 - loss 0.01042175
2019-08-28 04:03:55,048 epoch 15 - iter 162/1620 - loss 0.16319718
2019-08-28 04:04:40,944 epoch 15 - iter 324/1620 - loss 0.16663797
2019-08-28 04:05:27,098 epoch 15 - iter 486/1620 - loss 0.17935944
2019-08-28 04:06:14,882 epoch 15 - iter 648/1620 - loss 0.17917298
2019-08-28 04:07:02,510 epoch 15 - iter 810/1620 - loss 0.17552982
2019-08-28 04:07:50,626 epoch 15 - iter 972/1620 - loss 0.17504841
2019-08-28 04:08:37,685 epoch 15 - iter 1134/1620 - loss 0.18145880
2019-08-28 04:09:24,433 epoch 15 - iter 1296/1620 - loss 0.18495229
2019-08-28 04:10:11,204 epoch 15 - iter 1458/1620 - loss 0.18075870
2019-08-28 04:10:57,813 ----------------------------------------------------------------------------------------------------
2019-08-28 04:10:57,814 EPOCH 15 done: loss 0.1791 - lr 0.1000 - bad epochs 3
2019-08-28 04:11:46,039 DEV : loss 0.18840759992599487 - score 0.9875
2019-08-28 04:12:40,912 TEST : loss 0.1801706999540329 - score 0.9898
2019-08-28 04:12:40,912 ----------------------------------------------------------------------------------------------------
2019-08-28 04:12:41,974 epoch 16 - iter 0/1620 - loss 0.02048969
2019-08-28 04:13:28,394 epoch 16 - iter 162/1620 - loss 0.17573792
2019-08-28 04:14:12,920 epoch 16 - iter 324/1620 - loss 0.14918077
2019-08-28 04:14:59,927 epoch 16 - iter 486/1620 - loss 0.15277961
2019-08-28 04:15:45,753 epoch 16 - iter 648/1620 - loss 0.14955444
2019-08-28 04:16:32,281 epoch 16 - iter 810/1620 - loss 0.14495884
2019-08-28 04:17:20,741 epoch 16 - iter 972/1620 - loss 0.14580327
2019-08-28 04:18:09,796 epoch 16 - iter 1134/1620 - loss 0.14432816
2019-08-28 04:18:56,894 epoch 16 - iter 1296/1620 - loss 0.14373685
2019-08-28 04:19:44,417 epoch 16 - iter 1458/1620 - loss 0.14361818
2019-08-28 04:20:32,283 ----------------------------------------------------------------------------------------------------
2019-08-28 04:20:32,283 EPOCH 16 done: loss 0.1422 - lr 0.0500 - bad epochs 0
2019-08-28 04:21:20,444 DEV : loss 0.1728181391954422 - score 0.9874
2019-08-28 04:22:13,044 TEST : loss 0.15362095832824707 - score 0.9897
2019-08-28 04:22:13,044 ----------------------------------------------------------------------------------------------------
2019-08-28 04:22:13,861 epoch 17 - iter 0/1620 - loss 0.02199554
2019-08-28 04:23:03,403 epoch 17 - iter 162/1620 - loss 0.13192142
2019-08-28 04:23:49,809 epoch 17 - iter 324/1620 - loss 0.12710337
2019-08-28 04:24:36,920 epoch 17 - iter 486/1620 - loss 0.13769235
2019-08-28 04:25:22,821 epoch 17 - iter 648/1620 - loss 0.13464278
2019-08-28 04:26:09,238 epoch 17 - iter 810/1620 - loss 0.13149620
2019-08-28 04:26:56,721 epoch 17 - iter 972/1620 - loss 0.13669345
2019-08-28 04:27:42,746 epoch 17 - iter 1134/1620 - loss 0.14128760
2019-08-28 04:28:27,310 epoch 17 - iter 1296/1620 - loss 0.14034557
2019-08-28 04:29:14,479 epoch 17 - iter 1458/1620 - loss 0.14113357
2019-08-28 04:30:00,544 ----------------------------------------------------------------------------------------------------
2019-08-28 04:30:00,544 EPOCH 17 done: loss 0.1418 - lr 0.0500 - bad epochs 1
2019-08-28 04:30:47,725 DEV : loss 0.18086132407188416 - score 0.9894
2019-08-28 04:31:42,068 TEST : loss 0.16579382121562958 - score 0.99
2019-08-28 04:31:42,069 ----------------------------------------------------------------------------------------------------
2019-08-28 04:31:43,095 epoch 18 - iter 0/1620 - loss 0.87916946
2019-08-28 04:32:30,001 epoch 18 - iter 162/1620 - loss 0.13286830
2019-08-28 04:33:16,594 epoch 18 - iter 324/1620 - loss 0.13401939
2019-08-28 04:34:03,874 epoch 18 - iter 486/1620 - loss 0.14278546
2019-08-28 04:34:51,465 epoch 18 - iter 648/1620 - loss 0.14690505
2019-08-28 04:35:40,256 epoch 18 - iter 810/1620 - loss 0.14679380
2019-08-28 04:36:25,852 epoch 18 - iter 972/1620 - loss 0.14768908
2019-08-28 04:37:10,683 epoch 18 - iter 1134/1620 - loss 0.14380921
2019-08-28 04:37:56,865 epoch 18 - iter 1296/1620 - loss 0.14149834
2019-08-28 04:38:41,995 epoch 18 - iter 1458/1620 - loss 0.14150553
2019-08-28 04:39:29,422 ----------------------------------------------------------------------------------------------------
2019-08-28 04:39:29,423 EPOCH 18 done: loss 0.1473 - lr 0.0500 - bad epochs 2
2019-08-28 04:40:18,004 DEV : loss 0.1725681871175766 - score 0.9884
2019-08-28 04:41:11,123 TEST : loss 0.16393280029296875 - score 0.9897
2019-08-28 04:41:11,123 ----------------------------------------------------------------------------------------------------
2019-08-28 04:41:12,122 epoch 19 - iter 0/1620 - loss 0.25983047
2019-08-28 04:41:59,441 epoch 19 - iter 162/1620 - loss 0.11371869
2019-08-28 04:42:46,506 epoch 19 - iter 324/1620 - loss 0.11640681
2019-08-28 04:43:31,310 epoch 19 - iter 486/1620 - loss 0.12154422
2019-08-28 04:44:18,367 epoch 19 - iter 648/1620 - loss 0.12028856
2019-08-28 04:45:06,548 epoch 19 - iter 810/1620 - loss 0.12365619
2019-08-28 04:45:52,793 epoch 19 - iter 972/1620 - loss 0.12744466
2019-08-28 04:46:40,466 epoch 19 - iter 1134/1620 - loss 0.13415404
2019-08-28 04:47:26,836 epoch 19 - iter 1296/1620 - loss 0.13179677
2019-08-28 04:48:11,821 epoch 19 - iter 1458/1620 - loss 0.13153623
2019-08-28 04:48:59,915 ----------------------------------------------------------------------------------------------------
2019-08-28 04:48:59,916 EPOCH 19 done: loss 0.1308 - lr 0.0500 - bad epochs 3
2019-08-28 04:49:48,203 DEV : loss 0.19134023785591125 - score 0.9878
2019-08-28 04:50:39,731 TEST : loss 0.17068076133728027 - score 0.9892
2019-08-28 04:50:39,732 ----------------------------------------------------------------------------------------------------
2019-08-28 04:50:40,840 epoch 20 - iter 0/1620 - loss 0.05424690
2019-08-28 04:51:28,668 epoch 20 - iter 162/1620 - loss 0.15526348
2019-08-28 04:52:14,860 epoch 20 - iter 324/1620 - loss 0.13000754
2019-08-28 04:53:02,766 epoch 20 - iter 486/1620 - loss 0.12490738
2019-08-28 04:53:49,735 epoch 20 - iter 648/1620 - loss 0.12618159
2019-08-28 04:54:34,249 epoch 20 - iter 810/1620 - loss 0.12940927
2019-08-28 04:55:20,178 epoch 20 - iter 972/1620 - loss 0.12908797
2019-08-28 04:56:08,440 epoch 20 - iter 1134/1620 - loss 0.13077734
2019-08-28 04:56:54,019 epoch 20 - iter 1296/1620 - loss 0.13074517
2019-08-28 04:57:40,669 epoch 20 - iter 1458/1620 - loss 0.12934663
2019-08-28 04:58:29,283 ----------------------------------------------------------------------------------------------------
2019-08-28 04:58:29,284 EPOCH 20 done: loss 0.1305 - lr 0.0250 - bad epochs 0
2019-08-28 04:59:18,213 DEV : loss 0.177210733294487 - score 0.9893
2019-08-28 05:00:12,172 TEST : loss 0.15750983357429504 - score 0.9902
2019-08-28 05:00:12,172 ----------------------------------------------------------------------------------------------------
2019-08-28 05:00:13,181 epoch 21 - iter 0/1620 - loss 0.01246357
2019-08-28 05:01:00,273 epoch 21 - iter 162/1620 - loss 0.13989268
2019-08-28 05:01:47,786 epoch 21 - iter 324/1620 - loss 0.13473221
2019-08-28 05:02:32,135 epoch 21 - iter 486/1620 - loss 0.13424031
2019-08-28 05:03:18,674 epoch 21 - iter 648/1620 - loss 0.12869246
2019-08-28 05:04:07,150 epoch 21 - iter 810/1620 - loss 0.13307775
2019-08-28 05:04:54,634 epoch 21 - iter 972/1620 - loss 0.13683786
2019-08-28 05:05:40,150 epoch 21 - iter 1134/1620 - loss 0.13054407
2019-08-28 05:06:27,676 epoch 21 - iter 1296/1620 - loss 0.12884898
2019-08-28 05:07:12,735 epoch 21 - iter 1458/1620 - loss 0.13251172
2019-08-28 05:07:58,711 ----------------------------------------------------------------------------------------------------
2019-08-28 05:07:58,711 EPOCH 21 done: loss 0.1303 - lr 0.0250 - bad epochs 1
2019-08-28 05:08:48,109 DEV : loss 0.17693708837032318 - score 0.9889
2019-08-28 05:09:41,159 TEST : loss 0.1560940444469452 - score 0.9909
2019-08-28 05:09:41,159 ----------------------------------------------------------------------------------------------------
2019-08-28 05:09:42,180 epoch 22 - iter 0/1620 - loss 0.03997040
2019-08-28 05:10:30,098 epoch 22 - iter 162/1620 - loss 0.12300650
2019-08-28 05:11:19,556 epoch 22 - iter 324/1620 - loss 0.11984194
2019-08-28 05:12:05,589 epoch 22 - iter 486/1620 - loss 0.12215084
2019-08-28 05:12:51,430 epoch 22 - iter 648/1620 - loss 0.12093306
2019-08-28 05:13:41,054 epoch 22 - iter 810/1620 - loss 0.12242840
2019-08-28 05:14:28,138 epoch 22 - iter 972/1620 - loss 0.12530176
2019-08-28 05:15:16,015 epoch 22 - iter 1134/1620 - loss 0.12820140
2019-08-28 05:16:01,646 epoch 22 - iter 1296/1620 - loss 0.12868183
2019-08-28 05:16:47,202 epoch 22 - iter 1458/1620 - loss 0.12777135
2019-08-28 05:17:34,781 ----------------------------------------------------------------------------------------------------
2019-08-28 05:17:34,781 EPOCH 22 done: loss 0.1253 - lr 0.0250 - bad epochs 2
2019-08-28 05:18:23,546 DEV : loss 0.1692662239074707 - score 0.9884
2019-08-28 05:19:18,409 TEST : loss 0.14996859431266785 - score 0.9904
2019-08-28 05:19:18,410 ----------------------------------------------------------------------------------------------------
2019-08-28 05:19:19,444 epoch 23 - iter 0/1620 - loss 0.79971313
2019-08-28 05:20:06,724 epoch 23 - iter 162/1620 - loss 0.10774477
2019-08-28 05:20:53,811 epoch 23 - iter 324/1620 - loss 0.11030175
2019-08-28 05:21:40,075 epoch 23 - iter 486/1620 - loss 0.10791919
2019-08-28 05:22:26,752 epoch 23 - iter 648/1620 - loss 0.11547207
2019-08-28 05:23:13,573 epoch 23 - iter 810/1620 - loss 0.11319603
2019-08-28 05:24:01,413 epoch 23 - iter 972/1620 - loss 0.11356231
2019-08-28 05:24:47,600 epoch 23 - iter 1134/1620 - loss 0.11698900
2019-08-28 05:25:34,077 epoch 23 - iter 1296/1620 - loss 0.11634569
2019-08-28 05:26:21,175 epoch 23 - iter 1458/1620 - loss 0.11540293
2019-08-28 05:27:08,161 ----------------------------------------------------------------------------------------------------
2019-08-28 05:27:08,161 EPOCH 23 done: loss 0.1184 - lr 0.0250 - bad epochs 3
2019-08-28 05:27:57,665 DEV : loss 0.17392422258853912 - score 0.9892
2019-08-28 05:28:49,147 TEST : loss 0.1546221822500229 - score 0.9903
2019-08-28 05:28:49,147 ----------------------------------------------------------------------------------------------------
2019-08-28 05:28:50,054 epoch 24 - iter 0/1620 - loss 0.47970200
2019-08-28 05:29:36,882 epoch 24 - iter 162/1620 - loss 0.10240663
2019-08-28 05:30:24,120 epoch 24 - iter 324/1620 - loss 0.10670324
2019-08-28 05:31:09,545 epoch 24 - iter 486/1620 - loss 0.10526694
2019-08-28 05:31:55,462 epoch 24 - iter 648/1620 - loss 0.10366547
2019-08-28 05:32:42,011 epoch 24 - iter 810/1620 - loss 0.10989903
2019-08-28 05:33:29,006 epoch 24 - iter 972/1620 - loss 0.10691897
2019-08-28 05:34:14,612 epoch 24 - iter 1134/1620 - loss 0.10958505
2019-08-28 05:35:00,509 epoch 24 - iter 1296/1620 - loss 0.10817042
2019-08-28 05:35:48,776 epoch 24 - iter 1458/1620 - loss 0.10922538
2019-08-28 05:36:37,093 ----------------------------------------------------------------------------------------------------
2019-08-28 05:36:37,093 EPOCH 24 done: loss 0.1103 - lr 0.0125 - bad epochs 0
2019-08-28 05:37:25,138 DEV : loss 0.17098551988601685 - score 0.9892
2019-08-28 05:38:19,016 TEST : loss 0.1555217206478119 - score 0.9904
2019-08-28 05:38:19,016 ----------------------------------------------------------------------------------------------------
2019-08-28 05:38:20,039 epoch 25 - iter 0/1620 - loss 0.36406326
2019-08-28 05:39:07,053 epoch 25 - iter 162/1620 - loss 0.09098920
2019-08-28 05:39:55,421 epoch 25 - iter 324/1620 - loss 0.10852947
2019-08-28 05:40:42,967 epoch 25 - iter 486/1620 - loss 0.10715058
2019-08-28 05:41:28,397 epoch 25 - iter 648/1620 - loss 0.11016299
2019-08-28 05:42:16,403 epoch 25 - iter 810/1620 - loss 0.11251878
2019-08-28 05:43:04,724 epoch 25 - iter 972/1620 - loss 0.11489012
2019-08-28 05:43:51,074 epoch 25 - iter 1134/1620 - loss 0.11751380
2019-08-28 05:44:36,631 epoch 25 - iter 1296/1620 - loss 0.11591945
2019-08-28 05:45:24,298 epoch 25 - iter 1458/1620 - loss 0.11801499
2019-08-28 05:46:10,258 ----------------------------------------------------------------------------------------------------
2019-08-28 05:46:10,258 EPOCH 25 done: loss 0.1176 - lr 0.0125 - bad epochs 1
2019-08-28 05:46:59,535 DEV : loss 0.17404311895370483 - score 0.9893
2019-08-28 05:47:51,070 TEST : loss 0.15385837852954865 - score 0.9903
2019-08-28 05:47:51,070 ----------------------------------------------------------------------------------------------------
2019-08-28 05:47:51,963 epoch 26 - iter 0/1620 - loss 0.05026531
2019-08-28 05:48:37,647 epoch 26 - iter 162/1620 - loss 0.13283698
2019-08-28 05:49:27,328 epoch 26 - iter 324/1620 - loss 0.12839824
2019-08-28 05:50:15,426 epoch 26 - iter 486/1620 - loss 0.11464928
2019-08-28 05:51:01,167 epoch 26 - iter 648/1620 - loss 0.12005494
2019-08-28 05:51:47,148 epoch 26 - iter 810/1620 - loss 0.12113631
2019-08-28 05:52:34,347 epoch 26 - iter 972/1620 - loss 0.12141131
2019-08-28 05:53:20,971 epoch 26 - iter 1134/1620 - loss 0.11623989
2019-08-28 05:54:09,442 epoch 26 - iter 1296/1620 - loss 0.11314616
2019-08-28 05:54:56,523 epoch 26 - iter 1458/1620 - loss 0.11484933
2019-08-28 05:55:45,200 ----------------------------------------------------------------------------------------------------
2019-08-28 05:55:45,201 EPOCH 26 done: loss 0.1164 - lr 0.0125 - bad epochs 2
2019-08-28 05:56:32,535 DEV : loss 0.17918595671653748 - score 0.9893
2019-08-28 05:57:25,555 TEST : loss 0.16059663891792297 - score 0.9904
2019-08-28 05:57:25,556 ----------------------------------------------------------------------------------------------------
2019-08-28 05:57:26,523 epoch 27 - iter 0/1620 - loss 0.00249958
2019-08-28 05:58:14,099 epoch 27 - iter 162/1620 - loss 0.10979865
2019-08-28 05:59:04,130 epoch 27 - iter 324/1620 - loss 0.11703291
2019-08-28 05:59:51,469 epoch 27 - iter 486/1620 - loss 0.11594469
2019-08-28 06:00:38,324 epoch 27 - iter 648/1620 - loss 0.11260575
2019-08-28 06:01:25,905 epoch 27 - iter 810/1620 - loss 0.11000802
2019-08-28 06:02:12,058 epoch 27 - iter 972/1620 - loss 0.10819922
2019-08-28 06:02:59,814 epoch 27 - iter 1134/1620 - loss 0.10507747
2019-08-28 06:03:46,221 epoch 27 - iter 1296/1620 - loss 0.10616237
2019-08-28 06:04:32,583 epoch 27 - iter 1458/1620 - loss 0.10865726
2019-08-28 06:05:19,801 ----------------------------------------------------------------------------------------------------
2019-08-28 06:05:19,801 EPOCH 27 done: loss 0.1090 - lr 0.0125 - bad epochs 3
2019-08-28 06:06:08,990 DEV : loss 0.1835693120956421 - score 0.9893
2019-08-28 06:07:01,062 TEST : loss 0.16355440020561218 - score 0.99
2019-08-28 06:07:01,062 ----------------------------------------------------------------------------------------------------
2019-08-28 06:07:02,087 epoch 28 - iter 0/1620 - loss 0.24076462
2019-08-28 06:07:49,199 epoch 28 - iter 162/1620 - loss 0.09993808
2019-08-28 06:08:37,997 epoch 28 - iter 324/1620 - loss 0.10141434
2019-08-28 06:09:25,652 epoch 28 - iter 486/1620 - loss 0.10022315
2019-08-28 06:10:12,350 epoch 28 - iter 648/1620 - loss 0.10285529
2019-08-28 06:10:58,891 epoch 28 - iter 810/1620 - loss 0.11022173
2019-08-28 06:11:44,965 epoch 28 - iter 972/1620 - loss 0.10869249
2019-08-28 06:12:32,512 epoch 28 - iter 1134/1620 - loss 0.10930045
2019-08-28 06:13:18,960 epoch 28 - iter 1296/1620 - loss 0.11298385
2019-08-28 06:14:06,085 epoch 28 - iter 1458/1620 - loss 0.11182308
2019-08-28 06:14:53,546 ----------------------------------------------------------------------------------------------------
2019-08-28 06:14:53,546 EPOCH 28 done: loss 0.1125 - lr 0.0063 - bad epochs 0
2019-08-28 06:15:41,970 DEV : loss 0.18164554238319397 - score 0.9888
2019-08-28 06:16:35,371 TEST : loss 0.1588202565908432 - score 0.99
2019-08-28 06:16:35,371 ----------------------------------------------------------------------------------------------------
2019-08-28 06:16:36,489 epoch 29 - iter 0/1620 - loss 0.01547050
2019-08-28 06:17:23,142 epoch 29 - iter 162/1620 - loss 0.10898598
2019-08-28 06:18:09,113 epoch 29 - iter 324/1620 - loss 0.10094997
2019-08-28 06:18:55,871 epoch 29 - iter 486/1620 - loss 0.10326332
2019-08-28 06:19:42,421 epoch 29 - iter 648/1620 - loss 0.10787135
2019-08-28 06:20:29,314 epoch 29 - iter 810/1620 - loss 0.10413635
2019-08-28 06:21:16,869 epoch 29 - iter 972/1620 - loss 0.10699682
2019-08-28 06:22:04,176 epoch 29 - iter 1134/1620 - loss 0.10714049
2019-08-28 06:22:51,113 epoch 29 - iter 1296/1620 - loss 0.10683248
2019-08-28 06:23:37,508 epoch 29 - iter 1458/1620 - loss 0.10570712
2019-08-28 06:24:24,663 ----------------------------------------------------------------------------------------------------
2019-08-28 06:24:24,664 EPOCH 29 done: loss 0.1059 - lr 0.0063 - bad epochs 1
2019-08-28 06:25:14,436 DEV : loss 0.18109868466854095 - score 0.9893
2019-08-28 06:26:07,628 TEST : loss 0.15972153842449188 - score 0.9903
2019-08-28 06:26:07,628 ----------------------------------------------------------------------------------------------------
2019-08-28 06:26:08,697 epoch 30 - iter 0/1620 - loss 0.74214554
2019-08-28 06:26:55,738 epoch 30 - iter 162/1620 - loss 0.09818654
2019-08-28 06:27:43,452 epoch 30 - iter 324/1620 - loss 0.10466860
2019-08-28 06:28:30,421 epoch 30 - iter 486/1620 - loss 0.10550496
2019-08-28 06:29:16,996 epoch 30 - iter 648/1620 - loss 0.10554564
2019-08-28 06:30:03,512 epoch 30 - iter 810/1620 - loss 0.10917196
2019-08-28 06:30:52,736 epoch 30 - iter 972/1620 - loss 0.10688583
2019-08-28 06:31:38,204 epoch 30 - iter 1134/1620 - loss 0.10738772
2019-08-28 06:32:27,195 epoch 30 - iter 1296/1620 - loss 0.10920800
2019-08-28 06:33:12,720 epoch 30 - iter 1458/1620 - loss 0.10789276
2019-08-28 06:33:58,835 ----------------------------------------------------------------------------------------------------
2019-08-28 06:33:58,835 EPOCH 30 done: loss 0.1047 - lr 0.0063 - bad epochs 2
2019-08-28 06:34:48,902 DEV : loss 0.1796896606683731 - score 0.9888
2019-08-28 06:35:42,431 TEST : loss 0.15826117992401123 - score 0.9903
2019-08-28 06:35:44,432 ----------------------------------------------------------------------------------------------------
2019-08-28 06:35:44,433 Testing using best model ...
2019-08-28 06:35:44,433 loading file iter2_trained/best-model.pt
2019-08-28 06:36:39,520 0.9879	0.9894	0.9886
2019-08-28 06:36:39,520 
MICRO_AVG: acc 0.9776 - f1-score 0.9886
MACRO_AVG: acc 0.9777 - f1-score 0.9886999999999999
aux        tp: 2520 - fp: 44 - fn: 10 - tn: 2520 - precision: 0.9828 - recall: 0.9960 - accuracy: 0.9790 - f1-score: 0.9894
verb       tp: 3187 - fp: 26 - fn: 51 - tn: 3187 - precision: 0.9919 - recall: 0.9842 - accuracy: 0.9764 - f1-score: 0.9880
2019-08-28 06:36:39,520 ----------------------------------------------------------------------------------------------------
