2019-08-27 21:03:42,341 ----------------------------------------------------------------------------------------------------
2019-08-27 21:03:42,341 Evaluation method: MICRO_F1_SCORE
2019-08-27 21:03:42,605 ----------------------------------------------------------------------------------------------------
2019-08-27 21:03:43,368 epoch 1 - iter 0/1620 - loss 44.15192413
2019-08-27 21:05:02,974 epoch 1 - iter 162/1620 - loss 3.58232416
2019-08-27 21:06:21,718 epoch 1 - iter 324/1620 - loss 2.29714822
2019-08-27 21:07:41,657 epoch 1 - iter 486/1620 - loss 1.80106439
2019-08-27 21:09:01,661 epoch 1 - iter 648/1620 - loss 1.51325888
2019-08-27 21:10:23,650 epoch 1 - iter 810/1620 - loss 1.33630477
2019-08-27 21:11:42,012 epoch 1 - iter 972/1620 - loss 1.21624509
2019-08-27 21:13:03,060 epoch 1 - iter 1134/1620 - loss 1.12980446
2019-08-27 21:14:24,069 epoch 1 - iter 1296/1620 - loss 1.04542580
2019-08-27 21:15:43,684 epoch 1 - iter 1458/1620 - loss 0.98851530
2019-08-27 21:17:06,297 ----------------------------------------------------------------------------------------------------
2019-08-27 21:17:06,297 EPOCH 1 done: loss 0.9430 - lr 0.1000 - bad epochs 0
2019-08-27 21:18:27,693 DEV : loss 0.23812875151634216 - score 0.9811
2019-08-27 21:19:57,097 TEST : loss 0.24748341739177704 - score 0.9817
2019-08-27 21:19:59,091 ----------------------------------------------------------------------------------------------------
2019-08-27 21:20:00,054 epoch 2 - iter 0/1620 - loss 0.81366920
2019-08-27 21:21:23,827 epoch 2 - iter 162/1620 - loss 0.45995069
2019-08-27 21:22:44,448 epoch 2 - iter 324/1620 - loss 0.43987119
2019-08-27 21:24:06,009 epoch 2 - iter 486/1620 - loss 0.43820397
2019-08-27 21:25:25,809 epoch 2 - iter 648/1620 - loss 0.43015400
2019-08-27 21:26:48,367 epoch 2 - iter 810/1620 - loss 0.43565992
2019-08-27 21:28:10,277 epoch 2 - iter 972/1620 - loss 0.44037853
2019-08-27 21:29:29,843 epoch 2 - iter 1134/1620 - loss 0.43198921
2019-08-27 21:30:50,828 epoch 2 - iter 1296/1620 - loss 0.43027955
2019-08-27 21:32:13,404 epoch 2 - iter 1458/1620 - loss 0.42308175
2019-08-27 21:33:32,571 ----------------------------------------------------------------------------------------------------
2019-08-27 21:33:32,572 EPOCH 2 done: loss 0.4138 - lr 0.1000 - bad epochs 0
2019-08-27 21:34:52,621 DEV : loss 0.18602760136127472 - score 0.986
2019-08-27 21:36:21,472 TEST : loss 0.1961432248353958 - score 0.9843
2019-08-27 21:36:24,205 ----------------------------------------------------------------------------------------------------
2019-08-27 21:36:25,377 epoch 3 - iter 0/1620 - loss 0.05664825
2019-08-27 21:37:46,188 epoch 3 - iter 162/1620 - loss 0.41745788
2019-08-27 21:39:08,357 epoch 3 - iter 324/1620 - loss 0.40152315
2019-08-27 21:40:29,588 epoch 3 - iter 486/1620 - loss 0.38554803
2019-08-27 21:41:50,358 epoch 3 - iter 648/1620 - loss 0.39235461
2019-08-27 21:43:13,380 epoch 3 - iter 810/1620 - loss 0.38050939
2019-08-27 21:44:31,242 epoch 3 - iter 972/1620 - loss 0.37290486
2019-08-27 21:45:48,115 epoch 3 - iter 1134/1620 - loss 0.36582581
2019-08-27 21:47:12,092 epoch 3 - iter 1296/1620 - loss 0.35734549
2019-08-27 21:48:33,059 epoch 3 - iter 1458/1620 - loss 0.35061644
2019-08-27 21:49:52,773 ----------------------------------------------------------------------------------------------------
2019-08-27 21:49:52,774 EPOCH 3 done: loss 0.3474 - lr 0.1000 - bad epochs 0
2019-08-27 21:51:14,606 DEV : loss 0.15209943056106567 - score 0.9881
2019-08-27 21:52:44,355 TEST : loss 0.15886534750461578 - score 0.9856
2019-08-27 21:52:47,012 ----------------------------------------------------------------------------------------------------
2019-08-27 21:52:48,007 epoch 4 - iter 0/1620 - loss 0.35371017
2019-08-27 21:54:09,255 epoch 4 - iter 162/1620 - loss 0.30108748
2019-08-27 21:55:31,428 epoch 4 - iter 324/1620 - loss 0.32958403
2019-08-27 21:56:50,691 epoch 4 - iter 486/1620 - loss 0.32302020
2019-08-27 21:58:09,281 epoch 4 - iter 648/1620 - loss 0.30875790
2019-08-27 21:59:30,592 epoch 4 - iter 810/1620 - loss 0.31481984
2019-08-27 22:00:49,422 epoch 4 - iter 972/1620 - loss 0.31854816
2019-08-27 22:02:06,806 epoch 4 - iter 1134/1620 - loss 0.31563551
2019-08-27 22:03:29,229 epoch 4 - iter 1296/1620 - loss 0.31301443
2019-08-27 22:04:50,957 epoch 4 - iter 1458/1620 - loss 0.31116441
2019-08-27 22:06:11,541 ----------------------------------------------------------------------------------------------------
2019-08-27 22:06:11,541 EPOCH 4 done: loss 0.3114 - lr 0.1000 - bad epochs 0
2019-08-27 22:07:34,086 DEV : loss 0.12610431015491486 - score 0.9915
2019-08-27 22:09:02,538 TEST : loss 0.15063752233982086 - score 0.9869
2019-08-27 22:09:05,704 ----------------------------------------------------------------------------------------------------
2019-08-27 22:09:06,720 epoch 5 - iter 0/1620 - loss 0.01105022
2019-08-27 22:10:27,108 epoch 5 - iter 162/1620 - loss 0.25957260
2019-08-27 22:11:46,313 epoch 5 - iter 324/1620 - loss 0.27849808
2019-08-27 22:13:07,784 epoch 5 - iter 486/1620 - loss 0.28387056
2019-08-27 22:14:26,584 epoch 5 - iter 648/1620 - loss 0.28448177
2019-08-27 22:15:49,218 epoch 5 - iter 810/1620 - loss 0.28491561
2019-08-27 22:17:10,552 epoch 5 - iter 972/1620 - loss 0.28989149
2019-08-27 22:18:28,322 epoch 5 - iter 1134/1620 - loss 0.28439408
2019-08-27 22:19:53,017 epoch 5 - iter 1296/1620 - loss 0.28634281
2019-08-27 22:21:12,722 epoch 5 - iter 1458/1620 - loss 0.28633166
2019-08-27 22:22:33,174 ----------------------------------------------------------------------------------------------------
2019-08-27 22:22:33,174 EPOCH 5 done: loss 0.2891 - lr 0.1000 - bad epochs 0
2019-08-27 22:23:56,064 DEV : loss 0.14040061831474304 - score 0.9907
2019-08-27 22:25:24,403 TEST : loss 0.14123357832431793 - score 0.9874
2019-08-27 22:25:24,403 ----------------------------------------------------------------------------------------------------
2019-08-27 22:25:25,419 epoch 6 - iter 0/1620 - loss 0.90052795
2019-08-27 22:26:45,321 epoch 6 - iter 162/1620 - loss 0.25094646
2019-08-27 22:28:06,352 epoch 6 - iter 324/1620 - loss 0.24560684
2019-08-27 22:29:25,343 epoch 6 - iter 486/1620 - loss 0.26141870
2019-08-27 22:30:45,366 epoch 6 - iter 648/1620 - loss 0.27307457
2019-08-27 22:32:07,670 epoch 6 - iter 810/1620 - loss 0.26734937
2019-08-27 22:33:29,499 epoch 6 - iter 972/1620 - loss 0.27355871
2019-08-27 22:34:51,899 epoch 6 - iter 1134/1620 - loss 0.26990570
2019-08-27 22:36:12,521 epoch 6 - iter 1296/1620 - loss 0.27065566
2019-08-27 22:37:32,139 epoch 6 - iter 1458/1620 - loss 0.26709523
2019-08-27 22:38:51,742 ----------------------------------------------------------------------------------------------------
2019-08-27 22:38:51,742 EPOCH 6 done: loss 0.2625 - lr 0.1000 - bad epochs 1
2019-08-27 22:40:16,233 DEV : loss 0.12087705731391907 - score 0.9901
2019-08-27 22:41:45,716 TEST : loss 0.1411968469619751 - score 0.9892
2019-08-27 22:41:45,716 ----------------------------------------------------------------------------------------------------
2019-08-27 22:41:46,859 epoch 7 - iter 0/1620 - loss 0.01304054
2019-08-27 22:43:07,380 epoch 7 - iter 162/1620 - loss 0.24038460
2019-08-27 22:44:26,150 epoch 7 - iter 324/1620 - loss 0.24459669
2019-08-27 22:45:47,602 epoch 7 - iter 486/1620 - loss 0.25869973
2019-08-27 22:47:09,861 epoch 7 - iter 648/1620 - loss 0.25728225
2019-08-27 22:48:27,128 epoch 7 - iter 810/1620 - loss 0.24965427
2019-08-27 22:49:45,010 epoch 7 - iter 972/1620 - loss 0.24835254
2019-08-27 22:51:05,738 epoch 7 - iter 1134/1620 - loss 0.24647863
2019-08-27 22:52:25,796 epoch 7 - iter 1296/1620 - loss 0.24764466
2019-08-27 22:53:46,383 epoch 7 - iter 1458/1620 - loss 0.25321687
2019-08-27 22:55:10,503 ----------------------------------------------------------------------------------------------------
2019-08-27 22:55:10,503 EPOCH 7 done: loss 0.2498 - lr 0.1000 - bad epochs 2
2019-08-27 22:56:31,614 DEV : loss 0.1307409703731537 - score 0.9905
2019-08-27 22:58:00,522 TEST : loss 0.1395552158355713 - score 0.9891
2019-08-27 22:58:00,523 ----------------------------------------------------------------------------------------------------
2019-08-27 22:58:01,703 epoch 8 - iter 0/1620 - loss 0.16553879
2019-08-27 22:59:18,927 epoch 8 - iter 162/1620 - loss 0.22122351
2019-08-27 23:00:37,999 epoch 8 - iter 324/1620 - loss 0.22905582
2019-08-27 23:01:58,209 epoch 8 - iter 486/1620 - loss 0.24400129
2019-08-27 23:03:19,001 epoch 8 - iter 648/1620 - loss 0.24427020
2019-08-27 23:04:39,100 epoch 8 - iter 810/1620 - loss 0.24173348
2019-08-27 23:06:01,812 epoch 8 - iter 972/1620 - loss 0.23927433
2019-08-27 23:07:22,587 epoch 8 - iter 1134/1620 - loss 0.24038819
2019-08-27 23:08:43,188 epoch 8 - iter 1296/1620 - loss 0.23760061
2019-08-27 23:10:04,676 epoch 8 - iter 1458/1620 - loss 0.23429406
2019-08-27 23:11:26,043 ----------------------------------------------------------------------------------------------------
2019-08-27 23:11:26,044 EPOCH 8 done: loss 0.2334 - lr 0.1000 - bad epochs 3
2019-08-27 23:12:46,330 DEV : loss 0.12299142777919769 - score 0.9915
2019-08-27 23:14:19,487 TEST : loss 0.1326933652162552 - score 0.9897
2019-08-27 23:14:22,549 ----------------------------------------------------------------------------------------------------
2019-08-27 23:14:23,641 epoch 9 - iter 0/1620 - loss 0.09900951
2019-08-27 23:15:40,030 epoch 9 - iter 162/1620 - loss 0.20094461
2019-08-27 23:17:02,822 epoch 9 - iter 324/1620 - loss 0.20990869
2019-08-27 23:18:23,577 epoch 9 - iter 486/1620 - loss 0.21063505
2019-08-27 23:19:43,776 epoch 9 - iter 648/1620 - loss 0.20916165
2019-08-27 23:21:04,613 epoch 9 - iter 810/1620 - loss 0.21236265
2019-08-27 23:22:26,104 epoch 9 - iter 972/1620 - loss 0.20803617
2019-08-27 23:23:46,949 epoch 9 - iter 1134/1620 - loss 0.20366402
2019-08-27 23:25:05,441 epoch 9 - iter 1296/1620 - loss 0.20735234
2019-08-27 23:26:27,203 epoch 9 - iter 1458/1620 - loss 0.20558301
2019-08-27 23:27:46,879 ----------------------------------------------------------------------------------------------------
2019-08-27 23:27:46,879 EPOCH 9 done: loss 0.2031 - lr 0.0500 - bad epochs 0
2019-08-27 23:29:08,424 DEV : loss 0.12426877021789551 - score 0.9906
2019-08-27 23:30:39,162 TEST : loss 0.13268065452575684 - score 0.9895
2019-08-27 23:30:39,163 ----------------------------------------------------------------------------------------------------
2019-08-27 23:30:40,102 epoch 10 - iter 0/1620 - loss 0.06591511
2019-08-27 23:32:00,490 epoch 10 - iter 162/1620 - loss 0.18716738
2019-08-27 23:33:23,621 epoch 10 - iter 324/1620 - loss 0.18511663
2019-08-27 23:34:45,043 epoch 10 - iter 486/1620 - loss 0.18587034
2019-08-27 23:36:06,358 epoch 10 - iter 648/1620 - loss 0.19076050
2019-08-27 23:37:28,934 epoch 10 - iter 810/1620 - loss 0.19799321
2019-08-27 23:38:52,430 epoch 10 - iter 972/1620 - loss 0.20050008
2019-08-27 23:40:12,138 epoch 10 - iter 1134/1620 - loss 0.19910569
2019-08-27 23:41:32,100 epoch 10 - iter 1296/1620 - loss 0.19669327
2019-08-27 23:42:55,214 epoch 10 - iter 1458/1620 - loss 0.20022836
2019-08-27 23:44:15,064 ----------------------------------------------------------------------------------------------------
2019-08-27 23:44:15,064 EPOCH 10 done: loss 0.1979 - lr 0.0500 - bad epochs 1
2019-08-27 23:45:35,111 DEV : loss 0.11960610747337341 - score 0.9917
2019-08-27 23:47:06,358 TEST : loss 0.12449607253074646 - score 0.9912
2019-08-27 23:47:09,241 ----------------------------------------------------------------------------------------------------
2019-08-27 23:47:10,445 epoch 11 - iter 0/1620 - loss 0.02115536
2019-08-27 23:48:29,419 epoch 11 - iter 162/1620 - loss 0.17669792
2019-08-27 23:49:48,580 epoch 11 - iter 324/1620 - loss 0.17947274
2019-08-27 23:51:10,495 epoch 11 - iter 486/1620 - loss 0.17153682
2019-08-27 23:52:31,732 epoch 11 - iter 648/1620 - loss 0.17664343
2019-08-27 23:53:53,806 epoch 11 - iter 810/1620 - loss 0.17993967
2019-08-27 23:55:15,718 epoch 11 - iter 972/1620 - loss 0.17887762
2019-08-27 23:56:36,124 epoch 11 - iter 1134/1620 - loss 0.18243717
2019-08-27 23:57:54,204 epoch 11 - iter 1296/1620 - loss 0.17870981
2019-08-27 23:59:16,771 epoch 11 - iter 1458/1620 - loss 0.17913220
2019-08-28 00:00:35,618 ----------------------------------------------------------------------------------------------------
2019-08-28 00:00:35,618 EPOCH 11 done: loss 0.1773 - lr 0.0500 - bad epochs 0
2019-08-28 00:01:55,950 DEV : loss 0.11731107532978058 - score 0.9915
2019-08-28 00:03:25,988 TEST : loss 0.13564907014369965 - score 0.9912
2019-08-28 00:03:25,988 ----------------------------------------------------------------------------------------------------
2019-08-28 00:03:26,916 epoch 12 - iter 0/1620 - loss 0.11345387
2019-08-28 00:04:46,332 epoch 12 - iter 162/1620 - loss 0.17644154
2019-08-28 00:06:04,650 epoch 12 - iter 324/1620 - loss 0.18065813
2019-08-28 00:07:25,105 epoch 12 - iter 486/1620 - loss 0.17294886
2019-08-28 00:08:43,606 epoch 12 - iter 648/1620 - loss 0.19025990
2019-08-28 00:10:02,033 epoch 12 - iter 810/1620 - loss 0.18830157
2019-08-28 00:11:22,887 epoch 12 - iter 972/1620 - loss 0.18676753
2019-08-28 00:12:43,368 epoch 12 - iter 1134/1620 - loss 0.18326286
2019-08-28 00:14:02,153 epoch 12 - iter 1296/1620 - loss 0.18302640
2019-08-28 00:15:23,193 epoch 12 - iter 1458/1620 - loss 0.18213744
2019-08-28 00:16:42,411 ----------------------------------------------------------------------------------------------------
2019-08-28 00:16:42,412 EPOCH 12 done: loss 0.1823 - lr 0.0500 - bad epochs 1
2019-08-28 00:18:04,247 DEV : loss 0.12024319916963577 - score 0.9926
2019-08-28 00:19:34,295 TEST : loss 0.1292431652545929 - score 0.991
2019-08-28 00:19:37,212 ----------------------------------------------------------------------------------------------------
2019-08-28 00:19:38,425 epoch 13 - iter 0/1620 - loss 0.07628155
2019-08-28 00:20:55,030 epoch 13 - iter 162/1620 - loss 0.14745038
2019-08-28 00:22:14,635 epoch 13 - iter 324/1620 - loss 0.15484278
2019-08-28 00:23:32,650 epoch 13 - iter 486/1620 - loss 0.17677928
2019-08-28 00:24:50,326 epoch 13 - iter 648/1620 - loss 0.17352649
2019-08-28 00:26:09,378 epoch 13 - iter 810/1620 - loss 0.17346832
2019-08-28 00:27:28,589 epoch 13 - iter 972/1620 - loss 0.17379664
2019-08-28 00:28:47,859 epoch 13 - iter 1134/1620 - loss 0.17719975
2019-08-28 00:30:06,664 epoch 13 - iter 1296/1620 - loss 0.17625785
2019-08-28 00:31:26,350 epoch 13 - iter 1458/1620 - loss 0.17566245
2019-08-28 00:32:47,154 ----------------------------------------------------------------------------------------------------
2019-08-28 00:32:47,155 EPOCH 13 done: loss 0.1766 - lr 0.0500 - bad epochs 0
2019-08-28 00:34:10,963 DEV : loss 0.12354185432195663 - score 0.9924
2019-08-28 00:35:41,259 TEST : loss 0.13004474341869354 - score 0.9904
2019-08-28 00:35:41,260 ----------------------------------------------------------------------------------------------------
2019-08-28 00:35:42,382 epoch 14 - iter 0/1620 - loss 0.14475155
2019-08-28 00:37:01,077 epoch 14 - iter 162/1620 - loss 0.16400093
2019-08-28 00:38:23,684 epoch 14 - iter 324/1620 - loss 0.15580681
2019-08-28 00:39:46,851 epoch 14 - iter 486/1620 - loss 0.16597864
2019-08-28 00:41:07,213 epoch 14 - iter 648/1620 - loss 0.16536001
2019-08-28 00:42:28,920 epoch 14 - iter 810/1620 - loss 0.15957788
2019-08-28 00:43:50,200 epoch 14 - iter 972/1620 - loss 0.16127653
2019-08-28 00:45:13,124 epoch 14 - iter 1134/1620 - loss 0.16282546
2019-08-28 00:46:34,691 epoch 14 - iter 1296/1620 - loss 0.16069742
2019-08-28 00:47:54,178 epoch 14 - iter 1458/1620 - loss 0.16125306
2019-08-28 00:49:16,319 ----------------------------------------------------------------------------------------------------
2019-08-28 00:49:16,319 EPOCH 14 done: loss 0.1615 - lr 0.0500 - bad epochs 1
2019-08-28 00:50:38,559 DEV : loss 0.13128761947155 - score 0.9896
2019-08-28 00:52:09,416 TEST : loss 0.14225897192955017 - score 0.9888
2019-08-28 00:52:09,416 ----------------------------------------------------------------------------------------------------
2019-08-28 00:52:10,429 epoch 15 - iter 0/1620 - loss 0.32640457
2019-08-28 00:53:30,143 epoch 15 - iter 162/1620 - loss 0.14818672
2019-08-28 00:54:51,128 epoch 15 - iter 324/1620 - loss 0.14571390
2019-08-28 00:56:11,220 epoch 15 - iter 486/1620 - loss 0.14246877
2019-08-28 00:57:31,444 epoch 15 - iter 648/1620 - loss 0.14773760
2019-08-28 00:58:54,205 epoch 15 - iter 810/1620 - loss 0.15516641
2019-08-28 01:00:14,276 epoch 15 - iter 972/1620 - loss 0.15844103
2019-08-28 01:01:37,893 epoch 15 - iter 1134/1620 - loss 0.15793477
2019-08-28 01:03:00,034 epoch 15 - iter 1296/1620 - loss 0.15748938
2019-08-28 01:04:19,647 epoch 15 - iter 1458/1620 - loss 0.15615268
2019-08-28 01:05:39,956 ----------------------------------------------------------------------------------------------------
2019-08-28 01:05:39,957 EPOCH 15 done: loss 0.1553 - lr 0.0500 - bad epochs 2
2019-08-28 01:07:04,128 DEV : loss 0.1290210634469986 - score 0.991
2019-08-28 01:08:35,660 TEST : loss 0.13169465959072113 - score 0.9911
2019-08-28 01:08:35,661 ----------------------------------------------------------------------------------------------------
2019-08-28 01:08:36,833 epoch 16 - iter 0/1620 - loss 0.00146103
2019-08-28 01:09:56,763 epoch 16 - iter 162/1620 - loss 0.17366593
2019-08-28 01:11:15,316 epoch 16 - iter 324/1620 - loss 0.14650244
2019-08-28 01:12:37,427 epoch 16 - iter 486/1620 - loss 0.14502834
2019-08-28 01:13:57,775 epoch 16 - iter 648/1620 - loss 0.14813673
2019-08-28 01:15:19,487 epoch 16 - iter 810/1620 - loss 0.15211220
2019-08-28 01:16:38,561 epoch 16 - iter 972/1620 - loss 0.15346451
2019-08-28 01:17:58,879 epoch 16 - iter 1134/1620 - loss 0.16060120
2019-08-28 01:19:17,796 epoch 16 - iter 1296/1620 - loss 0.15672190
2019-08-28 01:20:37,224 epoch 16 - iter 1458/1620 - loss 0.15162457
2019-08-28 01:21:59,306 ----------------------------------------------------------------------------------------------------
2019-08-28 01:21:59,307 EPOCH 16 done: loss 0.1510 - lr 0.0500 - bad epochs 3
2019-08-28 01:23:20,920 DEV : loss 0.12429835647344589 - score 0.9918
2019-08-28 01:24:50,449 TEST : loss 0.14100834727287292 - score 0.99
2019-08-28 01:24:50,450 ----------------------------------------------------------------------------------------------------
2019-08-28 01:24:51,535 epoch 17 - iter 0/1620 - loss 1.13742447
2019-08-28 01:26:09,213 epoch 17 - iter 162/1620 - loss 0.14746761
2019-08-28 01:27:27,951 epoch 17 - iter 324/1620 - loss 0.15505298
2019-08-28 01:28:50,036 epoch 17 - iter 486/1620 - loss 0.14703351
2019-08-28 01:30:08,947 epoch 17 - iter 648/1620 - loss 0.14198767
2019-08-28 01:31:30,043 epoch 17 - iter 810/1620 - loss 0.14194537
2019-08-28 01:32:49,200 epoch 17 - iter 972/1620 - loss 0.14286521
2019-08-28 01:34:07,115 epoch 17 - iter 1134/1620 - loss 0.14045024
2019-08-28 01:35:28,281 epoch 17 - iter 1296/1620 - loss 0.14061127
2019-08-28 01:36:49,715 epoch 17 - iter 1458/1620 - loss 0.13977516
2019-08-28 01:38:11,747 ----------------------------------------------------------------------------------------------------
2019-08-28 01:38:11,748 EPOCH 17 done: loss 0.1400 - lr 0.0250 - bad epochs 0
2019-08-28 01:39:34,597 DEV : loss 0.1256636530160904 - score 0.9918
2019-08-28 01:41:05,402 TEST : loss 0.13198161125183105 - score 0.9906
2019-08-28 01:41:05,402 ----------------------------------------------------------------------------------------------------
2019-08-28 01:41:06,382 epoch 18 - iter 0/1620 - loss 0.05615520
2019-08-28 01:42:24,140 epoch 18 - iter 162/1620 - loss 0.13347372
2019-08-28 01:43:45,170 epoch 18 - iter 324/1620 - loss 0.14330662
2019-08-28 01:45:07,529 epoch 18 - iter 486/1620 - loss 0.14941195
2019-08-28 01:46:26,317 epoch 18 - iter 648/1620 - loss 0.14506435
2019-08-28 01:47:46,638 epoch 18 - iter 810/1620 - loss 0.14537425
2019-08-28 01:49:07,440 epoch 18 - iter 972/1620 - loss 0.14324682
2019-08-28 01:50:26,786 epoch 18 - iter 1134/1620 - loss 0.14335957
2019-08-28 01:51:46,794 epoch 18 - iter 1296/1620 - loss 0.14192784
2019-08-28 01:53:07,503 epoch 18 - iter 1458/1620 - loss 0.14378354
2019-08-28 01:54:27,040 ----------------------------------------------------------------------------------------------------
2019-08-28 01:54:27,041 EPOCH 18 done: loss 0.1447 - lr 0.0250 - bad epochs 1
2019-08-28 01:55:50,318 DEV : loss 0.12963074445724487 - score 0.9921
2019-08-28 01:57:20,794 TEST : loss 0.14101722836494446 - score 0.991
2019-08-28 01:57:20,794 ----------------------------------------------------------------------------------------------------
2019-08-28 01:57:21,961 epoch 19 - iter 0/1620 - loss 0.01432800
2019-08-28 01:58:38,965 epoch 19 - iter 162/1620 - loss 0.11287871
2019-08-28 02:00:00,606 epoch 19 - iter 324/1620 - loss 0.11507970
2019-08-28 02:01:22,938 epoch 19 - iter 486/1620 - loss 0.12345092
2019-08-28 02:02:43,804 epoch 19 - iter 648/1620 - loss 0.13364415
2019-08-28 02:04:04,765 epoch 19 - iter 810/1620 - loss 0.13650203
2019-08-28 02:05:27,084 epoch 19 - iter 972/1620 - loss 0.13892630
2019-08-28 02:06:47,800 epoch 19 - iter 1134/1620 - loss 0.13914000
2019-08-28 02:08:09,329 epoch 19 - iter 1296/1620 - loss 0.13756857
2019-08-28 02:09:29,573 epoch 19 - iter 1458/1620 - loss 0.13679949
2019-08-28 02:10:49,276 ----------------------------------------------------------------------------------------------------
2019-08-28 02:10:49,276 EPOCH 19 done: loss 0.1351 - lr 0.0250 - bad epochs 2
2019-08-28 02:12:14,989 DEV : loss 0.12342686206102371 - score 0.9916
2019-08-28 02:13:45,880 TEST : loss 0.13457094132900238 - score 0.991
2019-08-28 02:13:45,881 ----------------------------------------------------------------------------------------------------
2019-08-28 02:13:46,947 epoch 20 - iter 0/1620 - loss 0.01034451
2019-08-28 02:15:03,274 epoch 20 - iter 162/1620 - loss 0.11614580
2019-08-28 02:16:26,729 epoch 20 - iter 324/1620 - loss 0.13348809
2019-08-28 02:17:46,306 epoch 20 - iter 486/1620 - loss 0.12829736
2019-08-28 02:19:06,207 epoch 20 - iter 648/1620 - loss 0.12727943
2019-08-28 02:20:30,327 epoch 20 - iter 810/1620 - loss 0.13309068
2019-08-28 02:21:50,430 epoch 20 - iter 972/1620 - loss 0.13376805
2019-08-28 02:23:10,729 epoch 20 - iter 1134/1620 - loss 0.13452293
2019-08-28 02:24:32,702 epoch 20 - iter 1296/1620 - loss 0.13544002
2019-08-28 02:25:54,907 epoch 20 - iter 1458/1620 - loss 0.13601812
2019-08-28 02:27:15,902 ----------------------------------------------------------------------------------------------------
2019-08-28 02:27:15,903 EPOCH 20 done: loss 0.1381 - lr 0.0250 - bad epochs 3
2019-08-28 02:28:37,080 DEV : loss 0.12179597467184067 - score 0.9921
2019-08-28 02:30:08,132 TEST : loss 0.1411670446395874 - score 0.991
2019-08-28 02:30:08,133 ----------------------------------------------------------------------------------------------------
2019-08-28 02:30:09,356 epoch 21 - iter 0/1620 - loss 0.00137949
2019-08-28 02:31:29,523 epoch 21 - iter 162/1620 - loss 0.14698894
2019-08-28 02:32:52,890 epoch 21 - iter 324/1620 - loss 0.13997859
2019-08-28 02:34:13,249 epoch 21 - iter 486/1620 - loss 0.12928092
2019-08-28 02:35:35,585 epoch 21 - iter 648/1620 - loss 0.12921240
2019-08-28 02:36:56,952 epoch 21 - iter 810/1620 - loss 0.12909567
2019-08-28 02:38:16,774 epoch 21 - iter 972/1620 - loss 0.13407767
2019-08-28 02:39:36,687 epoch 21 - iter 1134/1620 - loss 0.13266442
2019-08-28 02:41:00,297 epoch 21 - iter 1296/1620 - loss 0.13336353
2019-08-28 02:42:19,463 epoch 21 - iter 1458/1620 - loss 0.13237741
2019-08-28 02:43:40,459 ----------------------------------------------------------------------------------------------------
2019-08-28 02:43:40,460 EPOCH 21 done: loss 0.1314 - lr 0.0125 - bad epochs 0
2019-08-28 02:45:02,097 DEV : loss 0.12899678945541382 - score 0.9911
2019-08-28 02:46:31,708 TEST : loss 0.13345687091350555 - score 0.9913
2019-08-28 02:46:31,709 ----------------------------------------------------------------------------------------------------
2019-08-28 02:46:32,679 epoch 22 - iter 0/1620 - loss 0.00319672
2019-08-28 02:47:48,409 epoch 22 - iter 162/1620 - loss 0.14751874
2019-08-28 02:49:13,965 epoch 22 - iter 324/1620 - loss 0.13196431
2019-08-28 02:50:34,628 epoch 22 - iter 486/1620 - loss 0.13962204
2019-08-28 02:51:54,303 epoch 22 - iter 648/1620 - loss 0.14060632
2019-08-28 02:53:13,712 epoch 22 - iter 810/1620 - loss 0.13486673
2019-08-28 02:54:34,084 epoch 22 - iter 972/1620 - loss 0.13135785
2019-08-28 02:55:56,890 epoch 22 - iter 1134/1620 - loss 0.13156188
2019-08-28 02:57:19,070 epoch 22 - iter 1296/1620 - loss 0.13009635
2019-08-28 02:58:39,132 epoch 22 - iter 1458/1620 - loss 0.12712849
2019-08-28 03:00:00,512 ----------------------------------------------------------------------------------------------------
2019-08-28 03:00:00,512 EPOCH 22 done: loss 0.1275 - lr 0.0125 - bad epochs 1
2019-08-28 03:01:20,964 DEV : loss 0.12569814920425415 - score 0.9922
2019-08-28 03:02:50,911 TEST : loss 0.1362864226102829 - score 0.9914
2019-08-28 03:02:50,912 ----------------------------------------------------------------------------------------------------
2019-08-28 03:02:51,968 epoch 23 - iter 0/1620 - loss 0.00905132
2019-08-28 03:04:11,622 epoch 23 - iter 162/1620 - loss 0.13048767
2019-08-28 03:05:30,766 epoch 23 - iter 324/1620 - loss 0.13456908
2019-08-28 03:06:52,703 epoch 23 - iter 486/1620 - loss 0.12261790
2019-08-28 03:08:14,365 epoch 23 - iter 648/1620 - loss 0.12543147
2019-08-28 03:09:33,887 epoch 23 - iter 810/1620 - loss 0.12576289
2019-08-28 03:10:56,797 epoch 23 - iter 972/1620 - loss 0.12500550
2019-08-28 03:12:18,157 epoch 23 - iter 1134/1620 - loss 0.12666810
2019-08-28 03:13:37,227 epoch 23 - iter 1296/1620 - loss 0.12387348
2019-08-28 03:14:58,933 epoch 23 - iter 1458/1620 - loss 0.12299924
2019-08-28 03:16:17,183 ----------------------------------------------------------------------------------------------------
2019-08-28 03:16:17,183 EPOCH 23 done: loss 0.1207 - lr 0.0125 - bad epochs 2
2019-08-28 03:17:38,031 DEV : loss 0.13083787262439728 - score 0.9925
2019-08-28 03:19:08,856 TEST : loss 0.14000479876995087 - score 0.9913
2019-08-28 03:19:08,856 ----------------------------------------------------------------------------------------------------
2019-08-28 03:19:09,922 epoch 24 - iter 0/1620 - loss 0.50876713
2019-08-28 03:20:30,797 epoch 24 - iter 162/1620 - loss 0.11141550
2019-08-28 03:21:48,407 epoch 24 - iter 324/1620 - loss 0.10881106
2019-08-28 03:23:07,457 epoch 24 - iter 486/1620 - loss 0.11094894
2019-08-28 03:24:28,479 epoch 24 - iter 648/1620 - loss 0.11801474
2019-08-28 03:25:47,350 epoch 24 - iter 810/1620 - loss 0.11888758
2019-08-28 03:27:07,481 epoch 24 - iter 972/1620 - loss 0.12227264
2019-08-28 03:28:26,332 epoch 24 - iter 1134/1620 - loss 0.12312473
2019-08-28 03:29:47,276 epoch 24 - iter 1296/1620 - loss 0.12481214
2019-08-28 03:31:06,233 epoch 24 - iter 1458/1620 - loss 0.12547528
2019-08-28 03:32:24,835 ----------------------------------------------------------------------------------------------------
2019-08-28 03:32:24,835 EPOCH 24 done: loss 0.1224 - lr 0.0125 - bad epochs 3
2019-08-28 03:33:46,264 DEV : loss 0.1331205666065216 - score 0.9919
2019-08-28 03:35:17,994 TEST : loss 0.1340743452310562 - score 0.9917
2019-08-28 03:35:17,994 ----------------------------------------------------------------------------------------------------
2019-08-28 03:35:19,192 epoch 25 - iter 0/1620 - loss 0.02536106
2019-08-28 03:36:38,438 epoch 25 - iter 162/1620 - loss 0.11505553
2019-08-28 03:38:00,862 epoch 25 - iter 324/1620 - loss 0.11143938
2019-08-28 03:39:23,557 epoch 25 - iter 486/1620 - loss 0.11197790
2019-08-28 03:40:45,155 epoch 25 - iter 648/1620 - loss 0.11915958
2019-08-28 03:42:04,378 epoch 25 - iter 810/1620 - loss 0.11773575
2019-08-28 03:43:26,923 epoch 25 - iter 972/1620 - loss 0.11599602
2019-08-28 03:44:47,227 epoch 25 - iter 1134/1620 - loss 0.11592906
2019-08-28 03:46:08,764 epoch 25 - iter 1296/1620 - loss 0.11717330
2019-08-28 03:47:26,569 epoch 25 - iter 1458/1620 - loss 0.11780687
2019-08-28 03:48:46,487 ----------------------------------------------------------------------------------------------------
2019-08-28 03:48:46,487 EPOCH 25 done: loss 0.1152 - lr 0.0063 - bad epochs 0
2019-08-28 03:50:08,849 DEV : loss 0.13212114572525024 - score 0.9925
2019-08-28 03:51:39,169 TEST : loss 0.14111655950546265 - score 0.9912
2019-08-28 03:51:39,169 ----------------------------------------------------------------------------------------------------
2019-08-28 03:51:40,450 epoch 26 - iter 0/1620 - loss 0.50842476
2019-08-28 03:52:55,133 epoch 26 - iter 162/1620 - loss 0.12897059
2019-08-28 03:54:17,310 epoch 26 - iter 324/1620 - loss 0.13124832
2019-08-28 03:55:36,313 epoch 26 - iter 486/1620 - loss 0.12459476
2019-08-28 03:56:58,626 epoch 26 - iter 648/1620 - loss 0.12472645
2019-08-28 03:58:20,689 epoch 26 - iter 810/1620 - loss 0.12214606
2019-08-28 03:59:42,560 epoch 26 - iter 972/1620 - loss 0.12286487
2019-08-28 04:01:03,910 epoch 26 - iter 1134/1620 - loss 0.12006759
2019-08-28 04:02:26,119 epoch 26 - iter 1296/1620 - loss 0.11866926
2019-08-28 04:03:44,491 epoch 26 - iter 1458/1620 - loss 0.11673402
2019-08-28 04:05:03,231 ----------------------------------------------------------------------------------------------------
2019-08-28 04:05:03,231 EPOCH 26 done: loss 0.1167 - lr 0.0063 - bad epochs 1
2019-08-28 04:06:27,408 DEV : loss 0.12925773859024048 - score 0.9927
2019-08-28 04:07:56,378 TEST : loss 0.1406698077917099 - score 0.9911
2019-08-28 04:07:59,387 ----------------------------------------------------------------------------------------------------
2019-08-28 04:08:00,402 epoch 27 - iter 0/1620 - loss 0.57503033
2019-08-28 04:09:20,489 epoch 27 - iter 162/1620 - loss 0.13945181
2019-08-28 04:10:42,785 epoch 27 - iter 324/1620 - loss 0.12829154
2019-08-28 04:12:03,684 epoch 27 - iter 486/1620 - loss 0.12643320
2019-08-28 04:13:26,481 epoch 27 - iter 648/1620 - loss 0.11973008
2019-08-28 04:14:48,220 epoch 27 - iter 810/1620 - loss 0.11996027
2019-08-28 04:16:09,107 epoch 27 - iter 972/1620 - loss 0.11555230
2019-08-28 04:17:30,608 epoch 27 - iter 1134/1620 - loss 0.11487792
2019-08-28 04:18:51,211 epoch 27 - iter 1296/1620 - loss 0.11323461
2019-08-28 04:20:10,095 epoch 27 - iter 1458/1620 - loss 0.11329530
2019-08-28 04:21:29,901 ----------------------------------------------------------------------------------------------------
2019-08-28 04:21:29,902 EPOCH 27 done: loss 0.1130 - lr 0.0063 - bad epochs 0
2019-08-28 04:22:49,861 DEV : loss 0.1293523758649826 - score 0.9922
2019-08-28 04:24:20,935 TEST : loss 0.1406341940164566 - score 0.9916
2019-08-28 04:24:20,935 ----------------------------------------------------------------------------------------------------
2019-08-28 04:24:21,959 epoch 28 - iter 0/1620 - loss 0.05394745
2019-08-28 04:25:41,435 epoch 28 - iter 162/1620 - loss 0.13976486
2019-08-28 04:27:00,969 epoch 28 - iter 324/1620 - loss 0.13502376
2019-08-28 04:28:20,818 epoch 28 - iter 486/1620 - loss 0.13406452
2019-08-28 04:29:43,382 epoch 28 - iter 648/1620 - loss 0.12997347
2019-08-28 04:31:03,453 epoch 28 - iter 810/1620 - loss 0.13158950
2019-08-28 04:32:23,264 epoch 28 - iter 972/1620 - loss 0.12747785
2019-08-28 04:33:43,754 epoch 28 - iter 1134/1620 - loss 0.12330620
2019-08-28 04:35:02,677 epoch 28 - iter 1296/1620 - loss 0.12691784
2019-08-28 04:36:21,715 epoch 28 - iter 1458/1620 - loss 0.12466658
2019-08-28 04:37:44,964 ----------------------------------------------------------------------------------------------------
2019-08-28 04:37:44,964 EPOCH 28 done: loss 0.1238 - lr 0.0063 - bad epochs 1
2019-08-28 04:39:05,323 DEV : loss 0.12796694040298462 - score 0.992
2019-08-28 04:40:34,276 TEST : loss 0.13776138424873352 - score 0.991
2019-08-28 04:40:34,276 ----------------------------------------------------------------------------------------------------
2019-08-28 04:40:35,304 epoch 29 - iter 0/1620 - loss 0.11135387
2019-08-28 04:41:55,448 epoch 29 - iter 162/1620 - loss 0.09669882
2019-08-28 04:43:15,547 epoch 29 - iter 324/1620 - loss 0.09240828
2019-08-28 04:44:35,698 epoch 29 - iter 486/1620 - loss 0.09748647
2019-08-28 04:45:57,416 epoch 29 - iter 648/1620 - loss 0.09613764
2019-08-28 04:47:15,279 epoch 29 - iter 810/1620 - loss 0.09951102
2019-08-28 04:48:35,709 epoch 29 - iter 972/1620 - loss 0.10085341
2019-08-28 04:49:58,863 epoch 29 - iter 1134/1620 - loss 0.10318388
2019-08-28 04:51:15,619 epoch 29 - iter 1296/1620 - loss 0.10654003
2019-08-28 04:52:36,264 epoch 29 - iter 1458/1620 - loss 0.11064330
2019-08-28 04:53:54,810 ----------------------------------------------------------------------------------------------------
2019-08-28 04:53:54,811 EPOCH 29 done: loss 0.1120 - lr 0.0063 - bad epochs 2
2019-08-28 04:55:17,208 DEV : loss 0.12896867096424103 - score 0.9925
2019-08-28 04:56:49,196 TEST : loss 0.1390228271484375 - score 0.9913
2019-08-28 04:56:49,196 ----------------------------------------------------------------------------------------------------
2019-08-28 04:56:50,210 epoch 30 - iter 0/1620 - loss 0.02134609
2019-08-28 04:58:09,253 epoch 30 - iter 162/1620 - loss 0.11030276
2019-08-28 04:59:29,237 epoch 30 - iter 324/1620 - loss 0.12287243
2019-08-28 05:00:51,833 epoch 30 - iter 486/1620 - loss 0.12449593
2019-08-28 05:02:13,197 epoch 30 - iter 648/1620 - loss 0.12155910
2019-08-28 05:03:33,071 epoch 30 - iter 810/1620 - loss 0.12469408
2019-08-28 05:04:56,187 epoch 30 - iter 972/1620 - loss 0.12001885
2019-08-28 05:06:15,561 epoch 30 - iter 1134/1620 - loss 0.12097580
2019-08-28 05:07:34,571 epoch 30 - iter 1296/1620 - loss 0.11790241
2019-08-28 05:08:55,598 epoch 30 - iter 1458/1620 - loss 0.11714353
2019-08-28 05:10:14,952 ----------------------------------------------------------------------------------------------------
2019-08-28 05:10:14,953 EPOCH 30 done: loss 0.1158 - lr 0.0063 - bad epochs 3
2019-08-28 05:11:36,779 DEV : loss 0.12849029898643494 - score 0.9924
2019-08-28 05:13:07,802 TEST : loss 0.13930422067642212 - score 0.9914
2019-08-28 05:13:09,923 ----------------------------------------------------------------------------------------------------
2019-08-28 05:13:09,924 Testing using best model ...
2019-08-28 05:13:09,924 loading file iter8_trained/best-model.pt
2019-08-28 05:14:39,836 0.9904	0.9918	0.9911
2019-08-28 05:14:39,836 
MICRO_AVG: acc 0.9824 - f1-score 0.9911
MACRO_AVG: acc 0.9825 - f1-score 0.99115
aux        tp: 2509 - fp: 32 - fn: 10 - tn: 2509 - precision: 0.9874 - recall: 0.9960 - accuracy: 0.9835 - f1-score: 0.9917
verb       tp: 3176 - fp: 23 - fn: 37 - tn: 3176 - precision: 0.9928 - recall: 0.9885 - accuracy: 0.9815 - f1-score: 0.9906
2019-08-28 05:14:39,836 ----------------------------------------------------------------------------------------------------
